12 35 17 99 1
12 40 21 99 0
12 25 9 99 0
12 45 11 99 0
12 30 11 99 0
12 40 17 104 1
12 30 9 105 1
12 35 17 106 1
12 20 10 106 0
12 25 7 106 0
12 30 11 109 1
12 20 15 110 1
12 25 8 111 1
12 45 22 112 1
12 20 11 113 1
12 30 9 113 0
12 50 34 113 0
12 30 16 116 2
12 25 15 117 1
12 20 10 117 0
12 35 17 117 0
12 20 7 117 0
12 20 7 117 0
12 25 14 117 0
12 40 32 123 2
12 20 14 124 1
12 30 10 125 1
12 40 7 125 0
12 35 15 125 0
12 40 25 128 1
12 25 11 128 0
12 55 16 128 0
12 55 33 128 0
12 30 16 132 2
12 30 23 132 0
12 20 4 132 0
12 30 7 132 0
12 30 9 132 0
12 20 21 137 1
12 20 10 138 1
12 25 13 138 0
12 20 5 138 0
12 25 10 138 0
12 20 11 138 0
12 45 16 143 1
12 20 10 143 0
12 20 6 143 0
12 20 11 143 0
12 35 20 147 2
12 25 10 147 0
12 25 13 147 0
12 25 5 147 0
12 25 19 151 1
12 30 14 151 0
12 40 17 151 0
12 40 18 154 3
12 40 11 155 1
12 20 9 155 0
12 20 4 155 0
12 30 13 158 1
12 30 9 158 0
12 20 4 158 0
12 40 18 158 0
12 30 14 158 0
12 30 28 163 1
2 25 47 164 3
12 35 11 165 1
12 50 16 166 1
12 50 18 166 0
12 30 25 168 2
12 40 25 169 1
12 30 10 169 0
12 20 13 169 0
12 20 5 169 0
2 30 41 173 1
12 25 11 174 2
12 30 17 174 0
12 35 16 176 1
12 40 13 176 0
12 35 11 176 0
12 50 14 176 0
12 20 7 176 0
12 25 6 176 0
12 35 20 182 2
12 40 10 182 0
12 30 19 182 0
12 30 8 182 0
12 25 15 182 0
12 25 8 182 0
12 40 14 182 0
12 20 13 189 2
12 25 9 189 0
12 45 16 189 0
12 25 7 189 0
12 30 14 189 0
12 35 15 189 0
12 40 17 195 1
12 45 3 195 0
12 25 11 197 1
12 30 16 198 1
