12 20 16 1096 0
12 50 19 1100 1
12 20 7 1100 0
12 30 12 1102 2
12 30 17 1103 2
12 20 7 1103 0
12 50 14 1105 1
12 25 10 1105 0
12 20 21 1105 0
12 35 17 1108 1
12 25 11 1108 0
12 45 26 1110 2
12 25 9 1110 0
12 35 11 1110 0
12 30 20 1110 0
12 20 9 1110 0
12 20 7 1110 0
12 25 7 1110 0
12 25 11 1110 0
12 20 13 1110 0
12 35 12 1119 1
12 50 20 1119 0
12 25 11 1119 0
12 20 7 1119 0
12 20 6 1119 0
12 25 21 1124 1
12 35 23 1125 1
12 45 31 1125 0
12 25 13 1125 0
12 40 41 1128 1
12 25 22 1129 2
12 30 13 1129 0
12 35 15 1131 2
2 50 52 1132 3
12 25 13 1133 2
12 25 8 1133 0
12 25 7 1133 0
12 20 5 1133 0
12 30 13 1133 0
12 25 17 1133 0
12 50 22 1133 0
12 20 5 1140 1
12 25 15 1140 0
12 25 13 1140 0
2 35 47 1143 2
12 25 13 1143 0
12 25 14 1143 0
12 35 18 1143 0
12 20 8 1143 0
12 20 9 1148 1
12 40 22 1149 3
12 35 9 1149 0
12 30 11 1151 1
12 20 5 1151 0
12 30 24 1153 2
12 30 11 1153 0
12 20 6 1153 0
12 25 17 1153 0
12 25 26 1153 0
12 45 42 1158 5
12 50 34 1159 1
12 30 13 1159 0
12 30 23 1161 1
12 20 8 1161 0
12 30 11 1161 0
2 35 40 1164 4
12 40 16 1164 0
12 30 22 1166 2
12 25 17 1167 2
12 35 16 1167 0
12 45 25 1167 0
12 30 21 1170 3
12 30 28 1171 1
12 45 13 1172 1
12 40 23 1173 2
12 35 17 1174 1
12 35 17 1174 0
12 50 11 1174 0
12 20 4 1174 0
12 20 8 1174 0
12 20 15 1174 0
2 30 40 1180 3
12 30 10 1181 1
12 25 5 1181 0
12 30 11 1181 0
12 20 12 1181 0
12 40 15 1181 0
12 20 5 1181 0
12 35 11 1181 0
12 40 21 1188 2
12 35 16 1188 0
12 30 14 1188 0
12 45 13 1188 0
12 25 16 1188 0
12 20 4 1188 0
12 25 8 1188 0
12 25 13 1195 2
12 20 7 1195 0
12 30 8 1195 0
12 25 13 1195 0
