12 35 11 1998 0
12 25 16 1998 0
12 30 11 1998 0
12 40 19 1998 0
12 30 19 2003 1
12 25 9 2003 0
12 20 5 2003 0
12 30 13 2003 0
12 35 9 2003 0
12 25 6 2003 0
12 30 12 2003 0
12 20 10 2003 0
12 30 17 2011 1
12 45 29 2012 1
12 30 18 2012 0
12 40 33 2014 2
12 25 9 2015 1
12 30 10 2015 0
12 30 16 2015 0
12 25 11 2018 2
12 20 7 2018 0
12 50 18 2018 0
12 20 8 2018 0
12 35 21 2018 0
10.5 45 13 2018 0
12 20 15 2018 0
12 25 12 2025 1
12 40 21 2026 2
12 20 8 2026 0
12 20 4 2026 0
12 20 6 2026 0
12 35 18 2030 2
12 30 11 2030 0
12 30 11 2030 0
12 40 4 2030 0
12 25 11 2030 0
12 30 10 2030 0
12 50 11 2030 0
12 25 13 2037 1
12 35 11 2037 0
12 25 13 2039 2
12 20 12 2039 0
12 25 19 2039 0
12 25 5 2039 0
12 30 11 2039 0
12 25 11 2039 0
12 45 4 2045 1
12 20 4 2045 0
12 30 12 2045 0
12 20 9 2045 0
12 25 14 2045 0
12 20 11 2045 0
12 20 5 2051 1
12 35 15 2051 0
12 40 21 2051 0
2 20 31 2054 1
2 35 46 2055 1
12 30 22 2055 0
12 20 4 2055 0
12 40 14 2055 0
12 30 23 2055 0
12 25 10 2055 0
12 60 12 2055 0
12 20 9 2055 0
12 20 13 2055 0
12 25 12 2055 0
12 30 13 2055 0
12 25 7 2055 0
12 20 10 2055 0
12 25 10 2055 0
12 20 6 2069 1
12 20 9 2070 1
12 25 9 2071 2
12 35 13 2071 0
2 25 29 2071 0
12 25 11 2071 0
12 25 10 2071 0
12 35 8 2071 0
12 35 21 2077 1
12 35 28 2078 1
12 30 7 2078 0
12 25 8 2078 0
12 30 2 2078 0
2 25 31 2082 1
12 20 4 2082 0
12 40 21 2084 1
12 30 9 2085 1
12 30 23 2085 0
2 20 23 2085 0
12 30 13 2085 0
12 30 14 2085 0
12 20 4 2085 0
12 30 25 2091 1
12 20 21 2092 2
12 20 9 2092 0
12 30 22 2094 1
12 30 8 2094 0
12 40 16 2094 0
12 40 26 2094 0
12 45 32 2098 2
