12 20 4 3395 0
12 25 6 3395 0
12 25 15 3395 0
12 30 19 3395 0
12 20 11 3403 2
12 40 18 3404 2
12 30 21 3405 1
12 25 12 3405 0
12 50 21 3405 0
12 20 20 3408 1
12 35 9 3408 0
12 25 5 3408 0
12 20 11 3408 0
12 20 16 3408 0
12 25 11 3408 0
12 25 7 3408 0
12 35 16 3408 0
12 20 18 3416 1
12 35 13 3416 0
12 40 22 3418 2
12 20 12 3418 0
12 20 13 3420 1
12 25 16 3421 1
12 45 21 3421 0
12 20 6 3421 0
12 25 13 3424 1
12 25 8 3425 1
12 20 11 3426 1
12 20 6 3426 0
12 25 13 3426 0
12 35 13 3426 0
12 45 22 3426 0
12 30 26 3431 1
12 25 10 3431 0
12 25 10 3431 0
12 25 6 3431 0
12 30 13 3431 0
12 25 11 3431 0
12 25 14 3437 1
12 30 15 3438 1
12 20 4 3438 0
12 30 13 3438 0
12 20 21 3441 1
12 25 10 3441 0
12 25 7 3441 0
12 35 26 3444 2
12 45 19 3444 0
12 20 7 3444 0
12 20 9 3444 0
12 40 12 3444 0
12 20 5 3449 1
12 25 8 3449 0
12 20 9 3449 0
2 20 25 3449 0
12 20 7 3449 0
12 35 13 3449 0
12 25 16 3455 1
12 40 16 3456 1
12 25 9 3456 0
12 30 27 3458 1
12 35 25 3458 0
12 25 13 3460 1
12 55 25 3460 0
12 35 22 3462 1
12 30 16 3462 0
12 25 9 3462 0
12 20 6 3462 0
12 40 24 3466 1
12 20 10 3466 0
12 25 14 3468 1
12 20 15 3468 0
12 25 13 3468 0
12 25 13 3468 0
12 25 12 3468 0
12 20 6 3468 0
12 30 9 3468 0
12 20 12 3468 0
12 20 11 3468 0
12 25 14 3468 0
12 20 8 3468 0
12 30 19 3479 1
2 25 27 3479 0
12 20 17 3479 0
12 20 12 3479 0
12 25 16 3483 1
12 50 21 3483 0
12 25 9 3483 0
12 25 14 3483 0
12 30 16 3483 0
12 35 29 3488 2
12 40 21 3489 1
12 35 26 3489 0
12 20 6 3489 0
12 30 22 3489 0
2 30 32 3489 0
12 25 17 3489 0
12 40 23 3489 0
12 20 9 3489 0
12 20 6 3489 0
12 20 11 3498 1
