12 25 11 1796 0
12 50 37 1796 0
12 20 11 1801 1
12 55 30 1802 1
12 40 29 1803 3
12 35 21 1804 2
12 25 13 1805 2
12 35 20 1806 3
12 25 12 1807 3
12 40 14 1808 2
12 20 10 1809 1
12 50 17 1810 2
12 40 16 1811 2
12 35 14 1812 1
12 50 27 1813 3
2 40 81 1814 12
2 30 36 1815 4
12 40 16 1816 2
12 45 17 1816 0
2 30 80 1818 9
12 45 19 1819 2
12 40 15 1820 1
12 35 22 1821 2
12 25 5 1821 0
2 20 38 1823 9
12 25 8 1823 0
12 30 27 1825 3
2 25 199 1826 27
2 35 49 1827 4
2 20 34 1828 7
12 30 15 1828 0
2 20 29 1830 3
12 45 41 1831 4
12 20 11 1831 0
2 50 58 1833 10
12 25 3 1833 0
2 25 31 1835 3
12 20 18 1836 2
2 25 27 1837 2
12 20 12 1838 2
2 35 60 1839 7
2 20 124 1840 9
2 20 38 1841 7
2 25 51 1842 8
2 35 38 1843 5
2 30 141 1844 13
2 45 247 1845 30
2 25 27 1846 1
12 35 19 1847 6
2 40 121 1848 17
12 20 4 1848 0
2 30 58 1850 8
2 20 32 1851 5
12 40 23 1852 2
2 25 44 1853 4
12 25 11 1853 0
12 20 14 1855 1
2 50 179 1856 23
12 25 9 1856 0
2 25 27 1858 1
2 25 35 1859 6
0.5 45 133 1860 20
2 45 181 1861 26
2 30 59 1862 6
0.5 20 45 1863 10
2 20 89 1864 9
10.5 50 46 1865 9
12 50 49 1866 6
2 30 50 1867 6
2 25 63 1868 5
12 30 27 1869 3
12 25 21 1870 1
12 20 9 1871 1
12 20 12 1871 0
12 20 12 1873 1
2 20 53 1874 9
0.5 25 69 1875 7
2 35 277 1876 26
12 30 29 1877 4
2 60 157 1878 20
12 45 21 1879 2
12 45 9 1879 0
12 45 18 1881 2
12 30 30 1882 2
12 30 26 1883 5
0.5 20 23 1884 1
2 25 59 1885 8
2 40 56 1886 4
12 30 17 1887 2
2 35 58 1887 0
2 30 46 1889 4
12 25 21 1890 1
2 25 33 1891 1
12 40 9 1891 0
2 25 50 1893 5
12 20 18 1894 3
2 20 51 1895 3
2 20 43 1896 7
2 25 29 1897 2
12 20 5 1897 0
