12 40 23 3299 2
12 35 19 3299 0
12 50 25 3301 1
12 25 14 3301 0
12 25 17 3303 1
12 35 20 3304 1
12 25 16 3304 0
12 20 11 3304 0
12 20 4 3304 0
12 20 4 3304 0
12 45 13 3309 2
12 30 17 3309 0
12 20 21 3309 0
12 30 12 3309 0
12 20 16 3313 2
12 25 13 3313 0
12 30 18 3313 0
12 25 16 3316 1
12 30 27 3317 2
12 25 24 3318 1
2 25 35 3319 1
2 25 36 3320 1
12 50 27 3321 2
12 35 11 3321 0
12 25 16 3321 0
12 35 14 3321 0
12 25 9 3321 0
12 25 16 3321 0
12 40 18 3321 0
12 30 19 3328 2
12 35 10 3328 0
12 25 12 3328 0
12 35 12 3328 0
12 20 21 3332 1
12 20 9 3332 0
12 40 13 3334 1
12 30 11 3334 0
12 20 10 3336 1
12 20 16 3337 2
12 40 25 3338 3
12 30 13 3339 1
12 35 22 3339 0
12 25 14 3341 1
12 20 6 3341 0
12 40 17 3341 0
12 20 17 3344 1
12 20 8 3344 0
12 25 9 3344 0
12 35 13 3347 2
12 25 6 3347 0
12 45 17 3347 0
12 35 15 3347 0
12 25 11 3347 0
12 20 13 3352 2
12 30 14 3352 0
12 25 12 3352 0
12 25 17 3355 1
12 25 5 3355 0
12 30 16 3355 0
12 35 15 3355 0
2 35 46 3359 1
12 20 13 3360 1
12 35 22 3361 2
12 40 19 3362 1
12 35 19 3362 0
12 35 14 3364 1
12 30 11 3364 0
12 30 11 3366 1
12 20 13 3366 0
12 50 28 3368 2
12 25 15 3368 0
12 20 16 3368 0
12 25 10 3368 0
12 25 12 3368 0
12 40 23 3368 0
12 20 7 3368 0
12 20 8 3375 1
12 30 16 3376 1
12 20 11 3377 1
12 25 17 3377 0
12 30 11 3377 0
12 25 7 3377 0
12 25 9 3377 0
12 25 16 3377 0
12 45 21 3383 1
12 30 20 3383 0
12 40 13 3383 0
12 25 13 3383 0
12 20 5 3383 0
12 25 20 3383 0
12 30 16 3389 2
12 40 21 3389 0
12 35 16 3389 0
12 35 25 3389 0
12 20 7 3393 1
12 25 14 3393 0
12 40 19 3395 2
12 40 19 3395 0
12 25 7 3395 0
12 30 9 3395 0
