12 25 14 2599 1
12 20 11 2599 0
12 20 8 2601 1
12 35 11 2601 0
12 20 10 2603 1
12 20 12 2604 1
12 30 11 2605 1
12 25 13 2605 0
12 25 16 2607 1
12 30 25 2608 2
12 25 9 2609 1
12 40 15 2609 0
12 25 5 2609 0
12 30 16 2612 1
12 20 10 2612 0
12 25 13 2612 0
12 45 13 2612 0
12 45 16 2616 1
12 25 12 2616 0
12 20 9 2618 2
12 25 7 2619 2
12 20 8 2619 0
12 35 11 2619 0
12 20 9 2619 0
12 20 14 2619 0
12 20 18 2624 1
12 30 14 2625 1
12 30 14 2625 0
12 25 12 2625 0
12 25 7 2625 0
12 40 21 2629 2
12 45 9 2629 0
12 20 9 2629 0
12 30 16 2629 0
12 20 9 2629 0
12 20 19 2634 1
12 35 20 2635 2
12 40 28 2635 0
12 45 14 2635 0
12 25 11 2635 0
12 25 18 2635 0
12 30 22 2635 0
12 30 19 2635 0
12 45 11 2635 0
12 25 16 2635 0
12 25 5 2635 0
12 30 23 2635 0
12 20 9 2635 0
12 30 7 2635 0
12 30 10 2635 0
2 20 22 2635 0
12 20 10 2635 0
12 25 8 2635 0
12 30 6 2635 0
12 20 10 2635 0
12 30 14 2654 2
12 30 12 2654 0
12 40 25 2656 2
12 20 11 2656 0
12 40 30 2658 3
12 20 4 2658 0
2 20 23 2660 1
12 20 5 2660 0
12 25 13 2660 0
12 25 9 2660 0
12 40 21 2660 0
12 20 9 2660 0
12 20 13 2660 0
12 25 13 2660 0
12 25 10 2668 1
12 30 6 2668 0
12 30 6 2668 0
12 35 15 2671 1
12 25 25 2671 0
12 45 21 2673 1
12 50 25 2674 2
12 50 23 2675 3
12 25 13 2675 0
12 20 11 2675 0
12 25 8 2678 2
2 25 34 2679 1
12 25 13 2679 0
12 30 11 2681 1
12 25 9 2681 0
12 25 13 2683 1
12 30 17 2684 1
12 30 31 2684 0
12 40 21 2686 2
12 20 9 2686 0
12 25 11 2686 0
12 25 12 2686 0
12 20 8 2686 0
12 25 14 2686 0
12 35 12 2686 0
12 45 10 2686 0
12 30 9 2686 0
12 20 16 2695 1
12 25 10 2695 0
12 20 9 2695 0
12 50 25 2695 0
