12 30 13 2695 0
12 40 9 2700 1
12 25 11 2700 0
12 20 7 2702 1
12 30 14 2702 0
12 30 14 2702 0
12 50 12 2702 0
12 30 11 2702 0
12 20 10 2702 0
12 20 16 2702 0
12 45 28 2702 0
12 40 13 2702 0
12 20 5 2702 0
12 20 17 2702 0
12 35 18 2702 0
12 45 45 2714 4
12 25 8 2714 0
12 20 14 2716 1
2 30 33 2716 0
12 20 9 2716 0
12 35 16 2719 1
12 30 11 2719 0
12 30 13 2719 0
12 20 10 2719 0
12 25 11 2723 1
12 25 21 2724 1
12 25 11 2724 0
12 20 4 2724 0
12 20 7 2727 1
12 35 16 2727 0
12 35 9 2727 0
12 25 7 2727 0
12 25 11 2731 1
12 25 8 2731 0
2 45 52 2733 3
12 25 12 2733 0
12 50 28 2735 2
12 20 14 2735 0
12 20 6 2735 0
12 30 19 2738 1
12 35 27 2738 0
12 25 9 2738 0
12 20 9 2738 0
12 30 17 2738 0
12 40 35 2738 0
12 35 12 2744 1
12 55 11 2744 0
12 35 11 2744 0
12 20 6 2747 1
12 35 13 2747 0
12 25 11 2747 0
12 20 9 2747 0
12 20 16 2747 0
12 35 25 2747 0
12 30 16 2747 0
12 50 6 2747 0
12 20 9 2747 0
12 25 15 2756 1
12 25 10 2756 0
12 20 8 2756 0
12 35 17 2756 0
12 25 23 2756 0
12 30 13 2756 0
12 35 16 2762 1
12 20 8 2762 0
2 45 48 2764 2
12 25 5 2764 0
12 20 6 2764 0
12 35 20 2764 0
12 55 25 2768 1
12 25 9 2768 0
12 40 13 2768 0
12 25 13 2771 1
12 35 21 2771 0
12 20 13 2771 0
12 25 12 2771 0
12 25 5 2771 0
12 40 22 2776 2
12 45 17 2777 1
12 25 9 2777 0
12 40 21 2777 0
12 20 7 2777 0
12 30 23 2781 1
12 50 31 2782 3
12 30 10 2782 0
12 40 13 2784 2
12 40 21 2785 1
12 25 21 2786 1
12 25 12 2786 0
12 50 17 2788 1
12 40 16 2788 0
12 25 13 2790 2
12 40 25 2790 0
12 40 7 2790 0
12 40 10 2790 0
12 30 14 2790 0
12 25 13 2795 1
12 30 30 2795 0
12 25 11 2797 2
12 30 14 2798 1
