12 25 7 1698 0
12 30 7 1698 0
12 25 9 1698 0
12 20 8 1698 0
12 55 49 1703 2
12 25 19 1704 1
12 40 14 1704 0
12 45 21 1704 0
12 20 7 1704 0
12 25 18 1708 3
12 40 29 1709 1
12 20 10 1709 0
12 30 13 1709 0
12 20 8 1712 2
12 30 12 1712 0
12 20 7 1714 1
12 25 21 1715 2
12 35 14 1715 0
12 45 17 1717 2
12 40 21 1717 0
12 35 22 1717 0
12 30 13 1717 0
12 50 30 1717 0
12 25 10 1722 1
12 40 16 1722 0
12 25 15 1722 0
12 40 11 1722 0
12 25 9 1722 0
12 25 8 1722 0
12 30 9 1722 0
12 20 14 1722 0
12 30 12 1722 0
12 20 9 1722 0
12 35 20 1722 0
12 25 12 1722 0
12 30 26 1734 1
12 25 11 1735 2
12 20 18 1735 0
12 25 12 1735 0
12 40 9 1735 0
12 30 17 1735 0
12 35 23 1735 0
12 30 10 1735 0
12 30 13 1742 3
12 20 9 1743 1
12 25 9 1743 0
12 30 14 1743 0
12 25 11 1746 2
12 25 8 1746 0
12 25 9 1746 0
12 40 34 1749 1
12 40 19 1749 0
12 25 8 1749 0
12 40 13 1749 0
12 20 5 1749 0
12 35 10 1749 0
12 25 21 1755 2
12 30 9 1755 0
12 20 7 1755 0
12 20 12 1755 0
12 30 12 1755 0
12 45 25 1755 0
12 35 14 1755 0
12 20 8 1755 0
12 20 10 1755 0
12 20 11 1764 1
12 25 13 1764 0
12 35 16 1764 0
12 20 6 1764 0
12 25 13 1768 1
12 30 17 1769 2
12 35 10 1769 0
12 30 11 1771 1
12 40 18 1771 0
12 50 26 1771 0
12 55 27 1774 1
12 25 9 1775 1
2 20 22 1776 1
12 55 31 1776 0
12 30 10 1778 1
12 35 21 1779 1
10.5 45 3 1779 0
12 35 21 1781 1
12 20 8 1781 0
12 20 16 1781 0
12 20 7 1781 0
12 30 7 1785 1
10.5 25 1 1785 0
12 40 21 1787 1
12 30 22 1788 1
12 25 11 1788 0
12 30 7 1788 0
12 30 8 1788 0
2 20 23 1788 0
12 45 18 1793 1
12 20 9 1793 0
12 25 10 1793 0
2 50 66 1796 4
12 30 17 1796 0
12 30 6 1796 0
