12 20 12 999 1
12 25 9 999 0
12 40 25 999 0
12 40 25 1002 2
12 20 8 1002 0
12 20 8 1002 0
12 20 4 1002 0
12 30 9 1002 0
12 25 16 1002 0
12 20 4 1002 0
12 50 40 1002 0
12 20 16 1010 1
12 20 12 1010 0
12 20 6 1010 0
12 20 13 1013 1
12 30 13 1013 0
12 20 15 1013 0
12 20 4 1013 0
12 30 18 1013 0
12 35 16 1013 0
12 25 10 1013 0
12 20 13 1020 1
12 25 13 1020 0
12 30 12 1020 0
12 25 9 1023 1
12 25 13 1023 0
12 45 14 1025 1
12 35 9 1025 0
12 30 18 1025 0
12 20 9 1025 0
12 20 5 1025 0
12 35 19 1025 0
12 20 13 1025 0
12 20 6 1025 0
12 25 9 1025 0
12 30 15 1025 0
12 50 42 1025 0
12 40 15 1025 0
12 30 17 1037 1
12 30 11 1038 1
12 35 18 1038 0
12 35 28 1040 3
12 30 14 1041 1
12 20 5 1042 1
12 20 10 1043 1
12 35 10 1043 0
12 25 11 1045 1
12 25 13 1045 0
12 20 4 1045 0
12 30 11 1045 0
12 30 11 1049 1
12 30 31 1050 2
12 35 9 1050 0
12 25 9 1050 0
12 20 4 1050 0
12 25 14 1050 0
2 25 41 1050 0
12 25 7 1050 0
12 40 22 1057 1
12 25 17 1058 2
12 20 4 1058 0
12 20 6 1058 0
12 20 10 1061 1
12 25 17 1062 2
12 25 16 1062 0
12 25 11 1062 0
12 35 13 1065 1
12 35 17 1065 0
12 45 26 1067 1
12 20 19 1067 0
12 25 8 1069 1
12 25 11 1069 0
12 35 13 1069 0
12 50 42 1072 1
12 20 12 1072 0
12 35 16 1074 1
12 20 10 1074 0
12 50 31 1076 2
12 20 4 1076 0
12 30 17 1078 1
12 20 8 1078 0
12 25 12 1078 0
12 50 19 1081 1
12 20 12 1081 0
12 20 10 1081 0
12 30 17 1081 0
12 25 16 1081 0
12 30 8 1081 0
12 35 19 1081 0
12 30 21 1081 0
12 20 11 1081 0
12 35 28 1090 1
12 30 9 1090 0
12 25 11 1090 0
12 40 11 1090 0
12 25 16 1094 1
12 25 8 1094 0
12 40 15 1096 1
12 45 10 1096 0
12 20 7 1096 0
