12 35 25 898 0
2 20 33 900 7
12 55 32 901 4
2 30 69 902 15
2 25 186 903 38
12 25 17 904 2
2 20 24 905 4
2 20 53 906 7
12 35 8 907 1
12 30 17 908 1
2 20 41 909 5
2 20 27 910 5
2 35 39 911 5
12 30 17 911 0
12 20 4 911 0
0.5 50 128 914 15
2 40 42 915 4
12 20 10 915 0
12 35 15 915 0
12 30 11 918 2
12 30 15 918 0
12 35 19 920 4
2 35 46 920 0
12 20 13 922 2
12 25 5 922 0
2 25 29 922 0
12 25 16 925 1
12 30 26 925 0
12 25 6 925 0
10.5 25 12 925 0
12 35 16 929 1
12 50 31 929 0
12 40 13 929 0
12 20 11 932 1
12 35 11 932 0
12 50 11 932 0
12 20 4 932 0
12 20 9 932 0
2 20 37 937 1
12 30 19 937 0
2 40 48 939 5
12 30 10 940 2
12 25 18 940 0
12 30 11 940 0
12 40 40 943 1
12 50 30 943 0
12 25 11 943 0
12 25 21 946 1
12 20 7 946 0
12 35 14 948 1
12 40 18 948 0
12 35 15 948 0
12 35 11 948 0
12 25 11 948 0
12 35 11 948 0
12 30 11 948 0
12 30 19 948 0
12 25 17 956 2
12 30 17 956 0
12 30 15 958 1
12 25 16 959 3
12 40 32 960 1
12 20 13 960 0
12 20 5 960 0
12 20 16 963 1
12 20 13 964 1
12 30 14 965 1
12 35 7 965 0
12 40 15 965 0
12 20 13 968 2
12 35 13 968 0
12 30 29 968 0
12 25 15 968 0
12 20 9 968 0
12 50 11 973 1
12 20 10 974 2
12 40 9 974 0
12 25 14 976 1
12 25 9 976 0
12 30 17 976 0
12 50 25 976 0
12 25 10 976 0
12 45 19 976 0
12 20 11 976 0
12 25 11 976 0
12 50 31 984 2
12 20 4 984 0
12 20 8 984 0
12 20 11 984 0
12 25 5 984 0
12 30 12 984 0
12 20 4 984 0
12 25 14 991 1
12 30 6 991 0
12 35 25 993 1
12 30 14 993 0
12 55 20 993 0
12 25 6 993 0
12 30 16 997 1
12 20 8 997 0
