12 25 8 499 1
12 25 20 500 2
12 35 12 500 0
12 25 13 500 0
12 30 13 503 1
12 30 6 503 0
12 20 11 505 1
12 35 10 505 0
12 50 26 505 0
12 35 10 508 1
12 20 13 509 1
12 35 11 509 0
12 25 23 509 0
12 25 16 509 0
12 20 11 513 1
12 35 25 514 1
12 25 10 514 0
12 30 11 514 0
12 25 5 514 0
12 20 14 518 1
12 35 7 518 0
12 35 19 520 1
12 20 8 520 0
12 25 13 520 0
2 30 41 520 0
12 20 8 520 0
12 30 21 525 3
12 25 16 525 0
12 30 20 527 2
12 25 15 527 0
12 20 11 527 0
12 40 14 530 1
12 20 10 530 0
12 25 9 530 0
12 35 16 530 0
12 20 21 530 0
12 50 37 535 1
12 40 17 535 0
12 25 16 535 0
12 25 17 535 0
12 20 11 535 0
12 40 16 540 2
12 25 11 540 0
12 35 18 542 2
12 25 5 542 0
12 30 6 542 0
12 25 12 542 0
12 20 4 542 0
2 20 22 547 1
12 20 9 547 0
12 55 22 549 1
12 30 15 549 0
12 35 7 549 0
12 20 8 549 0
2 25 30 553 3
12 20 9 554 1
2 20 25 555 1
12 25 16 556 1
12 30 9 556 0
12 20 14 558 1
12 25 19 559 1
12 20 14 559 0
12 30 16 559 0
12 25 17 562 1
12 25 13 562 0
12 25 14 562 0
12 20 6 562 0
12 30 18 562 0
12 30 6 562 0
12 30 13 562 0
12 35 10 569 1
12 20 10 570 1
12 35 16 571 1
12 25 16 571 0
12 20 10 571 0
12 40 22 571 0
12 25 9 571 0
12 25 12 571 0
12 30 14 571 0
12 40 21 571 0
12 25 11 579 1
12 35 15 579 0
12 25 6 579 0
12 25 12 579 0
12 20 7 579 0
12 20 7 579 0
12 35 12 579 0
12 20 9 579 0
12 30 7 579 0
12 20 5 588 1
12 35 31 589 4
12 20 7 589 0
12 35 36 591 4
12 40 34 592 1
12 25 8 592 0
12 45 18 594 1
12 40 13 595 1
12 35 22 595 0
12 20 13 597 1
12 25 17 598 1
