12 35 26 1499 1
12 25 10 1499 0
12 35 17 1499 0
12 30 15 1499 0
12 25 13 1499 0
12 25 12 1499 0
12 25 13 1499 0
12 20 9 1499 0
12 30 14 1499 0
12 40 21 1499 0
12 35 15 1509 2
12 30 8 1509 0
12 35 25 1509 0
12 30 13 1509 0
12 50 29 1509 0
12 45 21 1514 1
12 45 27 1515 1
12 40 10 1515 0
12 30 10 1515 0
12 25 14 1515 0
12 35 10 1515 0
12 20 13 1515 0
12 25 9 1521 1
12 20 10 1522 1
12 40 21 1522 0
12 40 16 1522 0
12 25 18 1525 3
12 30 16 1526 1
12 20 7 1527 1
12 30 8 1527 0
12 40 16 1529 1
12 35 10 1529 0
12 20 14 1531 2
12 25 12 1531 0
12 40 23 1533 1
12 50 25 1534 1
12 45 19 1534 0
12 25 9 1534 0
12 35 21 1537 1
12 35 13 1538 1
12 35 13 1538 0
12 20 12 1538 0
12 20 7 1541 1
12 25 11 1541 0
12 20 6 1541 0
12 30 12 1544 1
12 25 12 1545 2
12 25 18 1546 1
12 40 12 1546 0
12 35 15 1546 0
12 35 4 1546 0
12 25 8 1546 0
12 25 16 1546 0
12 20 10 1546 0
12 25 10 1546 0
12 20 11 1546 0
12 20 8 1546 0
2 20 28 1556 2
12 30 11 1556 0
12 35 16 1558 1
12 25 8 1558 0
12 20 21 1558 0
12 30 21 1561 1
12 30 13 1562 1
12 25 18 1562 0
12 45 21 1562 0
12 20 7 1562 0
12 40 21 1562 0
12 40 17 1567 2
12 35 26 1568 1
12 20 11 1568 0
12 20 12 1568 0
12 25 17 1568 0
12 30 10 1568 0
12 25 14 1573 1
12 30 16 1573 0
2 25 34 1575 1
12 20 4 1575 0
12 45 30 1575 0
12 30 10 1575 0
12 35 4 1575 0
12 30 21 1580 1
12 25 13 1580 0
12 20 10 1580 0
12 25 11 1583 1
12 20 4 1583 0
12 45 22 1585 1
12 30 13 1585 0
12 45 18 1587 1
12 30 19 1588 2
12 30 16 1589 2
12 20 11 1589 0
12 30 18 1589 0
12 40 3 1589 0
12 40 21 1593 1
12 30 8 1593 0
12 40 10 1593 0
12 25 7 1593 0
12 45 14 1593 0
12 35 16 1593 0
