None None 0 None 0
2 25 87 0 15
12 20 21 1 12
2 50 74 2 10
12 20 19 3 4
12 25 21 3 0
12 40 15 3 0
12 45 22 3 0
12 20 14 3 0
12 40 26 8 1
12 20 5 8 0
12 25 10 8 0
12 45 29 11 3
12 25 16 11 0
12 30 17 11 0
12 25 9 11 0
12 25 16 15 1
12 30 6 15 0
12 35 21 17 1
12 35 19 18 1
12 20 7 18 0
12 20 11 18 0
12 25 5 18 0
2 20 22 22 1
12 40 21 22 0
12 55 21 24 2
12 25 9 25 1
12 20 12 26 1
12 25 11 26 0
12 20 10 28 1
12 40 19 28 0
12 20 11 28 0
12 55 43 31 3
12 40 16 31 0
12 40 21 31 0
12 20 5 31 0
12 20 6 31 0
12 20 16 31 0
12 35 8 37 1
12 20 9 37 0
12 45 17 37 0
12 30 24 37 0
12 20 11 37 0
12 30 9 37 0
12 25 15 43 1
12 45 21 43 0
12 25 11 43 0
12 20 15 46 1
12 20 10 46 0
12 40 22 48 3
12 30 10 49 1
12 30 17 50 1
12 20 11 50 0
12 25 15 50 0
12 20 19 53 1
12 30 17 54 1
12 25 9 54 0
12 35 17 56 1
12 20 4 56 0
12 30 17 58 1
12 30 9 59 1
12 20 9 59 0
12 20 7 59 0
12 25 25 62 2
12 35 9 62 0
12 20 16 62 0
12 20 9 65 1
12 35 15 66 1
12 40 25 66 0
12 30 11 66 0
12 20 10 69 1
12 20 7 69 0
12 50 23 69 0
12 30 11 72 1
12 40 15 72 0
12 25 5 72 0
12 30 8 72 0
12 20 11 72 0
12 40 32 72 0
12 20 16 72 0
12 20 8 72 0
12 25 23 80 1
12 25 21 80 0
12 25 11 80 0
2 35 53 83 3
12 25 13 83 0
12 20 19 83 0
12 20 10 83 0
12 35 23 87 1
12 20 7 87 0
12 55 34 89 2
12 30 8 89 0
12 35 22 91 4
12 30 13 91 0
12 50 33 93 1
12 25 10 94 1
12 30 14 95 1
12 30 13 95 0
12 35 13 95 0
12 35 11 98 1
