12 35 22 2399 1
12 20 11 2400 1
12 30 13 2401 1
12 25 23 2401 0
12 35 13 2403 1
12 30 9 2403 0
12 20 7 2403 0
12 20 7 2403 0
12 25 16 2403 0
12 25 18 2403 0
12 20 4 2403 0
2 25 27 2410 3
12 25 18 2410 0
12 40 15 2410 0
12 40 19 2413 1
12 20 9 2413 0
12 40 10 2413 0
12 25 9 2413 0
12 50 26 2417 3
12 25 12 2417 0
12 20 11 2419 1
12 35 18 2419 0
12 40 19 2419 0
12 40 30 2422 1
12 25 10 2422 0
12 20 6 2422 0
12 35 3 2422 0
12 25 6 2422 0
12 25 13 2422 0
12 30 13 2428 1
12 45 25 2429 1
12 20 7 2429 0
2 25 51 2431 5
12 30 26 2431 0
12 30 12 2431 0
12 30 25 2434 1
12 30 25 2435 1
12 30 14 2435 0
12 35 17 2435 0
12 20 11 2435 0
12 25 11 2435 0
12 25 7 2435 0
12 25 6 2441 1
12 35 13 2441 0
12 25 8 2441 0
12 20 11 2441 0
12 50 34 2445 1
12 40 13 2445 0
12 35 18 2445 0
12 25 17 2448 1
12 30 9 2448 0
12 45 22 2448 0
12 20 11 2448 0
12 40 11 2448 0
12 35 25 2448 0
12 30 21 2448 0
12 35 18 2448 0
12 20 6 2448 0
12 20 9 2448 0
12 40 13 2448 0
12 20 7 2459 1
12 25 13 2459 0
12 40 11 2459 0
12 20 5 2459 0
12 35 7 2463 1
12 20 11 2463 0
12 20 7 2463 0
2 30 47 2466 1
12 20 7 2466 0
12 40 17 2468 2
12 30 21 2468 0
12 25 6 2468 0
12 35 11 2468 0
12 45 18 2468 0
12 45 17 2473 1
2 20 26 2474 1
12 25 14 2474 0
12 20 10 2474 0
12 30 11 2477 1
12 25 9 2477 0
12 25 11 2477 0
12 35 15 2477 0
12 20 4 2477 0
2 30 33 2482 3
12 25 5 2482 0
12 20 5 2482 0
12 45 14 2485 1
12 40 25 2485 0
12 20 7 2487 1
12 20 4 2487 0
12 25 14 2487 0
12 20 6 2487 0
10.5 35 1 2487 0
12 35 18 2487 0
12 40 11 2487 0
12 20 4 2487 0
12 55 19 2495 1
12 30 15 2496 2
12 50 32 2497 2
2 35 41 2498 2
