12 35 14 296 0
12 25 13 296 0
12 20 13 301 2
12 40 16 302 1
12 30 10 302 0
12 25 22 304 2
12 35 21 304 0
12 25 9 306 1
12 20 11 307 1
12 35 23 307 0
12 30 17 309 1
12 45 25 310 1
12 20 7 310 0
12 45 19 310 0
12 20 4 310 0
12 20 7 310 0
12 30 8 310 0
12 25 19 310 0
12 35 16 317 1
2 35 39 317 0
12 30 9 317 0
12 20 11 317 0
12 30 10 317 0
12 25 16 317 0
2 25 30 323 1
12 30 17 324 1
12 35 19 324 0
12 25 10 324 0
12 35 11 324 0
12 25 10 324 0
12 45 14 329 1
12 40 10 329 0
12 20 15 331 1
12 25 9 331 0
12 20 8 331 0
12 35 19 334 1
12 50 48 335 4
2 25 27 336 2
12 20 6 336 0
12 35 13 336 0
12 35 13 336 0
12 50 27 340 1
12 35 16 341 1
12 20 8 341 0
12 25 11 341 0
2 30 39 344 3
12 20 13 344 0
12 25 13 344 0
12 35 35 347 1
12 25 9 347 0
12 35 16 349 3
12 35 8 349 0
12 35 16 349 0
12 55 27 352 1
12 20 7 352 0
12 20 10 352 0
12 30 29 355 2
12 40 21 355 0
12 20 8 355 0
12 40 28 358 3
12 20 13 359 1
12 45 26 359 0
12 20 5 361 1
2 20 48 361 0
12 40 8 361 0
12 40 36 361 0
12 25 8 361 0
12 40 21 361 0
12 20 12 361 0
12 50 25 361 0
12 25 8 361 0
12 20 4 361 0
12 25 13 371 2
12 30 23 372 2
2 20 27 373 5
2 25 28 374 1
12 25 13 374 0
12 30 8 374 0
12 30 26 374 0
12 35 22 378 2
12 35 31 379 4
12 30 11 379 0
12 35 19 381 2
12 25 21 382 1
12 25 6 382 0
12 30 21 384 1
12 40 12 385 1
12 35 15 386 1
12 35 12 386 0
12 30 17 388 1
12 25 15 388 0
12 20 4 388 0
12 30 18 388 0
12 25 12 388 0
12 20 10 388 0
12 30 13 388 0
12 20 6 388 0
12 40 19 388 0
12 25 5 388 0
12 35 21 388 0
