12 40 21 1593 0
12 30 17 1593 0
12 20 16 1593 0
12 20 4 1593 0
12 25 13 1593 0
12 35 15 1604 1
12 45 18 1605 1
12 25 14 1606 2
12 25 10 1606 0
12 20 11 1608 1
12 25 9 1609 1
12 20 5 1609 0
12 25 5 1609 0
12 40 16 1609 0
12 25 12 1613 1
12 50 17 1614 3
12 40 4 1614 0
12 20 13 1614 0
12 35 14 1617 1
12 40 18 1617 0
12 40 32 1619 1
12 30 17 1619 0
12 20 16 1619 0
12 25 9 1622 1
12 45 19 1623 1
12 30 16 1624 1
12 20 21 1624 0
12 20 4 1624 0
12 25 11 1624 0
12 45 23 1624 0
12 35 19 1624 0
12 35 10 1624 0
12 35 21 1624 0
12 30 12 1632 2
12 35 10 1633 1
12 20 20 1633 0
12 40 17 1635 1
12 40 13 1636 1
12 30 21 1637 1
12 20 9 1637 0
2 35 38 1639 2
12 35 21 1639 0
12 20 18 1639 0
12 35 13 1642 1
12 35 19 1643 1
12 30 22 1644 1
12 40 31 1645 2
12 25 13 1645 0
12 30 9 1645 0
12 35 16 1648 1
12 45 25 1648 0
12 20 10 1648 0
12 30 18 1648 0
12 20 13 1648 0
12 25 16 1653 2
12 20 21 1654 3
12 20 11 1655 1
12 25 9 1655 0
12 20 17 1655 0
12 25 10 1655 0
12 25 17 1655 0
12 25 9 1655 0
12 30 12 1661 1
12 25 4 1661 0
12 20 10 1663 1
12 35 16 1664 1
12 35 21 1665 1
12 20 21 1665 0
12 25 7 1665 0
2 20 25 1668 2
12 20 4 1668 0
12 25 9 1670 1
12 30 13 1670 0
12 25 20 1672 2
12 20 10 1673 1
12 30 13 1673 0
12 30 7 1673 0
12 35 21 1676 1
12 30 17 1677 1
12 20 11 1678 1
12 40 13 1678 0
2 25 28 1680 4
12 40 16 1680 0
12 45 14 1680 0
12 25 13 1683 1
12 20 11 1683 0
12 30 22 1685 2
12 40 20 1686 1
12 30 22 1687 2
12 45 25 1687 0
2 35 41 1689 2
12 50 29 1690 1
12 25 8 1690 0
12 30 8 1690 0
12 40 21 1693 3
12 30 17 1694 1
12 30 13 1695 1
12 25 3 1695 0
12 40 21 1695 0
12 20 19 1698 1
