12 30 21 2199 1
12 35 17 2199 0
12 30 16 2201 2
2 25 41 2201 0
12 50 17 2203 2
12 20 16 2203 0
12 20 11 2205 1
12 25 9 2205 0
12 25 8 2205 0
12 30 21 2208 1
12 20 13 2208 0
12 50 17 2208 0
12 30 16 2211 2
12 30 17 2212 1
12 25 14 2213 1
12 20 5 2213 0
12 35 21 2213 0
12 50 13 2213 0
12 25 12 2213 0
12 55 31 2218 6
12 35 15 2219 1
12 30 14 2220 1
12 25 23 2220 0
12 45 16 2220 0
12 20 8 2220 0
12 20 7 2220 0
12 40 15 2225 1
12 25 17 2226 1
12 20 8 2226 0
2 45 61 2226 0
12 30 10 2226 0
12 30 12 2230 1
12 25 16 2231 2
12 30 16 2231 0
12 40 12 2233 1
12 20 8 2233 0
12 25 8 2233 0
12 30 21 2233 0
12 45 17 2233 0
12 35 3 2233 0
12 35 13 2233 0
12 35 16 2233 0
12 20 9 2233 0
12 40 12 2233 0
12 25 13 2233 0
12 20 16 2244 3
12 20 12 2244 0
12 20 12 2244 0
12 35 16 2244 0
12 30 6 2244 0
12 35 12 2244 0
12 20 10 2250 1
12 20 10 2250 0
12 35 25 2252 1
12 25 13 2252 0
12 30 14 2254 1
12 40 15 2255 1
12 30 11 2255 0
12 40 19 2257 1
2 20 33 2257 0
12 20 4 2257 0
12 30 19 2257 0
12 25 11 2261 1
12 25 16 2261 0
12 45 41 2263 1
12 20 9 2263 0
12 20 7 2263 0
12 20 7 2263 0
12 30 21 2267 2
12 30 13 2268 1
12 20 10 2268 0
12 35 20 2270 2
12 35 10 2270 0
12 40 17 2272 1
12 50 12 2272 0
12 20 14 2274 1
12 30 9 2274 0
12 25 5 2274 0
12 30 22 2274 0
12 20 5 2278 1
12 30 10 2279 1
12 30 13 2279 0
12 30 17 2279 0
12 35 13 2282 2
12 25 8 2282 0
12 35 31 2284 3
12 30 2 2284 0
12 25 11 2284 0
12 20 7 2284 0
12 35 23 2284 0
12 50 20 2284 0
2 35 38 2284 0
12 25 13 2284 0
12 30 27 2292 2
12 40 26 2292 0
12 40 6 2292 0
12 35 13 2292 0
12 30 13 2292 0
12 30 15 2297 1
12 35 19 2298 1
