12 35 14 698 0
12 30 8 698 0
12 35 17 698 0
2 20 32 702 2
12 20 4 702 0
12 25 17 704 1
12 20 9 704 0
12 30 16 706 1
2 35 150 707 10
12 30 22 708 1
0.5 25 43 709 3
12 55 47 709 0
12 30 21 709 0
12 25 9 709 0
12 30 8 713 1
12 25 13 713 0
12 35 23 715 1
12 25 22 715 0
12 20 6 715 0
2 25 36 718 2
12 30 15 718 0
2 35 43 718 0
12 25 13 718 0
12 25 10 718 0
12 20 11 723 1
12 25 18 724 1
12 25 7 724 0
12 25 12 724 0
2 35 48 727 2
12 35 3 727 0
12 20 4 727 0
12 35 20 730 1
2 30 42 731 1
12 30 21 731 0
12 20 13 731 0
12 25 8 731 0
12 20 14 731 0
2 20 35 736 1
2 35 45 737 5
12 40 22 738 3
2 20 78 739 10
12 35 9 740 2
2 25 88 741 10
2 25 52 742 1
12 35 13 742 0
12 25 25 744 1
12 35 26 745 1
12 30 9 746 1
2 35 90 747 8
12 20 19 748 2
12 30 13 748 0
12 45 34 750 1
12 30 6 750 0
12 35 18 750 0
2 20 139 753 4
2 20 23 753 0
12 40 22 753 0
12 30 17 753 0
12 35 9 753 0
12 30 10 753 0
12 45 26 753 0
2 20 22 753 0
2 25 41 761 2
2 35 61 762 4
2 35 51 763 2
12 25 16 763 0
12 25 20 763 0
12 30 15 763 0
12 20 15 763 0
2 45 60 768 2
12 35 7 768 0
12 40 13 770 1
12 25 5 770 0
2 40 101 772 7
12 25 17 773 1
12 30 16 773 0
12 25 5 773 0
2 30 82 776 2
12 40 21 776 0
2 20 23 778 4
12 35 18 778 0
2 20 23 778 0
12 35 15 778 0
12 20 9 782 1
12 30 24 783 3
12 40 21 784 1
2 50 178 785 11
12 35 29 785 0
12 30 27 785 0
12 30 16 785 0
12 40 13 785 0
12 45 26 790 2
12 25 14 790 0
12 35 27 792 1
12 25 14 792 0
12 35 9 792 0
12 30 7 792 0
12 25 8 796 2
12 35 33 797 2
2 40 52 798 2
