12 25 12 2799 1
12 30 2 2799 0
12 40 14 2801 1
12 45 25 2802 1
12 30 6 2802 0
12 30 8 2802 0
12 20 9 2802 0
12 35 31 2802 0
12 30 6 2802 0
12 25 6 2802 0
12 20 7 2802 0
12 30 14 2802 0
2 35 52 2811 4
12 25 9 2812 1
12 40 20 2813 2
12 35 19 2814 1
12 20 11 2814 0
12 50 15 2814 0
12 50 25 2814 0
12 35 14 2818 2
2 30 82 2818 0
12 20 4 2818 0
12 20 6 2818 0
12 30 14 2822 1
12 25 10 2822 0
12 30 11 2824 1
12 25 13 2825 1
12 25 9 2825 0
12 25 10 2825 0
12 20 11 2825 0
12 40 21 2829 3
12 35 12 2829 0
12 20 7 2829 0
12 25 11 2829 0
12 25 12 2829 0
12 35 13 2829 0
12 40 32 2829 0
12 30 11 2829 0
10.5 55 22 2837 1
12 35 13 2838 1
12 45 29 2839 1
12 40 18 2839 0
12 20 4 2839 0
12 25 17 2839 0
12 30 13 2839 0
12 20 8 2839 0
12 25 5 2839 0
12 20 15 2839 0
12 30 21 2839 0
12 20 8 2839 0
12 25 14 2849 1
12 50 26 2850 1
12 35 7 2850 0
12 50 25 2850 0
12 25 20 2850 0
12 30 14 2850 0
12 30 14 2850 0
12 30 8 2850 0
12 25 9 2850 0
12 30 18 2850 0
12 45 19 2859 1
12 25 9 2859 0
12 20 21 2861 3
12 20 6 2861 0
12 25 3 2861 0
2 25 28 2861 0
12 30 12 2861 0
12 25 11 2861 0
12 20 4 2861 0
12 30 24 2861 0
12 40 16 2869 1
12 45 34 2870 1
12 25 9 2870 0
12 25 11 2870 0
12 40 14 2870 0
12 35 17 2874 1
12 30 25 2875 1
12 20 12 2875 0
12 20 5 2875 0
12 20 7 2875 0
12 35 14 2879 1
12 35 17 2880 1
12 35 21 2880 0
12 25 10 2880 0
12 20 7 2880 0
12 20 6 2884 1
12 25 9 2884 0
2 35 41 2886 1
12 45 16 2886 0
12 35 14 2886 0
12 30 13 2886 0
12 30 13 2890 1
12 25 13 2891 2
12 20 9 2891 0
2 25 31 2893 3
12 35 14 2893 0
12 25 5 2893 0
12 20 7 2893 0
12 35 19 2897 1
12 20 21 2898 2
