12 35 13 1398 0
12 20 10 1398 0
12 35 16 1398 0
12 45 16 1398 0
12 20 8 1398 0
12 20 18 1404 1
12 30 13 1405 1
12 30 16 1405 0
12 45 17 1405 0
12 20 13 1405 0
12 20 13 1405 0
12 30 10 1405 0
12 25 14 1411 2
12 35 16 1411 0
12 20 13 1411 0
12 35 15 1411 0
12 20 4 1411 0
12 20 4 1411 0
12 25 9 1411 0
12 20 7 1411 0
12 35 34 1419 1
12 20 9 1419 0
12 20 6 1419 0
12 45 45 1422 2
12 30 11 1423 1
12 20 8 1423 0
12 25 10 1423 0
12 30 21 1426 2
12 25 9 1426 0
12 25 5 1426 0
12 40 21 1426 0
12 25 13 1426 0
12 20 8 1431 1
12 30 11 1431 0
12 40 11 1431 0
12 35 11 1431 0
12 25 8 1431 0
12 40 20 1431 0
12 25 13 1437 1
12 25 10 1437 0
12 35 25 1439 2
12 45 19 1439 0
12 45 34 1439 0
12 20 16 1439 0
12 35 21 1443 2
12 35 5 1443 0
12 20 5 1443 0
12 30 10 1446 1
12 35 11 1446 0
12 25 9 1446 0
12 30 13 1446 0
12 20 8 1450 1
12 20 6 1451 1
12 20 10 1451 0
12 20 10 1453 1
12 35 15 1453 0
12 25 10 1453 0
2 20 42 1456 1
12 30 18 1456 0
12 35 13 1458 1
12 25 5 1458 0
12 25 13 1458 0
12 20 4 1458 0
12 20 5 1458 0
12 20 13 1458 0
12 35 7 1458 0
12 35 20 1458 0
12 30 17 1458 0
12 25 14 1467 2
12 25 13 1467 0
12 20 6 1467 0
12 30 10 1467 0
12 35 17 1471 2
12 40 19 1471 0
12 40 5 1473 1
12 20 10 1473 0
12 20 17 1475 1
12 20 21 1476 1
12 40 13 1476 0
12 20 9 1478 2
12 40 15 1478 0
12 45 22 1480 1
12 20 16 1480 0
12 25 9 1482 1
12 20 12 1482 0
12 25 9 1482 0
12 25 10 1482 0
12 40 21 1486 3
12 30 16 1486 0
12 40 13 1488 2
12 25 21 1488 0
12 20 13 1488 0
12 20 17 1491 2
12 20 6 1491 0
12 20 4 1491 0
12 35 33 1494 3
12 20 16 1494 0
12 20 4 1494 0
12 50 21 1497 1
12 40 14 1498 1
