12 25 3 3097 0
12 20 9 3097 0
12 20 10 3097 0
12 25 9 3102 1
12 30 12 3103 1
12 35 9 3103 0
12 30 9 3103 0
12 30 13 3106 1
12 25 5 3106 0
12 20 12 3106 0
12 25 24 3106 0
12 35 14 3106 0
12 30 14 3111 1
12 60 24 3111 0
12 25 8 3113 1
12 25 13 3114 1
12 25 22 3115 1
12 20 10 3115 0
12 45 11 3117 1
12 20 14 3118 1
12 20 11 3118 0
12 30 12 3118 0
12 25 5 3118 0
12 35 11 3118 0
12 30 12 3123 1
12 20 15 3123 0
12 20 14 3123 0
12 40 19 3126 1
12 20 10 3127 1
12 20 10 3128 1
12 35 14 3128 0
12 25 11 3130 2
12 20 10 3130 0
12 30 11 3130 0
12 20 11 3130 0
12 45 17 3134 1
12 30 13 3134 0
12 35 21 3136 1
12 20 20 3136 0
12 35 12 3138 1
12 30 11 3139 1
12 40 13 3140 1
12 35 12 3140 0
12 35 13 3140 0
12 30 10 3140 0
12 50 26 3144 1
12 25 15 3144 0
12 45 19 3144 0
12 20 12 3147 1
12 20 8 3147 0
12 50 26 3147 0
12 30 17 3150 1
12 20 13 3150 0
12 55 17 3152 1
12 20 4 3152 0
12 35 11 3152 0
12 20 14 3152 0
12 30 13 3152 0
12 25 17 3152 0
12 20 21 3158 1
12 25 22 3159 1
12 20 11 3159 0
12 30 12 3159 0
12 20 5 3159 0
12 30 25 3159 0
12 20 14 3159 0
12 40 8 3159 0
12 25 9 3159 0
12 25 13 3159 0
12 25 11 3168 1
12 25 6 3168 0
12 25 22 3170 1
12 45 27 3171 2
12 25 21 3172 1
12 45 26 3173 1
12 35 17 3174 1
12 20 10 3174 0
12 45 22 3176 4
12 35 14 3177 1
12 30 19 3178 1
12 30 12 3178 0
12 25 8 3178 0
12 25 12 3178 0
12 20 11 3178 0
12 20 5 3178 0
12 25 17 3178 0
12 25 9 3185 1
12 20 11 3186 1
12 20 14 3187 2
12 30 17 3187 0
12 40 17 3187 0
12 25 17 3187 0
12 25 8 3187 0
12 20 14 3187 0
12 25 9 3193 1
12 50 15 3193 0
12 35 15 3193 0
12 20 4 3193 0
12 30 6 3193 0
12 20 7 3193 0
