12 25 10 3498 0
12 40 19 3500 1
12 25 10 3500 0
12 40 16 3500 0
12 55 25 3503 1
12 30 17 3503 0
12 35 13 3503 0
12 25 10 3503 0
12 20 13 3503 0
12 20 6 3508 2
12 20 6 3508 0
12 30 16 3510 1
12 20 13 3511 2
12 40 13 3511 0
12 25 12 3513 2
12 30 9 3513 0
12 35 9 3513 0
12 25 10 3513 0
2 25 41 3517 3
12 40 18 3518 1
12 25 11 3519 1
12 25 11 3520 1
12 20 12 3520 0
12 20 11 3520 0
12 30 14 3520 0
12 35 3 3520 0
12 25 9 3520 0
12 20 4 3520 0
12 20 12 3520 0
12 20 17 3528 1
12 25 11 3528 0
12 30 10 3528 0
12 25 8 3531 1
12 20 4 3531 0
12 40 26 3533 2
12 40 19 3533 0
12 20 16 3533 0
12 55 19 3533 0
12 35 18 3537 1
12 20 16 3538 1
2 20 34 3538 0
2 20 33 3540 2
12 40 21 3541 2
12 40 13 3541 0
12 20 8 3541 0
12 25 9 3541 0
12 40 14 3541 0
12 35 16 3546 1
12 30 9 3546 0
12 25 10 3546 0
12 30 20 3546 0
12 35 22 3550 3
12 25 13 3551 2
12 40 28 3552 4
12 20 13 3553 1
12 25 9 3553 0
12 40 11 3553 0
12 45 10 3556 1
12 25 5 3556 0
12 25 9 3556 0
12 25 11 3556 0
12 40 26 3560 1
12 35 16 3560 0
12 35 14 3560 0
12 25 16 3560 0
12 25 9 3560 0
12 20 4 3560 0
12 25 13 3560 0
12 20 4 3560 0
12 20 11 3568 1
12 25 9 3568 0
12 35 27 3570 2
12 35 16 3570 0
12 25 18 3570 0
12 20 10 3573 1
12 25 11 3573 0
12 35 13 3573 0
12 30 6 3573 0
2 35 46 3577 3
12 30 13 3577 0
12 45 31 3579 2
12 20 13 3580 2
12 20 8 3580 0
12 45 14 3580 0
12 25 7 3580 0
12 25 10 3580 0
12 25 20 3585 1
12 30 20 3585 0
12 30 9 3585 0
2 25 36 3585 0
12 45 20 3585 0
12 35 21 3585 0
12 20 10 3591 1
12 30 13 3591 0
12 45 11 3591 0
12 25 8 3594 1
2 20 22 3595 2
12 30 12 3595 0
12 25 21 3597 1
12 30 14 3597 0
