12 25 13 198 0
2 20 31 198 0
12 30 12 198 0
12 35 18 198 0
12 50 22 203 1
12 25 11 203 0
12 25 5 203 0
12 20 17 203 0
12 50 28 207 3
12 30 22 207 0
12 25 5 207 0
12 40 29 207 0
12 40 37 211 2
12 20 10 212 1
12 25 8 212 0
12 25 6 212 0
12 30 12 212 0
12 35 19 212 0
12 45 21 217 1
12 25 12 217 0
12 35 22 219 1
12 30 11 219 0
2 25 34 219 0
12 20 7 219 0
12 25 13 219 0
12 25 10 219 0
12 20 4 219 0
12 20 7 219 0
12 40 21 227 1
12 30 11 227 0
12 30 17 229 1
12 45 21 230 2
12 35 16 230 0
12 25 6 230 0
12 35 28 233 2
12 35 17 234 1
12 20 7 234 0
12 30 21 236 1
12 35 11 236 0
12 25 13 236 0
12 30 9 236 0
12 25 8 236 0
12 20 9 236 0
12 35 15 242 1
12 20 14 243 2
12 20 14 244 1
12 45 18 245 1
12 20 12 245 0
12 25 9 245 0
12 20 7 248 1
12 25 5 248 0
12 35 24 248 0
12 30 14 251 1
12 20 5 251 0
12 20 11 253 1
12 25 17 254 1
12 25 18 255 1
2 30 32 255 0
12 25 12 255 0
12 30 13 255 0
12 30 17 255 0
12 20 17 260 1
12 50 16 261 1
12 30 11 261 0
12 20 21 263 2
12 20 7 263 0
12 50 12 263 0
12 25 8 263 0
12 20 10 267 2
12 20 14 268 1
12 35 19 268 0
12 35 19 270 1
12 40 29 271 1
12 30 13 271 0
12 20 14 273 2
12 35 15 274 1
12 40 25 274 0
12 50 27 274 0
12 40 15 274 0
12 25 21 274 0
12 20 8 274 0
12 20 7 274 0
12 25 11 281 1
12 35 13 281 0
12 30 14 281 0
12 20 6 284 1
12 55 18 285 1
12 30 12 286 1
12 25 10 286 0
12 35 13 286 0
12 35 31 289 3
12 25 6 289 0
12 35 17 291 2
12 20 9 292 1
12 20 9 292 0
12 20 9 292 0
12 25 11 295 1
2 40 42 296 1
12 30 10 296 0
12 20 8 296 0
