12 35 22 1195 0
12 20 6 1195 0
12 20 13 1195 0
12 25 14 1195 0
12 45 33 1203 3
12 30 10 1203 0
12 35 12 1203 0
12 25 16 1206 1
12 35 18 1207 1
12 30 13 1207 0
12 25 10 1209 1
12 25 13 1209 0
12 35 17 1209 0
12 25 11 1209 0
12 30 11 1209 0
12 30 9 1214 1
12 20 8 1214 0
12 35 25 1216 2
12 30 2 1216 0
2 20 25 1218 4
12 20 9 1219 1
12 35 12 1219 0
12 35 15 1219 0
12 40 21 1219 0
12 50 20 1223 1
12 20 7 1223 0
12 25 8 1223 0
12 30 16 1226 2
12 20 6 1226 0
12 35 17 1228 2
12 30 11 1229 1
12 25 8 1229 0
12 20 5 1229 0
12 55 26 1232 1
12 20 13 1232 0
12 30 13 1234 1
2 20 34 1234 0
12 40 14 1234 0
12 20 13 1237 1
12 30 15 1238 2
12 25 18 1239 2
12 20 7 1239 0
12 25 13 1239 0
12 35 13 1242 1
12 40 13 1243 1
12 25 8 1243 0
12 25 17 1245 1
12 35 25 1246 1
12 25 14 1246 0
12 50 16 1246 0
12 35 9 1249 1
12 30 11 1249 0
12 25 10 1249 0
12 30 11 1252 2
12 20 9 1252 0
12 35 16 1254 1
12 45 12 1255 1
12 40 24 1255 0
12 40 11 1255 0
12 25 6 1255 0
12 40 11 1255 0
12 30 16 1260 1
2 35 37 1261 1
12 20 5 1261 0
12 25 12 1261 0
12 30 12 1261 0
12 30 4 1261 0
12 40 13 1266 1
12 40 15 1266 0
2 30 55 1268 1
12 25 12 1268 0
12 45 21 1270 1
12 35 17 1270 0
12 35 16 1270 0
12 20 14 1270 0
12 25 13 1270 0
12 35 17 1270 0
12 30 21 1270 0
12 30 2 1270 0
12 25 13 1278 1
12 20 4 1278 0
12 35 29 1278 0
12 30 6 1278 0
12 20 10 1278 0
12 35 29 1283 1
12 35 10 1283 0
12 25 17 1283 0
12 20 17 1286 4
12 25 11 1287 1
12 20 4 1287 0
12 20 13 1289 1
12 25 9 1289 0
12 25 10 1289 0
12 20 7 1289 0
12 20 18 1293 1
12 25 12 1293 0
12 55 18 1293 0
12 40 34 1296 3
12 25 6 1296 0
12 25 5 1296 0
