10.5 35 6 2898 0
12 25 11 2898 0
12 25 12 2898 0
12 25 9 2898 0
12 30 2 2898 0
12 50 31 2904 1
12 40 21 2905 1
12 20 14 2906 1
12 25 7 2906 0
12 25 12 2906 0
12 25 13 2906 0
12 30 29 2906 0
12 25 16 2911 2
12 25 9 2911 0
12 35 18 2911 0
12 30 17 2914 1
12 40 10 2915 1
12 30 10 2916 1
12 20 10 2916 0
12 35 16 2916 0
12 20 16 2916 0
12 25 10 2916 0
12 25 6 2916 0
12 25 11 2916 0
12 35 13 2916 0
12 25 13 2916 0
12 35 13 2916 0
12 45 26 2926 1
12 30 28 2927 3
12 25 8 2927 0
12 20 4 2927 0
12 20 12 2927 0
12 25 11 2931 1
12 25 9 2931 0
12 35 15 2933 1
12 25 8 2934 1
12 35 20 2934 0
12 20 7 2934 0
12 35 11 2934 0
12 35 29 2938 2
12 35 20 2939 1
12 20 8 2939 0
12 25 10 2939 0
12 25 8 2939 0
12 20 11 2939 0
12 20 11 2939 0
12 30 17 2939 0
12 60 18 2946 1
12 25 21 2946 0
12 25 17 2946 0
12 30 11 2946 0
12 35 9 2946 0
12 50 32 2951 1
12 35 19 2951 0
12 35 25 2953 2
12 30 14 2954 1
12 40 39 2955 1
12 20 13 2955 0
12 30 16 2957 1
12 25 13 2957 0
12 35 22 2959 1
12 30 13 2960 1
12 35 22 2961 1
12 40 11 2961 0
12 25 13 2961 0
12 20 9 2961 0
12 25 18 2965 1
2 40 61 2966 1
12 25 11 2967 1
12 45 26 2967 0
12 40 17 2969 1
12 40 21 2969 0
12 20 11 2969 0
12 20 4 2969 0
12 30 9 2969 0
12 30 8 2969 0
12 20 12 2969 0
12 30 25 2976 1
12 40 13 2976 0
12 35 11 2976 0
12 45 28 2979 1
12 20 10 2979 0
12 35 12 2979 0
12 20 13 2979 0
12 25 14 2979 0
12 25 17 2984 3
2 20 36 2985 2
12 30 20 2986 2
12 40 16 2986 0
12 30 13 2988 1
2 50 58 2989 1
12 35 9 2989 0
12 20 13 2991 1
12 25 12 2991 0
12 20 10 2991 0
12 30 13 2991 0
12 25 6 2991 0
12 20 7 2991 0
12 30 9 2997 1
12 45 30 2998 1
