2 40 92 1899 3
12 25 5 1899 0
12 30 13 1901 2
12 20 10 1901 0
12 35 13 1901 0
12 30 6 1901 0
12 30 16 1905 2
12 40 29 1906 4
12 25 17 1906 0
12 25 12 1906 0
2 25 36 1909 2
12 35 27 1909 0
12 25 11 1909 0
12 25 9 1909 0
12 20 16 1913 1
12 20 10 1913 0
12 30 4 1913 0
12 40 32 1916 2
2 20 28 1916 0
12 25 9 1916 0
12 25 23 1919 2
12 35 28 1919 0
12 25 12 1921 1
12 25 11 1922 2
12 25 9 1922 0
12 20 4 1922 0
2 20 38 1925 3
12 30 23 1925 0
12 50 12 1927 1
12 30 17 1928 1
2 20 23 1929 1
12 20 10 1929 0
12 25 13 1931 1
12 30 17 1932 1
12 40 24 1932 0
12 35 12 1932 0
12 50 14 1932 0
12 45 17 1936 3
12 40 16 1936 0
12 40 19 1938 2
12 25 20 1939 2
12 30 6 1939 0
12 25 13 1941 1
12 20 6 1942 1
12 45 21 1942 0
12 20 13 1942 0
12 20 14 1942 0
12 30 14 1942 0
12 60 48 1947 2
12 35 19 1948 1
12 20 15 1949 2
12 25 18 1949 0
12 20 9 1951 1
12 25 16 1951 0
12 20 16 1951 0
12 25 14 1954 1
12 25 12 1954 0
12 30 13 1956 1
12 20 7 1956 0
12 50 19 1956 0
12 30 21 1959 3
2 25 27 1960 3
12 40 19 1961 2
12 20 7 1961 0
12 35 17 1963 1
12 25 13 1963 0
12 40 7 1963 0
12 20 4 1963 0
12 20 8 1967 1
12 30 14 1967 0
12 25 11 1967 0
12 40 32 1970 4
12 40 25 1970 0
12 30 14 1972 1
12 25 20 1973 1
10.5 25 26 1974 1
12 25 21 1975 1
12 20 4 1975 0
2 30 33 1977 1
12 35 35 1977 0
12 20 5 1977 0
12 40 31 1980 3
12 40 17 1980 0
12 25 21 1982 2
12 45 14 1982 0
12 45 33 1982 0
12 25 16 1982 0
12 25 18 1982 0
12 35 11 1982 0
12 25 7 1982 0
12 40 10 1989 1
12 45 26 1989 0
12 25 9 1989 0
12 20 6 1989 0
12 35 22 1993 1
12 30 7 1993 0
12 35 16 1995 2
12 25 8 1995 0
12 20 6 1995 0
12 25 16 1998 1
