12 20 11 2998 0
12 25 9 2998 0
12 35 16 2998 0
12 20 13 3002 1
12 25 21 3003 1
12 30 17 3003 0
12 35 10 3003 0
12 40 18 3003 0
12 30 13 3003 0
12 30 16 3008 1
12 20 9 3008 0
12 25 8 3008 0
12 20 6 3008 0
12 20 10 3008 0
12 20 5 3008 0
12 45 25 3014 1
12 25 5 3014 0
12 45 30 3014 0
12 25 16 3017 1
12 25 13 3017 0
12 25 9 3017 0
12 25 16 3020 1
12 20 11 3020 0
12 45 16 3020 0
12 25 9 3020 0
12 35 21 3020 0
12 50 29 3025 1
12 40 21 3026 1
12 30 20 3027 1
12 20 15 3027 0
12 25 11 3027 0
12 40 17 3030 1
12 40 16 3030 0
12 30 13 3030 0
12 30 14 3033 1
12 25 11 3033 0
12 20 4 3033 0
12 20 10 3033 0
12 45 21 3033 0
12 35 15 3033 0
12 45 25 3039 2
12 45 19 3039 0
12 20 7 3039 0
12 45 26 3042 1
12 40 31 3043 1
12 20 5 3043 0
12 20 10 3043 0
12 40 22 3043 0
12 35 16 3043 0
12 20 10 3048 1
12 45 31 3049 3
12 30 2 3049 0
12 35 16 3051 1
12 30 31 3052 1
12 20 8 3053 1
12 20 11 3053 0
12 30 12 3055 1
12 35 8 3055 0
12 25 11 3055 0
12 20 7 3055 0
12 20 4 3055 0
12 25 25 3060 1
12 40 15 3061 2
12 25 11 3061 0
12 25 14 3063 1
12 25 6 3063 0
12 20 13 3065 1
2 20 23 3066 2
12 35 13 3067 2
12 20 9 3068 1
12 40 22 3069 1
12 20 7 3069 0
12 35 17 3071 1
12 45 19 3072 1
12 20 6 3072 0
12 20 6 3072 0
12 40 9 3075 1
12 35 11 3075 0
12 35 12 3077 1
12 35 22 3078 1
12 20 12 3078 0
12 45 25 3080 1
12 25 16 3081 1
12 30 13 3082 2
12 35 14 3082 0
12 25 15 3084 1
12 20 5 3084 0
12 25 10 3084 0
12 20 4 3084 0
12 30 21 3084 0
12 25 12 3084 0
12 30 16 3084 0
12 30 16 3091 1
12 35 19 3092 2
2 20 30 3093 1
12 25 17 3094 1
12 25 16 3094 0
12 30 17 3096 1
12 35 27 3097 1
12 35 19 3097 0
