12 40 26 598 0
2 30 83 600 3
10.5 20 20 600 0
2 20 34 602 1
2 35 81 603 7
12 30 14 604 1
12 35 10 604 0
12 20 8 604 0
12 25 19 604 0
12 25 26 608 1
12 35 11 608 0
12 25 15 608 0
12 25 11 608 0
12 20 11 612 1
12 30 22 613 4
2 20 205 614 6
12 40 9 615 1
12 20 17 615 0
2 25 108 617 4
12 35 10 617 0
10.5 35 8 617 0
2 30 60 620 2
2 30 54 621 1
12 30 26 621 0
12 25 13 623 1
0.5 25 27 624 1
12 25 13 624 0
2 30 80 626 1
12 30 17 626 0
12 60 25 628 2
12 35 14 629 1
12 50 7 629 0
2 25 47 631 3
12 30 24 632 2
12 40 21 632 0
2 40 46 634 2
12 30 21 634 0
12 55 50 636 4
12 20 7 637 1
12 20 6 637 0
12 35 17 637 0
12 30 13 637 0
12 25 23 637 0
10.5 35 3 637 0
12 40 10 637 0
10.5 40 8 644 1
12 25 9 644 0
12 35 11 644 0
12 20 8 644 0
12 45 25 648 1
12 20 8 648 0
12 30 12 648 0
12 30 10 648 0
12 20 5 648 0
12 45 16 648 0
12 35 11 648 0
12 40 18 648 0
12 20 13 648 0
12 20 4 648 0
12 45 26 648 0
12 25 9 648 0
12 20 11 648 0
12 30 13 661 1
12 20 10 662 1
12 25 18 662 0
12 25 12 662 0
12 25 3 662 0
12 35 26 662 0
12 30 13 667 1
12 20 9 667 0
12 45 26 669 2
12 30 15 669 0
12 20 7 671 1
12 25 10 672 2
12 40 15 672 0
12 30 21 672 0
12 20 16 672 0
12 40 20 676 1
12 35 16 676 0
12 30 16 678 2
12 40 12 678 0
12 35 25 678 0
12 40 17 678 0
12 20 7 678 0
12 35 21 678 0
12 40 28 684 3
12 40 22 685 1
12 45 21 686 3
12 20 14 686 0
12 25 12 686 0
12 20 11 689 2
10.5 45 30 690 2
12 20 7 691 1
12 25 17 691 0
12 45 21 693 1
12 45 10 694 2
12 30 19 695 1
12 30 16 696 1
12 40 22 696 0
12 20 20 698 1
