12 35 13 2299 1
12 25 21 2299 0
12 25 12 2299 0
12 20 8 2302 1
12 30 18 2302 0
12 55 25 2304 1
12 20 7 2305 1
12 30 11 2305 0
12 35 17 2305 0
12 30 8 2305 0
12 25 11 2305 0
12 25 11 2305 0
12 20 16 2305 0
12 40 18 2312 1
12 35 17 2313 1
12 30 9 2313 0
12 20 17 2313 0
12 25 9 2313 0
12 20 7 2313 0
12 25 25 2318 2
12 45 15 2319 1
12 20 8 2319 0
12 30 8 2319 0
12 20 7 2319 0
12 30 21 2319 0
12 25 14 2319 0
12 25 18 2325 3
12 30 18 2325 0
12 50 22 2325 0
12 25 17 2328 3
12 30 17 2329 1
12 45 18 2329 0
12 40 27 2331 2
12 35 15 2331 0
12 30 9 2331 0
12 25 8 2331 0
12 50 21 2331 0
12 20 4 2331 0
12 20 9 2331 0
12 25 8 2331 0
12 30 22 2331 0
12 20 19 2340 2
12 45 21 2341 2
12 30 9 2342 1
12 30 24 2342 0
12 30 17 2344 1
12 35 30 2344 0
12 25 10 2344 0
12 40 14 2344 0
12 45 28 2344 0
12 20 13 2349 1
12 50 7 2349 0
12 20 6 2349 0
12 35 12 2349 0
12 30 16 2353 1
12 30 11 2353 0
12 20 11 2355 1
12 25 11 2355 0
12 20 8 2357 1
12 20 11 2358 1
12 30 13 2359 1
12 20 8 2359 0
12 20 11 2359 0
12 20 21 2359 0
12 20 7 2363 1
12 20 5 2363 0
12 35 12 2365 1
12 20 7 2366 1
12 20 7 2367 2
12 40 22 2367 0
12 30 16 2367 0
12 40 19 2370 1
12 35 17 2371 1
12 40 22 2372 1
12 35 15 2372 0
12 35 28 2372 0
2 25 27 2372 0
12 20 13 2376 1
12 25 16 2376 0
12 25 10 2378 1
12 25 14 2378 0
12 50 23 2380 1
12 35 21 2380 0
12 40 21 2382 1
12 25 21 2382 0
12 45 16 2384 1
12 35 17 2384 0
12 25 18 2384 0
12 30 16 2384 0
12 45 30 2388 1
12 20 11 2389 1
12 35 14 2389 0
2 25 32 2389 0
12 25 13 2389 0
12 20 13 2393 1
12 35 11 2393 0
12 25 21 2395 1
12 50 25 2396 1
12 35 9 2396 0
12 25 13 2396 0
