12 50 25 2098 0
12 35 7 2098 0
12 25 10 2098 0
12 45 28 2102 2
12 20 8 2102 0
12 55 28 2104 2
12 20 5 2104 0
12 55 26 2106 2
12 20 7 2106 0
12 45 21 2106 0
12 25 9 2109 2
12 40 19 2110 1
2 35 38 2111 1
12 20 15 2112 2
12 35 22 2112 0
12 25 14 2112 0
12 25 13 2115 1
12 25 16 2116 1
12 35 13 2116 0
12 25 12 2116 0
12 25 5 2116 0
12 40 29 2116 0
12 25 7 2116 0
12 25 10 2116 0
12 20 13 2123 2
12 30 8 2123 0
12 30 6 2123 0
12 20 19 2123 0
12 20 6 2123 0
12 50 36 2128 2
12 25 10 2128 0
12 30 12 2130 1
12 35 7 2130 0
12 25 8 2130 0
12 35 9 2133 1
12 35 19 2134 1
12 40 22 2134 0
12 20 9 2134 0
12 35 17 2134 0
12 30 10 2134 0
12 30 16 2134 0
12 25 13 2134 0
12 30 9 2141 1
12 30 13 2141 0
12 35 21 2143 1
12 25 13 2143 0
12 20 17 2145 1
12 25 10 2145 0
12 50 17 2145 0
12 35 21 2145 0
12 20 11 2149 1
12 25 12 2150 1
12 25 7 2150 0
12 25 14 2152 1
12 25 13 2153 1
12 30 9 2153 0
12 30 12 2153 0
12 20 7 2153 0
12 20 10 2157 1
2 20 39 2158 2
12 20 10 2159 1
12 30 9 2160 1
12 40 7 2160 0
12 20 8 2160 0
12 30 12 2160 0
12 35 8 2160 0
12 50 28 2165 3
12 35 12 2165 0
12 25 8 2165 0
12 25 11 2168 1
12 35 17 2169 1
12 60 22 2169 0
12 20 4 2169 0
12 45 17 2169 0
12 30 9 2169 0
12 25 13 2174 2
12 35 21 2174 0
12 35 17 2174 0
12 20 6 2177 1
12 30 16 2178 2
12 30 10 2178 0
12 35 17 2180 1
12 30 12 2181 1
12 25 12 2181 0
12 25 7 2181 0
12 30 14 2184 1
12 25 12 2184 0
12 30 9 2184 0
12 25 10 2184 0
12 20 12 2184 0
12 35 25 2189 2
12 25 10 2189 0
12 20 6 2189 0
12 35 17 2192 2
12 25 10 2192 0
12 20 5 2192 0
12 30 13 2192 0
12 20 16 2196 1
12 20 10 2196 0
12 25 10 2196 0
