12 25 8 1296 0
12 25 11 1296 0
12 50 21 1296 0
12 25 10 1296 0
12 25 9 1296 0
12 25 16 1296 0
12 20 13 1305 1
12 25 21 1306 2
12 25 9 1306 0
12 25 18 1306 0
12 35 15 1306 0
12 20 11 1306 0
12 30 13 1306 0
12 30 9 1312 2
12 20 6 1312 0
12 30 16 1312 0
2 45 52 1315 2
12 25 14 1315 0
12 20 7 1315 0
12 25 6 1315 0
12 20 5 1319 1
12 25 8 1319 0
12 25 10 1319 0
12 20 13 1319 0
12 55 38 1323 1
12 20 8 1323 0
12 20 13 1323 0
12 35 15 1326 1
12 20 6 1326 0
12 20 4 1326 0
12 25 9 1326 0
12 25 17 1330 2
12 20 7 1330 0
12 40 17 1330 0
12 40 11 1330 0
12 40 22 1334 2
12 55 13 1335 1
12 25 6 1336 1
12 45 26 1337 4
12 20 6 1337 0
12 55 33 1339 3
12 35 10 1339 0
12 25 13 1341 1
12 20 17 1342 2
12 30 13 1342 0
12 30 11 1342 0
12 30 9 1342 0
12 20 7 1342 0
12 30 13 1342 0
12 25 7 1348 1
12 25 11 1348 0
12 20 7 1348 0
12 30 18 1351 2
12 30 12 1351 0
12 25 17 1351 0
12 35 14 1354 1
12 20 4 1354 0
12 30 9 1354 0
12 35 16 1357 1
12 25 16 1357 0
12 20 7 1357 0
12 40 8 1357 0
12 20 8 1357 0
12 35 9 1357 0
12 50 17 1357 0
2 30 36 1357 0
12 20 10 1365 2
12 40 33 1366 1
12 25 10 1366 0
12 35 14 1366 0
12 30 6 1366 0
12 45 17 1370 2
12 40 22 1371 1
12 40 21 1372 1
12 40 16 1372 0
12 30 15 1374 2
12 20 4 1374 0
12 30 4 1374 0
12 40 26 1377 1
12 25 5 1377 0
12 45 14 1379 2
12 30 30 1379 0
12 20 12 1381 1
12 45 17 1381 0
12 20 6 1381 0
12 20 10 1381 0
12 30 2 1381 0
12 20 6 1381 0
12 25 14 1387 1
12 45 21 1387 0
12 20 10 1387 0
12 35 22 1390 2
12 45 11 1391 1
12 25 13 1392 2
12 35 26 1392 0
12 30 10 1394 1
12 25 22 1394 0
12 20 7 1394 0
12 20 12 1394 0
12 30 17 1398 2
