12 35 27 399 1
12 55 5 399 0
12 60 15 401 1
12 30 10 401 0
12 30 19 403 1
12 35 9 403 0
12 25 10 403 0
12 25 21 403 0
12 20 4 403 0
12 30 4 403 0
12 35 28 409 1
10.5 35 9 409 0
12 35 23 409 0
12 50 22 412 2
2 35 46 413 3
12 30 10 413 0
12 25 15 413 0
12 40 20 413 0
12 35 21 413 0
12 30 12 418 1
12 20 4 418 0
12 20 7 420 1
12 55 18 420 0
12 20 12 420 0
12 40 32 423 2
12 20 21 424 1
12 25 13 424 0
12 35 16 426 1
12 20 7 426 0
12 35 17 428 1
12 20 8 428 0
12 20 5 428 0
12 20 16 431 3
12 25 11 431 0
12 25 12 431 0
12 30 17 431 0
12 30 8 431 0
12 35 31 436 1
12 20 10 436 0
2 25 47 438 1
12 25 9 438 0
12 25 10 438 0
12 20 8 438 0
12 30 10 442 1
12 25 5 442 0
12 25 9 442 0
12 20 6 442 0
12 40 19 446 1
12 45 13 446 0
12 40 23 448 2
12 30 16 448 0
12 35 18 448 0
12 25 14 451 1
12 30 11 451 0
12 20 7 451 0
12 30 14 454 1
12 30 21 455 1
12 25 11 455 0
12 30 13 455 0
12 35 14 455 0
12 35 16 455 0
12 45 14 455 0
2 35 42 461 2
12 35 24 462 1
12 35 20 463 1
2 25 62 464 3
12 35 21 465 2
12 25 9 465 0
12 25 12 465 0
12 50 13 465 0
12 30 26 469 1
10.5 40 2 469 0
2 25 29 469 0
12 30 11 469 0
12 20 13 469 0
12 35 18 469 0
2 30 46 475 2
12 20 4 475 0
12 50 25 477 1
12 25 5 477 0
12 40 19 477 0
12 35 19 480 1
12 40 13 480 0
2 25 29 482 3
12 35 12 482 0
12 30 17 484 3
12 20 9 484 0
12 40 22 486 1
12 30 8 486 0
12 25 6 488 1
12 20 17 488 0
12 30 11 488 0
12 40 14 491 1
12 25 23 492 4
12 25 21 493 3
12 20 10 494 1
12 20 6 494 0
12 20 4 494 0
12 25 7 497 1
12 20 8 498 1
