12 20 13 798 0
12 35 21 798 0
12 55 7 798 0
12 40 4 798 0
12 20 11 798 0
12 40 20 798 0
12 50 25 805 1
12 25 5 805 0
2 20 46 805 0
12 30 17 808 1
2 35 72 809 4
12 35 5 810 2
12 30 26 811 1
12 25 21 812 1
12 35 24 812 0
12 40 32 814 3
12 40 37 815 8
12 20 11 816 1
12 40 26 817 2
12 25 11 817 0
12 20 13 817 0
12 25 23 820 2
2 25 79 821 5
2 30 111 822 12
2 30 43 823 4
12 35 15 823 0
2 35 88 825 2
12 25 22 826 1
2 25 41 827 2
12 45 39 828 2
2 25 75 829 3
2 30 91 830 16
2 20 31 831 3
12 25 8 831 0
12 50 22 831 0
12 35 28 834 1
12 30 26 835 1
2 50 81 836 6
12 25 9 836 0
12 25 13 836 0
2 35 64 839 4
12 25 9 840 1
12 20 14 841 1
12 40 33 842 2
12 20 11 843 4
10.5 60 23 844 6
12 20 16 845 4
2 35 72 846 3
2 25 48 846 0
12 25 5 846 0
12 40 40 849 2
12 40 18 850 2
2 35 118 851 8
2 35 88 852 2
12 30 17 852 0
2 20 41 852 0
2 25 45 855 1
12 25 26 856 3
12 25 16 856 0
12 50 28 858 1
12 20 16 858 0
2 25 27 860 4
2 20 48 861 2
12 25 19 861 0
12 45 15 863 1
12 40 23 864 1
2 20 339 865 13
12 20 8 866 1
2 25 56 867 2
12 50 10 867 0
12 35 28 869 6
2 20 48 869 0
12 35 27 869 0
2 25 41 872 3
2 30 65 873 3
12 35 9 873 0
2 45 61 875 2
2 20 24 876 2
12 30 19 876 0
2 25 27 878 1
2 25 48 879 4
2 20 48 880 4
12 20 18 880 0
12 20 8 880 0
12 20 8 880 0
10.5 20 16 880 0
12 30 15 880 0
2 45 153 886 16
12 25 17 887 2
12 20 14 887 0
12 35 25 889 1
2 25 33 889 0
2 25 45 891 5
12 20 13 892 4
12 35 14 892 0
2 20 40 892 0
2 20 62 895 3
2 35 53 896 1
2 20 27 897 2
2 35 133 898 5
