12 35 17 3193 0
12 25 9 3193 0
12 25 14 3193 0
12 40 18 3202 1
12 20 10 3202 0
12 25 25 3202 0
12 35 23 3202 0
12 20 7 3206 1
12 20 10 3207 1
12 20 12 3207 0
12 20 6 3207 0
12 20 13 3207 0
12 20 8 3207 0
12 30 16 3207 0
12 25 13 3213 4
12 30 13 3214 1
12 25 26 3215 1
2 20 23 3215 0
12 20 10 3215 0
12 20 10 3215 0
12 30 13 3219 1
12 20 10 3219 0
12 20 4 3219 0
12 25 7 3219 0
12 40 13 3219 0
12 20 16 3224 1
12 35 23 3224 0
12 45 20 3226 1
12 45 9 3227 1
12 60 20 3228 1
12 35 13 3229 1
12 25 13 3229 0
2 40 66 3231 1
12 20 10 3231 0
12 25 9 3231 0
12 25 13 3231 0
12 20 13 3231 0
12 20 12 3231 0
12 25 9 3231 0
12 35 16 3231 0
12 25 14 3231 0
12 45 31 3231 0
12 35 15 3231 0
12 35 12 3242 2
12 25 11 3242 0
12 40 26 3244 2
12 20 7 3244 0
12 25 18 3246 2
12 25 9 3246 0
12 20 8 3248 1
12 25 14 3248 0
12 30 11 3248 0
12 30 15 3248 0
12 20 14 3248 0
12 25 13 3253 1
10.5 35 6 3253 0
12 50 22 3255 1
12 40 9 3255 0
12 25 8 3255 0
12 20 16 3258 1
12 25 13 3259 1
12 20 11 3260 1
12 45 21 3260 0
12 20 4 3260 0
12 25 11 3263 1
12 35 25 3263 0
12 20 10 3263 0
12 25 13 3263 0
12 25 12 3263 0
12 30 21 3263 0
12 20 7 3263 0
12 20 10 3263 0
12 40 26 3263 0
12 30 15 3272 2
12 25 12 3272 0
12 20 11 3272 0
12 25 10 3275 1
12 30 2 3275 0
12 25 12 3277 1
12 25 19 3277 0
12 25 17 3279 1
12 20 4 3279 0
12 25 8 3281 1
12 20 6 3281 0
12 40 13 3281 0
12 25 6 3281 0
12 35 17 3285 1
12 35 28 3286 3
12 20 9 3286 0
12 35 18 3288 1
12 50 17 3288 0
12 25 11 3288 0
12 35 21 3288 0
12 30 14 3288 0
12 25 11 3288 0
12 25 13 3288 0
12 20 9 3295 1
12 20 14 3295 0
12 40 4 3295 0
2 25 30 3298 2
