12 20 7 2498 0
12 45 15 2498 0
12 40 21 2501 2
12 25 13 2502 1
12 35 15 2502 0
12 25 10 2502 0
12 45 32 2505 1
12 25 15 2506 3
12 25 11 2506 0
12 35 19 2506 0
12 30 12 2506 0
12 20 10 2510 2
12 25 17 2510 0
12 25 8 2510 0
12 35 10 2510 0
12 20 7 2510 0
12 45 21 2515 1
12 30 9 2515 0
12 20 4 2515 0
12 35 10 2518 1
12 40 17 2518 0
12 25 12 2518 0
12 20 21 2521 1
12 30 8 2521 0
12 25 13 2521 0
12 30 13 2524 1
12 30 9 2524 0
12 55 32 2524 0
12 30 12 2527 1
12 25 9 2527 0
12 20 9 2527 0
12 25 10 2530 1
12 35 8 2530 0
12 20 8 2530 0
12 25 14 2533 2
12 20 7 2533 0
12 35 19 2535 1
12 60 26 2535 0
12 25 16 2535 0
12 25 19 2538 1
12 25 13 2538 0
12 25 11 2538 0
12 20 7 2538 0
12 25 25 2542 1
12 25 10 2542 0
12 25 24 2544 4
12 25 13 2544 0
12 25 12 2546 1
12 30 8 2547 1
12 40 21 2547 0
12 40 21 2549 1
12 35 17 2549 0
12 40 22 2549 0
12 20 7 2549 0
12 45 29 2553 3
12 35 31 2554 1
12 20 13 2554 0
12 20 6 2554 0
12 30 7 2554 0
12 35 22 2554 0
12 25 16 2559 1
12 30 12 2560 2
12 40 22 2560 0
12 35 21 2560 0
12 30 12 2560 0
12 25 9 2564 1
12 30 16 2564 0
12 20 13 2564 0
12 30 17 2564 0
12 20 13 2564 0
12 30 16 2564 0
12 50 13 2564 0
12 45 5 2564 0
12 20 10 2572 1
12 20 15 2573 2
12 40 15 2574 1
12 20 17 2574 0
12 30 16 2574 0
12 25 16 2574 0
12 30 18 2574 0
12 25 13 2574 0
12 40 19 2574 0
12 25 21 2581 1
12 45 19 2582 2
12 40 23 2582 0
12 30 16 2584 1
12 25 14 2585 1
12 20 10 2585 0
12 25 11 2585 0
12 25 8 2585 0
12 20 7 2585 0
12 40 21 2585 0
12 25 17 2585 0
12 25 5 2585 0
12 30 29 2593 2
12 30 19 2593 0
12 50 20 2593 0
12 25 13 2593 0
12 35 19 2593 0
12 20 10 2598 1
