None None 0 None 0
10.5 20 17 0 5
2 30 150 1 34
12 40 23 2 4
2 20 32 3 7
2 30 78 4 15
12 25 6 4 0
2 20 41 6 3
12 35 23 7 1
2 20 44 8 4
2 20 23 9 2
12 30 4 10 1
12 30 14 11 3
12 40 15 12 2
12 35 14 13 3
2 30 37 14 4
2 25 45 15 3
2 25 59 16 12
12 30 10 17 1
12 40 18 18 4
12 20 13 18 0
2 20 38 20 5
12 30 14 21 1
12 40 19 22 1
12 40 26 23 1
12 20 19 24 3
2 20 25 25 2
12 20 9 25 0
12 30 23 25 0
12 35 22 28 2
2 30 32 29 3
12 35 32 30 4
12 35 15 30 0
12 40 25 32 2
12 40 16 33 3
12 25 11 34 2
12 35 17 35 2
12 30 28 36 4
2 20 82 37 11
12 35 16 37 0
2 20 29 39 4
12 20 20 39 0
12 25 11 41 2
2 20 28 42 3
2 30 37 43 2
12 35 30 44 2
2 25 68 45 5
12 20 6 45 0
12 20 4 45 0
2 40 65 48 7
12 25 11 49 1
12 20 16 50 2
2 20 30 51 4
12 35 22 52 1
12 45 31 53 4
12 25 13 54 3
12 45 20 54 0
2 25 29 56 4
2 30 33 57 4
12 40 11 57 0
12 20 18 59 2
2 30 32 60 1
12 35 27 61 3
12 35 21 62 1
12 30 23 63 6
12 45 37 64 3
12 45 26 65 1
12 30 31 66 3
12 30 21 67 5
12 25 9 67 0
12 25 13 69 1
12 45 30 70 1
2 35 45 71 8
12 20 10 72 1
2 35 53 73 5
12 40 33 74 3
2 30 61 75 3
12 30 15 76 1
12 35 17 77 3
12 25 14 78 4
12 30 7 78 0
12 30 16 80 1
12 40 25 81 2
12 30 25 82 2
12 45 16 83 1
12 25 17 84 1
2 20 25 84 0
12 25 15 86 1
12 30 9 86 0
12 35 13 88 1
12 30 16 88 0
12 35 13 90 1
12 30 23 91 4
12 20 13 91 0
12 30 21 93 3
10.5 25 1 93 0
12 20 16 95 1
2 25 35 96 3
12 25 14 97 1
12 30 5 98 1
2 20 46 99 3
0.5 None 37 100 3
2 None 54 101 7
1 None 9 101 0
2 None 38 103 3
1 None 48 104 3
-1 None 77 105 8
0.5 None 9 105 0
2 None 54 107 10
-1 None 18 108 3
1 None 11 109 2
2 None 34 110 4
2 None 7 110 0
2 None 10 110 0
2 None 73 113 14
2 None 21 114 2
1 None 41 115 4
2 None 19 116 1
1 None 61 117 7
2 None 19 117 0
1 None 20 119 2
2 None 15 119 0
2 None 9 119 0
1 None 26 122 1
2 None 73 123 6
1 None 25 124 2
2 None 19 125 1
2 None 69 126 6
1 None 46 127 2
1 None 23 128 1
-1 None 14 129 1
2 None 22 130 1
1 None 10 130 0
1 None 13 130 0
1 None 18 133 3
1 None 13 134 1
1 None 7 134 0
2 None 7 134 0
2 None 34 137 5
2 None 11 137 0
1 None 9 137 0
1 None 14 140 2
1 None 36 141 2
1 None 8 142 1
2 None 29 143 1
1 None 21 144 3
1 None 24 145 3
2 None 18 146 2
2 None 11 147 3
0.5 None 20 147 0
1 None 26 149 1
2 None 8 149 0
0.5 None 8 149 0
1 None 9 152 1
1 None 28 152 0
1 None 4 152 0
0.5 None 56 155 1
2 None 8 155 0
0.5 None 11 155 0
1 None 23 158 3
1 None 21 159 1
1 None 11 159 0
2 None 16 161 1
1 None 15 162 2
1 None 29 163 1
2 None 14 164 2
2 None 19 165 1
2 None 9 165 0
1 None 9 165 0
1 None 8 168 1
2 None 34 169 2
0.5 None 22 170 1
1 None 38 171 1
1 None 31 172 1
1 None 81 173 3
2 None 29 174 1
0.5 None 7 174 0
1 None 13 174 0
1 None 36 177 4
1 None 83 177 0
0.5 None 22 179 1
1 None 26 179 0
2 None 16 179 0
-1 None 12 182 4
0.5 None 18 183 2
2 None 17 183 0
2 None 32 185 2
-1 None 25 186 1
1 None 8 186 0
2 None 27 188 2
2 None 25 188 0
2 None 9 188 0
2 None 13 191 1
0.5 None 46 192 5
2 None 11 193 2
1 None 28 194 2
2 None 11 195 2
2 None 13 196 2
2 None 30 197 2
1 None 15 198 2
2 None 22 199 1
1 None 67 200 6
-1 None 68 201 4
2 None 117 202 5
1 None 52 203 4
2 None 35 204 1
2 None 28 204 0
1 None 19 204 0
2 None 13 204 0
1 None 47 208 4
1 None 45 209 1
2 None 21 210 1
1 None 47 211 2
1 None 50 212 2
2 None 29 213 2
2 None 9 213 0
1 None 39 215 1
2 None 29 215 0
2 None 23 215 0
1 None 19 218 5
1 None 18 219 2
2 None 14 219 0
1 None 24 221 1
1 None 18 221 0
2 None 11 223 2
0.5 None 12 223 0
1 None 23 225 3
2 None 32 226 5
1 None 36 227 5
2 None 13 228 2
0.5 None 38 229 1
1 None 17 229 0
1 None 23 231 1
2 None 10 232 1
1 None 1 232 0
2 None 16 232 0
1 None 28 235 1
0.5 None 89 236 2
0.5 None 27 237 2
2 None 12 237 0
1 None 19 237 0
2 None 17 240 4
2 None 34 241 2
1 None 44 242 2
1 None 11 242 0
2 None 37 244 7
1 None 35 244 0
1 None 29 246 2
2 None 15 247 1
-1 None 21 248 2
1 None 32 249 2
0.5 None 16 250 4
1 None 6 250 0
1 None 27 252 2
2 None 5 252 0
1 None 10 252 0
0.5 None 21 255 1
2 None 31 256 1
2 None 64 257 5
1 None 11 258 2
0.5 None 11 258 0
1 None 10 260 1
0.5 None 25 261 3
1 None 18 261 0
1 None 36 263 4
1 None 34 263 0
0.5 None 2 263 0
2 None 8 263 0
1 None 46 267 5
0.5 None 8 268 1
1 None 21 269 1
2 None 18 269 0
2 None 17 271 1
2 None 26 271 0
2 None 17 273 1
1 None 26 273 0
0.5 None 37 273 0
1 None 19 276 2
1 None 14 277 1
1 None 7 278 2
1 None 14 278 0
1 None 9 278 0
1 None 13 278 0
0.5 None 25 282 2
0.5 None 15 282 0
2 None 7 284 1
2 None 21 284 0
2 None 53 284 0
1 None 31 287 3
1 None 23 288 1
1 None 17 288 0
1 None 8 288 0
1 None 13 288 0
2 None 16 292 2
1 None 18 293 1
1 None 12 294 1
1 None 18 295 1
-1 None 26 296 3
1 None 4 296 0
2 None 16 296 0
2 None 31 299 3
1 None 35 300 3
1 None 33 300 0
1 None 83 302 8
0.5 None 23 303 2
1 None 86 304 4
2 None 41 305 2
2 None 46 305 0
2 None 11 307 1
2 None 53 308 3
1 None 14 309 1
1 None 26 310 2
2 None 11 311 1
1 None 18 311 0
-1 None 13 313 2
2 None 22 314 1
1 None 41 315 1
2 None 38 316 2
1 None 31 317 1
2 None 28 318 5
2 None 22 319 1
1 None 21 319 0
0.5 None 16 319 0
1 None 127 322 11
1 None 23 323 1
2 None 13 324 1
1 None 33 325 1
1 None 14 325 0
1 None 53 327 4
1 None 15 328 1
1 None 4 328 0
2 None 51 330 4
1 None 19 330 0
1 None 25 332 2
1 None 28 333 2
1 None 21 334 1
2 None 22 335 1
2 None 19 336 1
1 None 25 336 0
2 None 14 336 0
1 None 17 339 1
1 None 17 340 1
1 None 22 341 4
0.5 None 19 342 2
2 None 17 342 0
0.5 None 18 342 0
-1 None 26 345 2
1 None 21 346 2
1 None 21 347 1
1 None 9 348 1
1 None 25 349 1
2 None 13 349 0
1 None 22 351 1
1 None 12 352 1
1 None 15 353 1
1 None 19 353 0
1 None 21 355 1
1 None 24 356 1
1 None 21 357 2
1 None 22 357 0
1 None 10 357 0
1 None 16 360 1
1 None 22 360 0
1 None 25 362 2
1 None 14 362 0
1 None 14 362 0
2 None 7 365 1
1 None 10 365 0
0.5 None 29 367 1
2 None 42 368 2
2 None 23 368 0
1 None 19 368 0
1 None 15 368 0
-1 None 18 372 4
2 None 44 373 2
2 None 12 374 1
1 None 6 374 0
1 None 13 376 2
1 None 34 377 2
1 None 23 378 1
1 None 21 378 0
0.5 None 12 380 1
2 None 14 381 2
0.5 None 24 381 0
1 None 36 383 1
1 None 13 384 1
1 None 6 384 0
0.5 None 54 386 4
2 None 10 386 0
1 None 54 388 5
0.5 None 25 389 1
1 None 33 389 0
2 None 4 389 0
1 None 32 392 3
1 None 27 393 3
1 None 8 394 1
0.5 None 17 394 0
2 None 8 394 0
0.5 None 29 394 0
1 None 9 394 0
