2 None 25 2278 1
1 None 27 2278 0
2 None 26 2280 2
2 None 13 2280 0
2 None 31 2280 0
1 None 31 2283 1
2 None 31 2283 0
1 None 12 2283 0
1 None 7 2283 0
1 None 32 2287 2
1 None 12 2287 0
2 None 26 2289 1
1 None 14 2289 0
0.5 None 33 2291 2
1 None 14 2292 1
2 None 13 2292 0
2 None 29 2294 1
0.5 None 32 2294 0
0.5 None 35 2296 1
1 None 25 2297 2
2 None 16 2298 1
2 None 30 2299 1
2 None 18 2300 1
2 None 79 2301 4
2 None 20 2301 0
1 None 105 2303 3
2 None 64 2304 2
1 None 16 2305 1
1 None 37 2305 0
2 None 34 2307 1
-1 None 27 2308 1
1 None 17 2309 1
1 None 40 2310 4
2 None 22 2311 3
1 None 10 2312 1
1 None 29 2313 1
1 None 21 2313 0
1 None 21 2315 1
0.5 None 37 2316 2
1 None 56 2317 1
2 None 2 2317 0
2 None 14 2319 1
-1 None 36 2320 5
2 None 23 2320 0
2 None 45 2320 0
2 None 25 2320 0
2 None 7 2320 0
2 None 11 2320 0
1 None 7 2320 0
0.5 None 13 2320 0
-1 None 19 2328 3
2 None 25 2329 2
1 None 29 2330 1
1 None 26 2330 0
-1 None 38 2332 2
2 None 8 2332 0
2 None 22 2332 0
1 None 33 2335 3
1 None 18 2336 1
2 None 18 2337 1
2 None 36 2338 1
0.5 None 34 2339 3
2 None 54 2340 3
2 None 12 2340 0
2 None 33 2340 0
0.5 None 56 2343 1
1 None 8 2344 1
2 None 7 2345 1
0.5 None 10 2345 0
2 None 19 2347 1
1 None 32 2347 0
2 None 48 2349 2
0.5 None 19 2350 1
0.5 None 14 2351 1
0.5 None 24 2351 0
2 None 11 2353 1
1 None 28 2353 0
1 None 34 2355 3
2 None 17 2356 1
2 None 38 2356 0
2 None 6 2356 0
2 None 14 2356 0
-1 None 30 2360 1
0.5 None 26 2360 0
0.5 None 31 2362 1
1 None 17 2363 1
2 None 14 2363 0
0.5 None 12 2365 2
1 None 29 2366 2
0.5 None 58 2367 1
2 None 18 2368 1
1 None 12 2368 0
1 None 13 2368 0
2 None 18 2371 1
2 None 19 2371 0
2 None 13 2371 0
2 None 9 2371 0
2 None 86 2375 2
1 None 14 2376 2
0.5 None 8 2376 0
1 None 7 2376 0
1 None 15 2379 1
1 None 14 2380 1
0.5 None 6 2380 0
2 None 14 2380 0
1 None 31 2380 0
0.5 None 11 2380 0
2 None 17 2385 1
2 None 17 2385 0
1 None 10 2385 0
2 None 11 2385 0
2 None 27 2389 2
1 None 10 2390 3
2 None 16 2391 1
1 None 23 2392 1
2 None 51 2393 2
2 None 11 2393 0
2 None 34 2395 1
1 None 16 2395 0
2 None 8 2395 0
0.5 None 37 2398 1
1 None 7 2398 0
2 None 34 2400 1
1 None 13 2400 0
-1 None 53 2402 3
1 None 30 2403 1
0.5 None 21 2404 1
2 None 74 2405 2
2 None 12 2406 1
2 None 29 2406 0
2 None 33 2408 2
2 None 25 2408 0
2 None 19 2410 1
0.5 None 6 2411 1
0.5 None 28 2411 0
2 None 25 2411 0
1 None 4 2411 0
1 None 13 2411 0
1 None 37 2411 0
1 None 18 2417 1
2 None 31 2418 2
1 None 13 2418 0
0.5 None 9 2420 1
2 None 45 2421 2
1 None 79 2422 6
0.5 None 16 2423 1
0.5 None 57 2424 1
2 None 13 2424 0
2 None 18 2426 1
0.5 None 53 2427 2
1 None 6 2427 0
1 None 15 2429 1
1 None 44 2430 1
1 None 16 2430 0
0.5 None 12 2430 0
1 None 42 2433 4
1 None 5 2433 0
2 None 12 2435 1
0.5 None 10 2435 0
2 None 34 2435 0
2 None 9 2435 0
0.5 None 39 2439 2
2 None 28 2439 0
2 None 16 2441 3
0.5 None 31 2441 0
2 None 22 2441 0
2 None 10 2441 0
2 None 39 2441 0
1 None 15 2441 0
0.5 None 14 2441 0
2 None 30 2441 0
2 None 19 2441 0
2 None 26 2450 1
2 None 32 2451 1
0.5 None 55 2452 1
2 None 23 2453 2
1 None 10 2454 1
2 None 8 2455 1
1 None 34 2455 0
2 None 7 2455 0
2 None 7 2455 0
2 None 22 2459 2
0.5 None 8 2459 0
2 None 18 2461 1
1 None 23 2462 1
2 None 29 2463 2
-1 None 20 2464 2
1 None 25 2464 0
0.5 None 14 2466 1
2 None 90 2467 3
1 None 32 2467 0
0.5 None 16 2469 1
0.5 None 10 2470 2
1 None 13 2470 0
2 None 19 2472 2
0.5 None 8 2473 1
0.5 None 59 2474 2
1 None 22 2474 0
1 None 17 2474 0
1 None 14 2477 1
2 None 70 2478 3
1 None 16 2479 1
0.5 None 13 2479 0
2 None 11 2479 0
1 None 5 2479 0
2 None 5 2479 0
2 None 18 2479 0
2 None 8 2485 1
1 None 6 2486 1
2 None 9 2486 0
1 None 9 2488 2
1 None 16 2489 2
2 None 16 2489 0
2 None 11 2489 0
2 None 9 2489 0
2 None 43 2489 0
1 None 52 2494 2
1 None 13 2494 0
2 None 26 2496 1
1 None 21 2496 0
2 None 27 2498 1
1 None 17 2499 1
2 None 179 2500 10
2 None 101 2501 3
1 None 53 2502 1
1 None 42 2503 2
2 None 46 2504 1
2 None 14 2504 0
2 None 61 2506 3
2 None 26 2507 1
2 None 23 2507 0
2 None 19 2507 0
2 None 14 2510 1
2 None 49 2510 0
2 None 18 2510 0
1 None 8 2513 2
0.5 None 13 2513 0
2 None 16 2513 0
2 None 44 2516 1
1 None 5 2516 0
1 None 34 2518 1
2 None 31 2519 2
0.5 None 12 2519 0
-1 None 17 2521 3
1 None 14 2521 0
2 None 4 2523 2
2 None 34 2524 1
2 None 49 2525 2
2 None 6 2525 0
0.5 None 29 2527 1
1 None 9 2527 0
1 None 8 2527 0
1 None 56 2530 6
1 None 3 2530 0
-1 None 9 2532 1
2 None 10 2532 0
2 None 12 2534 1
1 None 35 2535 3
2 None 7 2535 0
1 None 30 2537 2
2 None 21 2538 1
2 None 14 2538 0
2 None 15 2538 0
2 None 20 2541 2
2 None 9 2541 0
2 None 22 2543 1
2 None 11 2543 0
2 None 43 2545 1
1 None 9 2546 2
1 None 48 2547 2
0.5 None 17 2547 0
1 None 13 2547 0
2 None 3 2547 0
1 None 2 2547 0
2 None 39 2552 2
1 None 18 2553 2
0.5 None 5 2553 0
2 None 12 2555 1
1 None 46 2556 2
1 None 31 2557 3
2 None 26 2558 1
0.5 None 13 2559 1
1 None 11 2559 0
2 None 38 2561 1
2 None 25 2562 1
1 None 10 2563 1
1 None 27 2563 0
1 None 4 2563 0
1 None 33 2566 2
1 None 7 2566 0
1 None 11 2566 0
2 None 9 2569 1
2 None 4 2570 1
0.5 None 51 2571 1
0.5 None 51 2572 3
2 None 37 2573 4
2 None 38 2573 0
2 None 28 2575 1
1 None 16 2576 1
0.5 None 40 2577 1
1 None 15 2578 1
2 None 6 2578 0
0.5 None 29 2578 0
2 None 19 2578 0
2 None 12 2578 0
1 None 25 2578 0
0.5 None 21 2584 1
2 None 13 2584 0
1 None 15 2586 1
2 None 18 2587 1
0.5 None 20 2587 0
2 None 14 2589 4
-1 None 50 2590 2
0.5 None 17 2590 0
2 None 21 2592 1
2 None 13 2593 1
2 None 22 2594 1
0.5 None 20 2595 2
1 None 16 2596 1
2 None 17 2597 2
1 None 9 2597 0
2 None 17 2599 2
2 None 184 2600 4
2 None 89 2601 4
2 None 31 2601 0
2 None 34 2603 2
2 None 20 2603 0
2 None 7 2603 0
1 None 1 2603 0
2 None 22 2603 0
2 None 17 2603 0
1 None 15 2609 1
2 None 62 2610 5
2 None 26 2610 0
0.5 None 22 2610 0
1 None 10 2613 1
2 None 15 2613 0
2 None 11 2615 1
1 None 38 2616 2
2 None 2 2616 0
2 None 31 2618 1
0.5 None 10 2618 0
2 None 18 2618 0
2 None 53 2621 1
0.5 None 37 2622 3
2 None 27 2623 1
2 None 56 2624 1
0.5 None 21 2624 0
2 None 33 2624 0
0.5 None 17 2627 1
1 None 19 2627 0
2 None 61 2629 1
2 None 38 2629 0
1 None 26 2631 2
2 None 21 2632 1
2 None 7 2632 0
2 None 16 2632 0
2 None 38 2632 0
0.5 None 27 2636 1
1 None 27 2637 1
0.5 None 18 2638 1
2 None 5 2638 0
0.5 None 19 2640 2
2 None 16 2640 0
1 None 13 2640 0
1 None 13 2640 0
0.5 None 26 2644 1
2 None 1 2644 0
1 None 28 2646 1
2 None 39 2647 2
0.5 None 31 2647 0
1 None 5 2647 0
1 None 13 2650 1
1 None 18 2651 2
2 None 14 2652 1
1 None 7 2652 0
1 None 47 2654 3
2 None 28 2654 0
-1 None 12 2656 1
2 None 22 2657 1
2 None 26 2657 0
0.5 None 28 2659 3
0.5 None 37 2659 0
2 None 24 2661 1
0.5 None 17 2661 0
2 None 32 2663 2
2 None 21 2664 1
2 None 31 2665 1
2 None 3 2665 0
2 None 17 2667 1
2 None 29 2668 2
-1 None 8 2669 1
1 None 25 2669 0
1 None 24 2669 0
0.5 None 39 2672 2
1 None 55 2673 3
-1 None 11 2674 1
2 None 16 2675 2
2 None 21 2676 2
2 None 13 2677 1
2 None 33 2677 0
2 None 15 2679 1
2 None 14 2680 1
0.5 None 4 2680 0
2 None 23 2680 0
1 None 19 2683 1
1 None 13 2683 0
2 None 14 2685 1
0.5 None 41 2686 4
2 None 30 2687 2
2 None 17 2688 1
0.5 None 20 2689 1
2 None 18 2689 0
2 None 12 2689 0
2 None 27 2692 2
0.5 None 8 2693 1
-1 None 31 2694 2
1 None 23 2695 1
0.5 None 19 2695 0
1 None 22 2697 2
1 None 15 2698 1
0.5 None 30 2699 1
2 None 17 2699 0
-1 None 150 2701 5
0.5 None 23 2702 1
2 None 32 2703 2
0.5 None 78 2704 2
2 None 6 2704 0
1 None 41 2704 0
2 None 23 2704 0
1 None 44 2708 2
2 None 23 2709 1
2 None 4 2710 1
0.5 None 14 2710 0
0.5 None 15 2710 0
1 None 14 2710 0
2 None 37 2714 1
1 None 45 2715 3
2 None 59 2716 5
2 None 10 2716 0
2 None 18 2716 0
2 None 13 2716 0
2 None 38 2720 1
2 None 14 2720 0
2 None 19 2722 2
2 None 26 2723 1
1 None 19 2724 1
2 None 25 2725 2
0.5 None 9 2725 0
1 None 23 2727 1
0.5 None 22 2727 0
1 None 32 2729 1
2 None 32 2730 1
1 None 15 2731 1
-1 None 25 2732 1
2 None 16 2733 1
1 None 11 2734 1
-1 None 17 2735 3
2 None 28 2735 0
2 None 82 2737 7
1 None 16 2737 0
2 None 29 2737 0
0.5 None 20 2737 0
2 None 11 2737 0
2 None 28 2742 2
1 None 37 2743 3
0.5 None 30 2744 3
0.5 None 68 2745 1
-1 None 6 2746 1
1 None 4 2747 1
2 None 65 2747 0
0.5 None 11 2747 0
0.5 None 16 2750 1
2 None 30 2751 3
2 None 22 2751 0
0.5 None 31 2753 1
0.5 None 13 2753 0
1 None 20 2755 2
2 None 29 2756 2
2 None 33 2756 0
2 None 11 2756 0
0.5 None 18 2756 0
2 None 32 2760 1
2 None 27 2761 1
0.5 None 21 2761 0
2 None 23 2761 0
2 None 37 2761 0
2 None 26 2765 3
1 None 31 2766 1
2 None 21 2767 1
1 None 9 2767 0
2 None 13 2769 1
2 None 30 2770 1
2 None 45 2771 1
2 None 10 2772 1
2 None 53 2773 4
2 None 33 2773 0
1 None 61 2775 1
-1 None 15 2776 4
2 None 17 2776 0
2 None 14 2778 3
2 None 7 2778 0
2 None 16 2778 0
0.5 None 25 2781 3
1 None 25 2782 2
0.5 None 16 2783 1
2 None 17 2784 1
0.5 None 25 2785 1
1 None 15 2785 0
1 None 9 2785 0
2 None 13 2785 0
-1 None 16 2789 2
1 None 13 2789 0
2 None 23 2789 0
1 None 13 2789 0
2 None 21 2793 1
2 None 1 2793 0
1 None 16 2793 0
1 None 35 2796 2
0.5 None 14 2796 0
2 None 5 2796 0
1 None 46 2796 0
1 None 37 2796 0
2 None 54 2801 3
0.5 None 9 2801 0
-1 None 38 2803 2
1 None 48 2804 3
1 None 77 2805 3
0.5 None 9 2806 1
2 None 54 2807 2
0.5 None 18 2808 1
1 None 11 2808 0
2 None 34 2810 1
0.5 None 7 2810 0
2 None 10 2810 0
2 None 73 2810 0
2 None 21 2810 0
2 None 41 2815 1
-1 None 19 2816 2
1 None 61 2817 2
2 None 19 2817 0
1 None 20 2819 1
0.5 None 15 2819 0
1 None 9 2819 0
2 None 26 2822 2
2 None 73 2823 1
2 None 25 2823 0
1 None 19 2825 2
1 None 69 2825 0
2 None 46 2827 1
2 None 23 2827 0
1 None 14 2827 0
0.5 None 22 2827 0
0.5 None 10 2827 0
2 None 13 2827 0
1 None 18 2827 0
1 None 13 2827 0
-1 None 7 2835 1
1 None 7 2835 0
2 None 34 2837 2
2 None 11 2837 0
0.5 None 9 2837 0
2 None 14 2840 1
1 None 36 2841 4
1 None 8 2841 0
1 None 29 2843 3
0.5 None 21 2844 2
1 None 24 2845 1
0.5 None 18 2846 1
1 None 11 2846 0
2 None 20 2846 0
0.5 None 26 2849 2
0.5 None 8 2850 1
0.5 None 8 2850 0
2 None 9 2850 0
2 None 28 2853 2
2 None 4 2853 0
2 None 56 2855 3
2 None 8 2855 0
0.5 None 11 2857 1
1 None 23 2857 0
2 None 21 2859 1
2 None 11 2859 0
1 None 16 2861 1
1 None 15 2861 0
1 None 29 2861 0
2 None 14 2861 0
2 None 19 2861 0
2 None 9 2866 1
0.5 None 9 2867 1
1 None 8 2867 0
1 None 34 2869 1
1 None 22 2869 0
1 None 38 2871 3
2 None 31 2872 2
0.5 None 81 2873 5
2 None 29 2874 1
1 None 7 2874 0
1 None 13 2874 0
2 None 36 2877 2
-1 None 83 2878 5
2 None 22 2879 1
2 None 26 2880 4
2 None 16 2880 0
2 None 12 2880 0
2 None 18 2883 3
2 None 17 2883 0
0.5 None 32 2885 2
2 None 25 2885 0
2 None 8 2885 0
1 None 27 2888 2
0.5 None 25 2889 4
1 None 9 2889 0
2 None 13 2889 0
0.5 None 46 2892 1
2 None 11 2892 0
0.5 None 28 2894 5
0.5 None 11 2894 0
0.5 None 13 2894 0
-1 None 30 2897 2
1 None 15 2898 4
0.5 None 22 2898 0
1 None 67 2900 2
1 None 68 2901 5
1 None 117 2902 3
1 None 52 2903 2
0.5 None 35 2904 5
0.5 None 28 2905 1
1 None 19 2906 1
1 None 13 2907 2
2 None 47 2907 0
1 None 45 2909 2
2 None 21 2910 1
2 None 47 2911 1
2 None 50 2912 2
0.5 None 29 2912 0
2 None 9 2912 0
1 None 39 2915 1
-1 None 29 2916 3
2 None 23 2917 2
0.5 None 19 2917 0
2 None 18 2917 0
2 None 14 2917 0
2 None 24 2917 0
2 None 18 2917 0
1 None 11 2917 0
2 None 12 2917 0
2 None 23 2925 1
-1 None 32 2926 2
2 None 36 2927 2
0.5 None 13 2927 0
2 None 38 2929 1
0.5 None 17 2929 0
2 None 23 2931 3
2 None 10 2931 0
2 None 1 2931 0
2 None 16 2931 0
2 None 28 2935 1
0.5 None 89 2936 3
2 None 27 2937 4
2 None 12 2938 1
2 None 19 2939 1
1 None 17 2939 0
0.5 None 34 2939 0
0.5 None 44 2942 3
2 None 11 2942 0
1 None 37 2942 0
1 None 35 2942 0
1 None 29 2946 1
1 None 15 2946 0
1 None 21 2948 1
1 None 32 2948 0
1 None 16 2948 0
1 None 6 2948 0
1 None 27 2952 1
0.5 None 5 2952 0
1 None 10 2952 0
0.5 None 21 2955 1
1 None 31 2955 0
1 None 64 2957 5
1 None 11 2957 0
2 None 11 2957 0
-1 None 10 2960 1
0.5 None 25 2961 1
0.5 None 18 2961 0
1 None 36 2963 1
0.5 None 34 2963 0
2 None 2 2963 0
2 None 8 2963 0
1 None 46 2967 2
1 None 8 2967 0
-1 None 21 2969 1
0.5 None 18 2969 0
-1 None 17 2971 1
1 None 26 2972 1
1 None 17 2972 0
1 None 26 2974 2
2 None 37 2975 1
1 None 19 2976 1
1 None 14 2977 1
1 None 7 2977 0
1 None 14 2977 0
2 None 9 2980 1
0.5 None 13 2980 0
0.5 None 25 2980 0
1 None 15 2980 0
1 None 7 2980 0
0.5 None 21 2985 1
1 None 53 2986 2
0.5 None 31 2987 2
2 None 23 2987 0
0.5 None 17 2989 3
2 None 8 2990 1
2 None 13 2991 1
1 None 16 2992 2
1 None 18 2992 0
2 None 12 2992 0
1 None 18 2992 0
2 None 26 2996 1
1 None 4 2996 0
1 None 16 2998 1
2 None 31 2999 1
2 None 35 3000 2
0.5 None 33 3001 1
1 None 83 3002 4
-1 None 23 3003 1
2 None 86 3004 3
1 None 41 3005 2
2 None 46 3006 1
1 None 11 3006 0
2 None 53 3006 0
1 None 14 3009 2
1 None 26 3009 0
1 None 11 3011 1
1 None 18 3011 0
1 None 13 3011 0
2 None 22 3014 1
1 None 41 3015 2
1 None 38 3016 2
2 None 31 3016 0
1 None 28 3018 1
1 None 22 3018 0
2 None 21 3018 0
1 None 16 3018 0
0.5 None 127 3022 1
0.5 None 23 3023 1
2 None 13 3023 0
1 None 33 3025 4
2 None 14 3026 1
2 None 53 3027 1
-1 None 15 3028 2
1 None 4 3028 0
1 None 51 3030 5
1 None 19 3030 0
2 None 25 3032 2
1 None 28 3033 2
2 None 21 3034 2
2 None 22 3035 1
2 None 19 3036 1
0.5 None 25 3037 1
2 None 14 3038 1
1 None 17 3039 1
2 None 17 3040 3
2 None 22 3041 1
2 None 19 3042 1
1 None 17 3043 1
2 None 18 3044 1
1 None 26 3045 1
1 None 21 3045 0
2 None 21 3045 0
2 None 9 3048 2
0.5 None 25 3048 0
2 None 13 3048 0
1 None 22 3051 2
1 None 12 3051 0
1 None 15 3053 1
2 None 19 3054 2
-1 None 21 3055 3
1 None 24 3055 0
0.5 None 21 3057 1
1 None 22 3058 1
2 None 10 3058 0
0.5 None 16 3058 0
0.5 None 22 3061 1
2 None 25 3061 0
1 None 14 3061 0
0.5 None 14 3061 0
2 None 7 3061 0
0.5 None 10 3061 0
2 None 29 3067 2
0.5 None 42 3067 0
1 None 23 3067 0
1 None 19 3070 2
2 None 15 3070 0
1 None 18 3070 0
1 None 44 3073 1
1 None 12 3074 1
2 None 6 3075 1
2 None 13 3075 0
0.5 None 34 3077 4
0.5 None 23 3077 0
0.5 None 21 3077 0
-1 None 12 3080 1
-1 None 14 3081 1
0.5 None 24 3082 1
1 None 36 3082 0
2 None 13 3082 0
2 None 6 3082 0
2 None 54 3086 4
1 None 10 3086 0
1 None 54 3088 1
2 None 25 3089 1
2 None 33 3090 1
1 None 4 3090 0
2 None 32 3092 2
1 None 27 3092 0
0.5 None 8 3092 0
1 None 17 3095 2
2 None 8 3096 1
2 None 29 3097 1
2 None 9 3097 0
