None None 0 None 0
0.5 30 67 0 14
2 25 68 1 22
2 30 117 2 21
2 30 52 3 7
12 45 35 4 4
12 45 28 5 7
12 20 19 6 1
12 20 13 7 2
2 30 47 8 4
2 30 45 9 5
12 40 21 10 2
2 25 47 11 4
2 30 50 12 4
12 30 29 13 1
12 25 9 13 0
2 25 39 15 4
2 25 29 16 5
12 35 23 17 2
12 25 19 18 1
12 35 18 18 0
12 25 14 20 2
2 20 24 21 3
12 35 18 22 2
12 35 11 23 2
12 40 12 24 1
12 40 23 25 3
12 45 32 26 4
12 35 36 27 5
12 25 13 28 1
2 30 38 29 4
10.5 40 17 30 1
2 20 23 31 4
12 25 10 31 0
10.5 25 1 31 0
12 20 16 34 2
2 20 28 35 3
2 20 89 36 4
2 25 27 37 3
12 20 12 38 1
12 30 19 38 0
12 20 17 40 3
12 45 34 41 5
12 45 44 42 7
12 40 11 42 0
12 40 37 42 0
12 40 35 45 5
12 40 29 46 3
10.5 35 15 47 3
12 35 21 48 3
2 30 32 49 8
12 25 16 50 4
12 35 6 51 1
2 20 27 52 3
12 20 5 52 0
12 50 10 54 1
12 45 21 55 4
2 25 31 56 5
2 20 64 57 4
12 45 11 57 0
12 30 11 59 2
12 20 10 60 1
12 40 25 61 4
12 20 18 62 1
12 55 36 63 5
12 35 34 64 7
10.5 30 2 64 0
12 20 8 66 1
12 45 46 67 3
10.5 40 8 67 0
12 40 21 69 1
12 45 18 70 2
12 30 17 71 1
12 35 26 72 3
12 30 17 72 0
12 55 26 74 2
12 45 37 75 5
12 30 19 76 2
12 30 14 77 2
12 25 7 77 0
12 30 14 77 0
12 20 9 80 2
12 35 13 80 0
12 30 25 80 0
12 35 15 83 4
12 20 7 83 0
12 25 21 85 2
2 30 53 86 4
12 35 31 87 4
12 35 23 88 2
12 25 17 89 3
12 35 8 89 0
12 30 13 89 0
12 35 16 92 1
12 20 18 93 1
12 25 12 93 0
12 25 18 95 3
12 25 26 96 3
12 20 4 96 0
12 25 16 98 2
12 40 31 99 4
2 None 35 100 7
1 None 33 101 3
2 None 83 102 15
2 None 23 103 1
0.5 None 86 104 9
0.5 None 41 105 3
1 None 46 106 1
1 None 11 106 0
1 None 53 108 5
-1 None 14 109 5
2 None 26 110 3
2 None 11 110 0
1 None 18 112 3
1 None 13 113 2
1 None 22 113 0
2 None 41 115 2
1 None 38 116 3
1 None 31 117 1
1 None 28 117 0
1 None 22 119 2
2 None 21 120 1
0.5 None 16 120 0
2 None 127 122 9
1 None 23 123 2
2 None 13 124 3
2 None 33 125 4
0.5 None 14 126 1
1 None 53 127 5
1 None 15 127 0
2 None 4 129 2
-1 None 51 130 5
2 None 19 131 2
2 None 25 132 1
0.5 None 28 133 2
-1 None 21 134 3
0.5 None 22 135 2
2 None 19 136 1
0.5 None 25 137 1
1 None 14 138 4
-1 None 17 139 1
1 None 17 140 1
2 None 22 141 2
1 None 19 142 1
1 None 17 143 1
-1 None 18 144 4
1 None 26 145 2
1 None 21 146 4
2 None 21 147 1
2 None 9 147 0
1 None 25 149 1
2 None 13 149 0
1 None 22 151 1
0.5 None 12 152 1
2 None 15 153 2
1 None 19 153 0
1 None 21 155 2
-1 None 24 156 1
-1 None 21 157 1
1 None 22 158 1
2 None 10 159 1
0.5 None 16 160 3
1 None 22 161 1
2 None 25 162 1
-1 None 14 163 4
1 None 14 164 1
2 None 7 165 1
1 None 10 166 1
-1 None 29 167 3
2 None 42 168 3
1 None 23 169 2
0.5 None 19 169 0
1 None 15 171 1
1 None 18 172 3
2 None 44 173 2
2 None 12 174 2
2 None 6 174 0
1 None 13 174 0
2 None 34 177 3
-1 None 23 178 3
1 None 21 179 1
2 None 12 179 0
2 None 14 179 0
1 None 24 182 1
0.5 None 36 183 3
2 None 13 183 0
2 None 6 183 0
1 None 54 186 5
-1 None 10 187 2
1 None 54 188 3
1 None 25 189 4
1 None 33 190 2
2 None 4 190 0
1 None 32 192 4
1 None 27 193 1
1 None 8 193 0
1 None 17 195 2
1 None 8 196 2
1 None 29 197 3
2 None 9 197 0
