-1 None 25 2478 1
1 None 27 2478 0
1 None 26 2480 1
1 None 13 2481 1
0.5 None 31 2482 1
-1 None 31 2483 1
1 None 31 2483 0
1 None 12 2483 0
2 None 7 2483 0
1 None 32 2487 2
-1 None 12 2488 3
1 None 26 2489 2
1 None 14 2490 1
2 None 33 2490 0
2 None 14 2490 0
-1 None 13 2493 1
1 None 29 2494 2
2 None 32 2495 2
1 None 35 2496 5
1 None 25 2497 2
2 None 16 2498 1
1 None 30 2498 0
2 None 18 2500 2
-1 None 79 2501 3
-1 None 20 2502 1
2 None 105 2503 1
1 None 64 2504 1
1 None 16 2504 0
-1 None 37 2506 1
1 None 34 2507 1
1 None 27 2507 0
1 None 17 2509 1
2 None 40 2510 1
0.5 None 22 2511 2
0.5 None 10 2511 0
1 None 29 2511 0
0.5 None 21 2514 2
1 None 21 2515 1
1 None 37 2515 0
1 None 56 2517 2
2 None 2 2517 0
0.5 None 14 2517 0
1 None 36 2520 1
1 None 23 2520 0
2 None 45 2522 1
2 None 25 2523 2
2 None 7 2523 0
1 None 11 2525 2
1 None 7 2525 0
0.5 None 13 2527 2
1 None 19 2528 1
2 None 25 2528 0
1 None 29 2530 2
1 None 26 2531 2
1 None 38 2532 1
-1 None 8 2533 3
1 None 22 2533 0
2 None 33 2535 2
1 None 18 2535 0
0.5 None 18 2535 0
2 None 36 2535 0
1 None 34 2535 0
1 None 54 2540 1
1 None 12 2541 1
1 None 33 2542 2
2 None 56 2543 2
1 None 8 2543 0
2 None 7 2543 0
0.5 None 10 2546 4
1 None 19 2547 1
2 None 32 2548 1
1 None 48 2549 3
2 None 19 2549 0
2 None 14 2551 1
0.5 None 24 2551 0
1 None 11 2553 1
2 None 28 2553 0
1 None 34 2555 2
1 None 17 2555 0
1 None 38 2557 3
-1 None 6 2558 1
1 None 14 2559 1
2 None 30 2560 3
0.5 None 26 2561 1
2 None 31 2562 2
2 None 17 2562 0
2 None 14 2562 0
-1 None 12 2565 1
1 None 29 2566 3
2 None 58 2566 0
1 None 18 2568 1
-1 None 12 2569 1
0.5 None 13 2569 0
1 None 18 2571 1
1 None 19 2571 0
0.5 None 13 2571 0
2 None 9 2571 0
2 None 86 2575 3
2 None 14 2575 0
1 None 8 2575 0
0.5 None 7 2575 0
1 None 15 2575 0
1 None 14 2580 2
0.5 None 6 2580 0
0.5 None 14 2580 0
1 None 31 2583 1
2 None 11 2583 0
2 None 17 2583 0
2 None 17 2583 0
2 None 10 2583 0
2 None 11 2583 0
-1 None 27 2589 3
1 None 10 2589 0
1 None 16 2589 0
2 None 23 2592 1
1 None 51 2593 2
1 None 11 2593 0
1 None 34 2595 1
-1 None 16 2596 2
1 None 8 2596 0
0.5 None 37 2596 0
1 None 7 2599 1
1 None 34 2600 2
2 None 13 2601 1
1 None 53 2602 3
2 None 30 2603 1
0.5 None 21 2604 1
2 None 74 2605 3
2 None 12 2605 0
2 None 29 2607 3
1 None 33 2608 2
0.5 None 25 2609 2
1 None 19 2609 0
2 None 6 2609 0
2 None 28 2609 0
1 None 25 2613 1
2 None 4 2613 0
0.5 None 13 2615 1
1 None 37 2615 0
1 None 18 2615 0
2 None 31 2618 1
1 None 13 2618 0
0.5 None 9 2618 0
1 None 45 2621 1
1 None 79 2622 1
1 None 16 2622 0
2 None 57 2622 0
2 None 13 2622 0
-1 None 18 2626 3
-1 None 53 2627 2
2 None 6 2627 0
2 None 15 2627 0
1 None 44 2630 1
1 None 16 2631 1
1 None 12 2632 1
1 None 42 2633 3
1 None 5 2633 0
2 None 12 2633 0
-1 None 10 2636 1
1 None 34 2636 0
1 None 9 2638 1
0.5 None 39 2638 0
1 None 28 2638 0
1 None 16 2638 0
1 None 31 2642 2
1 None 22 2642 0
0.5 None 10 2642 0
1 None 39 2645 4
2 None 15 2645 0
1 None 14 2645 0
-1 None 30 2648 2
-1 None 19 2649 2
1 None 26 2649 0
1 None 32 2651 3
1 None 55 2652 1
2 None 23 2652 0
0.5 None 10 2654 1
1 None 8 2654 0
2 None 34 2654 0
1 None 7 2654 0
-1 None 7 2658 2
1 None 22 2659 3
1 None 8 2659 0
1 None 18 2659 0
1 None 23 2662 1
1 None 29 2663 2
1 None 20 2663 0
0.5 None 25 2663 0
2 None 14 2663 0
0.5 None 90 2667 3
1 None 32 2668 1
1 None 16 2668 0
2 None 10 2670 1
0.5 None 13 2670 0
1 None 19 2670 0
1 None 8 2670 0
1 None 59 2670 0
0.5 None 22 2675 1
1 None 17 2675 0
2 None 14 2677 1
2 None 70 2678 2
1 None 16 2679 1
1 None 13 2679 0
2 None 11 2679 0
2 None 5 2679 0
2 None 5 2683 1
1 None 18 2683 0
2 None 8 2683 0
2 None 6 2686 1
1 None 9 2686 0
2 None 9 2688 1
2 None 16 2688 0
2 None 16 2690 1
2 None 11 2690 0
0.5 None 9 2690 0
2 None 43 2693 2
1 None 52 2694 3
2 None 13 2695 2
2 None 26 2696 4
1 None 21 2697 1
2 None 27 2698 2
2 None 17 2699 1
1 None 179 2700 7
2 None 101 2701 2
2 None 53 2702 1
2 None 42 2702 0
2 None 46 2704 2
2 None 14 2705 2
1 None 61 2706 2
2 None 26 2706 0
1 None 23 2708 1
1 None 19 2708 0
0.5 None 14 2708 0
0.5 None 49 2708 0
2 None 18 2712 2
1 None 8 2712 0
2 None 13 2714 1
2 None 16 2714 0
2 None 44 2716 1
2 None 5 2716 0
2 None 34 2716 0
2 None 31 2719 1
0.5 None 12 2720 1
2 None 17 2720 0
2 None 14 2722 2
1 None 4 2722 0
2 None 34 2724 1
2 None 49 2725 2
-1 None 6 2726 1
2 None 29 2726 0
2 None 9 2726 0
2 None 8 2729 1
2 None 56 2730 2
1 None 3 2730 0
1 None 9 2732 1
1 None 10 2733 1
1 None 12 2733 0
-1 None 35 2735 1
1 None 7 2735 0
1 None 30 2737 1
1 None 21 2738 1
1 None 14 2738 0
1 None 15 2738 0
1 None 20 2741 1
2 None 9 2741 0
1 None 22 2741 0
0.5 None 11 2741 0
2 None 43 2745 2
1 None 9 2745 0
2 None 48 2745 0
1 None 17 2748 1
2 None 13 2748 0
1 None 3 2748 0
1 None 2 2748 0
1 None 39 2748 0
2 None 18 2748 0
2 None 5 2748 0
2 None 12 2748 0
0.5 None 46 2756 4
2 None 31 2757 1
2 None 26 2758 1
2 None 13 2758 0
2 None 11 2760 1
1 None 38 2760 0
0.5 None 25 2760 0
1 None 10 2760 0
0.5 None 27 2764 2
1 None 4 2764 0
1 None 33 2766 1
2 None 7 2767 1
1 None 11 2767 0
1 None 9 2769 1
1 None 4 2769 0
2 None 51 2769 0
1 None 51 2772 4
1 None 37 2772 0
2 None 38 2772 0
1 None 28 2775 3
2 None 16 2776 3
2 None 40 2776 0
2 None 15 2776 0
2 None 6 2776 0
1 None 29 2776 0
2 None 19 2781 2
1 None 12 2781 0
0.5 None 25 2783 2
1 None 21 2784 2
2 None 13 2784 0
1 None 15 2784 0
1 None 18 2784 0
1 None 20 2784 0
0.5 None 14 2784 0
1 None 50 2784 0
1 None 17 2791 1
1 None 21 2791 0
1 None 13 2791 0
1 None 22 2791 0
1 None 20 2791 0
1 None 16 2791 0
2 None 17 2791 0
2 None 9 2798 1
2 None 17 2798 0
2 None 184 2800 2
2 None 89 2801 3
1 None 31 2801 0
0.5 None 34 2803 1
2 None 20 2803 0
1 None 7 2803 0
2 None 1 2803 0
2 None 22 2803 0
-1 None 17 2808 1
2 None 15 2808 0
1 None 62 2810 1
1 None 26 2811 1
1 None 22 2812 2
1 None 10 2812 0
2 None 15 2814 1
0.5 None 11 2814 0
0.5 None 38 2816 2
1 None 2 2816 0
2 None 31 2818 1
2 None 10 2819 2
2 None 18 2820 1
1 None 53 2821 1
2 None 37 2822 1
2 None 27 2822 0
1 None 56 2824 2
2 None 21 2825 2
1 None 33 2825 0
1 None 17 2825 0
2 None 19 2828 1
0.5 None 61 2829 3
1 None 38 2830 1
1 None 26 2830 0
1 None 21 2830 0
2 None 7 2830 0
1 None 16 2830 0
2 None 38 2830 0
0.5 None 27 2830 0
2 None 27 2837 1
2 None 18 2838 2
2 None 5 2838 0
1 None 19 2840 2
1 None 16 2840 0
2 None 13 2840 0
2 None 13 2840 0
0.5 None 26 2844 3
2 None 1 2844 0
2 None 28 2844 0
1 None 39 2847 4
2 None 31 2848 1
1 None 5 2848 0
2 None 13 2848 0
2 None 18 2848 0
1 None 14 2848 0
2 None 7 2848 0
1 None 47 2854 2
1 None 28 2855 2
1 None 12 2855 0
1 None 22 2855 0
0.5 None 26 2855 0
2 None 28 2859 1
1 None 37 2860 2
1 None 24 2860 0
1 None 17 2862 1
2 None 32 2863 1
0.5 None 21 2863 0
1 None 31 2865 3
2 None 3 2865 0
1 None 17 2867 2
2 None 29 2867 0
2 None 8 2867 0
1 None 25 2867 0
1 None 24 2871 1
2 None 39 2872 3
1 None 55 2873 3
1 None 11 2873 0
2 None 16 2875 1
2 None 21 2876 2
2 None 13 2877 1
1 None 33 2878 2
-1 None 15 2879 2
2 None 14 2880 1
2 None 4 2880 0
0.5 None 23 2882 1
2 None 19 2882 0
2 None 13 2882 0
-1 None 14 2885 4
1 None 41 2886 2
1 None 30 2887 2
0.5 None 17 2888 3
2 None 20 2888 0
0.5 None 18 2888 0
1 None 12 2891 2
2 None 27 2892 2
1 None 8 2892 0
1 None 31 2894 1
1 None 23 2895 2
2 None 19 2895 0
0.5 None 22 2897 1
1 None 15 2898 1
1 None 30 2899 3
1 None 17 2899 0
1 None 150 2901 5
2 None 23 2901 0
1 None 32 2903 1
2 None 78 2904 5
2 None 6 2904 0
1 None 41 2906 3
1 None 23 2906 0
1 None 44 2908 2
2 None 23 2909 1
2 None 4 2909 0
1 None 14 2909 0
2 None 15 2912 1
0.5 None 14 2912 0
2 None 37 2914 1
1 None 45 2914 0
-1 None 59 2916 2
2 None 10 2917 1
2 None 18 2918 2
0.5 None 13 2919 2
2 None 38 2920 1
0.5 None 14 2920 0
2 None 19 2920 0
1 None 26 2923 1
1 None 19 2924 2
1 None 25 2924 0
2 None 9 2924 0
0.5 None 23 2927 1
1 None 22 2928 1
0.5 None 32 2928 0
1 None 32 2928 0
0.5 None 15 2928 0
1 None 25 2932 1
2 None 16 2932 0
0.5 None 11 2934 1
1 None 17 2934 0
1 None 28 2936 1
1 None 82 2937 1
2 None 16 2937 0
1 None 29 2937 0
1 None 20 2937 0
1 None 11 2941 2
2 None 28 2942 2
2 None 37 2943 5
0.5 None 30 2944 2
1 None 68 2944 0
2 None 6 2944 0
1 None 4 2944 0
2 None 65 2948 2
2 None 11 2949 1
0.5 None 16 2949 0
0.5 None 30 2951 1
2 None 22 2951 0
2 None 31 2953 1
2 None 13 2954 3
2 None 20 2954 0
0.5 None 29 2954 0
2 None 33 2957 1
2 None 11 2957 0
1 None 18 2959 2
2 None 32 2960 1
2 None 27 2961 1
1 None 21 2962 1
0.5 None 23 2962 0
1 None 37 2964 2
1 None 26 2964 0
2 None 31 2966 2
0.5 None 21 2966 0
1 None 9 2966 0
2 None 13 2966 0
1 None 30 2966 0
2 None 45 2971 1
2 None 10 2971 0
2 None 53 2971 0
1 None 33 2974 1
1 None 61 2974 0
1 None 15 2974 0
2 None 17 2974 0
1 None 14 2974 0
1 None 7 2979 1
2 None 16 2979 0
1 None 25 2979 0
2 None 25 2982 4
0.5 None 16 2982 0
0.5 None 17 2982 0
1 None 25 2985 2
1 None 15 2985 0
2 None 9 2985 0
2 None 13 2988 2
2 None 16 2988 0
1 None 13 2988 0
1 None 23 2991 1
1 None 13 2991 0
2 None 21 2991 0
2 None 1 2991 0
2 None 16 2991 0
0.5 None 35 2996 2
1 None 14 2997 1
2 None 5 2997 0
2 None 46 2999 2
1 None 37 3000 1
1 None 54 3001 2
2 None 9 3001 0
2 None 38 3003 1
1 None 48 3004 2
1 None 77 3005 4
1 None 9 3005 0
1 None 54 3007 3
2 None 18 3007 0
2 None 11 3007 0
2 None 34 3010 2
1 None 7 3010 0
1 None 10 3012 2
1 None 73 3013 2
0.5 None 21 3013 0
2 None 41 3015 1
0.5 None 19 3015 0
2 None 61 3017 2
2 None 19 3017 0
1 None 20 3017 0
2 None 15 3020 2
1 None 9 3021 1
2 None 26 3022 1
2 None 73 3023 2
0.5 None 25 3024 2
1 None 19 3025 1
2 None 69 3026 3
1 None 46 3027 1
2 None 23 3027 0
2 None 14 3029 1
2 None 22 3029 0
2 None 10 3031 1
1 None 13 3031 0
2 None 18 3031 0
1 None 13 3031 0
2 None 7 3035 1
1 None 7 3035 0
1 None 34 3035 0
0.5 None 11 3035 0
2 None 9 3035 0
0.5 None 14 3040 1
1 None 36 3040 0
2 None 8 3040 0
1 None 29 3043 1
2 None 21 3044 2
2 None 24 3045 1
1 None 18 3046 1
1 None 11 3046 0
0.5 None 20 3048 1
1 None 26 3049 1
2 None 8 3049 0
1 None 8 3051 1
1 None 9 3052 1
2 None 28 3053 2
2 None 4 3054 1
1 None 56 3055 1
1 None 8 3055 0
1 None 11 3055 0
2 None 23 3055 0
1 None 21 3055 0
1 None 11 3060 3
1 None 16 3060 0
1 None 15 3062 2
0.5 None 29 3062 0
1 None 14 3062 0
2 None 19 3062 0
1 None 9 3062 0
2 None 9 3062 0
1 None 8 3062 0
1 None 34 3069 2
2 None 22 3070 1
0.5 None 38 3071 1
0.5 None 31 3072 2
0.5 None 81 3073 3
1 None 29 3073 0
2 None 7 3073 0
2 None 13 3076 2
1 None 36 3076 0
1 None 83 3078 4
1 None 22 3079 1
2 None 26 3080 5
2 None 16 3080 0
1 None 12 3080 0
0.5 None 18 3080 0
2 None 17 3080 0
1 None 32 3085 3
1 None 25 3086 2
2 None 8 3086 0
1 None 27 3088 2
2 None 25 3089 1
2 None 9 3089 0
2 None 13 3089 0
0.5 None 46 3092 6
1 None 11 3092 0
2 None 28 3094 3
1 None 11 3094 0
2 None 13 3094 0
1 None 30 3097 1
2 None 15 3097 0
1 None 22 3097 0
2 None 67 3100 3
2 None 68 3101 1
2 None 117 3102 2
1 None 52 3103 2
1 None 35 3104 1
1 None 28 3104 0
1 None 19 3106 1
-1 None 13 3107 2
2 None 47 3108 2
0.5 None 45 3109 1
2 None 21 3109 0
2 None 47 3111 5
1 None 50 3112 1
1 None 29 3113 1
1 None 9 3113 0
1 None 39 3115 3
2 None 29 3115 0
1 None 23 3117 1
1 None 19 3117 0
0.5 None 18 3119 1
1 None 14 3119 0
1 None 24 3119 0
1 None 18 3122 2
1 None 11 3122 0
1 None 12 3122 0
1 None 23 3122 0
1 None 32 3126 1
1 None 36 3126 0
2 None 13 3128 1
2 None 38 3129 2
1 None 17 3129 0
2 None 23 3131 5
1 None 10 3131 0
1 None 1 3131 0
1 None 16 3131 0
1 None 28 3135 1
2 None 89 3136 2
1 None 27 3137 1
1 None 12 3138 1
2 None 19 3138 0
2 None 17 3138 0
1 None 34 3141 1
1 None 44 3142 2
2 None 11 3142 0
1 None 37 3144 5
1 None 35 3144 0
1 None 29 3146 1
0.5 None 15 3146 0
1 None 21 3146 0
1 None 32 3149 3
1 None 16 3149 0
1 None 6 3149 0
1 None 27 3149 0
2 None 5 3149 0
1 None 10 3149 0
2 None 21 3149 0
1 None 31 3149 0
1 None 64 3157 2
-1 None 11 3158 1
1 None 11 3159 1
2 None 10 3159 0
1 None 25 3159 0
2 None 18 3159 0
0.5 None 36 3163 1
1 None 34 3164 2
0.5 None 2 3164 0
1 None 8 3164 0
2 None 46 3167 4
1 None 8 3167 0
0.5 None 21 3167 0
2 None 18 3170 1
-1 None 17 3171 2
2 None 26 3172 1
2 None 17 3172 0
1 None 26 3174 1
2 None 37 3175 2
1 None 19 3175 0
2 None 14 3177 2
1 None 7 3177 0
0.5 None 14 3177 0
-1 None 9 3180 1
2 None 13 3180 0
2 None 25 3182 1
1 None 15 3183 1
0.5 None 7 3183 0
2 None 21 3185 3
2 None 53 3186 2
2 None 31 3187 2
1 None 23 3187 0
0.5 None 17 3187 0
2 None 8 3187 0
1 None 13 3187 0
2 None 16 3187 0
1 None 18 3193 1
2 None 12 3194 1
2 None 18 3195 1
0.5 None 26 3195 0
2 None 4 3195 0
2 None 16 3195 0
2 None 31 3199 4
1 None 35 3200 2
2 None 33 3201 2
1 None 83 3202 4
1 None 23 3203 2
0.5 None 86 3204 5
1 None 41 3205 2
0.5 None 46 3206 2
-1 None 11 3207 2
2 None 53 3208 3
2 None 14 3209 2
2 None 26 3210 2
2 None 11 3211 2
1 None 18 3212 1
2 None 13 3212 0
2 None 22 3214 2
1 None 41 3215 2
-1 None 38 3216 3
2 None 31 3217 4
2 None 28 3218 1
2 None 22 3218 0
1 None 21 3220 2
-1 None 16 3221 2
1 None 127 3222 7
2 None 23 3222 0
1 None 13 3224 1
2 None 33 3225 1
2 None 14 3226 2
2 None 53 3227 4
1 None 15 3227 0
1 None 4 3227 0
1 None 51 3230 1
1 None 19 3231 2
0.5 None 25 3232 1
0.5 None 28 3233 1
2 None 21 3234 1
2 None 22 3234 0
2 None 19 3236 2
1 None 25 3237 2
1 None 14 3238 1
1 None 17 3239 1
2 None 17 3240 1
1 None 22 3240 0
1 None 19 3240 0
2 None 17 3243 1
0.5 None 18 3243 0
0.5 None 26 3243 0
2 None 21 3246 2
2 None 21 3247 2
1 None 9 3247 0
2 None 25 3249 1
0.5 None 13 3249 0
2 None 22 3249 0
1 None 12 3249 0
1 None 15 3253 1
1 None 19 3253 0
0.5 None 21 3253 0
1 None 24 3256 2
2 None 21 3256 0
1 None 22 3256 0
1 None 10 3256 0
2 None 16 3256 0
1 None 22 3261 1
1 None 25 3262 1
2 None 14 3262 0
2 None 14 3262 0
2 None 7 3265 1
1 None 10 3265 0
2 None 29 3265 0
2 None 42 3265 0
2 None 23 3269 1
1 None 19 3270 1
2 None 15 3270 0
1 None 18 3272 1
2 None 44 3273 1
1 None 12 3274 1
2 None 6 3274 0
1 None 13 3274 0
0.5 None 34 3274 0
1 None 23 3278 1
0.5 None 21 3279 1
2 None 12 3280 1
0.5 None 14 3281 1
2 None 24 3281 0
2 None 36 3281 0
-1 None 13 3284 1
2 None 6 3284 0
1 None 54 3286 1
2 None 10 3287 1
1 None 54 3288 4
1 None 25 3288 0
1 None 33 3290 1
0.5 None 4 3290 0
1 None 32 3292 1
1 None 27 3292 0
2 None 8 3294 1
2 None 17 3295 2
1 None 8 3295 0
2 None 29 3295 0
2 None 9 3298 1
