0.5 None 25 1977 0
1 None 27 1979 1
2 None 26 1980 2
1 None 13 1980 0
0.5 None 31 1982 1
0.5 None 31 1983 1
2 None 31 1984 1
1 None 12 1984 0
0.5 None 7 1984 0
1 None 32 1987 1
-1 None 12 1988 5
0.5 None 26 1989 6
2 None 14 1990 1
2 None 33 1990 0
1 None 14 1992 1
2 None 13 1993 1
2 None 29 1994 2
0.5 None 32 1994 0
2 None 35 1994 0
0.5 None 25 1997 1
2 None 16 1997 0
2 None 30 1999 4
1 None 18 2000 1
0.5 None 79 2001 2
2 None 20 2002 1
-1 None 105 2003 4
2 None 64 2004 3
0.5 None 16 2004 0
1 None 37 2006 1
2 None 34 2007 1
2 None 27 2007 0
2 None 17 2009 1
2 None 40 2010 5
2 None 22 2011 2
-1 None 10 2012 2
2 None 29 2013 1
2 None 21 2014 1
2 None 21 2015 1
2 None 37 2015 0
2 None 56 2017 2
2 None 2 2017 0
2 None 14 2019 1
1 None 36 2020 4
1 None 23 2020 0
1 None 45 2022 3
2 None 25 2022 0
2 None 7 2024 2
1 None 11 2024 0
2 None 7 2024 0
2 None 13 2027 2
2 None 19 2028 1
0.5 None 25 2029 2
0.5 None 29 2030 1
1 None 26 2031 3
2 None 38 2032 3
1 None 8 2032 0
1 None 22 2034 2
1 None 33 2034 0
1 None 18 2036 1
1 None 18 2037 2
2 None 36 2038 1
2 None 34 2039 2
0.5 None 54 2040 5
1 None 12 2040 0
0.5 None 33 2040 0
0.5 None 56 2043 2
0.5 None 8 2043 0
2 None 7 2045 1
2 None 10 2045 0
0.5 None 19 2045 0
1 None 32 2048 1
1 None 48 2049 2
0.5 None 19 2050 1
1 None 14 2050 0
-1 None 24 2052 1
-1 None 11 2053 1
1 None 28 2054 3
1 None 34 2055 3
2 None 17 2056 1
0.5 None 38 2057 3
0.5 None 6 2057 0
2 None 14 2057 0
2 None 30 2060 1
2 None 26 2061 1
1 None 31 2062 6
1 None 17 2062 0
2 None 14 2062 0
0.5 None 12 2065 1
-1 None 29 2066 3
2 None 58 2067 1
2 None 18 2067 0
2 None 12 2069 1
1 None 13 2069 0
2 None 18 2069 0
2 None 19 2072 1
1 None 13 2072 0
1 None 9 2074 1
1 None 86 2075 2
0.5 None 14 2075 0
2 None 8 2075 0
1 None 7 2075 0
1 None 15 2075 0
0.5 None 14 2080 3
2 None 6 2080 0
0.5 None 14 2080 0
2 None 31 2083 2
1 None 11 2083 0
0.5 None 17 2083 0
0.5 None 17 2083 0
2 None 10 2087 1
1 None 11 2087 0
2 None 27 2089 1
0.5 None 10 2090 2
2 None 16 2090 0
1 None 23 2090 0
0.5 None 51 2093 3
2 None 11 2093 0
0.5 None 34 2093 0
2 None 16 2096 1
1 None 8 2096 0
0.5 None 37 2098 1
2 None 7 2098 0
1 None 34 2100 3
2 None 13 2101 2
0.5 None 53 2102 1
0.5 None 30 2102 0
-1 None 21 2104 3
-1 None 74 2105 6
0.5 None 12 2106 1
1 None 29 2107 3
2 None 33 2107 0
2 None 25 2109 1
2 None 19 2110 1
2 None 6 2111 1
0.5 None 28 2111 0
1 None 25 2111 0
2 None 4 2111 0
0.5 None 13 2115 1
0.5 None 37 2116 1
2 None 18 2117 2
0.5 None 31 2118 3
2 None 13 2118 0
2 None 9 2118 0
1 None 45 2118 0
2 None 79 2122 2
0.5 None 16 2122 0
2 None 57 2122 0
0.5 None 13 2125 2
1 None 18 2125 0
1 None 53 2127 3
2 None 6 2128 1
1 None 15 2128 0
1 None 44 2130 3
1 None 16 2130 0
2 None 12 2132 1
2 None 42 2133 1
2 None 5 2134 2
2 None 12 2134 0
1 None 10 2136 2
2 None 34 2137 1
2 None 9 2138 2
1 None 39 2139 2
1 None 28 2139 0
1 None 16 2139 0
2 None 31 2142 3
-1 None 22 2143 3
2 None 10 2143 0
0.5 None 39 2143 0
2 None 15 2143 0
2 None 14 2143 0
2 None 30 2148 2
0.5 None 19 2148 0
1 None 26 2150 3
1 None 32 2151 2
1 None 55 2151 0
0.5 None 23 2153 2
2 None 10 2154 2
1 None 8 2154 0
0.5 None 34 2154 0
2 None 7 2157 1
1 None 7 2157 0
2 None 22 2157 0
2 None 8 2157 0
1 None 18 2157 0
0.5 None 23 2157 0
2 None 29 2163 1
2 None 20 2164 1
1 None 25 2165 4
1 None 14 2165 0
0.5 None 90 2167 3
-1 None 32 2168 2
2 None 16 2169 1
2 None 10 2169 0
2 None 13 2169 0
2 None 19 2172 1
1 None 8 2172 0
1 None 59 2174 2
2 None 22 2175 1
2 None 17 2176 3
1 None 14 2177 1
2 None 70 2178 4
2 None 16 2179 1
2 None 13 2179 0
1 None 11 2181 1
1 None 5 2181 0
0.5 None 5 2183 1
2 None 18 2183 0
1 None 8 2183 0
1 None 6 2183 0
1 None 9 2183 0
2 None 9 2183 0
0.5 None 16 2189 1
-1 None 16 2190 1
2 None 11 2191 1
2 None 9 2191 0
2 None 43 2193 4
0.5 None 52 2194 1
0.5 None 13 2194 0
0.5 None 26 2194 0
0.5 None 21 2194 0
2 None 27 2198 2
0.5 None 17 2198 0
2 None 179 2200 6
0.5 None 101 2201 5
0.5 None 53 2202 3
1 None 42 2203 1
0.5 None 46 2204 6
2 None 14 2204 0
-1 None 61 2206 1
2 None 26 2207 4
2 None 23 2208 1
2 None 19 2209 3
0.5 None 14 2210 1
0.5 None 49 2211 3
0.5 None 18 2212 2
0.5 None 8 2213 1
1 None 13 2214 2
1 None 16 2215 1
2 None 44 2216 1
2 None 5 2216 0
1 None 34 2218 1
0.5 None 31 2219 2
1 None 12 2220 1
2 None 17 2221 1
2 None 14 2221 0
0.5 None 4 2221 0
1 None 34 2221 0
1 None 49 2225 2
1 None 6 2225 0
0.5 None 29 2227 1
0.5 None 9 2227 0
1 None 8 2229 1
1 None 56 2230 7
1 None 3 2230 0
2 None 9 2232 1
1 None 10 2233 1
2 None 12 2233 0
-1 None 35 2235 2
1 None 7 2236 2
0.5 None 30 2237 1
-1 None 21 2238 3
1 None 14 2239 1
0.5 None 15 2240 1
2 None 20 2241 2
0.5 None 9 2242 2
0.5 None 22 2242 0
-1 None 11 2244 2
1 None 43 2244 0
2 None 9 2244 0
2 None 48 2244 0
2 None 17 2248 1
1 None 13 2248 0
2 None 3 2248 0
2 None 2 2248 0
0.5 None 39 2248 0
2 None 18 2253 1
2 None 5 2253 0
1 None 12 2253 0
1 None 46 2253 0
1 None 31 2253 0
1 None 26 2253 0
1 None 13 2253 0
1 None 11 2253 0
2 None 38 2253 0
0.5 None 25 2253 0
1 None 10 2253 0
2 None 27 2264 3
2 None 4 2264 0
0.5 None 33 2266 2
2 None 7 2267 1
1 None 11 2267 0
1 None 9 2267 0
1 None 4 2267 0
1 None 51 2271 4
1 None 51 2272 3
2 None 37 2273 1
0.5 None 38 2274 2
1 None 28 2275 3
1 None 16 2276 1
2 None 40 2277 2
1 None 15 2278 1
0.5 None 6 2278 0
2 None 29 2280 2
1 None 19 2281 1
0.5 None 12 2282 1
0.5 None 25 2283 3
2 None 21 2283 0
0.5 None 13 2283 0
1 None 15 2283 0
2 None 18 2287 1
1 None 20 2288 1
2 None 14 2288 0
1 None 50 2290 3
1 None 17 2290 0
1 None 21 2292 1
0.5 None 13 2293 1
1 None 22 2294 2
0.5 None 20 2294 0
1 None 16 2294 0
2 None 17 2294 0
0.5 None 9 2294 0
0.5 None 17 2299 2
1 None 184 2300 8
2 None 89 2301 7
2 None 31 2301 0
0.5 None 34 2301 0
0.5 None 20 2304 3
2 None 7 2304 0
2 None 1 2304 0
2 None 22 2304 0
2 None 17 2308 2
2 None 15 2308 0
2 None 62 2310 1
1 None 26 2310 0
1 None 22 2310 0
2 None 10 2310 0
2 None 15 2314 1
0.5 None 11 2315 1
0.5 None 38 2316 3
1 None 2 2316 0
1 None 31 2318 1
0.5 None 10 2318 0
1 None 18 2320 1
1 None 53 2321 2
2 None 37 2322 2
1 None 27 2322 0
0.5 None 56 2324 2
0.5 None 21 2324 0
0.5 None 33 2324 0
1 None 17 2324 0
2 None 19 2328 1
2 None 61 2329 4
2 None 38 2330 2
0.5 None 26 2331 2
2 None 21 2332 1
2 None 7 2332 0
2 None 16 2332 0
0.5 None 38 2335 2
1 None 27 2335 0
2 None 27 2337 4
1 None 18 2338 2
2 None 5 2338 0
2 None 19 2338 0
2 None 16 2341 1
2 None 13 2342 1
0.5 None 13 2342 0
2 None 26 2344 1
2 None 1 2344 0
0.5 None 28 2346 1
0.5 None 39 2347 2
2 None 31 2348 1
1 None 5 2348 0
1 None 13 2348 0
0.5 None 18 2351 1
2 None 14 2352 1
0.5 None 7 2352 0
1 None 47 2354 1
1 None 28 2355 3
0.5 None 12 2356 1
2 None 22 2356 0
2 None 26 2356 0
1 None 28 2359 1
2 None 37 2359 0
0.5 None 24 2361 1
2 None 17 2361 0
-1 None 32 2363 1
2 None 21 2363 0
2 None 31 2365 2
1 None 3 2365 0
2 None 17 2365 0
2 None 29 2365 0
0.5 None 8 2369 1
2 None 25 2370 2
1 None 24 2370 0
2 None 39 2370 0
0.5 None 55 2373 2
0.5 None 11 2374 1
2 None 16 2375 2
2 None 21 2375 0
1 None 13 2375 0
1 None 33 2378 2
1 None 15 2379 1
1 None 14 2380 1
1 None 4 2380 0
1 None 23 2380 0
2 None 19 2383 2
1 None 13 2383 0
1 None 14 2385 1
1 None 41 2386 1
0.5 None 30 2387 1
2 None 17 2388 1
2 None 20 2389 2
0.5 None 18 2390 1
2 None 12 2391 2
1 None 27 2392 2
0.5 None 8 2392 0
1 None 31 2394 2
0.5 None 23 2394 0
2 None 19 2394 0
2 None 22 2397 1
1 None 15 2398 1
2 None 30 2399 2
0.5 None 17 2400 2
0.5 None 150 2401 9
2 None 23 2401 0
2 None 32 2403 1
2 None 78 2404 3
2 None 6 2404 0
0.5 None 41 2406 2
0.5 None 23 2407 1
2 None 44 2407 0
1 None 23 2407 0
0.5 None 4 2407 0
1 None 14 2411 4
1 None 15 2412 1
2 None 14 2412 0
0.5 None 37 2414 2
1 None 45 2415 3
2 None 59 2416 5
0.5 None 10 2416 0
2 None 18 2416 0
2 None 13 2416 0
0.5 None 38 2420 1
2 None 14 2421 1
2 None 19 2422 1
2 None 26 2423 1
0.5 None 19 2424 2
0.5 None 25 2425 2
0.5 None 9 2425 0
0.5 None 23 2427 3
1 None 22 2428 4
2 None 32 2429 2
2 None 32 2430 1
2 None 15 2431 2
1 None 25 2432 2
0.5 None 16 2433 1
1 None 11 2433 0
1 None 17 2435 1
0.5 None 28 2436 3
0.5 None 82 2437 3
2 None 16 2437 0
0.5 None 29 2437 0
0.5 None 20 2440 1
0.5 None 11 2440 0
1 None 28 2442 3
2 None 37 2443 1
0.5 None 30 2444 1
1 None 68 2444 0
0.5 None 6 2444 0
1 None 4 2444 0
0.5 None 65 2448 2
0.5 None 11 2448 0
2 None 16 2450 2
-1 None 30 2451 6
2 None 22 2451 0
0.5 None 31 2453 2
2 None 13 2453 0
1 None 20 2455 1
0.5 None 29 2455 0
1 None 33 2457 2
1 None 11 2458 2
1 None 18 2459 1
2 None 32 2460 1
0.5 None 27 2461 4
0.5 None 21 2461 0
2 None 23 2463 2
1 None 37 2464 1
0.5 None 26 2465 2
0.5 None 31 2466 1
2 None 21 2466 0
2 None 9 2466 0
1 None 13 2469 1
0.5 None 30 2470 1
1 None 45 2471 3
1 None 10 2472 1
2 None 53 2473 5
-1 None 33 2474 1
2 None 61 2475 4
1 None 15 2476 1
1 None 17 2476 0
2 None 14 2476 0
1 None 7 2476 0
0.5 None 16 2476 0
1 None 25 2476 0
2 None 25 2482 2
1 None 16 2482 0
1 None 17 2482 0
2 None 25 2485 1
-1 None 15 2486 3
1 None 9 2486 0
2 None 13 2488 3
1 None 16 2488 0
0.5 None 13 2488 0
2 None 23 2491 3
2 None 13 2492 2
1 None 21 2493 2
0.5 None 1 2493 0
1 None 16 2493 0
2 None 35 2496 1
2 None 14 2496 0
2 None 5 2496 0
2 None 46 2499 1
0.5 None 37 2500 2
2 None 54 2501 5
0.5 None 9 2501 0
2 None 38 2503 3
2 None 48 2504 6
-1 None 77 2505 4
2 None 9 2506 1
1 None 54 2506 0
0.5 None 18 2508 3
2 None 11 2508 0
1 None 34 2510 1
1 None 7 2511 1
1 None 10 2512 1
2 None 73 2513 3
1 None 21 2514 1
1 None 41 2514 0
2 None 19 2514 0
1 None 61 2517 2
1 None 19 2518 1
1 None 20 2519 1
2 None 15 2520 1
2 None 9 2520 0
1 None 26 2522 2
0.5 None 73 2523 4
1 None 25 2523 0
2 None 19 2525 1
1 None 69 2526 2
1 None 46 2527 8
1 None 23 2528 2
1 None 14 2528 0
2 None 22 2530 2
2 None 10 2530 0
2 None 13 2530 0
1 None 18 2533 3
2 None 13 2534 4
2 None 7 2535 2
2 None 7 2535 0
0.5 None 34 2537 3
1 None 11 2537 0
0.5 None 9 2537 0
2 None 14 2540 1
1 None 36 2541 2
2 None 8 2541 0
1 None 29 2543 3
0.5 None 21 2543 0
0.5 None 24 2545 6
1 None 18 2545 0
0.5 None 11 2545 0
1 None 20 2545 0
1 None 26 2549 1
1 None 8 2549 0
2 None 8 2549 0
1 None 9 2549 0
2 None 28 2553 1
2 None 4 2553 0
0.5 None 56 2555 1
1 None 8 2556 1
2 None 11 2556 0
0.5 None 23 2558 1
2 None 21 2559 1
2 None 11 2559 0
-1 None 16 2561 3
-1 None 15 2562 3
0.5 None 29 2562 0
0.5 None 14 2564 1
0.5 None 19 2564 0
0.5 None 9 2566 1
1 None 9 2567 3
1 None 8 2567 0
0.5 None 34 2569 4
0.5 None 22 2570 1
-1 None 38 2571 5
1 None 31 2572 3
1 None 81 2573 2
0.5 None 29 2574 1
-1 None 7 2575 1
1 None 13 2575 0
2 None 36 2577 1
2 None 83 2578 4
0.5 None 22 2579 1
0.5 None 26 2580 3
1 None 16 2580 0
1 None 12 2580 0
1 None 18 2580 0
0.5 None 17 2580 0
1 None 32 2585 1
-1 None 25 2586 1
1 None 8 2586 0
1 None 27 2588 1
2 None 25 2589 1
1 None 9 2590 3
2 None 13 2590 0
2 None 46 2592 3
2 None 11 2592 0
2 None 28 2594 1
2 None 11 2594 0
1 None 13 2596 1
1 None 30 2597 1
1 None 15 2598 2
2 None 22 2598 0
2 None 67 2600 3
1 None 68 2601 3
2 None 117 2602 5
1 None 52 2603 1
-1 None 35 2604 3
2 None 28 2605 1
2 None 19 2605 0
1 None 13 2605 0
0.5 None 47 2608 2
-1 None 45 2609 2
0.5 None 21 2610 4
1 None 47 2611 3
1 None 50 2612 4
0.5 None 29 2613 1
2 None 9 2613 0
0.5 None 39 2615 3
1 None 29 2616 2
2 None 23 2616 0
1 None 19 2618 1
2 None 18 2619 1
1 None 14 2619 0
1 None 24 2621 1
1 None 18 2621 0
1 None 11 2621 0
1 None 12 2621 0
-1 None 23 2625 3
1 None 32 2626 1
0.5 None 36 2627 4
0.5 None 13 2627 0
0.5 None 38 2629 2
0.5 None 17 2629 0
1 None 23 2629 0
2 None 10 2629 0
2 None 1 2629 0
1 None 16 2634 1
2 None 28 2635 1
2 None 89 2636 1
1 None 27 2637 1
1 None 12 2637 0
0.5 None 19 2639 1
1 None 17 2639 0
0.5 None 34 2641 2
1 None 44 2642 1
1 None 11 2642 0
0.5 None 37 2644 1
1 None 35 2645 1
1 None 29 2645 0
-1 None 15 2647 1
1 None 21 2647 0
2 None 32 2649 1
1 None 16 2650 2
2 None 6 2650 0
2 None 27 2650 0
2 None 5 2650 0
2 None 10 2650 0
0.5 None 21 2650 0
2 None 31 2656 1
0.5 None 64 2657 3
-1 None 11 2658 1
0.5 None 11 2658 0
0.5 None 10 2658 0
0.5 None 25 2661 2
1 None 18 2662 1
0.5 None 36 2663 1
1 None 34 2664 3
2 None 2 2664 0
1 None 8 2664 0
0.5 None 46 2667 1
2 None 8 2668 1
2 None 21 2669 1
0.5 None 18 2669 0
2 None 17 2671 3
1 None 26 2671 0
2 None 17 2673 1
2 None 26 2674 2
2 None 37 2675 4
0.5 None 19 2676 6
0.5 None 14 2676 0
0.5 None 7 2676 0
1 None 14 2676 0
0.5 None 9 2676 0
1 None 13 2676 0
1 None 25 2676 0
0.5 None 15 2683 1
2 None 7 2683 0
2 None 21 2685 1
1 None 53 2686 3
2 None 31 2687 6
2 None 23 2688 1
1 None 17 2689 3
2 None 8 2690 1
1 None 13 2690 0
2 None 16 2690 0
1 None 18 2693 1
1 None 12 2694 3
-1 None 18 2695 1
2 None 26 2695 0
2 None 4 2695 0
2 None 16 2698 2
1 None 31 2699 3
1 None 35 2700 5
1 None 33 2701 3
1 None 83 2702 3
1 None 23 2703 1
2 None 86 2704 7
-1 None 41 2705 6
0.5 None 46 2706 1
1 None 11 2706 0
0.5 None 53 2706 0
1 None 14 2709 1
2 None 26 2710 1
0.5 None 11 2711 2
0.5 None 18 2712 1
2 None 13 2713 1
2 None 22 2714 3
1 None 41 2714 0
2 None 38 2716 4
1 None 31 2717 5
0.5 None 28 2718 1
1 None 22 2718 0
-1 None 21 2720 3
1 None 16 2720 0
2 None 127 2722 9
-1 None 23 2723 4
1 None 13 2724 1
1 None 33 2725 4
2 None 14 2725 0
1 None 53 2727 1
0.5 None 15 2727 0
-1 None 4 2729 3
2 None 51 2730 3
0.5 None 19 2731 1
0.5 None 25 2732 4
0.5 None 28 2732 0
2 None 21 2732 0
0.5 None 22 2735 1
2 None 19 2736 2
2 None 25 2737 1
1 None 14 2737 0
2 None 17 2737 0
1 None 17 2740 1
-1 None 22 2741 3
0.5 None 19 2742 1
2 None 17 2743 2
2 None 18 2744 3
0.5 None 26 2744 0
1 None 21 2746 1
1 None 21 2746 0
1 None 9 2748 1
2 None 25 2749 2
-1 None 13 2750 1
2 None 22 2751 1
1 None 12 2752 1
0.5 None 15 2753 1
1 None 19 2754 1
2 None 21 2755 1
1 None 24 2755 0
1 None 21 2757 1
0.5 None 22 2757 0
0.5 None 10 2757 0
0.5 None 16 2757 0
1 None 22 2761 1
2 None 25 2761 0
0.5 None 14 2763 2
2 None 14 2764 2
0.5 None 7 2764 0
2 None 10 2764 0
1 None 29 2767 1
2 None 42 2768 2
1 None 23 2769 5
0.5 None 19 2769 0
-1 None 15 2771 1
1 None 18 2772 1
-1 None 44 2773 1
0.5 None 12 2773 0
1 None 6 2773 0
0.5 None 13 2776 2
0.5 None 34 2777 1
2 None 23 2777 0
1 None 21 2777 0
0.5 None 12 2777 0
2 None 14 2781 1
1 None 24 2782 1
1 None 36 2783 2
2 None 13 2784 1
2 None 6 2784 0
1 None 54 2786 1
2 None 10 2787 2
1 None 54 2788 3
2 None 25 2788 0
0.5 None 33 2790 1
1 None 4 2790 0
0.5 None 32 2792 3
0.5 None 27 2792 0
2 None 8 2792 0
0.5 None 17 2792 0
0.5 None 8 2792 0
1 None 29 2797 2
1 None 9 2797 0
