1 None 25 1577 0
0.5 None 27 1579 2
2 None 26 1580 1
2 None 13 1581 1
1 None 31 1582 1
1 None 31 1583 1
2 None 31 1584 2
2 None 12 1585 2
2 None 7 1585 0
1 None 32 1585 0
2 None 12 1585 0
1 None 26 1589 1
2 None 14 1590 1
2 None 33 1590 0
2 None 14 1592 2
1 None 13 1592 0
2 None 29 1594 2
1 None 32 1595 6
2 None 35 1595 0
2 None 25 1597 1
1 None 16 1597 0
1 None 30 1599 1
0.5 None 18 1600 1
2 None 79 1601 3
1 None 20 1602 2
1 None 105 1603 6
1 None 64 1604 3
2 None 16 1604 0
0.5 None 37 1606 3
0.5 None 34 1607 2
1 None 27 1607 0
2 None 17 1607 0
1 None 40 1610 3
2 None 22 1610 0
1 None 10 1610 0
1 None 29 1613 1
0.5 None 21 1614 1
2 None 21 1614 0
2 None 37 1614 0
2 None 56 1614 0
1 None 2 1614 0
2 None 14 1614 0
2 None 36 1614 0
2 None 23 1614 0
1 None 45 1622 3
2 None 25 1622 0
2 None 7 1624 1
2 None 11 1625 1
2 None 7 1625 0
0.5 None 13 1627 2
1 None 19 1627 0
2 None 25 1627 0
2 None 29 1627 0
1 None 26 1631 1
1 None 38 1631 0
2 None 8 1631 0
1 None 22 1634 1
1 None 33 1634 0
2 None 18 1636 1
2 None 18 1637 1
-1 None 36 1638 1
2 None 34 1638 0
2 None 54 1640 2
0.5 None 12 1640 0
2 None 33 1640 0
-1 None 56 1643 2
1 None 8 1643 0
1 None 7 1643 0
2 None 10 1643 0
2 None 19 1643 0
1 None 32 1648 1
1 None 48 1649 1
1 None 19 1649 0
2 None 14 1649 0
1 None 24 1649 0
2 None 11 1653 1
1 None 28 1654 1
0.5 None 34 1655 1
2 None 17 1655 0
2 None 38 1657 1
0.5 None 6 1658 1
0.5 None 14 1658 0
2 None 30 1660 3
-1 None 26 1661 1
0.5 None 31 1662 2
2 None 17 1662 0
2 None 14 1662 0
2 None 12 1665 3
0.5 None 29 1665 0
2 None 58 1667 1
2 None 18 1668 1
2 None 12 1668 0
2 None 13 1670 1
2 None 18 1671 1
1 None 19 1672 1
2 None 13 1673 2
1 None 9 1673 0
2 None 86 1673 0
1 None 14 1673 0
0.5 None 8 1673 0
2 None 7 1673 0
2 None 15 1679 2
2 None 14 1680 1
2 None 6 1680 0
2 None 14 1680 0
2 None 31 1683 1
0.5 None 11 1683 0
2 None 17 1685 1
2 None 17 1685 0
0.5 None 10 1685 0
1 None 11 1688 1
2 None 27 1688 0
2 None 10 1688 0
1 None 16 1691 1
2 None 23 1692 1
1 None 51 1693 4
0.5 None 11 1694 1
0.5 None 34 1695 1
2 None 16 1696 1
2 None 8 1696 0
2 None 37 1698 3
2 None 7 1698 0
2 None 34 1700 2
2 None 13 1700 0
0.5 None 53 1702 2
2 None 30 1703 3
2 None 21 1703 0
2 None 74 1705 2
1 None 12 1706 1
2 None 29 1707 1
2 None 33 1707 0
1 None 25 1707 0
0.5 None 19 1707 0
0.5 None 6 1711 1
1 None 28 1712 2
1 None 25 1713 2
1 None 4 1713 0
0.5 None 13 1713 0
0.5 None 37 1716 5
1 None 18 1717 1
1 None 31 1718 3
2 None 13 1719 1
2 None 9 1720 1
2 None 45 1721 1
2 None 79 1722 2
1 None 16 1723 1
1 None 57 1724 4
1 None 13 1724 0
2 None 18 1726 2
1 None 53 1727 4
1 None 6 1727 0
1 None 15 1727 0
0.5 None 44 1730 3
2 None 16 1730 0
2 None 12 1732 1
2 None 42 1733 5
0.5 None 5 1733 0
1 None 12 1733 0
0.5 None 10 1733 0
2 None 34 1737 3
1 None 9 1737 0
1 None 39 1737 0
2 None 28 1740 2
2 None 16 1741 1
2 None 31 1742 1
2 None 22 1742 0
1 None 10 1742 0
2 None 39 1745 1
1 None 15 1745 0
1 None 14 1747 1
2 None 30 1747 0
2 None 19 1747 0
1 None 26 1750 2
2 None 32 1750 0
2 None 55 1752 2
2 None 23 1752 0
1 None 10 1752 0
2 None 8 1752 0
1 None 34 1756 2
1 None 7 1757 1
1 None 7 1758 1
-1 None 22 1759 1
2 None 8 1759 0
1 None 18 1759 0
2 None 23 1759 0
1 None 29 1759 0
1 None 20 1759 0
-1 None 25 1765 2
1 None 14 1766 2
2 None 90 1767 8
1 None 32 1768 1
1 None 16 1768 0
2 None 10 1770 1
2 None 13 1771 1
1 None 19 1772 1
1 None 8 1772 0
2 None 59 1774 1
1 None 22 1774 0
0.5 None 17 1774 0
2 None 14 1777 1
1 None 70 1778 1
0.5 None 16 1778 0
2 None 13 1778 0
2 None 11 1781 1
1 None 5 1781 0
0.5 None 5 1781 0
0.5 None 18 1781 0
1 None 8 1781 0
-1 None 6 1786 1
2 None 9 1787 1
1 None 9 1787 0
2 None 16 1787 0
1 None 16 1790 1
2 None 11 1791 1
1 None 9 1791 0
2 None 43 1793 3
1 None 52 1794 1
2 None 13 1795 1
1 None 26 1795 0
2 None 21 1797 1
1 None 27 1797 0
2 None 17 1797 0
2 None 179 1800 6
-1 None 101 1801 4
-1 None 53 1802 4
2 None 42 1803 1
0.5 None 46 1804 2
1 None 14 1804 0
2 None 61 1804 0
2 None 26 1807 2
2 None 23 1808 2
2 None 19 1809 1
1 None 14 1810 1
0.5 None 49 1811 2
2 None 18 1812 1
1 None 8 1813 1
-1 None 13 1814 1
1 None 16 1815 1
2 None 44 1816 3
2 None 5 1816 0
1 None 34 1818 1
2 None 31 1819 1
1 None 12 1819 0
2 None 17 1821 1
1 None 14 1822 2
1 None 4 1823 1
2 None 34 1824 1
2 None 49 1825 2
2 None 6 1825 0
0.5 None 29 1825 0
2 None 9 1825 0
2 None 8 1825 0
1 None 56 1830 5
2 None 3 1831 2
1 None 9 1832 2
1 None 10 1832 0
2 None 12 1832 0
1 None 35 1835 1
2 None 7 1835 0
0.5 None 30 1835 0
2 None 21 1835 0
1 None 14 1839 1
1 None 15 1839 0
1 None 20 1839 0
1 None 9 1839 0
1 None 22 1843 1
1 None 11 1843 0
1 None 43 1845 4
2 None 9 1846 1
2 None 48 1847 1
1 None 17 1848 2
1 None 13 1848 0
1 None 3 1848 0
1 None 2 1848 0
0.5 None 39 1852 1
2 None 18 1853 1
2 None 5 1853 0
1 None 12 1855 1
0.5 None 46 1856 1
2 None 31 1857 1
0.5 None 26 1857 0
2 None 13 1857 0
2 None 11 1857 0
2 None 38 1861 3
1 None 25 1862 1
0.5 None 10 1862 0
0.5 None 27 1864 1
2 None 4 1864 0
2 None 33 1864 0
2 None 7 1864 0
2 None 11 1864 0
2 None 9 1864 0
1 None 4 1870 1
0.5 None 51 1870 0
1 None 51 1872 1
2 None 37 1873 4
2 None 38 1873 0
2 None 28 1875 2
0.5 None 16 1876 1
1 None 40 1877 1
1 None 15 1878 1
2 None 6 1878 0
2 None 29 1878 0
1 None 19 1878 0
1 None 12 1878 0
2 None 25 1878 0
2 None 21 1878 0
2 None 13 1878 0
2 None 15 1886 1
0.5 None 18 1886 0
2 None 20 1886 0
2 None 14 1886 0
2 None 50 1890 1
1 None 17 1891 1
1 None 21 1891 0
0.5 None 13 1891 0
0.5 None 22 1891 0
1 None 20 1895 2
2 None 16 1896 2
2 None 17 1897 1
2 None 9 1897 0
1 None 17 1897 0
1 None 184 1900 4
2 None 89 1901 1
1 None 31 1902 1
2 None 34 1903 1
1 None 20 1903 0
0.5 None 7 1903 0
0.5 None 1 1903 0
2 None 22 1907 1
0.5 None 17 1908 1
2 None 15 1908 0
2 None 62 1910 6
1 None 26 1910 0
2 None 22 1912 2
2 None 10 1912 0
2 None 15 1912 0
2 None 11 1915 1
0.5 None 38 1916 1
2 None 2 1916 0
2 None 31 1918 1
1 None 10 1918 0
2 None 18 1918 0
2 None 53 1921 1
0.5 None 37 1922 2
2 None 27 1923 1
2 None 56 1924 2
2 None 21 1925 3
2 None 33 1925 0
2 None 17 1925 0
2 None 19 1925 0
2 None 61 1929 2
2 None 38 1930 3
1 None 26 1931 2
0.5 None 21 1931 0
2 None 7 1931 0
2 None 16 1931 0
2 None 38 1935 2
2 None 27 1935 0
2 None 27 1935 0
2 None 18 1938 1
2 None 5 1938 0
1 None 19 1938 0
-1 None 16 1941 1
2 None 13 1942 1
0.5 None 13 1942 0
2 None 26 1944 2
1 None 1 1944 0
2 None 28 1944 0
2 None 39 1947 2
2 None 31 1947 0
2 None 5 1947 0
-1 None 13 1950 1
0.5 None 18 1950 0
0.5 None 14 1952 1
1 None 7 1953 2
0.5 None 47 1954 2
0.5 None 28 1954 0
1 None 12 1954 0
2 None 22 1957 1
1 None 26 1957 0
2 None 28 1959 1
2 None 37 1960 3
2 None 24 1961 1
2 None 17 1961 0
0.5 None 32 1963 1
2 None 21 1964 2
0.5 None 31 1965 1
2 None 3 1965 0
0.5 None 17 1967 2
2 None 29 1968 1
2 None 8 1968 0
-1 None 25 1970 2
2 None 24 1970 0
2 None 39 1972 4
2 None 55 1973 1
2 None 11 1973 0
2 None 16 1975 1
2 None 21 1976 1
2 None 13 1976 0
2 None 33 1978 1
1 None 15 1978 0
0.5 None 14 1978 0
0.5 None 4 1978 0
0.5 None 23 1978 0
1 None 19 1978 0
0.5 None 13 1978 0
2 None 14 1978 0
2 None 41 1986 1
0.5 None 30 1986 0
2 None 17 1988 1
2 None 20 1988 0
2 None 18 1990 1
1 None 12 1990 0
1 None 27 1992 2
2 None 8 1992 0
2 None 31 1994 3
2 None 23 1994 0
2 None 19 1996 1
2 None 22 1996 0
2 None 15 1998 1
2 None 30 1999 1
2 None 17 2000 2
0.5 None 150 2001 3
2 None 23 2001 0
1 None 32 2001 0
2 None 78 2004 1
2 None 6 2004 0
0.5 None 41 2006 1
2 None 23 2007 2
2 None 44 2008 2
2 None 23 2009 4
2 None 4 2009 0
0.5 None 14 2009 0
2 None 15 2009 0
0.5 None 14 2009 0
-1 None 37 2014 4
1 None 45 2015 4
2 None 59 2016 6
1 None 10 2016 0
2 None 18 2016 0
2 None 13 2019 1
1 None 38 2020 1
0.5 None 14 2020 0
0.5 None 19 2022 2
1 None 26 2023 3
1 None 19 2024 1
2 None 25 2024 0
2 None 9 2026 1
1 None 23 2026 0
0.5 None 22 2026 0
1 None 32 2029 2
2 None 32 2030 1
2 None 15 2030 0
2 None 25 2032 1
0.5 None 16 2033 1
1 None 11 2034 1
0.5 None 17 2035 1
2 None 28 2035 0
1 None 82 2037 4
-1 None 16 2038 2
2 None 29 2039 1
-1 None 20 2040 3
2 None 11 2040 0
1 None 28 2042 2
1 None 37 2043 3
0.5 None 30 2043 0
0.5 None 68 2045 3
2 None 6 2045 0
2 None 4 2045 0
1 None 65 2048 1
1 None 11 2048 0
1 None 16 2050 1
1 None 30 2051 3
1 None 22 2051 0
1 None 31 2053 2
1 None 13 2053 0
1 None 20 2055 3
1 None 29 2056 1
1 None 33 2057 5
1 None 11 2057 0
2 None 18 2057 0
1 None 32 2060 4
1 None 27 2061 1
1 None 21 2062 1
2 None 23 2063 2
1 None 37 2064 3
-1 None 26 2065 2
2 None 31 2066 2
2 None 21 2066 0
1 None 9 2066 0
2 None 13 2066 0
2 None 30 2070 1
2 None 45 2071 1
2 None 10 2071 0
2 None 53 2073 2
0.5 None 33 2074 1
2 None 61 2075 1
2 None 15 2076 1
2 None 17 2076 0
1 None 14 2076 0
1 None 7 2079 2
2 None 16 2080 2
2 None 25 2081 1
2 None 25 2081 0
2 None 16 2083 1
2 None 17 2084 1
2 None 25 2085 2
0.5 None 15 2085 0
2 None 9 2087 1
1 None 13 2087 0
2 None 16 2089 2
0.5 None 13 2089 0
1 None 23 2091 4
1 None 13 2092 1
1 None 21 2093 2
1 None 1 2093 0
-1 None 16 2095 2
1 None 35 2096 3
2 None 14 2096 0
2 None 5 2096 0
2 None 46 2096 0
2 None 37 2100 2
2 None 54 2101 2
2 None 9 2101 0
2 None 38 2103 1
2 None 48 2104 3
0.5 None 77 2105 2
2 None 9 2105 0
2 None 54 2105 0
1 None 18 2108 1
1 None 11 2108 0
2 None 34 2110 3
1 None 7 2110 0
1 None 10 2110 0
2 None 73 2113 4
2 None 21 2113 0
0.5 None 41 2115 1
2 None 19 2116 2
2 None 61 2117 3
1 None 19 2118 1
1 None 20 2119 1
2 None 15 2119 0
2 None 9 2119 0
2 None 26 2122 2
2 None 73 2123 3
1 None 25 2123 0
2 None 19 2125 1
1 None 69 2126 1
0.5 None 46 2126 0
0.5 None 23 2128 1
2 None 14 2129 1
2 None 22 2130 1
2 None 10 2130 0
2 None 13 2130 0
0.5 None 18 2133 3
0.5 None 13 2134 1
0.5 None 7 2134 0
2 None 7 2134 0
2 None 34 2137 3
-1 None 11 2138 2
2 None 9 2139 1
2 None 14 2139 0
2 None 36 2141 1
1 None 8 2142 1
0.5 None 29 2143 1
1 None 21 2144 1
1 None 24 2145 2
0.5 None 18 2146 1
1 None 11 2146 0
2 None 20 2148 1
0.5 None 26 2148 0
2 None 8 2148 0
2 None 8 2148 0
2 None 9 2148 0
1 None 28 2148 0
1 None 4 2148 0
2 None 56 2155 3
-1 None 8 2156 1
0.5 None 11 2157 1
2 None 23 2158 1
1 None 21 2158 0
2 None 11 2158 0
0.5 None 16 2158 0
1 None 15 2162 1
0.5 None 29 2163 1
2 None 14 2164 1
2 None 19 2165 2
1 None 9 2166 1
2 None 9 2166 0
1 None 8 2168 1
2 None 34 2168 0
1 None 22 2168 0
2 None 38 2168 0
2 None 31 2172 1
0.5 None 81 2173 1
2 None 29 2174 2
1 None 7 2175 2
0.5 None 13 2175 0
2 None 36 2177 3
0.5 None 83 2178 3
0.5 None 22 2179 1
2 None 26 2180 2
2 None 16 2180 0
2 None 12 2180 0
2 None 18 2183 1
1 None 17 2183 0
2 None 32 2185 2
2 None 25 2186 1
1 None 8 2186 0
1 None 27 2188 2
0.5 None 25 2189 2
2 None 9 2189 0
0.5 None 13 2189 0
2 None 46 2192 5
0.5 None 11 2193 1
2 None 28 2194 1
1 None 11 2195 1
2 None 13 2196 1
2 None 30 2196 0
-1 None 15 2198 2
2 None 22 2199 3
2 None 67 2200 1
2 None 68 2201 1
0.5 None 117 2202 5
0.5 None 52 2202 0
1 None 35 2202 0
2 None 28 2205 2
2 None 19 2206 1
0.5 None 13 2206 0
2 None 47 2208 2
2 None 45 2209 1
0.5 None 21 2210 1
2 None 47 2211 4
0.5 None 50 2212 3
2 None 29 2213 1
2 None 9 2214 1
1 None 39 2214 0
2 None 29 2216 4
2 None 23 2217 1
2 None 19 2218 1
-1 None 18 2219 3
2 None 14 2219 0
2 None 24 2219 0
1 None 18 2219 0
2 None 11 2223 1
1 None 12 2223 0
0.5 None 23 2225 2
0.5 None 32 2226 3
2 None 36 2227 3
2 None 13 2228 2
0.5 None 38 2228 0
-1 None 17 2230 2
2 None 23 2231 2
1 None 10 2231 0
2 None 1 2231 0
0.5 None 16 2231 0
0.5 None 28 2231 0
2 None 89 2236 2
0.5 None 27 2237 2
0.5 None 12 2238 1
2 None 19 2238 0
2 None 17 2238 0
2 None 34 2241 3
2 None 44 2242 1
0.5 None 11 2242 0
2 None 37 2242 0
0.5 None 35 2242 0
0.5 None 29 2246 2
0.5 None 15 2247 2
1 None 21 2247 0
1 None 32 2249 1
1 None 16 2249 0
2 None 6 2249 0
1 None 27 2252 3
1 None 5 2252 0
2 None 10 2252 0
2 None 21 2255 3
1 None 31 2256 1
1 None 64 2257 1
0.5 None 11 2258 1
2 None 11 2258 0
2 None 10 2258 0
1 None 25 2261 2
1 None 18 2261 0
-1 None 36 2263 3
-1 None 34 2264 2
0.5 None 2 2264 0
1 None 8 2266 1
1 None 46 2266 0
2 None 8 2266 0
2 None 21 2269 1
1 None 18 2270 1
0.5 None 17 2271 3
1 None 26 2272 1
1 None 17 2272 0
1 None 26 2272 0
-1 None 37 2275 1
2 None 19 2276 1
1 None 14 2276 0
1 None 7 2278 1
1 None 14 2279 2
2 None 9 2279 0
1 None 13 2281 1
1 None 25 2282 1
1 None 15 2282 0
2 None 7 2282 0
1 None 21 2285 1
2 None 53 2286 2
1 None 31 2286 0
1 None 23 2288 1
1 None 17 2289 1
1 None 8 2289 0
2 None 13 2289 0
0.5 None 16 2292 1
2 None 18 2293 1
2 None 12 2294 1
1 None 18 2294 0
1 None 26 2294 0
2 None 4 2294 0
2 None 16 2294 0
1 None 31 2299 2
2 None 35 2299 0
2 None 33 2301 2
0.5 None 83 2302 2
1 None 23 2303 1
1 None 86 2304 4
1 None 41 2304 0
2 None 46 2306 2
0.5 None 11 2306 0
0.5 None 53 2308 2
1 None 14 2308 0
2 None 26 2310 1
0.5 None 11 2310 0
0.5 None 18 2310 0
2 None 13 2310 0
1 None 22 2314 1
0.5 None 41 2315 2
-1 None 38 2316 2
2 None 31 2316 0
1 None 28 2318 1
1 None 22 2318 0
1 None 21 2318 0
2 None 16 2318 0
2 None 127 2322 5
1 None 23 2323 3
2 None 13 2323 0
1 None 33 2325 1
1 None 14 2325 0
2 None 53 2327 4
1 None 15 2327 0
2 None 4 2327 0
2 None 51 2330 1
1 None 19 2331 1
2 None 25 2332 3
2 None 28 2332 0
1 None 21 2332 0
1 None 22 2332 0
2 None 19 2336 1
2 None 25 2337 1
2 None 14 2337 0
1 None 17 2339 1
1 None 17 2339 0
2 None 22 2341 1
2 None 19 2342 1
0.5 None 17 2342 0
0.5 None 18 2344 1
2 None 26 2344 0
0.5 None 21 2346 1
2 None 21 2347 1
2 None 9 2348 1
2 None 25 2348 0
0.5 None 13 2348 0
1 None 22 2351 1
1 None 12 2352 1
2 None 15 2352 0
1 None 19 2352 0
2 None 21 2355 1
2 None 24 2356 2
1 None 21 2357 1
0.5 None 22 2358 3
2 None 10 2358 0
2 None 16 2360 1
1 None 22 2361 1
2 None 25 2362 4
2 None 14 2363 2
2 None 14 2363 0
2 None 7 2365 1
2 None 10 2366 1
2 None 29 2366 0
1 None 42 2368 2
1 None 23 2368 0
1 None 19 2370 2
1 None 15 2371 1
0.5 None 18 2371 0
1 None 44 2373 4
2 None 12 2373 0
2 None 6 2375 1
2 None 13 2375 0
2 None 34 2377 1
1 None 23 2378 1
1 None 21 2378 0
2 None 12 2378 0
1 None 14 2378 0
2 None 24 2378 0
1 None 36 2378 0
0.5 None 13 2384 1
1 None 6 2384 0
2 None 54 2386 2
1 None 10 2386 0
2 None 54 2388 1
2 None 25 2388 0
2 None 33 2390 1
1 None 4 2391 1
2 None 32 2392 1
2 None 27 2392 0
2 None 8 2392 0
2 None 17 2395 1
2 None 8 2395 0
2 None 29 2397 2
1 None 9 2397 0
