1 None 25 2578 1
1 None 27 2578 0
1 None 26 2578 0
2 None 13 2578 0
1 None 31 2582 2
1 None 31 2583 2
2 None 31 2584 4
1 None 12 2584 0
2 None 7 2584 0
0.5 None 32 2584 0
2 None 12 2584 0
2 None 26 2584 0
2 None 14 2584 0
1 None 33 2591 2
2 None 14 2592 1
1 None 13 2592 0
0.5 None 29 2594 3
2 None 32 2595 1
2 None 35 2596 5
1 None 25 2597 2
0.5 None 16 2597 0
2 None 30 2597 0
2 None 18 2600 2
1 None 79 2601 4
1 None 20 2601 0
1 None 105 2603 2
2 None 64 2604 3
2 None 16 2604 0
1 None 37 2606 2
2 None 34 2607 2
2 None 27 2608 1
1 None 17 2609 1
2 None 40 2610 4
0.5 None 22 2611 1
0.5 None 10 2611 0
1 None 29 2613 1
1 None 21 2613 0
-1 None 21 2615 1
2 None 37 2616 1
2 None 56 2617 1
1 None 2 2617 0
2 None 14 2617 0
2 None 36 2620 3
0.5 None 23 2621 4
2 None 45 2622 1
1 None 25 2622 0
2 None 7 2622 0
1 None 11 2622 0
1 None 7 2622 0
1 None 13 2622 0
1 None 19 2628 1
1 None 25 2629 1
1 None 29 2630 1
-1 None 26 2631 1
1 None 38 2631 0
1 None 8 2633 2
1 None 22 2634 2
1 None 33 2635 1
1 None 18 2635 0
2 None 18 2635 0
1 None 36 2638 1
1 None 34 2638 0
2 None 54 2640 3
1 None 12 2640 0
0.5 None 33 2640 0
0.5 None 56 2643 2
2 None 8 2644 1
1 None 7 2644 0
2 None 10 2644 0
1 None 19 2644 0
1 None 32 2648 2
1 None 48 2648 0
1 None 19 2650 1
2 None 14 2651 1
1 None 24 2652 2
1 None 11 2652 0
1 None 28 2654 1
1 None 34 2655 4
2 None 17 2655 0
1 None 38 2655 0
1 None 6 2655 0
1 None 14 2659 1
-1 None 30 2660 2
1 None 26 2660 0
1 None 31 2662 2
1 None 17 2662 0
1 None 14 2664 2
0.5 None 12 2664 0
1 None 29 2664 0
1 None 58 2667 3
1 None 18 2667 0
2 None 12 2667 0
1 None 13 2667 0
0.5 None 18 2667 0
1 None 19 2672 1
2 None 13 2672 0
1 None 9 2672 0
2 None 86 2675 2
0.5 None 14 2676 3
2 None 8 2676 0
2 None 7 2676 0
1 None 15 2676 0
1 None 14 2676 0
0.5 None 6 2681 1
1 None 14 2682 1
2 None 31 2682 0
1 None 11 2682 0
1 None 17 2682 0
1 None 17 2686 2
1 None 10 2687 1
2 None 11 2687 0
1 None 27 2689 2
1 None 10 2689 0
2 None 16 2689 0
2 None 23 2692 1
2 None 51 2693 2
2 None 11 2694 1
2 None 34 2695 2
1 None 16 2695 0
2 None 8 2695 0
1 None 37 2698 3
2 None 7 2698 0
0.5 None 34 2698 0
1 None 13 2698 0
2 None 53 2702 1
1 None 30 2703 1
1 None 21 2703 0
1 None 74 2705 3
1 None 12 2706 1
2 None 29 2707 1
2 None 33 2707 0
1 None 25 2707 0
1 None 19 2710 1
1 None 6 2710 0
2 None 28 2712 1
1 None 25 2713 1
2 None 4 2713 0
1 None 13 2715 1
2 None 37 2715 0
1 None 18 2715 0
1 None 31 2718 1
2 None 13 2719 1
2 None 9 2719 0
1 None 45 2721 1
0.5 None 79 2722 1
1 None 16 2722 0
1 None 57 2722 0
1 None 13 2722 0
1 None 18 2726 1
1 None 53 2727 3
1 None 6 2728 1
1 None 15 2729 1
2 None 44 2730 1
1 None 16 2731 1
1 None 12 2731 0
1 None 42 2733 2
2 None 5 2733 0
1 None 12 2733 0
2 None 10 2736 1
1 None 34 2737 1
1 None 9 2737 0
2 None 39 2739 1
1 None 28 2740 1
2 None 16 2741 1
0.5 None 31 2742 2
1 None 22 2743 1
1 None 10 2743 0
1 None 39 2745 2
1 None 15 2746 1
1 None 14 2746 0
2 None 30 2748 1
1 None 19 2749 1
2 None 26 2749 0
1 None 32 2749 0
2 None 55 2752 3
2 None 23 2752 0
1 None 10 2752 0
1 None 8 2755 2
1 None 34 2755 0
2 None 7 2755 0
2 None 7 2755 0
1 None 22 2759 2
1 None 8 2759 0
2 None 18 2761 2
1 None 23 2762 2
-1 None 29 2763 2
1 None 20 2764 1
1 None 25 2764 0
-1 None 14 2766 1
1 None 90 2767 2
-1 None 32 2768 2
2 None 16 2769 1
1 None 10 2769 0
2 None 13 2769 0
1 None 19 2772 1
1 None 8 2772 0
1 None 59 2774 3
1 None 22 2775 2
1 None 17 2776 2
1 None 14 2776 0
2 None 70 2778 3
0.5 None 16 2779 1
0.5 None 13 2779 0
1 None 11 2781 1
2 None 5 2782 2
0.5 None 5 2782 0
2 None 18 2784 1
1 None 8 2784 0
1 None 6 2784 0
2 None 9 2784 0
1 None 9 2784 0
1 None 16 2789 1
1 None 16 2789 0
2 None 11 2791 1
1 None 9 2791 0
2 None 43 2793 2
1 None 52 2794 3
1 None 13 2794 0
0.5 None 26 2794 0
0.5 None 21 2797 2
1 None 27 2797 0
1 None 17 2799 1
1 None 179 2800 9
1 None 101 2801 3
1 None 53 2802 1
1 None 42 2802 0
1 None 46 2804 2
1 None 14 2805 1
0.5 None 61 2806 3
1 None 26 2806 0
1 None 23 2808 1
1 None 19 2809 1
1 None 14 2810 1
1 None 49 2811 1
1 None 18 2811 0
1 None 8 2813 1
1 None 13 2813 0
1 None 16 2815 1
1 None 44 2816 1
1 None 5 2816 0
2 None 34 2818 1
1 None 31 2819 1
1 None 12 2819 0
0.5 None 17 2821 1
1 None 14 2821 0
1 None 4 2821 0
1 None 34 2821 0
1 None 49 2825 3
1 None 6 2825 0
1 None 29 2827 1
2 None 9 2828 1
1 None 8 2828 0
1 None 56 2830 1
0.5 None 3 2830 0
2 None 9 2832 2
2 None 10 2833 1
2 None 12 2834 2
2 None 35 2835 1
1 None 7 2836 1
1 None 30 2836 0
1 None 21 2838 1
1 None 14 2838 0
1 None 15 2838 0
2 None 20 2841 2
1 None 9 2841 0
2 None 22 2841 0
1 None 11 2841 0
1 None 43 2845 1
1 None 9 2845 0
1 None 48 2847 5
1 None 17 2848 1
1 None 13 2848 0
2 None 3 2848 0
1 None 2 2848 0
1 None 39 2852 1
0.5 None 18 2853 4
2 None 5 2853 0
1 None 12 2853 0
2 None 46 2856 1
1 None 31 2857 1
1 None 26 2858 2
1 None 13 2859 1
0.5 None 11 2859 0
2 None 38 2861 2
2 None 25 2862 2
1 None 10 2862 0
0.5 None 27 2864 1
2 None 4 2864 0
1 None 33 2866 1
2 None 7 2866 0
1 None 11 2866 0
1 None 9 2866 0
2 None 4 2866 0
1 None 51 2871 2
1 None 51 2872 4
1 None 37 2873 2
2 None 38 2873 0
1 None 28 2875 2
2 None 16 2875 0
2 None 40 2877 1
1 None 15 2878 1
1 None 6 2878 0
-1 None 29 2880 1
1 None 19 2880 0
1 None 12 2880 0
2 None 25 2883 1
1 None 21 2883 0
2 None 13 2885 1
2 None 15 2886 2
2 None 18 2886 0
1 None 20 2886 0
1 None 14 2886 0
1 None 50 2886 0
0.5 None 17 2891 3
1 None 21 2892 1
1 None 13 2892 0
1 None 22 2894 1
1 None 20 2895 3
0.5 None 16 2896 1
1 None 17 2896 0
1 None 9 2896 0
2 None 17 2896 0
2 None 184 2900 4
2 None 89 2901 2
2 None 31 2902 1
1 None 34 2903 2
1 None 20 2904 1
1 None 7 2904 0
2 None 1 2904 0
1 None 22 2904 0
2 None 17 2904 0
1 None 15 2904 0
1 None 62 2910 1
0.5 None 26 2910 0
2 None 22 2910 0
1 None 10 2910 0
0.5 None 15 2914 2
2 None 11 2914 0
1 None 38 2916 2
1 None 2 2916 0
1 None 31 2918 1
2 None 10 2918 0
0.5 None 18 2918 0
-1 None 53 2921 7
1 None 37 2921 0
1 None 27 2923 1
1 None 56 2924 2
1 None 21 2925 1
1 None 33 2926 2
2 None 17 2926 0
-1 None 19 2928 1
2 None 61 2929 1
2 None 38 2930 1
1 None 26 2930 0
2 None 21 2932 1
1 None 7 2933 1
1 None 16 2933 0
1 None 38 2935 2
2 None 27 2936 1
1 None 27 2937 2
1 None 18 2937 0
1 None 5 2937 0
2 None 19 2940 1
1 None 16 2941 3
2 None 13 2942 1
2 None 13 2942 0
1 None 26 2942 0
1 None 1 2942 0
1 None 28 2946 1
0.5 None 39 2946 0
1 None 31 2948 1
1 None 5 2948 0
2 None 13 2948 0
2 None 18 2948 0
1 None 14 2952 1
2 None 7 2952 0
2 None 47 2954 4
2 None 28 2955 1
2 None 12 2955 0
2 None 22 2957 1
1 None 26 2957 0
2 None 28 2957 0
2 None 37 2960 2
-1 None 24 2961 1
0.5 None 17 2961 0
2 None 32 2963 1
0.5 None 21 2963 0
2 None 31 2963 0
2 None 3 2963 0
2 None 17 2963 0
1 None 29 2968 1
-1 None 8 2969 2
1 None 25 2970 1
2 None 24 2971 4
2 None 39 2972 1
1 None 55 2973 3
1 None 11 2973 0
1 None 16 2973 0
1 None 21 2976 2
1 None 13 2977 1
2 None 33 2978 1
1 None 15 2978 0
1 None 14 2978 0
2 None 4 2978 0
1 None 23 2982 1
2 None 19 2982 0
1 None 13 2984 2
2 None 14 2984 0
1 None 41 2984 0
1 None 30 2984 0
0.5 None 17 2988 1
2 None 20 2989 1
1 None 18 2990 1
1 None 12 2991 1
1 None 27 2991 0
0.5 None 8 2991 0
2 None 31 2994 1
2 None 23 2994 0
1 None 19 2994 0
2 None 22 2994 0
1 None 15 2998 2
1 None 30 2998 0
1 None 17 2998 0
1 None 150 3001 3
1 None 23 3002 1
1 None 32 3002 0
1 None 78 3004 4
1 None 6 3005 1
1 None 41 3006 2
1 None 23 3007 3
1 None 44 3008 2
0.5 None 23 3009 1
2 None 4 3010 1
1 None 14 3011 1
1 None 15 3011 0
2 None 14 3011 0
1 None 37 3014 1
0.5 None 45 3015 1
2 None 59 3016 3
0.5 None 10 3016 0
1 None 18 3016 0
2 None 13 3019 1
1 None 38 3020 1
0.5 None 14 3020 0
1 None 19 3020 0
2 None 26 3023 1
0.5 None 19 3023 0
2 None 25 3025 3
1 None 9 3025 0
1 None 23 3025 0
0.5 None 22 3025 0
2 None 32 3029 1
1 None 32 3029 0
1 None 15 3031 2
-1 None 25 3032 1
1 None 16 3033 2
2 None 11 3034 1
1 None 17 3035 1
2 None 28 3035 0
1 None 82 3037 3
2 None 16 3037 0
1 None 29 3039 2
2 None 20 3039 0
1 None 11 3041 1
2 None 28 3042 1
1 None 37 3043 3
1 None 30 3044 2
1 None 68 3045 5
2 None 6 3045 0
1 None 4 3045 0
1 None 65 3048 1
2 None 11 3049 1
2 None 16 3050 1
1 None 30 3051 1
1 None 22 3051 0
1 None 31 3053 1
1 None 13 3053 0
2 None 20 3055 1
2 None 29 3056 1
1 None 33 3056 0
2 None 11 3058 1
1 None 18 3058 0
1 None 32 3060 1
1 None 27 3061 1
1 None 21 3062 2
1 None 23 3063 2
1 None 37 3064 1
1 None 26 3065 1
1 None 31 3066 2
0.5 None 21 3066 0
2 None 9 3066 0
0.5 None 13 3069 1
2 None 30 3070 1
2 None 45 3071 1
1 None 10 3072 1
1 None 53 3073 3
2 None 33 3073 0
1 None 61 3075 1
-1 None 15 3076 1
1 None 17 3076 0
1 None 14 3078 1
0.5 None 7 3078 0
1 None 16 3080 1
2 None 25 3081 2
1 None 25 3081 0
1 None 16 3081 0
0.5 None 17 3081 0
1 None 25 3081 0
1 None 15 3081 0
0.5 None 9 3087 1
1 None 13 3087 0
0.5 None 16 3089 1
1 None 13 3089 0
0.5 None 23 3091 3
2 None 13 3091 0
1 None 21 3091 0
1 None 1 3091 0
1 None 16 3091 0
1 None 35 3096 1
2 None 14 3096 0
0.5 None 5 3096 0
2 None 46 3099 1
1 None 37 3100 1
2 None 54 3101 2
1 None 9 3102 1
1 None 38 3103 1
1 None 48 3104 1
1 None 77 3105 1
1 None 9 3105 0
1 None 54 3107 1
1 None 18 3107 0
1 None 11 3107 0
1 None 34 3110 1
1 None 7 3111 1
2 None 10 3111 0
0.5 None 73 3113 3
2 None 21 3114 1
2 None 41 3115 2
2 None 19 3115 0
0.5 None 61 3117 1
1 None 19 3117 0
1 None 20 3119 1
2 None 15 3119 0
2 None 9 3121 1
2 None 26 3122 2
2 None 73 3123 6
2 None 25 3124 1
2 None 19 3124 0
0.5 None 69 3126 2
1 None 46 3127 1
1 None 23 3127 0
2 None 14 3129 1
2 None 22 3129 0
1 None 10 3129 0
2 None 13 3132 1
1 None 18 3132 0
2 None 13 3134 1
2 None 7 3134 0
1 None 7 3136 1
1 None 34 3137 1
1 None 11 3138 2
2 None 9 3138 0
2 None 14 3140 1
1 None 36 3140 0
1 None 8 3142 1
2 None 29 3143 2
0.5 None 21 3143 0
1 None 24 3145 1
1 None 18 3145 0
2 None 11 3145 0
1 None 20 3148 1
1 None 26 3148 0
2 None 8 3148 0
2 None 8 3148 0
2 None 9 3152 1
2 None 28 3153 1
2 None 4 3154 1
1 None 56 3155 1
1 None 8 3156 1
2 None 11 3156 0
1 None 23 3156 0
1 None 21 3156 0
2 None 11 3160 1
1 None 16 3160 0
1 None 15 3160 0
1 None 29 3160 0
1 None 14 3160 0
2 None 19 3165 1
0.5 None 9 3165 0
1 None 9 3165 0
1 None 8 3168 2
2 None 34 3169 3
1 None 22 3169 0
1 None 38 3169 0
1 None 31 3169 0
1 None 81 3173 5
1 None 29 3174 2
0.5 None 7 3175 1
2 None 13 3175 0
1 None 36 3177 1
1 None 83 3178 6
0.5 None 22 3178 0
1 None 26 3178 0
1 None 16 3178 0
1 None 12 3182 2
1 None 18 3183 1
1 None 17 3183 0
1 None 32 3185 2
1 None 25 3185 0
1 None 8 3187 1
1 None 27 3187 0
2 None 25 3189 1
1 None 9 3189 0
2 None 13 3191 1
1 None 46 3192 1
1 None 11 3192 0
1 None 28 3192 0
2 None 11 3192 0
1 None 13 3196 2
1 None 30 3197 2
0.5 None 15 3198 2
1 None 22 3198 0
2 None 67 3200 4
1 None 68 3201 3
2 None 117 3202 6
1 None 52 3202 0
0.5 None 35 3204 2
1 None 28 3205 1
1 None 19 3206 2
1 None 13 3206 0
1 None 47 3208 1
0.5 None 45 3209 3
1 None 21 3210 1
1 None 47 3211 1
1 None 50 3212 3
2 None 29 3213 2
1 None 9 3213 0
1 None 39 3215 1
2 None 29 3215 0
2 None 23 3215 0
1 None 19 3218 3
1 None 18 3219 1
1 None 14 3219 0
1 None 24 3219 0
1 None 18 3222 1
1 None 11 3222 0
2 None 12 3222 0
1 None 23 3225 1
1 None 32 3226 1
2 None 36 3227 1
1 None 13 3227 0
1 None 38 3229 2
1 None 17 3230 1
1 None 23 3230 0
2 None 10 3230 0
1 None 1 3230 0
2 None 16 3230 0
1 None 28 3235 2
1 None 89 3236 3
1 None 27 3237 1
1 None 12 3238 1
2 None 19 3239 1
1 None 17 3239 0
1 None 34 3241 4
1 None 44 3242 2
1 None 11 3242 0
1 None 37 3244 1
2 None 35 3245 1
1 None 29 3246 1
1 None 15 3246 0
0.5 None 21 3248 2
0.5 None 32 3249 1
1 None 16 3249 0
2 None 6 3251 1
1 None 27 3252 2
1 None 5 3252 0
1 None 10 3252 0
1 None 21 3255 1
1 None 31 3256 1
1 None 64 3257 1
2 None 11 3257 0
1 None 11 3257 0
-1 None 10 3260 1
2 None 25 3260 0
2 None 18 3260 0
1 None 36 3263 1
1 None 34 3264 1
1 None 2 3264 0
1 None 8 3266 1
2 None 46 3267 3
1 None 8 3267 0
1 None 21 3267 0
1 None 18 3267 0
1 None 17 3271 3
2 None 26 3271 0
1 None 17 3273 1
1 None 26 3273 0
1 None 37 3273 0
2 None 19 3273 0
1 None 14 3273 0
2 None 7 3273 0
1 None 14 3279 2
1 None 9 3279 0
2 None 13 3279 0
1 None 25 3282 2
1 None 15 3282 0
2 None 7 3282 0
1 None 21 3285 1
1 None 53 3286 5
2 None 31 3287 3
0.5 None 23 3288 3
-1 None 17 3289 1
1 None 8 3289 0
1 None 13 3289 0
2 None 16 3289 0
2 None 18 3289 0
2 None 12 3294 1
1 None 18 3295 2
1 None 26 3295 0
2 None 4 3295 0
1 None 16 3298 1
1 None 31 3298 0
0.5 None 35 3298 0
2 None 33 3301 2
1 None 83 3302 4
2 None 23 3303 1
2 None 86 3304 3
1 None 41 3305 1
1 None 46 3306 1
-1 None 11 3307 1
1 None 53 3308 1
1 None 14 3308 0
2 None 26 3308 0
1 None 11 3311 1
2 None 18 3311 0
1 None 13 3313 2
1 None 22 3314 3
0.5 None 41 3315 2
1 None 38 3316 1
2 None 31 3316 0
1 None 28 3316 0
0.5 None 22 3319 1
1 None 21 3320 1
-1 None 16 3321 2
1 None 127 3322 4
1 None 23 3322 0
1 None 13 3324 1
1 None 33 3325 1
-1 None 14 3326 2
2 None 53 3327 1
1 None 15 3327 0
1 None 4 3327 0
2 None 51 3330 2
2 None 19 3330 0
1 None 25 3330 0
1 None 28 3330 0
1 None 21 3334 1
2 None 22 3335 1
2 None 19 3335 0
2 None 25 3335 0
0.5 None 14 3335 0
1 None 17 3335 0
2 None 17 3335 0
-1 None 22 3341 1
1 None 19 3342 1
1 None 17 3342 0
1 None 18 3344 1
2 None 26 3345 4
2 None 21 3345 0
1 None 21 3347 2
2 None 9 3348 1
1 None 25 3349 2
1 None 13 3350 1
1 None 22 3350 0
1 None 12 3350 0
2 None 15 3353 2
2 None 19 3354 1
2 None 21 3354 0
1 None 24 3354 0
2 None 21 3354 0
1 None 22 3358 1
1 None 10 3359 1
1 None 16 3360 1
1 None 22 3361 1
1 None 25 3362 1
2 None 14 3362 0
1 None 14 3362 0
2 None 7 3362 0
2 None 10 3362 0
1 None 29 3362 0
1 None 42 3368 1
1 None 23 3369 2
1 None 19 3370 2
1 None 15 3370 0
1 None 18 3372 1
0.5 None 44 3373 4
1 None 12 3373 0
2 None 6 3373 0
2 None 13 3373 0
1 None 34 3377 1
1 None 23 3378 2
1 None 21 3379 1
1 None 12 3379 0
2 None 14 3379 0
2 None 24 3382 2
1 None 36 3383 2
2 None 13 3384 1
1 None 6 3384 0
-1 None 54 3386 4
1 None 10 3386 0
1 None 54 3388 1
2 None 25 3388 0
-1 None 33 3390 3
1 None 4 3391 1
1 None 32 3392 1
2 None 27 3392 0
1 None 8 3394 2
1 None 17 3395 2
-1 None 8 3396 1
1 None 29 3396 0
1 None 9 3398 2
