None None 0 None 0
10.5 45 37 0 8
2 35 54 1 11
12 20 9 2 1
12 45 38 3 12
2 40 48 4 9
2 30 77 5 12
12 20 9 5 0
2 45 54 7 6
12 30 18 8 1
12 35 11 9 2
2 30 34 10 4
12 25 7 10 0
12 30 10 12 1
2 30 73 13 7
12 45 21 14 1
2 35 41 15 4
12 30 19 16 1
2 30 61 17 6
12 30 19 18 4
10.5 35 20 19 3
12 25 15 20 3
12 20 9 21 1
12 25 26 22 4
2 20 73 23 3
12 35 25 24 2
12 25 19 25 1
2 35 69 26 10
2 40 46 27 6
12 35 23 28 4
12 30 14 29 2
12 25 22 30 3
12 35 10 30 0
12 20 13 32 3
12 20 18 33 4
12 20 13 34 2
12 40 7 35 2
12 25 7 36 2
2 25 34 37 5
12 35 11 38 1
12 20 9 39 1
12 25 14 40 4
12 50 36 41 5
12 20 8 41 0
12 30 29 43 5
12 25 21 43 0
12 35 24 45 2
12 20 18 46 3
12 20 11 47 3
12 20 20 47 0
12 25 26 49 2
12 35 8 49 0
12 20 8 49 0
12 20 9 49 0
12 35 28 53 2
12 20 4 53 0
2 25 56 55 4
12 20 8 56 2
12 25 11 56 0
12 45 23 58 1
12 30 21 59 1
12 40 11 60 1
10.5 30 16 61 3
12 20 15 62 3
2 20 29 63 6
12 25 14 64 1
12 25 19 65 1
12 20 9 66 1
12 25 9 67 1
12 20 8 68 1
12 40 34 69 5
2 20 22 70 1
2 20 38 71 3
2 25 31 72 2
2 20 81 73 5
2 20 29 74 2
12 30 7 74 0
12 30 13 76 2
12 35 36 77 2
2 30 83 78 7
12 35 22 79 4
2 20 26 80 4
12 25 16 81 1
12 20 12 81 0
12 25 18 83 5
12 30 17 84 1
2 30 32 85 5
2 20 25 86 4
12 25 8 87 2
12 35 27 88 1
12 40 25 89 3
12 35 9 89 0
12 20 13 91 1
2 35 46 92 7
12 25 11 92 0
12 35 28 94 2
12 20 11 95 1
12 25 13 95 0
12 50 30 97 4
12 25 15 97 0
12 30 22 99 3
1 None 67 100 7
1 None 68 101 9
2 None 117 102 17
0.5 None 52 103 6
1 None 35 104 4
1 None 28 105 3
2 None 19 106 1
0.5 None 13 106 0
1 None 47 108 2
-1 None 45 109 7
1 None 21 110 2
1 None 47 111 4
1 None 50 112 1
-1 None 29 113 1
2 None 9 113 0
2 None 39 115 3
0.5 None 29 116 3
1 None 23 117 3
2 None 19 118 6
1 None 18 119 2
1 None 14 120 1
1 None 24 121 1
1 None 18 122 2
2 None 11 123 3
-1 None 12 124 1
2 None 23 125 2
0.5 None 32 126 1
2 None 36 127 4
1 None 13 128 1
2 None 38 129 4
1 None 17 129 0
2 None 23 131 1
0.5 None 10 131 0
2 None 1 131 0
2 None 16 134 1
2 None 28 135 2
1 None 89 136 10
-1 None 27 137 1
1 None 12 137 0
1 None 19 139 2
1 None 17 139 0
2 None 34 139 0
1 None 44 142 3
2 None 11 143 1
2 None 37 144 5
1 None 35 145 5
2 None 29 146 2
2 None 15 147 1
1 None 21 147 0
1 None 32 149 2
2 None 16 149 0
2 None 6 149 0
1 None 27 149 0
1 None 5 149 0
1 None 10 154 2
1 None 21 155 1
1 None 31 156 1
2 None 64 157 5
0.5 None 11 157 0
2 None 11 157 0
1 None 10 157 0
1 None 25 161 1
1 None 18 161 0
1 None 36 163 4
1 None 34 164 2
2 None 2 164 0
1 None 8 164 0
1 None 46 167 3
1 None 8 167 0
2 None 21 169 2
2 None 18 169 0
2 None 17 171 3
1 None 26 172 2
2 None 17 173 1
0.5 None 26 174 1
1 None 37 175 2
2 None 19 176 2
1 None 14 176 0
2 None 7 176 0
0.5 None 14 176 0
-1 None 9 180 1
1 None 13 181 1
1 None 25 182 2
2 None 15 182 0
2 None 7 182 0
1 None 21 182 0
0.5 None 53 186 2
0.5 None 31 187 4
2 None 23 188 1
1 None 17 189 2
1 None 8 189 0
2 None 13 191 1
1 None 16 191 0
2 None 18 191 0
2 None 12 194 1
1 None 18 195 1
1 None 26 196 1
1 None 4 197 1
1 None 16 197 0
2 None 31 199 4
2 None 35 200 2
0.5 None 33 201 1
0.5 None 83 202 7
-1 None 23 203 2
2 None 86 204 4
1 None 41 205 2
1 None 46 205 0
1 None 11 205 0
2 None 53 208 1
2 None 14 208 0
1 None 26 210 7
2 None 11 211 1
1 None 18 212 1
2 None 13 212 0
0.5 None 22 212 0
0.5 None 41 215 4
2 None 38 216 2
2 None 31 217 3
1 None 28 217 0
2 None 22 219 1
2 None 21 220 3
1 None 16 221 3
0.5 None 127 222 9
1 None 23 222 0
1 None 13 224 2
1 None 33 224 0
1 None 14 226 2
2 None 53 227 3
1 None 15 228 2
1 None 4 228 0
2 None 51 230 4
1 None 19 230 0
2 None 25 230 0
1 None 28 233 2
2 None 21 233 0
-1 None 22 235 5
1 None 19 235 0
2 None 25 235 0
1 None 14 235 0
2 None 17 239 1
2 None 17 239 0
1 None 22 241 1
1 None 19 242 2
2 None 17 243 1
2 None 18 244 1
1 None 26 245 2
1 None 21 245 0
1 None 21 247 1
2 None 9 247 0
2 None 25 247 0
2 None 13 247 0
1 None 22 251 1
1 None 12 251 0
1 None 15 253 1
2 None 19 254 1
0.5 None 21 255 3
0.5 None 24 256 1
1 None 21 256 0
1 None 22 256 0
1 None 10 256 0
1 None 16 256 0
0.5 None 22 261 3
1 None 25 262 1
2 None 14 262 0
2 None 14 264 3
2 None 7 264 0
1 None 10 264 0
2 None 29 267 3
2 None 42 268 7
2 None 23 269 3
2 None 19 270 1
1 None 15 271 1
2 None 18 271 0
2 None 44 273 3
2 None 12 274 1
2 None 6 274 0
2 None 13 276 1
1 None 34 277 2
2 None 23 277 0
2 None 21 277 0
1 None 12 277 0
2 None 14 281 1
1 None 24 282 1
1 None 36 283 3
2 None 13 283 0
1 None 6 283 0
1 None 54 286 5
0.5 None 10 287 2
1 None 54 288 4
2 None 25 289 3
1 None 33 290 3
1 None 4 290 0
0.5 None 32 292 4
1 None 27 293 1
1 None 8 293 0
2 None 17 295 3
0.5 None 8 295 0
2 None 29 297 1
2 None 9 297 0
