1 None 25 974 0
0.5 None 27 974 0
2 None 26 980 1
1 None 13 980 0
2 None 31 980 0
1 None 31 980 0
1 None 31 984 1
1 None 12 985 1
2 None 7 985 0
1 None 32 987 1
1 None 12 988 1
2 None 26 988 0
1 None 14 990 1
1 None 33 990 0
1 None 14 992 1
1 None 13 992 0
2 None 29 992 0
1 None 32 995 1
-1 None 35 996 1
2 None 25 996 0
-1 None 16 998 1
1 None 30 998 0
1 None 18 998 0
1 None 79 1001 5
2 None 20 1001 0
1 None 105 1003 1
1 None 64 1004 4
1 None 16 1004 0
1 None 37 1004 0
-1 None 34 1007 5
2 None 27 1007 0
1 None 17 1009 1
-1 None 40 1010 1
1 None 22 1010 0
2 None 10 1010 0
0.5 None 29 1013 2
1 None 21 1013 0
1 None 21 1015 1
1 None 37 1016 1
1 None 56 1016 0
2 None 2 1016 0
-1 None 14 1019 1
1 None 36 1020 3
2 None 23 1021 2
1 None 45 1022 3
2 None 25 1023 1
1 None 7 1023 0
2 None 11 1025 1
1 None 7 1025 0
2 None 13 1025 0
2 None 19 1025 0
2 None 25 1025 0
2 None 29 1030 2
2 None 26 1030 0
1 None 38 1032 1
1 None 8 1033 1
1 None 22 1034 1
1 None 33 1035 1
1 None 18 1035 0
1 None 18 1037 1
1 None 36 1038 2
1 None 34 1038 0
1 None 54 1040 1
1 None 12 1040 0
1 None 33 1042 1
1 None 56 1043 2
2 None 8 1044 1
1 None 7 1044 0
2 None 10 1046 1
1 None 19 1046 0
2 None 32 1048 3
1 None 48 1049 1
1 None 19 1049 0
1 None 14 1049 0
2 None 24 1052 4
1 None 11 1052 0
2 None 28 1052 0
1 None 34 1052 0
-1 None 17 1056 1
2 None 38 1057 1
2 None 6 1057 0
1 None 14 1059 1
2 None 30 1060 1
1 None 26 1060 0
1 None 31 1062 1
1 None 17 1063 1
1 None 14 1063 0
1 None 12 1063 0
1 None 29 1066 2
1 None 58 1067 1
1 None 18 1068 3
2 None 12 1068 0
1 None 13 1070 1
1 None 18 1070 0
1 None 19 1070 0
1 None 13 1070 0
1 None 9 1070 0
1 None 86 1075 3
1 None 14 1076 2
1 None 8 1076 0
0.5 None 7 1078 2
1 None 15 1078 0
1 None 14 1080 2
2 None 6 1080 0
1 None 14 1082 1
1 None 31 1083 3
2 None 11 1083 0
1 None 17 1085 2
2 None 17 1086 1
1 None 10 1086 0
1 None 11 1088 1
1 None 27 1088 0
-1 None 10 1090 1
2 None 16 1091 1
1 None 23 1092 2
1 None 51 1093 2
2 None 11 1093 0
2 None 34 1095 2
1 None 16 1096 1
1 None 8 1096 0
2 None 37 1098 1
1 None 7 1099 1
1 None 34 1100 3
2 None 13 1100 0
2 None 53 1100 0
1 None 30 1103 2
1 None 21 1103 0
0.5 None 74 1105 1
1 None 12 1105 0
2 None 29 1107 1
0.5 None 33 1108 1
1 None 25 1109 1
1 None 19 1109 0
2 None 6 1109 0
1 None 28 1109 0
1 None 25 1109 0
2 None 4 1114 2
1 None 13 1114 0
1 None 37 1116 2
2 None 18 1117 1
1 None 31 1118 5
1 None 13 1118 0
2 None 9 1118 0
1 None 45 1118 0
1 None 79 1122 3
1 None 16 1123 1
1 None 57 1124 2
1 None 13 1125 1
2 None 18 1125 0
1 None 53 1127 1
2 None 6 1127 0
1 None 15 1129 1
1 None 44 1130 1
2 None 16 1130 0
1 None 12 1130 0
1 None 42 1133 1
2 None 5 1133 0
1 None 12 1133 0
2 None 10 1133 0
2 None 34 1137 1
2 None 9 1137 0
2 None 39 1139 4
1 None 28 1139 0
1 None 16 1139 0
1 None 31 1142 2
1 None 22 1142 0
1 None 10 1144 1
1 None 39 1144 0
1 None 15 1144 0
-1 None 14 1147 1
0.5 None 30 1148 1
1 None 19 1148 0
1 None 26 1150 1
2 None 32 1151 1
1 None 55 1152 1
1 None 23 1153 3
2 None 10 1153 0
-1 None 8 1155 2
1 None 34 1155 0
1 None 7 1155 0
2 None 7 1155 0
1 None 22 1155 0
1 None 8 1160 1
1 None 18 1161 1
1 None 23 1162 2
1 None 29 1162 0
2 None 20 1164 1
1 None 25 1165 1
1 None 14 1165 0
1 None 90 1167 6
2 None 32 1168 1
1 None 16 1169 2
1 None 10 1169 0
2 None 13 1171 1
1 None 19 1171 0
1 None 8 1173 1
1 None 59 1174 1
2 None 22 1174 0
1 None 17 1176 1
1 None 14 1176 0
2 None 70 1178 4
1 None 16 1179 1
1 None 13 1179 0
2 None 11 1181 1
2 None 5 1182 3
2 None 5 1182 0
1 None 18 1184 1
1 None 8 1184 0
1 None 6 1186 1
1 None 9 1186 0
-1 None 9 1188 1
2 None 16 1188 0
2 None 16 1188 0
1 None 11 1191 1
1 None 9 1192 1
2 None 43 1193 2
2 None 52 1194 2
2 None 13 1194 0
2 None 26 1196 3
1 None 21 1197 1
1 None 27 1198 2
1 None 17 1199 1
1 None 179 1200 10
1 None 101 1201 5
1 None 53 1202 2
2 None 42 1203 1
1 None 46 1204 2
1 None 14 1204 0
1 None 61 1206 4
1 None 26 1207 1
2 None 23 1208 2
1 None 19 1209 1
2 None 14 1210 1
1 None 49 1211 1
1 None 18 1211 0
1 None 8 1211 0
1 None 13 1211 0
1 None 16 1211 0
1 None 44 1216 1
2 None 5 1216 0
1 None 34 1218 2
2 None 31 1219 1
1 None 12 1220 1
1 None 17 1220 0
2 None 14 1220 0
1 None 4 1220 0
1 None 34 1220 0
1 None 49 1225 2
1 None 6 1225 0
1 None 29 1227 1
2 None 9 1228 1
1 None 8 1228 0
0.5 None 56 1230 4
-1 None 3 1231 1
2 None 9 1232 3
0.5 None 10 1232 0
1 None 12 1232 0
1 None 35 1232 0
1 None 7 1232 0
2 None 30 1232 0
1 None 21 1232 0
1 None 14 1232 0
1 None 15 1240 1
1 None 20 1241 1
2 None 9 1241 0
1 None 22 1243 1
2 None 11 1244 1
1 None 43 1245 3
2 None 9 1246 1
1 None 48 1247 1
0.5 None 17 1247 0
1 None 13 1249 2
0.5 None 3 1249 0
2 None 2 1249 0
1 None 39 1249 0
2 None 18 1253 2
2 None 5 1253 0
0.5 None 12 1253 0
2 None 46 1253 0
1 None 31 1257 5
1 None 26 1258 1
1 None 13 1258 0
0.5 None 11 1260 1
2 None 38 1261 1
2 None 25 1262 2
0.5 None 10 1262 0
1 None 27 1264 1
1 None 4 1264 0
1 None 33 1264 0
0.5 None 7 1264 0
1 None 11 1264 0
1 None 9 1269 1
1 None 4 1269 0
1 None 51 1271 1
2 None 51 1272 3
1 None 37 1272 0
1 None 38 1272 0
1 None 28 1275 1
1 None 16 1275 0
1 None 40 1277 1
1 None 15 1277 0
0.5 None 6 1277 0
1 None 29 1280 2
-1 None 19 1281 1
1 None 12 1281 0
1 None 25 1281 0
2 None 21 1284 2
2 None 13 1285 1
2 None 15 1286 1
1 None 18 1287 1
1 None 20 1288 1
1 None 14 1289 2
1 None 50 1290 4
1 None 17 1291 1
2 None 21 1291 0
1 None 13 1291 0
1 None 22 1291 0
2 None 20 1295 1
1 None 16 1295 0
1 None 17 1297 1
2 None 9 1298 1
2 None 17 1298 0
1 None 184 1300 10
1 None 89 1301 7
2 None 31 1301 0
1 None 34 1301 0
2 None 20 1301 0
2 None 7 1301 0
2 None 1 1301 0
0.5 None 22 1301 0
1 None 17 1308 1
2 None 15 1309 1
1 None 62 1309 0
1 None 26 1309 0
2 None 22 1312 1
2 None 10 1312 0
2 None 15 1312 0
1 None 11 1312 0
2 None 38 1316 3
1 None 2 1316 0
2 None 31 1318 2
1 None 10 1318 0
1 None 18 1320 1
0.5 None 53 1321 3
1 None 37 1322 1
1 None 27 1323 2
2 None 56 1324 4
1 None 21 1325 1
1 None 33 1326 2
1 None 17 1326 0
1 None 19 1328 1
1 None 61 1329 3
1 None 38 1330 1
1 None 26 1330 0
-1 None 21 1332 1
0.5 None 7 1333 1
1 None 16 1333 0
1 None 38 1333 0
1 None 27 1336 1
1 None 27 1337 4
2 None 18 1337 0
2 None 5 1337 0
1 None 19 1337 0
2 None 16 1337 0
2 None 13 1337 0
1 None 13 1337 0
-1 None 26 1344 1
2 None 1 1344 0
0.5 None 28 1346 1
1 None 39 1347 1
1 None 31 1347 0
0.5 None 5 1347 0
1 None 13 1347 0
1 None 18 1351 1
2 None 14 1351 0
0.5 None 7 1351 0
1 None 47 1354 4
1 None 28 1355 1
2 None 12 1355 0
1 None 22 1355 0
1 None 26 1358 2
1 None 28 1359 2
2 None 37 1360 2
1 None 24 1360 0
1 None 17 1362 1
2 None 32 1362 0
1 None 21 1362 0
1 None 31 1362 0
2 None 3 1362 0
1 None 17 1362 0
1 None 29 1368 1
0.5 None 8 1369 2
1 None 25 1370 1
1 None 24 1370 0
-1 None 39 1372 4
1 None 55 1373 5
1 None 11 1373 0
1 None 16 1373 0
1 None 21 1373 0
1 None 13 1373 0
2 None 33 1378 3
1 None 15 1379 3
2 None 14 1380 1
-1 None 4 1381 2
1 None 23 1381 0
1 None 19 1381 0
2 None 13 1381 0
1 None 14 1385 1
1 None 41 1385 0
1 None 30 1387 4
1 None 17 1387 0
1 None 20 1387 0
1 None 18 1390 1
2 None 12 1390 0
1 None 27 1392 3
1 None 8 1392 0
1 None 31 1392 0
2 None 23 1395 1
1 None 19 1395 0
1 None 22 1397 1
1 None 15 1398 3
1 None 30 1398 0
1 None 17 1398 0
1 None 150 1401 8
1 None 23 1402 1
1 None 32 1403 2
1 None 78 1404 3
1 None 6 1404 0
1 None 41 1406 2
1 None 23 1406 0
1 None 44 1406 0
1 None 23 1406 0
2 None 4 1406 0
2 None 14 1411 2
2 None 15 1412 1
1 None 14 1412 0
2 None 37 1414 1
1 None 45 1415 2
1 None 59 1415 0
1 None 10 1415 0
2 None 18 1418 2
1 None 13 1418 0
1 None 38 1420 2
1 None 14 1420 0
1 None 19 1422 1
1 None 26 1423 2
1 None 19 1424 1
2 None 25 1425 2
1 None 9 1426 1
2 None 23 1426 0
1 None 22 1428 1
1 None 32 1428 0
1 None 32 1428 0
-1 None 15 1431 2
0.5 None 25 1432 1
1 None 16 1433 1
-1 None 11 1434 1
1 None 17 1435 1
1 None 28 1435 0
2 None 82 1437 3
1 None 16 1437 0
1 None 29 1439 2
1 None 20 1440 1
1 None 11 1441 2
2 None 28 1442 2
1 None 37 1442 0
1 None 30 1444 1
1 None 68 1445 1
2 None 6 1445 0
2 None 4 1445 0
1 None 65 1448 1
2 None 11 1448 0
2 None 16 1448 0
0.5 None 30 1451 3
1 None 22 1452 1
2 None 31 1453 1
1 None 13 1453 0
2 None 20 1453 0
1 None 29 1456 1
1 None 33 1457 4
0.5 None 11 1458 1
-1 None 18 1459 1
2 None 32 1460 1
-1 None 27 1461 1
2 None 21 1462 1
1 None 23 1463 2
1 None 37 1463 0
1 None 26 1465 1
1 None 31 1465 0
1 None 21 1467 1
1 None 9 1468 1
1 None 13 1469 1
2 None 30 1470 1
1 None 45 1470 0
2 None 10 1470 0
2 None 53 1473 6
1 None 33 1474 2
1 None 61 1475 1
2 None 15 1476 1
1 None 17 1476 0
2 None 14 1478 2
2 None 7 1478 0
1 None 16 1478 0
2 None 25 1481 1
2 None 25 1482 1
1 None 16 1482 0
2 None 17 1484 1
1 None 25 1485 1
1 None 15 1485 0
1 None 9 1485 0
1 None 13 1485 0
1 None 16 1485 0
1 None 13 1485 0
1 None 23 1485 0
1 None 13 1485 0
1 None 21 1485 0
2 None 1 1485 0
0.5 None 16 1485 0
-1 None 35 1496 1
1 None 14 1497 1
1 None 5 1497 0
1 None 46 1497 0
1 None 37 1497 0
1 None 54 1501 2
0.5 None 9 1501 0
1 None 38 1503 2
1 None 48 1504 2
2 None 77 1505 2
1 None 9 1505 0
2 None 54 1507 2
1 None 18 1508 2
0.5 None 11 1508 0
1 None 34 1510 1
1 None 7 1510 0
0.5 None 10 1510 0
2 None 73 1513 1
1 None 21 1513 0
2 None 41 1515 2
1 None 19 1516 1
1 None 61 1517 1
0.5 None 19 1518 1
1 None 20 1519 1
1 None 15 1519 0
1 None 9 1519 0
2 None 26 1522 2
1 None 73 1523 1
1 None 25 1524 1
1 None 19 1524 0
1 None 69 1526 2
1 None 46 1527 1
1 None 23 1528 1
1 None 14 1528 0
1 None 22 1528 0
1 None 10 1531 1
1 None 13 1531 0
1 None 18 1531 0
2 None 13 1534 3
2 None 7 1534 0
2 None 7 1534 0
2 None 34 1537 1
1 None 11 1538 2
2 None 9 1538 0
2 None 14 1538 0
2 None 36 1541 1
1 None 8 1541 0
1 None 29 1543 1
1 None 21 1543 0
1 None 24 1543 0
1 None 18 1543 0
2 None 11 1543 0
1 None 20 1543 0
-1 None 26 1549 2
1 None 8 1549 0
2 None 8 1549 0
2 None 9 1549 0
2 None 28 1553 1
1 None 4 1553 0
1 None 56 1555 4
2 None 8 1556 2
1 None 11 1556 0
1 None 23 1558 1
1 None 21 1558 0
2 None 11 1558 0
2 None 16 1561 1
0.5 None 15 1561 0
1 None 29 1561 0
0.5 None 14 1561 0
2 None 19 1565 1
1 None 9 1565 0
1 None 9 1565 0
1 None 8 1565 0
2 None 34 1569 1
0.5 None 22 1569 0
1 None 38 1571 2
2 None 31 1572 1
1 None 81 1573 4
1 None 29 1573 0
-1 None 7 1575 2
1 None 13 1576 1
2 None 36 1577 1
2 None 83 1577 0
1 None 22 1577 0
-1 None 26 1580 1
1 None 16 1581 2
2 None 12 1581 0
2 None 18 1583 1
1 None 17 1584 1
1 None 32 1584 0
2 None 25 1586 1
1 None 8 1586 0
1 None 27 1588 1
2 None 25 1589 1
-1 None 9 1590 3
2 None 13 1590 0
1 None 46 1590 0
-1 None 11 1593 1
1 None 28 1593 0
0.5 None 11 1593 0
2 None 13 1593 0
-1 None 30 1597 1
1 None 15 1598 2
2 None 22 1598 0
2 None 67 1598 0
-1 None 68 1601 3
1 None 117 1602 8
2 None 52 1603 2
1 None 35 1604 3
1 None 28 1605 2
1 None 19 1605 0
2 None 13 1607 1
1 None 47 1608 3
1 None 45 1609 3
2 None 21 1609 0
1 None 47 1609 0
1 None 50 1612 2
1 None 29 1612 0
2 None 9 1612 0
1 None 39 1615 3
1 None 29 1616 2
2 None 23 1616 0
2 None 19 1618 3
1 None 18 1618 0
1 None 14 1618 0
2 None 24 1618 0
0.5 None 18 1622 1
1 None 11 1622 0
2 None 12 1624 1
2 None 23 1625 1
1 None 32 1626 1
2 None 36 1627 1
1 None 13 1627 0
1 None 38 1629 2
2 None 17 1630 3
2 None 23 1631 1
1 None 10 1631 0
2 None 1 1631 0
2 None 16 1634 1
2 None 28 1634 0
1 None 89 1634 0
1 None 27 1637 1
2 None 12 1637 0
1 None 19 1639 1
1 None 17 1639 0
2 None 34 1641 2
0.5 None 44 1642 1
1 None 11 1642 0
1 None 37 1642 0
1 None 35 1645 2
1 None 29 1645 0
2 None 15 1645 0
2 None 21 1648 2
-1 None 32 1649 1
1 None 16 1650 1
1 None 6 1650 0
1 None 27 1652 2
1 None 5 1652 0
2 None 10 1654 1
2 None 21 1655 2
1 None 31 1656 1
1 None 64 1657 1
1 None 11 1658 1
0.5 None 11 1659 1
1 None 10 1659 0
1 None 25 1659 0
1 None 18 1659 0
1 None 36 1663 4
1 None 34 1663 0
2 None 2 1663 0
1 None 8 1666 1
0.5 None 46 1667 2
-1 None 8 1668 1
1 None 21 1669 1
1 None 18 1670 1
0.5 None 17 1671 2
0.5 None 26 1672 2
1 None 17 1672 0
2 None 26 1672 0
1 None 37 1675 1
0.5 None 19 1676 1
1 None 14 1677 1
2 None 7 1677 0
1 None 14 1677 0
1 None 9 1677 0
1 None 13 1677 0
2 None 25 1677 0
0.5 None 15 1677 0
1 None 7 1677 0
2 None 21 1677 0
1 None 53 1677 0
0.5 None 31 1687 1
1 None 23 1688 1
1 None 17 1689 1
1 None 8 1689 0
2 None 13 1689 0
1 None 16 1689 0
1 None 18 1689 0
1 None 12 1694 1
1 None 18 1695 1
1 None 26 1695 0
1 None 4 1697 1
1 None 16 1698 1
2 None 31 1699 1
0.5 None 35 1700 1
1 None 33 1701 3
1 None 83 1702 2
2 None 23 1703 3
1 None 86 1704 1
2 None 41 1705 2
-1 None 46 1706 1
2 None 11 1706 0
1 None 53 1708 3
1 None 14 1708 0
2 None 26 1710 1
1 None 11 1710 0
1 None 18 1710 0
2 None 13 1710 0
1 None 22 1714 3
2 None 41 1715 2
1 None 38 1715 0
-1 None 31 1717 2
2 None 28 1718 3
1 None 22 1719 1
2 None 21 1720 2
1 None 16 1721 1
1 None 127 1722 4
1 None 23 1723 1
1 None 13 1723 0
2 None 33 1725 3
2 None 14 1726 1
2 None 53 1727 1
2 None 15 1728 1
1 None 4 1728 0
1 None 51 1730 3
2 None 19 1730 0
2 None 25 1732 1
1 None 28 1733 4
2 None 21 1734 1
1 None 22 1735 2
2 None 19 1736 1
1 None 25 1737 1
1 None 14 1738 1
2 None 17 1739 1
2 None 17 1739 0
2 None 22 1741 2
1 None 19 1741 0
1 None 17 1741 0
1 None 18 1741 0
2 None 26 1741 0
1 None 21 1741 0
1 None 21 1741 0
2 None 9 1748 2
2 None 25 1749 2
2 None 13 1749 0
1 None 22 1751 1
0.5 None 12 1752 1
2 None 15 1753 1
2 None 19 1754 2
1 None 21 1755 1
2 None 24 1756 2
1 None 21 1757 2
1 None 22 1758 1
-1 None 10 1759 2
2 None 16 1760 1
1 None 22 1761 2
1 None 25 1762 1
1 None 14 1762 0
1 None 14 1764 1
0.5 None 7 1764 0
2 None 10 1764 0
1 None 29 1767 1
1 None 42 1768 4
1 None 23 1769 1
2 None 19 1770 1
1 None 15 1771 2
1 None 18 1771 0
1 None 44 1773 2
2 None 12 1773 0
1 None 6 1773 0
1 None 13 1773 0
1 None 34 1777 1
2 None 23 1778 2
2 None 21 1778 0
1 None 12 1778 0
2 None 14 1778 0
1 None 24 1778 0
-1 None 36 1783 2
2 None 13 1783 0
1 None 6 1783 0
1 None 54 1786 2
1 None 10 1787 1
1 None 54 1788 2
1 None 25 1789 1
1 None 33 1790 2
2 None 4 1790 0
1 None 32 1792 2
1 None 27 1792 0
1 None 8 1792 0
0.5 None 17 1795 1
1 None 8 1795 0
0.5 None 29 1797 1
1 None 9 1797 0
