2 None 25 178 3
2 None 27 179 2
2 None 26 180 4
1 None 13 180 0
2 None 31 182 5
0.5 None 31 183 2
1 None 31 183 0
2 None 12 183 0
2 None 7 183 0
2 None 32 187 1
1 None 12 188 2
0.5 None 26 189 4
2 None 14 189 0
-1 None 33 191 5
2 None 14 191 0
2 None 13 191 0
0.5 None 29 194 1
1 None 32 195 2
1 None 35 196 2
2 None 25 196 0
2 None 16 198 1
1 None 30 199 1
0.5 None 18 200 2
0.5 None 79 201 2
0.5 None 20 202 1
0.5 None 105 203 7
2 None 64 204 4
2 None 16 205 2
2 None 37 205 0
2 None 34 207 5
2 None 27 208 3
0.5 None 17 209 1
2 None 40 210 3
2 None 22 210 0
2 None 10 210 0
0.5 None 29 213 2
1 None 21 214 1
2 None 21 215 2
2 None 37 216 1
2 None 56 217 6
2 None 2 217 0
2 None 14 219 1
2 None 36 220 2
0.5 None 23 221 2
2 None 45 222 2
2 None 25 223 1
-1 None 7 224 1
0.5 None 11 224 0
2 None 7 226 2
2 None 13 226 0
1 None 19 226 0
2 None 25 229 3
1 None 29 229 0
2 None 26 231 3
2 None 38 232 4
1 None 8 233 1
-1 None 22 234 4
2 None 33 235 1
1 None 18 236 1
1 None 18 237 1
1 None 36 238 1
1 None 34 239 3
2 None 54 240 3
1 None 12 241 1
2 None 33 242 3
1 None 56 242 0
1 None 8 244 1
0.5 None 7 244 0
1 None 10 244 0
2 None 19 247 3
0.5 None 32 248 1
2 None 48 249 1
2 None 19 250 1
2 None 14 251 1
1 None 24 252 3
1 None 11 253 1
1 None 28 254 2
1 None 34 255 1
2 None 17 255 0
2 None 38 255 0
2 None 6 255 0
2 None 14 255 0
1 None 30 260 3
-1 None 26 261 2
2 None 31 262 2
2 None 17 263 1
1 None 14 263 0
2 None 12 265 1
1 None 29 266 3
0.5 None 58 267 2
2 None 18 267 0
0.5 None 12 269 1
2 None 13 269 0
1 None 18 271 3
2 None 19 271 0
2 None 13 273 1
2 None 9 274 2
1 None 86 275 4
2 None 14 275 0
0.5 None 8 277 1
1 None 7 277 0
1 None 15 277 0
1 None 14 280 1
2 None 6 280 0
0.5 None 14 282 1
2 None 31 283 3
1 None 11 283 0
2 None 17 283 0
0.5 None 17 283 0
0.5 None 10 287 1
2 None 11 288 1
0.5 None 27 289 2
1 None 10 289 0
2 None 16 291 1
2 None 23 292 1
1 None 51 293 3
2 None 11 294 1
0.5 None 34 295 4
2 None 16 296 1
0.5 None 8 297 1
2 None 37 297 0
2 None 7 297 0
1 None 34 300 2
0.5 None 13 301 1
2 None 53 302 2
1 None 30 303 1
0.5 None 21 304 1
1 None 74 305 6
2 None 12 306 2
1 None 29 307 1
0.5 None 33 307 0
2 None 25 309 2
2 None 19 310 1
1 None 6 310 0
2 None 28 312 3
0.5 None 25 312 0
1 None 4 312 0
2 None 13 312 0
2 None 37 316 3
0.5 None 18 316 0
1 None 31 318 1
0.5 None 13 318 0
0.5 None 9 320 1
2 None 45 321 5
2 None 79 322 4
1 None 16 323 2
1 None 57 324 6
2 None 13 324 0
0.5 None 18 326 2
2 None 53 327 3
1 None 6 328 1
1 None 15 328 0
2 None 44 330 2
2 None 16 331 2
2 None 12 331 0
0.5 None 42 333 3
1 None 5 333 0
2 None 12 335 1
1 None 10 335 0
2 None 34 337 1
2 None 9 337 0
2 None 39 339 2
-1 None 28 340 1
0.5 None 16 341 3
0.5 None 31 342 3
1 None 22 342 0
2 None 10 342 0
1 None 39 345 2
1 None 15 345 0
2 None 14 347 1
2 None 30 347 0
1 None 19 349 1
2 None 26 350 2
1 None 32 351 1
0.5 None 55 352 4
2 None 23 353 1
2 None 10 354 1
0.5 None 8 354 0
1 None 34 356 3
2 None 7 357 1
0.5 None 7 357 0
-1 None 22 359 2
0.5 None 8 359 0
2 None 18 361 5
2 None 23 361 0
0.5 None 29 363 2
2 None 20 364 2
2 None 25 365 1
1 None 14 366 1
1 None 90 367 3
2 None 32 367 0
2 None 16 369 2
2 None 10 370 1
2 None 13 371 2
2 None 19 371 0
2 None 8 373 1
1 None 59 374 1
0.5 None 22 375 2
2 None 17 376 1
1 None 14 377 1
2 None 70 378 4
1 None 16 379 1
1 None 13 380 1
0.5 None 11 381 1
1 None 5 381 0
2 None 5 381 0
1 None 18 384 2
1 None 8 384 0
1 None 6 384 0
2 None 9 384 0
2 None 9 384 0
0.5 None 16 384 0
0.5 None 16 390 2
2 None 11 391 1
1 None 9 391 0
2 None 43 391 0
1 None 52 394 5
1 None 13 394 0
2 None 26 396 1
2 None 21 397 2
2 None 27 398 2
0.5 None 17 398 0
2 None 179 400 3
2 None 101 401 10
2 None 53 402 6
0.5 None 42 402 0
0.5 None 46 404 2
2 None 14 404 0
-1 None 61 406 3
2 None 26 406 0
-1 None 23 408 3
2 None 19 409 1
2 None 14 409 0
2 None 49 411 2
2 None 18 412 1
0.5 None 8 412 0
2 None 13 412 0
0.5 None 16 415 1
2 None 44 415 0
2 None 5 417 1
1 None 34 418 2
1 None 31 419 1
-1 None 12 420 1
2 None 17 421 2
2 None 14 421 0
1 None 4 423 2
-1 None 34 424 2
0.5 None 49 425 5
2 None 6 425 0
2 None 29 427 3
2 None 9 427 0
-1 None 8 429 1
2 None 56 430 3
1 None 3 430 0
2 None 9 430 0
2 None 10 430 0
2 None 12 430 0
2 None 35 435 2
0.5 None 7 436 2
2 None 30 437 1
0.5 None 21 438 1
0.5 None 14 439 2
2 None 15 440 1
2 None 20 441 1
1 None 9 441 0
1 None 22 443 3
2 None 11 443 0
0.5 None 43 445 1
2 None 9 445 0
2 None 48 447 6
0.5 None 17 448 1
1 None 13 448 0
0.5 None 3 448 0
2 None 2 448 0
1 None 39 452 2
0.5 None 18 452 0
2 None 5 454 3
2 None 12 455 1
2 None 46 455 0
1 None 31 457 1
2 None 26 457 0
1 None 13 457 0
1 None 11 457 0
2 None 38 461 1
2 None 25 462 3
2 None 10 462 0
2 None 27 464 1
1 None 4 464 0
2 None 33 464 0
2 None 7 464 0
2 None 11 464 0
1 None 9 464 0
2 None 4 464 0
1 None 51 471 3
0.5 None 51 472 5
2 None 37 473 1
2 None 38 474 2
2 None 28 475 1
0.5 None 16 475 0
2 None 40 477 1
0.5 None 15 478 1
2 None 6 479 3
-1 None 29 480 4
1 None 19 481 1
-1 None 12 482 3
2 None 25 483 2
2 None 21 483 0
1 None 13 483 0
2 None 15 483 0
0.5 None 18 483 0
-1 None 20 488 1
0.5 None 14 488 0
2 None 50 490 2
-1 None 17 491 1
2 None 21 492 1
1 None 13 493 2
0.5 None 22 494 1
-1 None 20 495 4
2 None 16 496 2
2 None 17 497 3
1 None 9 497 0
2 None 17 499 2
0.5 None 184 500 11
2 None 89 501 5
2 None 31 501 0
0.5 None 34 503 1
1 None 20 504 1
1 None 7 504 0
2 None 1 504 0
2 None 22 507 2
2 None 17 507 0
2 None 15 509 2
2 None 62 510 3
2 None 26 511 2
0.5 None 22 512 2
2 None 10 512 0
1 None 15 514 2
-1 None 11 515 1
2 None 38 516 4
1 None 2 516 0
2 None 31 518 2
0.5 None 10 519 1
1 None 18 520 2
2 None 53 520 0
2 None 37 522 3
2 None 27 522 0
0.5 None 56 524 1
0.5 None 21 525 1
2 None 33 526 2
2 None 17 527 1
2 None 19 528 6
2 None 61 529 3
2 None 38 530 1
0.5 None 26 531 2
2 None 21 532 1
0.5 None 7 532 0
0.5 None 16 532 0
0.5 None 38 535 5
0.5 None 27 536 4
2 None 27 537 1
2 None 18 538 1
1 None 5 539 1
0.5 None 19 540 1
1 None 16 541 2
2 None 13 541 0
1 None 13 541 0
0.5 None 26 541 0
1 None 1 541 0
2 None 28 541 0
2 None 39 547 1
1 None 31 548 1
1 None 5 548 0
2 None 13 548 0
2 None 18 548 0
2 None 14 552 2
2 None 7 553 1
2 None 47 554 5
2 None 28 555 2
2 None 12 556 1
2 None 22 557 2
1 None 26 558 1
2 None 28 558 0
1 None 37 558 0
2 None 24 561 1
2 None 17 562 2
2 None 32 563 2
1 None 21 564 4
1 None 31 564 0
1 None 3 566 1
2 None 17 567 1
1 None 29 568 1
1 None 8 569 1
2 None 25 569 0
2 None 24 571 3
0.5 None 39 572 1
2 None 55 573 2
2 None 11 573 0
2 None 16 575 1
1 None 21 576 1
2 None 13 576 0
2 None 33 576 0
1 None 15 576 0
2 None 14 576 0
1 None 4 576 0
2 None 23 582 2
1 None 19 582 0
2 None 13 582 0
1 None 14 582 0
0.5 None 41 586 1
0.5 None 30 587 3
1 None 17 588 2
2 None 20 589 1
1 None 18 590 1
2 None 12 591 1
2 None 27 592 1
1 None 8 592 0
0.5 None 31 594 1
1 None 23 595 1
0.5 None 19 595 0
-1 None 22 597 3
1 None 15 598 1
0.5 None 30 599 1
2 None 17 600 1
2 None 150 601 5
1 None 23 602 2
0.5 None 32 602 0
2 None 78 604 4
-1 None 6 605 1
0.5 None 41 606 1
0.5 None 23 607 1
2 None 44 608 4
2 None 23 609 1
2 None 4 609 0
2 None 14 611 1
2 None 15 611 0
2 None 14 613 2
2 None 37 613 0
1 None 45 615 1
0.5 None 59 616 7
2 None 10 616 0
2 None 18 616 0
2 None 13 619 1
0.5 None 38 620 1
2 None 14 620 0
2 None 19 622 1
2 None 26 623 1
2 None 19 623 0
-1 None 25 625 5
1 None 9 625 0
0.5 None 23 627 1
2 None 22 627 0
1 None 32 627 0
1 None 32 627 0
0.5 None 15 627 0
2 None 25 627 0
1 None 16 627 0
0.5 None 11 634 1
2 None 17 635 1
1 None 28 636 2
2 None 82 637 2
0.5 None 16 638 1
2 None 29 638 0
1 None 20 640 1
2 None 11 641 2
1 None 28 642 4
2 None 37 643 3
2 None 30 644 2
1 None 68 645 1
1 None 6 645 0
1 None 4 645 0
2 None 65 648 2
2 None 11 649 1
2 None 16 649 0
1 None 30 651 2
2 None 22 652 1
2 None 31 653 1
2 None 13 654 1
1 None 20 655 1
2 None 29 656 1
1 None 33 656 0
2 None 11 656 0
1 None 18 659 2
-1 None 32 660 1
1 None 27 660 0
2 None 21 660 0
2 None 23 660 0
2 None 37 660 0
0.5 None 26 660 0
1 None 31 666 3
2 None 21 667 4
1 None 9 667 0
2 None 13 667 0
2 None 30 667 0
1 None 45 671 2
0.5 None 10 671 0
2 None 53 673 1
2 None 33 673 0
0.5 None 61 675 2
-1 None 15 676 1
2 None 17 676 0
-1 None 14 678 2
2 None 7 679 1
2 None 16 679 0
2 None 25 681 1
2 None 25 681 0
2 None 16 683 1
2 None 17 684 1
2 None 25 685 1
1 None 15 685 0
0.5 None 9 685 0
1 None 13 688 1
1 None 16 689 1
0.5 None 13 689 0
1 None 23 689 0
2 None 13 689 0
2 None 21 693 1
1 None 1 693 0
2 None 16 693 0
0.5 None 35 696 1
2 None 14 697 2
2 None 5 697 0
1 None 46 699 3
2 None 37 699 0
2 None 54 699 0
0.5 None 9 699 0
2 None 38 703 1
1 None 48 704 2
-1 None 77 705 8
1 None 9 705 0
0.5 None 54 707 2
1 None 18 708 1
0.5 None 11 708 0
0.5 None 34 710 4
1 None 7 710 0
0.5 None 10 710 0
0.5 None 73 713 5
0.5 None 21 713 0
1 None 41 713 0
2 None 19 716 2
2 None 61 717 4
2 None 19 718 2
1 None 20 718 0
2 None 15 718 0
2 None 9 718 0
0.5 None 26 718 0
2 None 73 723 2
2 None 25 724 2
1 None 19 725 1
2 None 69 726 2
-1 None 46 727 2
1 None 23 728 1
0.5 None 14 729 2
2 None 22 730 2
0.5 None 10 730 0
0.5 None 13 732 1
1 None 18 732 0
2 None 13 732 0
1 None 7 732 0
2 None 7 732 0
2 None 34 737 3
0.5 None 11 737 0
1 None 9 737 0
1 None 14 737 0
2 None 36 741 3
2 None 8 742 1
0.5 None 29 743 3
2 None 21 743 0
2 None 24 745 2
0.5 None 18 745 0
2 None 11 745 0
0.5 None 20 748 1
2 None 26 748 0
1 None 8 748 0
1 None 8 751 2
-1 None 9 752 1
0.5 None 28 752 0
2 None 4 752 0
0.5 None 56 752 0
1 None 8 752 0
2 None 11 752 0
1 None 23 758 1
1 None 21 758 0
1 None 11 758 0
1 None 16 761 2
2 None 15 762 2
0.5 None 29 763 1
1 None 14 763 0
-1 None 19 765 1
2 None 9 766 2
1 None 9 767 2
2 None 8 767 0
2 None 34 767 0
2 None 22 767 0
2 None 38 771 2
2 None 31 772 2
-1 None 81 773 3
1 None 29 774 1
2 None 7 775 1
2 None 13 776 2
0.5 None 36 777 2
2 None 83 778 4
2 None 22 778 0
1 None 26 780 2
2 None 16 780 0
1 None 12 780 0
2 None 18 780 0
-1 None 17 784 3
1 None 32 785 1
2 None 25 785 0
1 None 8 787 1
2 None 27 788 1
1 None 25 789 1
2 None 9 789 0
0.5 None 13 789 0
2 None 46 792 2
1 None 11 792 0
2 None 28 794 1
1 None 11 794 0
2 None 13 794 0
0.5 None 30 797 1
1 None 15 798 2
2 None 22 799 1
1 None 67 800 1
2 None 68 801 6
1 None 117 802 3
0.5 None 52 803 1
0.5 None 35 804 2
2 None 28 804 0
1 None 19 804 0
2 None 13 807 2
0.5 None 47 807 0
2 None 45 809 1
0.5 None 21 809 0
1 None 47 811 3
-1 None 50 812 5
2 None 29 813 1
2 None 9 813 0
0.5 None 39 815 2
1 None 29 815 0
0.5 None 23 815 0
0.5 None 19 818 1
2 None 18 818 0
0.5 None 14 818 0
1 None 24 821 2
1 None 18 821 0
1 None 11 821 0
0.5 None 12 824 1
2 None 23 825 3
1 None 32 825 0
2 None 36 827 2
2 None 13 827 0
2 None 38 829 5
0.5 None 17 829 0
0.5 None 23 831 3
2 None 10 831 0
0.5 None 1 831 0
2 None 16 831 0
1 None 28 835 2
1 None 89 836 4
2 None 27 836 0
1 None 12 836 0
1 None 19 836 0
2 None 17 840 1
2 None 34 841 2
2 None 44 842 2
1 None 11 842 0
2 None 37 844 3
1 None 35 845 1
2 None 29 845 0
-1 None 15 847 4
0.5 None 21 848 1
-1 None 32 849 4
2 None 16 850 1
2 None 6 851 1
0.5 None 27 851 0
2 None 5 853 1
2 None 10 853 0
0.5 None 21 855 1
0.5 None 31 856 1
2 None 64 857 2
1 None 11 857 0
0.5 None 11 859 1
2 None 10 859 0
2 None 25 861 2
2 None 18 862 1
0.5 None 36 863 2
0.5 None 34 864 2
0.5 None 2 864 0
2 None 8 864 0
2 None 46 867 4
1 None 8 867 0
0.5 None 21 869 1
0.5 None 18 869 0
2 None 17 871 1
2 None 26 872 1
1 None 17 873 1
2 None 26 874 1
1 None 37 875 1
2 None 19 876 1
2 None 14 876 0
2 None 7 876 0
2 None 14 876 0
2 None 9 880 1
1 None 13 880 0
2 None 25 882 1
2 None 15 883 2
2 None 7 883 0
0.5 None 21 883 0
2 None 53 886 4
-1 None 31 887 1
2 None 23 887 0
2 None 17 887 0
2 None 8 887 0
2 None 13 891 1
-1 None 16 892 1
2 None 18 893 1
1 None 12 893 0
1 None 18 893 0
2 None 26 896 3
2 None 4 896 0
2 None 16 896 0
2 None 31 899 1
2 None 35 899 0
1 None 33 901 1
1 None 83 902 1
1 None 23 902 0
1 None 86 904 2
1 None 41 905 3
0.5 None 46 906 2
2 None 11 906 0
2 None 53 906 0
1 None 14 906 0
0.5 None 26 910 5
0.5 None 11 910 0
2 None 18 912 1
2 None 13 913 2
2 None 22 913 0
2 None 41 915 1
0.5 None 38 916 3
1 None 31 917 1
2 None 28 918 1
0.5 None 22 918 0
2 None 21 920 1
2 None 16 920 0
2 None 127 922 10
2 None 23 923 1
1 None 13 923 0
2 None 33 925 1
2 None 14 926 2
2 None 53 927 2
2 None 15 928 1
1 None 4 928 0
1 None 51 930 3
2 None 19 931 2
2 None 25 932 1
-1 None 28 933 1
2 None 21 934 1
1 None 22 935 1
2 None 19 936 1
2 None 25 936 0
2 None 14 938 1
-1 None 17 939 1
0.5 None 17 940 2
1 None 22 940 0
0.5 None 19 940 0
2 None 17 940 0
1 None 18 944 1
0.5 None 26 944 0
2 None 21 946 4
1 None 21 947 1
0.5 None 9 947 0
0.5 None 25 949 1
2 None 13 949 0
2 None 22 951 1
2 None 12 951 0
-1 None 15 953 1
2 None 19 954 1
2 None 21 954 0
1 None 24 954 0
1 None 21 954 0
2 None 22 954 0
2 None 10 954 0
1 None 16 960 1
1 None 22 961 2
-1 None 25 962 1
1 None 14 962 0
2 None 14 962 0
2 None 7 962 0
1 None 10 962 0
2 None 29 967 1
0.5 None 42 967 0
2 None 23 967 0
2 None 19 967 0
1 None 15 971 1
0.5 None 18 971 0
2 None 44 971 0
1 None 12 971 0
0.5 None 6 971 0
2 None 13 971 0
1 None 34 977 1
2 None 23 978 3
1 None 21 979 1
1 None 12 979 0
0.5 None 14 981 1
2 None 24 982 2
0.5 None 36 983 2
2 None 13 983 0
-1 None 6 985 1
0.5 None 54 985 0
2 None 10 985 0
1 None 54 985 0
2 None 25 985 0
2 None 33 985 0
1 None 4 985 0
0.5 None 32 985 0
1 None 27 985 0
2 None 8 985 0
2 None 17 985 0
1 None 8 985 0
2 None 29 985 0
1 None 9 985 0
