12 35 25 77 0
2 20 27 79 4
12 25 26 80 5
12 20 13 81 1
2 20 31 81 0
12 50 31 81 0
12 35 31 84 3
12 25 12 85 2
12 30 7 85 0
12 40 32 87 4
12 20 12 87 0
12 45 26 87 0
12 35 14 90 1
12 35 33 91 1
12 25 14 92 1
12 30 13 93 3
12 50 29 94 3
2 20 32 95 3
2 20 35 96 2
12 35 25 97 3
12 45 16 98 1
12 30 30 99 6
2 None 18 100 1
0.5 None 79 101 6
0.5 None 20 102 3
2 None 105 103 11
2 None 64 104 5
-1 None 16 105 2
1 None 37 106 1
2 None 34 107 6
-1 None 27 108 6
0.5 None 17 109 2
0.5 None 40 109 0
-1 None 22 111 3
2 None 10 112 1
1 None 29 113 6
2 None 21 114 2
2 None 21 115 2
2 None 37 116 3
1 None 56 117 4
1 None 2 117 0
1 None 14 119 2
2 None 36 120 3
2 None 23 121 2
2 None 45 122 6
2 None 25 123 3
-1 None 7 124 3
-1 None 11 125 2
1 None 7 125 0
1 None 13 127 2
1 None 19 128 1
1 None 25 129 2
1 None 29 130 4
1 None 26 131 3
1 None 38 132 1
2 None 8 132 0
1 None 22 132 0
1 None 33 135 2
1 None 18 136 1
1 None 18 136 0
2 None 36 138 3
2 None 34 139 3
1 None 54 140 3
1 None 12 141 1
1 None 33 141 0
1 None 56 143 2
2 None 8 143 0
1 None 7 143 0
1 None 10 143 0
2 None 19 147 1
0.5 None 32 148 1
-1 None 48 149 9
1 None 19 150 2
2 None 14 151 1
-1 None 24 152 2
2 None 11 153 3
1 None 28 154 5
-1 None 34 155 7
1 None 17 156 2
1 None 38 157 5
1 None 6 157 0
2 None 14 159 2
0.5 None 30 159 0
2 None 26 161 2
2 None 31 162 3
1 None 17 163 1
1 None 14 164 1
2 None 12 164 0
2 None 29 166 3
-1 None 58 167 8
2 None 18 168 3
-1 None 12 169 1
0.5 None 13 169 0
1 None 18 171 5
0.5 None 19 172 5
2 None 13 173 1
2 None 9 173 0
0.5 None 86 175 3
2 None 14 175 0
1 None 8 175 0
1 None 7 175 0
1 None 15 179 2
2 None 14 179 0
2 None 6 179 0
2 None 14 179 0
1 None 31 183 2
2 None 11 183 0
2 None 17 185 1
2 None 17 186 3
2 None 10 186 0
2 None 11 186 0
2 None 27 189 1
1 None 10 190 1
1 None 16 191 2
1 None 23 191 0
1 None 51 193 9
0.5 None 11 194 1
2 None 34 195 2
1 None 16 196 1
1 None 8 196 0
2 None 37 198 3
1 None 7 198 0
2 None 34 200 3
2 None 13 201 1
1 None 53 202 4
2 None 30 202 0
1 None 21 204 2
1 None 74 205 9
1 None 12 205 0
2 None 29 207 1
0.5 None 33 208 3
1 None 25 209 3
1 None 19 210 2
2 None 6 210 0
1 None 28 210 0
0.5 None 25 213 2
2 None 4 213 0
1 None 13 215 1
1 None 37 215 0
1 None 18 217 1
1 None 31 217 0
2 None 13 217 0
1 None 9 217 0
1 None 45 221 4
1 None 79 222 4
1 None 16 222 0
1 None 57 224 1
2 None 13 225 3
1 None 18 226 1
2 None 53 227 2
1 None 6 228 1
2 None 15 229 1
2 None 44 230 4
1 None 16 231 1
0.5 None 12 231 0
1 None 42 233 3
-1 None 5 234 1
1 None 12 235 1
0.5 None 10 236 1
0.5 None 34 237 4
1 None 9 237 0
1 None 39 239 1
2 None 28 240 2
1 None 16 240 0
0.5 None 31 242 3
1 None 22 242 0
2 None 10 242 0
1 None 39 245 2
1 None 15 246 3
1 None 14 247 1
1 None 30 248 1
1 None 19 249 2
-1 None 26 250 1
1 None 32 250 0
2 None 55 252 1
1 None 23 252 0
1 None 10 254 1
0.5 None 8 254 0
2 None 34 256 2
2 None 7 256 0
1 None 7 256 0
1 None 22 259 1
1 None 8 259 0
-1 None 18 261 3
1 None 23 262 1
2 None 29 263 3
1 None 20 263 0
1 None 25 265 1
2 None 14 265 0
2 None 90 267 6
1 None 32 268 3
1 None 16 269 1
1 None 10 269 0
2 None 13 271 3
0.5 None 19 271 0
1 None 8 271 0
0.5 None 59 274 3
1 None 22 275 2
1 None 17 275 0
1 None 14 275 0
1 None 70 278 2
1 None 16 279 1
2 None 13 280 1
-1 None 11 281 1
1 None 5 281 0
2 None 5 281 0
0.5 None 18 284 1
1 None 8 285 1
-1 None 6 286 3
2 None 9 286 0
-1 None 9 288 1
1 None 16 288 0
0.5 None 16 288 0
1 None 11 288 0
2 None 9 292 2
1 None 43 293 4
1 None 52 294 3
2 None 13 294 0
2 None 26 296 3
1 None 21 297 3
0.5 None 27 298 2
1 None 17 298 0
1 None 179 300 19
1 None 101 301 4
1 None 53 302 2
1 None 42 303 2
0.5 None 46 304 4
2 None 14 304 0
2 None 61 306 3
1 None 26 306 0
1 None 23 308 2
1 None 19 308 0
1 None 14 308 0
2 None 49 311 3
1 None 18 312 1
1 None 8 312 0
1 None 13 312 0
1 None 16 315 1
1 None 44 316 4
2 None 5 316 0
1 None 34 318 3
1 None 31 319 1
1 None 12 320 3
2 None 17 320 0
0.5 None 14 320 0
1 None 4 323 1
1 None 34 324 5
1 None 49 325 1
2 None 6 326 2
1 None 29 327 3
1 None 9 327 0
1 None 8 329 1
1 None 56 330 3
1 None 3 331 1
1 None 9 332 1
0.5 None 10 332 0
0.5 None 12 332 0
2 None 35 335 4
2 None 7 336 1
1 None 30 337 1
2 None 21 337 0
2 None 14 339 1
1 None 15 340 1
1 None 20 340 0
1 None 9 340 0
2 None 22 343 2
1 None 11 344 2
2 None 43 345 1
2 None 9 345 0
1 None 48 347 3
1 None 17 347 0
2 None 13 347 0
2 None 3 347 0
2 None 2 347 0
1 None 39 352 2
0.5 None 18 352 0
1 None 5 354 2
1 None 12 355 2
1 None 46 356 3
1 None 31 356 0
1 None 26 358 2
-1 None 13 359 2
1 None 11 360 1
0.5 None 38 361 1
1 None 25 361 0
2 None 10 361 0
1 None 27 364 1
1 None 4 364 0
1 None 33 366 4
2 None 7 367 1
2 None 11 367 0
1 None 9 367 0
1 None 4 370 1
2 None 51 371 1
1 None 51 372 3
0.5 None 37 373 2
1 None 38 374 4
1 None 28 375 3
1 None 16 376 1
1 None 40 376 0
1 None 15 376 0
2 None 6 376 0
1 None 29 380 1
-1 None 19 381 1
1 None 12 381 0
2 None 25 383 3
0.5 None 21 384 2
0.5 None 13 385 2
2 None 15 385 0
1 None 18 387 1
1 None 20 387 0
2 None 14 387 0
2 None 50 390 3
2 None 17 390 0
0.5 None 21 392 1
1 None 13 393 1
0.5 None 22 394 2
1 None 20 395 1
2 None 16 396 2
1 None 17 396 0
0.5 None 9 396 0
2 None 17 396 0
2 None 184 400 10
2 None 89 401 7
1 None 31 401 0
-1 None 34 403 2
1 None 20 404 2
1 None 7 405 1
-1 None 1 406 1
0.5 None 22 407 1
2 None 17 408 1
1 None 15 408 0
0.5 None 62 410 1
2 None 26 411 1
1 None 22 412 1
1 None 10 413 2
1 None 15 414 2
2 None 11 414 0
2 None 38 416 5
2 None 2 416 0
1 None 31 416 0
1 None 10 416 0
-1 None 18 420 1
2 None 53 421 5
2 None 37 422 1
1 None 27 422 0
1 None 56 424 5
1 None 21 425 7
1 None 33 426 1
1 None 17 426 0
1 None 19 428 1
0.5 None 61 429 3
1 None 38 430 1
1 None 26 431 2
1 None 21 431 0
2 None 7 431 0
1 None 16 431 0
1 None 38 435 1
1 None 27 436 1
1 None 27 437 1
1 None 18 437 0
1 None 5 437 0
1 None 19 437 0
-1 None 16 441 2
1 None 13 442 2
1 None 13 442 0
1 None 26 444 1
2 None 1 444 0
1 None 28 446 2
1 None 39 447 3
1 None 31 448 2
1 None 5 449 1
2 None 13 449 0
1 None 18 449 0
1 None 14 449 0
2 None 7 449 0
1 None 47 449 0
1 None 28 449 0
1 None 12 449 0
2 None 22 457 1
1 None 26 457 0
-1 None 28 459 3
1 None 37 459 0
1 None 24 459 0
0.5 None 17 459 0
1 None 32 463 5
-1 None 21 464 1
2 None 31 465 1
1 None 3 465 0
1 None 17 465 0
2 None 29 468 1
1 None 8 469 1
1 None 25 470 1
1 None 24 470 0
1 None 39 472 2
1 None 55 473 1
1 None 11 473 0
1 None 16 473 0
1 None 21 476 2
2 None 13 477 1
1 None 33 477 0
1 None 15 477 0
2 None 14 480 2
1 None 4 480 0
2 None 23 480 0
2 None 19 483 3
1 None 13 484 1
1 None 14 484 0
1 None 41 486 3
1 None 30 487 1
2 None 17 487 0
1 None 20 487 0
0.5 None 18 487 0
1 None 12 487 0
0.5 None 27 492 1
1 None 8 492 0
2 None 31 494 1
0.5 None 23 495 2
1 None 19 496 1
1 None 22 497 2
1 None 15 497 0
1 None 30 497 0
1 None 17 500 1
1 None 150 501 1
1 None 23 502 1
1 None 32 502 0
0.5 None 78 504 1
1 None 6 504 0
-1 None 41 506 5
1 None 23 507 1
1 None 44 508 4
1 None 23 509 1
1 None 4 509 0
1 None 14 509 0
2 None 15 512 2
1 None 14 512 0
2 None 37 514 2
1 None 45 515 3
-1 None 59 516 6
-1 None 10 517 1
1 None 18 518 1
2 None 13 518 0
2 None 38 520 1
2 None 14 520 0
2 None 19 520 0
2 None 26 520 0
1 None 19 520 0
2 None 25 525 3
2 None 9 525 0
1 None 23 525 0
1 None 22 525 0
1 None 32 529 2
1 None 32 530 3
2 None 15 531 2
2 None 25 532 1
2 None 16 532 0
1 None 11 532 0
1 None 17 532 0
-1 None 28 536 3
1 None 82 537 6
0.5 None 16 537 0
0.5 None 29 539 4
1 None 20 539 0
2 None 11 541 1
1 None 28 542 3
0.5 None 37 543 2
1 None 30 544 2
2 None 68 545 1
2 None 6 545 0
2 None 4 545 0
2 None 65 548 1
2 None 11 548 0
2 None 16 550 1
0.5 None 30 550 0
1 None 22 552 3
1 None 31 552 0
1 None 13 552 0
1 None 20 555 1
1 None 29 555 0
1 None 33 557 2
2 None 11 558 1
1 None 18 559 2
1 None 32 559 0
1 None 27 561 1
1 None 21 562 1
1 None 23 563 2
1 None 37 564 2
2 None 26 564 0
1 None 31 566 3
2 None 21 567 1
1 None 9 568 1
1 None 13 569 1
2 None 30 570 2
1 None 45 571 1
1 None 10 571 0
1 None 53 573 2
1 None 33 574 1
1 None 61 575 4
1 None 15 576 1
2 None 17 577 1
0.5 None 14 577 0
1 None 7 577 0
1 None 16 580 1
2 None 25 581 3
1 None 25 582 3
2 None 16 582 0
1 None 17 584 1
1 None 25 584 0
2 None 15 586 1
2 None 9 586 0
1 None 13 586 0
1 None 16 589 1
1 None 13 589 0
2 None 23 589 0
-1 None 13 592 1
2 None 21 592 0
2 None 1 592 0
1 None 16 595 1
1 None 35 595 0
0.5 None 14 595 0
1 None 5 595 0
1 None 46 599 3
2 None 37 600 2
2 None 54 601 1
1 None 9 601 0
2 None 38 603 1
1 None 48 604 2
2 None 77 605 3
-1 None 9 606 1
1 None 54 607 5
1 None 18 608 1
1 None 11 608 0
0.5 None 34 610 1
2 None 7 611 1
1 None 10 611 0
1 None 73 613 5
2 None 21 613 0
1 None 41 615 1
1 None 19 615 0
1 None 61 617 1
2 None 19 617 0
1 None 20 617 0
1 None 15 617 0
0.5 None 9 617 0
2 None 26 622 4
2 None 73 623 5
0.5 None 25 624 1
1 None 19 625 2
1 None 69 626 1
1 None 46 627 3
1 None 23 628 2
1 None 14 628 0
1 None 22 630 3
1 None 10 630 0
1 None 13 632 1
1 None 18 632 0
2 None 13 632 0
1 None 7 632 0
2 None 7 632 0
1 None 34 637 1
1 None 11 637 0
2 None 9 639 1
1 None 14 640 1
1 None 36 641 3
1 None 8 641 0
1 None 29 643 1
2 None 21 643 0
1 None 24 643 0
1 None 18 646 1
1 None 11 646 0
2 None 20 648 1
0.5 None 26 648 0
1 None 8 648 0
1 None 8 648 0
-1 None 9 652 1
1 None 28 653 2
1 None 4 653 0
1 None 56 655 3
1 None 8 655 0
2 None 11 655 0
1 None 23 658 1
2 None 21 659 3
2 None 11 659 0
1 None 16 659 0
1 None 15 662 1
2 None 29 663 4
1 None 14 664 1
1 None 19 665 2
2 None 9 666 1
2 None 9 667 1
1 None 8 667 0
1 None 34 669 2
1 None 22 670 1
1 None 38 671 2
1 None 31 672 1
1 None 81 673 3
1 None 29 674 1
1 None 7 675 1
1 None 13 675 0
2 None 36 677 4
1 None 83 678 2
-1 None 22 679 2
1 None 26 680 2
2 None 16 680 0
1 None 12 682 1
1 None 18 683 1
1 None 17 684 1
1 None 32 684 0
1 None 25 684 0
1 None 8 684 0
1 None 27 688 2
2 None 25 689 3
1 None 9 689 0
2 None 13 689 0
1 None 46 692 1
1 None 11 692 0
1 None 28 692 0
2 None 11 695 1
0.5 None 13 695 0
1 None 30 697 1
2 None 15 697 0
1 None 22 697 0
1 None 67 700 1
1 None 68 701 1
1 None 117 702 5
1 None 52 703 1
1 None 35 704 3
-1 None 28 705 4
1 None 19 705 0
1 None 13 705 0
1 None 47 705 0
2 None 45 705 0
2 None 21 710 2
1 None 47 711 2
1 None 50 712 2
1 None 29 713 4
-1 None 9 714 1
1 None 39 714 0
1 None 29 716 1
1 None 23 717 2
1 None 19 718 1
1 None 18 719 1
-1 None 14 720 1
1 None 24 720 0
1 None 18 720 0
1 None 11 720 0
-1 None 12 724 1
0.5 None 23 724 0
1 None 32 726 2
1 None 36 727 1
1 None 13 728 1
1 None 38 729 4
1 None 17 730 2
1 None 23 730 0
1 None 10 732 1
2 None 1 732 0
2 None 16 732 0
2 None 28 735 2
1 None 89 736 4
1 None 27 737 1
1 None 12 738 2
2 None 19 739 2
1 None 17 740 1
2 None 34 741 4
1 None 44 742 1
1 None 11 742 0
1 None 37 744 1
2 None 35 745 1
2 None 29 745 0
-1 None 15 747 2
1 None 21 748 1
2 None 32 749 2
1 None 16 749 0
2 None 6 749 0
1 None 27 752 1
1 None 5 752 0
2 None 10 752 0
1 None 21 755 2
1 None 31 756 3
-1 None 64 757 6
0.5 None 11 757 0
1 None 11 759 1
1 None 10 760 1
0.5 None 25 760 0
1 None 18 760 0
1 None 36 763 2
1 None 34 763 0
1 None 2 763 0
2 None 8 763 0
1 None 46 767 3
-1 None 8 768 1
1 None 21 769 1
0.5 None 18 769 0
0.5 None 17 769 0
1 None 26 772 1
1 None 17 772 0
1 None 26 774 3
1 None 37 775 4
1 None 19 775 0
1 None 14 777 1
2 None 7 777 0
1 None 14 777 0
1 None 9 777 0
1 None 13 777 0
1 None 25 782 1
1 None 15 782 0
2 None 7 782 0
2 None 21 785 1
1 None 53 786 1
1 None 31 787 1
1 None 23 788 1
1 None 17 788 0
-1 None 8 790 2
1 None 13 791 1
1 None 16 792 1
0.5 None 18 792 0
1 None 12 792 0
1 None 18 792 0
1 None 26 792 0
1 None 4 792 0
1 None 16 792 0
2 None 31 799 1
1 None 35 800 1
2 None 33 801 2
2 None 83 802 3
1 None 23 803 1
2 None 86 804 3
2 None 41 805 2
1 None 46 806 1
1 None 11 806 0
2 None 53 806 0
0.5 None 14 809 1
2 None 26 810 1
1 None 11 811 1
1 None 18 811 0
1 None 13 813 1
1 None 22 814 2
2 None 41 814 0
2 None 38 816 5
2 None 31 816 0
1 None 28 816 0
1 None 22 819 2
1 None 21 819 0
1 None 16 819 0
1 None 127 822 7
1 None 23 823 1
1 None 13 824 1
1 None 33 825 1
1 None 14 825 0
0.5 None 53 827 2
1 None 15 827 0
1 None 4 829 1
2 None 51 830 2
1 None 19 831 1
2 None 25 832 3
0.5 None 28 833 1
2 None 21 834 2
0.5 None 22 835 2
1 None 19 836 1
1 None 25 836 0
1 None 14 836 0
2 None 17 839 1
1 None 17 839 0
1 None 22 841 2
1 None 19 842 1
1 None 17 842 0
1 None 18 842 0
1 None 26 842 0
0.5 None 21 842 0
1 None 21 847 1
1 None 9 848 1
1 None 25 848 0
0.5 None 13 848 0
2 None 22 851 1
1 None 12 851 0
1 None 15 853 2
1 None 19 854 1
1 None 21 854 0
0.5 None 24 856 1
1 None 21 856 0
0.5 None 22 858 1
1 None 10 859 1
1 None 16 860 1
1 None 22 861 1
1 None 25 862 3
2 None 14 862 0
1 None 14 862 0
2 None 7 865 1
1 None 10 866 1
2 None 29 867 2
1 None 42 868 3
1 None 23 868 0
1 None 19 868 0
1 None 15 871 4
1 None 18 872 2
1 None 44 873 3
1 None 12 874 1
2 None 6 874 0
2 None 13 874 0
2 None 34 877 1
1 None 23 878 2
2 None 21 878 0
1 None 12 880 1
1 None 14 880 0
1 None 24 882 1
1 None 36 883 1
2 None 13 883 0
1 None 6 885 1
1 None 54 886 3
2 None 10 886 0
1 None 54 886 0
1 None 25 886 0
1 None 33 890 2
1 None 4 890 0
2 None 32 892 1
1 None 27 892 0
1 None 8 892 0
1 None 17 892 0
1 None 8 896 1
1 None 29 896 0
2 None 9 896 0
