0.5 None 25 2178 2
0.5 None 27 2179 1
0.5 None 26 2179 0
2 None 13 2179 0
0.5 None 31 2182 2
0.5 None 31 2183 1
0.5 None 31 2184 3
0.5 None 12 2184 0
2 None 7 2186 2
0.5 None 32 2187 1
2 None 12 2187 0
2 None 26 2189 1
0.5 None 14 2190 2
0.5 None 33 2191 1
2 None 14 2192 1
2 None 13 2193 1
2 None 29 2194 2
1 None 32 2195 1
2 None 35 2196 2
0.5 None 25 2197 1
1 None 16 2197 0
1 None 30 2199 1
1 None 18 2200 1
2 None 79 2201 3
2 None 20 2201 0
2 None 105 2203 4
2 None 64 2204 3
1 None 16 2205 1
2 None 37 2206 3
2 None 34 2206 0
2 None 27 2206 0
1 None 17 2206 0
2 None 40 2206 0
1 None 22 2206 0
2 None 10 2212 1
2 None 29 2212 0
0.5 None 21 2214 1
2 None 21 2214 0
0.5 None 37 2216 2
0.5 None 56 2217 2
1 None 2 2217 0
1 None 14 2219 1
2 None 36 2220 3
2 None 23 2221 1
1 None 45 2222 2
2 None 25 2223 1
2 None 7 2223 0
2 None 11 2225 1
2 None 7 2226 1
2 None 13 2227 1
0.5 None 19 2228 2
2 None 25 2229 2
2 None 29 2230 1
2 None 26 2230 0
1 None 38 2230 0
1 None 8 2230 0
1 None 22 2230 0
2 None 33 2230 0
1 None 18 2236 1
0.5 None 18 2237 2
1 None 36 2238 2
0.5 None 34 2238 0
2 None 54 2240 1
1 None 12 2240 0
1 None 33 2240 0
0.5 None 56 2243 1
1 None 8 2243 0
1 None 7 2243 0
1 None 10 2246 1
1 None 19 2246 0
2 None 32 2248 1
2 None 48 2249 2
2 None 19 2250 1
1 None 14 2251 1
1 None 24 2252 1
1 None 11 2252 0
1 None 28 2252 0
1 None 34 2255 1
0.5 None 17 2255 0
0.5 None 38 2257 1
-1 None 6 2258 1
1 None 14 2258 0
1 None 30 2258 0
2 None 26 2261 2
2 None 31 2262 2
0.5 None 17 2262 0
2 None 14 2262 0
2 None 12 2265 1
1 None 29 2265 0
2 None 58 2267 1
2 None 18 2268 1
1 None 12 2269 1
0.5 None 13 2270 1
2 None 18 2271 1
1 None 19 2271 0
2 None 13 2273 2
-1 None 9 2274 1
1 None 86 2275 6
2 None 14 2276 1
2 None 8 2276 0
0.5 None 7 2276 0
0.5 None 15 2276 0
1 None 14 2276 0
0.5 None 6 2276 0
0.5 None 14 2282 2
0.5 None 31 2283 2
2 None 11 2283 0
-1 None 17 2285 1
1 None 17 2285 0
2 None 10 2287 1
2 None 11 2288 1
1 None 27 2289 1
2 None 10 2289 0
2 None 16 2291 1
2 None 23 2291 0
1 None 51 2291 0
1 None 11 2291 0
1 None 34 2295 2
2 None 16 2295 0
0.5 None 8 2295 0
0.5 None 37 2298 2
1 None 7 2298 0
1 None 34 2300 2
1 None 13 2300 0
2 None 53 2302 2
2 None 30 2302 0
1 None 21 2304 1
1 None 74 2305 1
1 None 12 2305 0
2 None 29 2305 0
-1 None 33 2308 5
2 None 25 2308 0
2 None 19 2310 2
2 None 6 2310 0
1 None 28 2312 1
2 None 25 2313 2
2 None 4 2313 0
2 None 13 2313 0
2 None 37 2316 1
-1 None 18 2317 3
2 None 31 2317 0
2 None 13 2317 0
2 None 9 2320 1
1 None 45 2321 2
2 None 79 2322 5
2 None 16 2322 0
1 None 57 2324 1
1 None 13 2324 0
2 None 18 2324 0
2 None 53 2327 3
0.5 None 6 2327 0
2 None 15 2329 1
2 None 44 2330 5
1 None 16 2330 0
2 None 12 2330 0
2 None 42 2330 0
1 None 5 2330 0
0.5 None 12 2330 0
2 None 10 2330 0
1 None 34 2337 1
0.5 None 9 2337 0
2 None 39 2337 0
2 None 28 2340 1
2 None 16 2340 0
2 None 31 2342 2
2 None 22 2342 0
2 None 10 2342 0
1 None 39 2345 4
1 None 15 2346 1
2 None 14 2346 0
2 None 30 2348 2
2 None 19 2348 0
2 None 26 2350 1
1 None 32 2351 2
1 None 55 2352 1
1 None 23 2352 0
2 None 10 2354 1
2 None 8 2355 1
2 None 34 2356 1
2 None 7 2356 0
2 None 7 2356 0
2 None 22 2356 0
2 None 8 2356 0
2 None 18 2361 2
1 None 23 2361 0
0.5 None 29 2361 0
1 None 20 2361 0
2 None 25 2365 2
2 None 14 2366 2
2 None 90 2367 3
2 None 32 2368 3
0.5 None 16 2369 1
2 None 10 2369 0
-1 None 13 2371 2
-1 None 19 2372 2
2 None 8 2372 0
0.5 None 59 2374 3
2 None 22 2374 0
2 None 17 2376 2
2 None 14 2376 0
2 None 70 2378 1
2 None 16 2379 1
2 None 13 2380 1
2 None 11 2381 1
2 None 5 2381 0
2 None 5 2381 0
2 None 18 2381 0
2 None 8 2381 0
1 None 6 2381 0
2 None 9 2387 1
2 None 9 2387 0
0.5 None 16 2389 1
2 None 16 2389 0
2 None 11 2389 0
0.5 None 9 2392 1
2 None 43 2393 3
0.5 None 52 2394 1
2 None 13 2395 2
2 None 26 2396 3
0.5 None 21 2396 0
1 None 27 2398 1
0.5 None 17 2399 1
0.5 None 179 2400 11
2 None 101 2401 4
2 None 53 2402 5
1 None 42 2402 0
2 None 46 2404 1
1 None 14 2404 0
2 None 61 2406 1
2 None 26 2407 3
2 None 23 2408 1
2 None 19 2409 1
1 None 14 2410 1
2 None 49 2411 1
0.5 None 18 2411 0
2 None 8 2413 1
2 None 13 2414 2
2 None 16 2414 0
1 None 44 2414 0
1 None 5 2414 0
-1 None 34 2418 1
2 None 31 2419 2
0.5 None 12 2419 0
2 None 17 2421 1
-1 None 14 2422 2
2 None 4 2422 0
2 None 34 2424 1
0.5 None 49 2425 1
2 None 6 2425 0
2 None 29 2425 0
2 None 9 2425 0
2 None 8 2425 0
1 None 56 2430 3
0.5 None 3 2431 2
1 None 9 2432 1
1 None 10 2432 0
2 None 12 2432 0
-1 None 35 2435 1
0.5 None 7 2435 0
0.5 None 30 2435 0
2 None 21 2438 2
1 None 14 2438 0
1 None 15 2438 0
2 None 20 2441 2
1 None 9 2441 0
2 None 22 2443 1
1 None 11 2443 0
1 None 43 2445 1
-1 None 9 2446 1
1 None 48 2447 2
1 None 17 2447 0
1 None 13 2449 1
2 None 3 2449 0
1 None 2 2449 0
1 None 39 2452 1
0.5 None 18 2452 0
2 None 5 2452 0
1 None 12 2452 0
0.5 None 46 2452 0
2 None 31 2452 0
2 None 26 2452 0
2 None 13 2452 0
1 None 11 2452 0
2 None 38 2452 0
1 None 25 2452 0
2 None 10 2452 0
0.5 None 27 2452 0
2 None 4 2452 0
2 None 33 2466 1
1 None 7 2466 0
0.5 None 11 2468 2
1 None 9 2469 1
1 None 4 2469 0
1 None 51 2471 3
0.5 None 51 2472 1
1 None 37 2473 1
0.5 None 38 2474 2
1 None 28 2474 0
2 None 16 2476 2
1 None 40 2477 2
1 None 15 2477 0
1 None 6 2477 0
1 None 29 2480 1
1 None 19 2480 0
2 None 12 2480 0
2 None 25 2483 2
-1 None 21 2484 1
2 None 13 2484 0
0.5 None 15 2484 0
1 None 18 2484 0
2 None 20 2484 0
0.5 None 14 2484 0
2 None 50 2490 2
1 None 17 2490 0
2 None 21 2490 0
2 None 13 2493 1
1 None 22 2493 0
0.5 None 20 2493 0
2 None 16 2493 0
2 None 17 2493 0
2 None 9 2493 0
0.5 None 17 2493 0
-1 None 184 2500 10
1 None 89 2501 3
2 None 31 2502 1
1 None 34 2503 1
1 None 20 2504 2
1 None 7 2505 1
2 None 1 2505 0
2 None 22 2507 1
1 None 17 2507 0
0.5 None 15 2507 0
0.5 None 62 2510 2
2 None 26 2511 3
2 None 22 2512 1
0.5 None 10 2513 1
0.5 None 15 2513 0
0.5 None 11 2515 2
2 None 38 2516 2
2 None 2 2516 0
2 None 31 2516 0
2 None 10 2519 1
0.5 None 18 2520 1
0.5 None 53 2521 1
0.5 None 37 2521 0
1 None 27 2523 1
1 None 56 2524 1
2 None 21 2525 2
1 None 33 2526 1
2 None 17 2526 0
-1 None 19 2528 1
-1 None 61 2529 7
1 None 38 2530 2
1 None 26 2530 0
2 None 21 2530 0
1 None 7 2530 0
1 None 16 2530 0
1 None 38 2535 1
2 None 27 2535 0
1 None 27 2537 2
2 None 18 2538 2
0.5 None 5 2538 0
2 None 19 2540 1
1 None 16 2540 0
1 None 13 2540 0
-1 None 13 2543 4
1 None 26 2544 3
1 None 1 2544 0
2 None 28 2546 2
1 None 39 2547 3
2 None 31 2548 2
0.5 None 5 2548 0
2 None 13 2548 0
0.5 None 18 2548 0
1 None 14 2552 1
2 None 7 2552 0
2 None 47 2554 1
0.5 None 28 2555 1
1 None 12 2556 1
0.5 None 22 2556 0
2 None 26 2558 2
2 None 28 2559 2
2 None 37 2560 1
0.5 None 24 2561 2
2 None 17 2561 0
1 None 32 2561 0
2 None 21 2564 1
1 None 31 2565 1
2 None 3 2565 0
2 None 17 2565 0
2 None 29 2568 5
2 None 8 2568 0
0.5 None 25 2568 0
-1 None 24 2571 3
0.5 None 39 2571 0
0.5 None 55 2573 3
1 None 11 2574 1
2 None 16 2574 0
1 None 21 2576 1
2 None 13 2576 0
1 None 33 2578 2
2 None 15 2579 2
2 None 14 2579 0
0.5 None 4 2579 0
0.5 None 23 2582 2
0.5 None 19 2583 1
2 None 13 2583 0
1 None 14 2585 1
2 None 41 2586 2
2 None 30 2586 0
0.5 None 17 2588 3
0.5 None 20 2589 2
2 None 18 2589 0
1 None 12 2589 0
2 None 27 2592 1
2 None 8 2592 0
0.5 None 31 2592 0
2 None 23 2592 0
1 None 19 2592 0
2 None 22 2597 1
-1 None 15 2598 1
0.5 None 30 2598 0
2 None 17 2598 0
1 None 150 2601 8
1 None 23 2602 1
2 None 32 2603 1
2 None 78 2604 3
2 None 6 2604 0
2 None 41 2606 6
2 None 23 2607 1
1 None 44 2608 3
1 None 23 2609 2
2 None 4 2609 0
2 None 14 2611 1
2 None 15 2612 1
2 None 14 2612 0
2 None 37 2614 1
0.5 None 45 2615 1
2 None 59 2616 1
2 None 10 2616 0
1 None 18 2618 4
2 None 13 2618 0
2 None 38 2620 1
2 None 14 2620 0
2 None 19 2622 1
2 None 26 2623 2
2 None 19 2623 0
2 None 25 2623 0
2 None 9 2626 3
1 None 23 2626 0
1 None 22 2626 0
2 None 32 2626 0
1 None 32 2626 0
2 None 15 2626 0
2 None 25 2632 2
2 None 16 2633 1
2 None 11 2633 0
2 None 17 2633 0
1 None 28 2636 2
2 None 82 2637 3
2 None 16 2638 2
2 None 29 2639 2
2 None 20 2640 2
2 None 11 2640 0
-1 None 28 2642 1
2 None 37 2642 0
1 None 30 2644 1
1 None 68 2645 3
2 None 6 2646 1
2 None 4 2646 0
2 None 65 2648 1
2 None 11 2649 1
2 None 16 2649 0
0.5 None 30 2651 1
2 None 22 2651 0
2 None 31 2653 1
0.5 None 13 2654 1
2 None 20 2655 1
2 None 29 2656 2
2 None 33 2657 3
0.5 None 11 2658 1
1 None 18 2659 1
0.5 None 32 2659 0
2 None 27 2659 0
2 None 21 2662 3
2 None 23 2663 1
0.5 None 37 2664 1
0.5 None 26 2665 2
0.5 None 31 2665 0
2 None 21 2665 0
2 None 9 2668 2
2 None 13 2668 0
1 None 30 2668 0
1 None 45 2671 2
-1 None 10 2672 2
2 None 53 2673 1
0.5 None 33 2674 1
2 None 61 2675 2
2 None 15 2676 1
0.5 None 17 2676 0
0.5 None 14 2676 0
2 None 7 2676 0
1 None 16 2676 0
2 None 25 2681 1
2 None 25 2682 1
2 None 16 2682 0
1 None 17 2684 1
2 None 25 2685 1
2 None 15 2685 0
2 None 9 2685 0
2 None 13 2685 0
2 None 16 2685 0
1 None 13 2685 0
2 None 23 2691 1
2 None 13 2692 1
2 None 21 2692 0
2 None 1 2692 0
1 None 16 2695 2
2 None 35 2696 4
2 None 14 2696 0
1 None 5 2696 0
0.5 None 46 2699 1
2 None 37 2699 0
1 None 54 2699 0
2 None 9 2699 0
1 None 38 2699 0
2 None 48 2704 1
2 None 77 2705 2
2 None 9 2705 0
2 None 54 2707 2
2 None 18 2707 0
2 None 11 2709 1
0.5 None 34 2709 0
1 None 7 2711 1
0.5 None 10 2711 0
2 None 73 2713 2
2 None 21 2714 1
0.5 None 41 2715 2
2 None 19 2715 0
2 None 61 2715 0
1 None 19 2715 0
2 None 20 2715 0
2 None 15 2720 1
1 None 9 2720 0
2 None 26 2720 0
2 None 73 2723 1
1 None 25 2724 3
1 None 19 2725 1
0.5 None 69 2726 2
2 None 46 2727 3
1 None 23 2727 0
1 None 14 2727 0
2 None 22 2727 0
2 None 10 2731 1
2 None 13 2731 0
2 None 18 2733 2
1 None 13 2734 2
2 None 7 2734 0
2 None 7 2734 0
2 None 34 2737 1
2 None 11 2738 1
1 None 9 2739 2
0.5 None 14 2739 0
2 None 36 2741 2
0.5 None 8 2741 0
1 None 29 2741 0
1 None 21 2741 0
1 None 24 2741 0
2 None 18 2746 2
2 None 11 2747 1
2 None 20 2748 1
1 None 26 2749 1
1 None 8 2749 0
1 None 8 2749 0
2 None 9 2749 0
0.5 None 28 2749 0
1 None 4 2749 0
2 None 56 2755 2
2 None 8 2756 1
2 None 11 2756 0
1 None 23 2758 2
0.5 None 21 2759 1
2 None 11 2760 2
2 None 16 2761 1
1 None 15 2761 0
0.5 None 29 2763 1
0.5 None 14 2763 0
2 None 19 2763 0
0.5 None 9 2766 1
1 None 9 2766 0
1 None 8 2768 1
2 None 34 2769 2
0.5 None 22 2769 0
2 None 38 2771 1
2 None 31 2772 2
2 None 81 2772 0
2 None 29 2774 2
2 None 7 2774 0
2 None 13 2776 1
0.5 None 36 2776 0
1 None 83 2778 1
2 None 22 2778 0
2 None 26 2778 0
2 None 16 2778 0
1 None 12 2778 0
1 None 18 2783 2
2 None 17 2784 1
1 None 32 2785 1
2 None 25 2786 1
0.5 None 8 2786 0
2 None 27 2786 0
2 None 25 2786 0
2 None 9 2786 0
2 None 13 2791 1
0.5 None 46 2792 3
2 None 11 2792 0
2 None 28 2794 1
1 None 11 2794 0
1 None 13 2796 1
2 None 30 2796 0
2 None 15 2798 1
2 None 22 2798 0
0.5 None 67 2800 7
2 None 68 2801 4
2 None 117 2802 4
1 None 52 2803 1
2 None 35 2804 4
0.5 None 28 2804 0
0.5 None 19 2804 0
2 None 13 2804 0
0.5 None 47 2804 0
2 None 45 2809 1
0.5 None 21 2809 0
2 None 47 2811 3
0.5 None 50 2812 1
1 None 29 2813 1
1 None 9 2813 0
0.5 None 39 2815 5
2 None 29 2816 3
0.5 None 23 2817 1
2 None 19 2818 2
2 None 18 2818 0
0.5 None 14 2820 1
2 None 24 2820 0
2 None 18 2820 0
1 None 11 2820 0
1 None 12 2820 0
1 None 23 2825 1
1 None 32 2825 0
1 None 36 2825 0
2 None 13 2825 0
2 None 38 2829 2
2 None 17 2829 0
2 None 23 2831 1
0.5 None 10 2831 0
1 None 1 2831 0
0.5 None 16 2834 1
0.5 None 28 2834 0
2 None 89 2836 3
1 None 27 2837 2
1 None 12 2838 1
2 None 19 2838 0
2 None 17 2838 0
1 None 34 2838 0
0.5 None 44 2842 3
2 None 11 2842 0
0.5 None 37 2844 4
2 None 35 2844 0
2 None 29 2846 2
0.5 None 15 2846 0
2 None 21 2846 0
2 None 32 2849 2
1 None 16 2849 0
1 None 6 2851 1
1 None 27 2851 0
1 None 5 2853 1
2 None 10 2854 1
1 None 21 2854 0
2 None 31 2856 2
0.5 None 64 2857 1
1 None 11 2857 0
2 None 11 2857 0
2 None 10 2857 0
0.5 None 25 2861 2
2 None 18 2862 1
0.5 None 36 2863 1
2 None 34 2864 1
2 None 2 2864 0
1 None 8 2866 1
2 None 46 2866 0
-1 None 8 2868 1
1 None 21 2868 0
0.5 None 18 2868 0
2 None 17 2868 0
2 None 26 2872 1
1 None 17 2873 2
1 None 26 2874 1
2 None 37 2874 0
2 None 19 2874 0
1 None 14 2877 1
2 None 7 2877 0
2 None 14 2877 0
2 None 9 2880 1
1 None 13 2881 1
1 None 25 2882 1
2 None 15 2883 1
2 None 7 2883 0
2 None 21 2883 0
1 None 53 2886 1
0.5 None 31 2886 0
2 None 23 2886 0
2 None 17 2886 0
1 None 8 2890 1
-1 None 13 2891 1
-1 None 16 2892 1
2 None 18 2893 1
0.5 None 12 2893 0
2 None 18 2895 1
1 None 26 2896 2
1 None 4 2896 0
0.5 None 16 2898 1
2 None 31 2899 1
0.5 None 35 2899 0
2 None 33 2899 0
2 None 83 2902 1
0.5 None 23 2902 0
0.5 None 86 2904 7
2 None 41 2905 5
2 None 46 2905 0
1 None 11 2905 0
2 None 53 2908 3
1 None 14 2908 0
2 None 26 2910 1
1 None 11 2911 1
2 None 18 2911 0
1 None 13 2913 2
0.5 None 22 2914 1
2 None 41 2915 1
1 None 38 2916 1
2 None 31 2917 2
2 None 28 2918 1
2 None 22 2919 1
2 None 21 2919 0
2 None 16 2921 1
1 None 127 2922 3
1 None 23 2923 1
2 None 13 2924 1
1 None 33 2924 0
1 None 14 2924 0
2 None 53 2927 2
0.5 None 15 2927 0
2 None 4 2929 1
1 None 51 2930 1
1 None 19 2930 0
2 None 25 2932 1
0.5 None 28 2933 1
1 None 21 2933 0
2 None 22 2933 0
1 None 19 2933 0
0.5 None 25 2937 1
2 None 14 2937 0
2 None 17 2939 2
2 None 17 2940 1
2 None 22 2940 0
1 None 19 2942 1
1 None 17 2942 0
0.5 None 18 2942 0
-1 None 26 2945 1
2 None 21 2945 0
0.5 None 21 2945 0
0.5 None 9 2945 0
2 None 25 2949 1
-1 None 13 2950 1
2 None 22 2951 3
1 None 12 2951 0
1 None 15 2951 0
0.5 None 19 2951 0
1 None 21 2955 1
0.5 None 24 2955 0
2 None 21 2957 1
1 None 22 2958 3
2 None 10 2958 0
0.5 None 16 2958 0
2 None 22 2961 1
-1 None 25 2962 1
2 None 14 2963 2
-1 None 14 2964 2
2 None 7 2964 0
-1 None 10 2966 1
1 None 29 2967 1
2 None 42 2967 0
1 None 23 2969 1
1 None 19 2969 0
2 None 15 2969 0
2 None 18 2972 1
2 None 44 2973 2
2 None 12 2973 0
1 None 6 2973 0
2 None 13 2973 0
-1 None 34 2977 1
2 None 23 2978 2
1 None 21 2978 0
1 None 12 2978 0
2 None 14 2981 1
1 None 24 2982 3
0.5 None 36 2983 1
2 None 13 2983 0
1 None 6 2983 0
1 None 54 2986 2
2 None 10 2986 0
2 None 54 2988 2
2 None 25 2988 0
2 None 33 2990 1
1 None 4 2990 0
1 None 32 2992 1
1 None 27 2993 1
2 None 8 2993 0
2 None 17 2995 1
2 None 8 2995 0
1 None 29 2997 1
-1 None 9 2998 1
