2 None 25 277 0
2 None 27 279 1
0.5 None 26 280 1
2 None 13 280 0
1 None 31 280 0
2 None 31 283 4
2 None 31 284 3
-1 None 12 285 2
1 None 7 286 1
1 None 32 287 2
1 None 12 287 0
2 None 26 287 0
2 None 14 287 0
2 None 33 287 0
2 None 14 292 1
2 None 13 293 1
0.5 None 29 294 1
0.5 None 32 295 2
2 None 35 296 1
1 None 25 297 2
0.5 None 16 297 0
1 None 30 299 1
2 None 18 299 0
2 None 79 301 5
1 None 20 301 0
0.5 None 105 303 6
2 None 64 304 6
2 None 16 304 0
2 None 37 306 4
0.5 None 34 307 1
0.5 None 27 308 2
2 None 17 309 2
1 None 40 310 2
1 None 22 310 0
1 None 10 312 1
1 None 29 313 2
2 None 21 314 2
1 None 21 315 1
2 None 37 316 4
1 None 56 317 1
1 None 2 317 0
2 None 14 317 0
2 None 36 320 2
1 None 23 321 2
-1 None 45 322 2
2 None 25 322 0
1 None 7 322 0
2 None 11 322 0
2 None 7 326 1
2 None 13 326 0
1 None 19 328 2
2 None 25 329 3
2 None 29 330 1
2 None 26 330 0
1 None 38 330 0
2 None 8 330 0
1 None 22 334 1
1 None 33 335 1
-1 None 18 336 1
1 None 18 337 1
2 None 36 338 5
2 None 34 339 1
0.5 None 54 340 3
0.5 None 12 340 0
2 None 33 342 2
2 None 56 343 5
1 None 8 343 0
2 None 7 343 0
1 None 10 343 0
0.5 None 19 347 1
2 None 32 347 0
2 None 48 349 4
1 None 19 349 0
2 None 14 351 1
1 None 24 352 1
0.5 None 11 352 0
1 None 28 354 1
0.5 None 34 355 2
0.5 None 17 355 0
2 None 38 357 1
1 None 6 358 1
2 None 14 359 1
2 None 30 360 1
0.5 None 26 361 2
2 None 31 362 2
2 None 17 363 1
0.5 None 14 364 1
2 None 12 365 1
2 None 29 366 3
2 None 58 367 3
2 None 18 368 2
1 None 12 368 0
2 None 13 370 2
2 None 18 371 2
2 None 19 372 1
2 None 13 373 1
2 None 9 373 0
0.5 None 86 375 1
2 None 14 375 0
2 None 8 375 0
1 None 7 375 0
1 None 15 375 0
2 None 14 380 2
0.5 None 6 380 0
2 None 14 382 2
2 None 31 383 3
1 None 11 384 1
2 None 17 384 0
-1 None 17 386 1
1 None 10 386 0
-1 None 11 388 2
2 None 27 389 2
2 None 10 389 0
2 None 16 391 2
2 None 23 392 2
2 None 51 393 2
2 None 11 393 0
0.5 None 34 395 2
2 None 16 396 1
2 None 8 397 2
0.5 None 37 398 4
0.5 None 7 398 0
2 None 34 400 1
2 None 13 401 1
0.5 None 53 402 3
2 None 30 403 3
2 None 21 403 0
2 None 74 405 8
-1 None 12 406 1
2 None 29 406 0
0.5 None 33 406 0
0.5 None 25 406 0
0.5 None 19 406 0
2 None 6 406 0
2 None 28 412 2
0.5 None 25 413 3
2 None 4 413 0
2 None 13 415 3
0.5 None 37 415 0
0.5 None 18 415 0
2 None 31 418 1
2 None 13 419 1
2 None 9 420 1
0.5 None 45 421 1
2 None 79 422 2
0.5 None 16 423 1
0.5 None 57 424 3
1 None 13 425 1
2 None 18 426 1
2 None 53 427 1
2 None 6 428 1
2 None 15 429 1
0.5 None 44 429 0
0.5 None 16 431 1
0.5 None 12 432 1
0.5 None 42 433 1
0.5 None 5 433 0
2 None 12 435 2
2 None 10 435 0
2 None 34 437 3
0.5 None 9 437 0
2 None 39 439 1
0.5 None 28 440 3
2 None 16 441 2
2 None 31 442 2
1 None 22 443 3
1 None 10 443 0
1 None 39 445 2
2 None 15 445 0
1 None 14 447 3
0.5 None 30 448 2
1 None 19 448 0
0.5 None 26 450 3
0.5 None 32 450 0
0.5 None 55 452 2
2 None 23 453 1
2 None 10 453 0
2 None 8 453 0
2 None 34 456 2
2 None 7 456 0
2 None 7 456 0
1 None 22 456 0
1 None 8 456 0
2 None 18 461 4
1 None 23 462 2
2 None 29 463 1
2 None 20 463 0
-1 None 25 465 4
2 None 14 466 2
2 None 90 467 4
2 None 32 468 2
2 None 16 469 2
2 None 10 470 1
1 None 13 470 0
0.5 None 19 470 0
1 None 8 470 0
2 None 59 474 3
2 None 22 475 1
1 None 17 476 1
1 None 14 477 1
2 None 70 478 2
1 None 16 478 0
-1 None 13 480 1
2 None 11 480 0
-1 None 5 482 1
2 None 5 482 0
0.5 None 18 482 0
2 None 8 485 1
1 None 6 486 1
0.5 None 9 487 1
1 None 9 488 1
1 None 16 489 1
0.5 None 16 489 0
1 None 11 491 1
0.5 None 9 491 0
2 None 43 493 4
-1 None 52 494 2
0.5 None 13 495 2
0.5 None 26 495 0
-1 None 21 497 1
2 None 27 497 0
1 None 17 499 2
-1 None 179 500 9
2 None 101 501 4
0.5 None 53 502 2
2 None 42 503 2
2 None 46 504 4
1 None 14 504 0
2 None 61 506 1
2 None 26 507 1
2 None 23 508 1
2 None 19 508 0
1 None 14 508 0
2 None 49 511 2
1 None 18 511 0
-1 None 8 513 1
2 None 13 513 0
2 None 16 515 3
2 None 44 515 0
1 None 5 515 0
2 None 34 515 0
1 None 31 519 2
0.5 None 12 520 1
0.5 None 17 521 3
2 None 14 521 0
2 None 4 521 0
1 None 34 524 1
0.5 None 49 524 0
1 None 6 524 0
1 None 29 527 1
2 None 9 527 0
2 None 8 527 0
2 None 56 530 1
2 None 3 530 0
2 None 9 530 0
2 None 10 530 0
0.5 None 12 530 0
2 None 35 535 2
1 None 7 535 0
2 None 30 537 5
2 None 21 538 1
-1 None 14 539 2
1 None 15 539 0
1 None 20 541 3
1 None 9 542 1
2 None 22 542 0
2 None 11 544 1
1 None 43 544 0
1 None 9 544 0
2 None 48 547 1
0.5 None 17 548 1
2 None 13 548 0
2 None 3 548 0
2 None 2 548 0
2 None 39 552 1
1 None 18 552 0
2 None 5 552 0
0.5 None 12 555 1
-1 None 46 556 2
2 None 31 557 1
0.5 None 26 558 2
1 None 13 558 0
-1 None 11 560 1
-1 None 38 561 1
2 None 25 561 0
1 None 10 561 0
2 None 27 564 1
2 None 4 564 0
2 None 33 566 1
0.5 None 7 566 0
-1 None 11 568 1
1 None 9 568 0
2 None 4 568 0
2 None 51 571 2
2 None 51 572 3
0.5 None 37 573 1
2 None 38 574 4
2 None 28 575 1
1 None 16 576 1
0.5 None 40 577 1
2 None 15 578 2
1 None 6 579 1
0.5 None 29 580 1
0.5 None 19 580 0
0.5 None 12 580 0
2 None 25 583 2
2 None 21 583 0
2 None 13 585 1
2 None 15 586 1
0.5 None 18 587 1
2 None 20 587 0
1 None 14 589 1
0.5 None 50 590 5
1 None 17 590 0
2 None 21 590 0
2 None 13 590 0
2 None 22 594 3
0.5 None 20 595 2
2 None 16 596 2
0.5 None 17 597 1
1 None 9 597 0
1 None 17 599 2
2 None 184 600 9
2 None 89 601 5
0.5 None 31 602 3
0.5 None 34 603 1
1 None 20 603 0
2 None 7 603 0
1 None 1 603 0
-1 None 22 607 1
0.5 None 17 607 0
0.5 None 15 607 0
2 None 62 610 4
1 None 26 611 1
-1 None 22 612 2
0.5 None 10 612 0
2 None 15 612 0
2 None 11 612 0
2 None 38 616 3
1 None 2 616 0
2 None 31 618 2
2 None 10 618 0
1 None 18 620 1
2 None 53 621 2
2 None 37 622 2
1 None 27 623 2
-1 None 56 624 4
2 None 21 625 1
2 None 33 626 1
2 None 17 627 2
2 None 19 627 0
0.5 None 61 629 1
2 None 38 630 1
2 None 26 631 3
-1 None 21 632 2
1 None 7 632 0
0.5 None 16 632 0
2 None 38 635 2
2 None 27 636 1
0.5 None 27 636 0
2 None 18 636 0
2 None 5 636 0
1 None 19 636 0
2 None 16 641 1
1 None 13 641 0
2 None 13 641 0
2 None 26 644 3
2 None 1 644 0
0.5 None 28 646 4
1 None 39 647 2
1 None 31 647 0
0.5 None 5 647 0
1 None 13 647 0
1 None 18 647 0
-1 None 14 652 1
2 None 7 653 1
2 None 47 654 1
2 None 28 655 1
1 None 12 655 0
1 None 22 657 2
1 None 26 657 0
2 None 28 657 0
2 None 37 657 0
2 None 24 661 1
2 None 17 661 0
0.5 None 32 663 1
2 None 21 664 1
2 None 31 665 2
1 None 3 666 1
2 None 17 666 0
1 None 29 666 0
1 None 8 666 0
2 None 25 670 1
2 None 24 670 0
0.5 None 39 672 1
2 None 55 673 2
2 None 11 674 1
2 None 16 675 1
2 None 21 675 0
2 None 13 675 0
1 None 33 678 2
1 None 15 679 1
2 None 14 679 0
1 None 4 679 0
2 None 23 682 1
1 None 19 683 1
2 None 13 683 0
2 None 14 685 1
0.5 None 41 686 2
2 None 30 687 4
2 None 17 687 0
2 None 20 689 1
2 None 18 689 0
2 None 12 689 0
0.5 None 27 692 1
1 None 8 693 1
2 None 31 694 1
0.5 None 23 695 1
2 None 19 696 1
0.5 None 22 697 1
2 None 15 698 1
2 None 30 699 1
2 None 17 699 0
2 None 150 701 6
-1 None 23 702 2
2 None 32 703 3
0.5 None 78 704 1
2 None 6 704 0
2 None 41 706 1
2 None 23 707 2
2 None 44 708 1
1 None 23 708 0
2 None 4 708 0
1 None 14 708 0
2 None 15 708 0
2 None 14 708 0
2 None 37 714 2
2 None 45 715 6
1 None 59 716 5
2 None 10 716 0
2 None 18 716 0
2 None 13 716 0
0.5 None 38 720 2
2 None 14 720 0
1 None 19 722 2
2 None 26 723 1
2 None 19 724 1
2 None 25 724 0
2 None 9 726 1
2 None 23 726 0
2 None 22 726 0
1 None 32 729 4
2 None 32 730 2
2 None 15 731 1
1 None 25 732 4
2 None 16 732 0
2 None 11 732 0
2 None 17 735 1
1 None 28 736 2
2 None 82 737 3
0.5 None 16 737 0
0.5 None 29 739 3
0.5 None 20 740 1
1 None 11 740 0
1 None 28 742 1
0.5 None 37 742 0
1 None 30 744 1
0.5 None 68 745 3
0.5 None 6 745 0
1 None 4 745 0
0.5 None 65 748 3
2 None 11 748 0
0.5 None 16 748 0
-1 None 30 751 1
2 None 22 752 1
0.5 None 31 752 0
0.5 None 13 754 1
2 None 20 755 2
2 None 29 755 0
2 None 33 757 2
1 None 11 758 1
2 None 18 759 2
2 None 32 760 2
0.5 None 27 761 1
2 None 21 762 1
1 None 23 762 0
2 None 37 764 4
2 None 26 764 0
2 None 31 766 1
2 None 21 766 0
2 None 9 766 0
2 None 13 766 0
1 None 30 770 1
2 None 45 771 2
2 None 10 772 1
1 None 53 773 3
2 None 33 773 0
1 None 61 775 3
0.5 None 15 776 1
2 None 17 777 1
1 None 14 777 0
1 None 7 777 0
1 None 16 780 1
2 None 25 781 1
1 None 25 781 0
1 None 16 783 1
0.5 None 17 784 1
2 None 25 785 2
-1 None 15 786 1
2 None 9 787 1
2 None 13 788 3
2 None 16 789 1
0.5 None 13 789 0
0.5 None 23 789 0
2 None 13 792 1
1 None 21 793 2
1 None 1 793 0
0.5 None 16 793 0
0.5 None 35 796 1
2 None 14 797 1
2 None 5 797 0
0.5 None 46 799 3
0.5 None 37 800 3
2 None 54 801 2
1 None 9 801 0
0.5 None 38 803 3
2 None 48 804 2
0.5 None 77 805 5
2 None 9 805 0
2 None 54 807 1
2 None 18 807 0
2 None 11 809 1
1 None 34 810 5
1 None 7 810 0
1 None 10 810 0
1 None 73 813 3
2 None 21 814 2
2 None 41 815 2
2 None 19 816 1
1 None 61 817 1
0.5 None 19 818 1
1 None 20 818 0
1 None 15 818 0
2 None 9 818 0
2 None 26 822 4
2 None 73 823 2
2 None 25 823 0
1 None 19 825 2
2 None 69 826 6
2 None 46 827 1
2 None 23 828 2
2 None 14 828 0
1 None 22 830 1
1 None 10 830 0
0.5 None 13 832 1
1 None 18 833 1
2 None 13 834 2
0.5 None 7 834 0
1 None 7 834 0
2 None 34 837 1
2 None 11 838 1
2 None 9 838 0
2 None 14 838 0
2 None 36 841 3
2 None 8 842 1
2 None 29 843 1
2 None 21 843 0
2 None 24 845 1
2 None 18 846 1
0.5 None 11 846 0
2 None 20 848 1
2 None 26 848 0
1 None 8 848 0
2 None 8 851 1
1 None 9 851 0
2 None 28 853 3
1 None 4 853 0
2 None 56 855 2
2 None 8 855 0
1 None 11 855 0
1 None 23 858 2
2 None 21 858 0
2 None 11 860 1
-1 None 16 861 1
2 None 15 861 0
2 None 29 861 0
1 None 14 864 1
2 None 19 865 1
2 None 9 866 1
2 None 9 866 0
1 None 8 866 0
2 None 34 869 1
2 None 22 870 3
0.5 None 38 871 2
0.5 None 31 872 5
2 None 81 873 4
0.5 None 29 873 0
0.5 None 7 873 0
1 None 13 876 1
1 None 36 877 1
1 None 83 878 2
0.5 None 22 879 3
2 None 26 880 1
2 None 16 880 0
1 None 12 882 1
2 None 18 882 0
0.5 None 17 882 0
1 None 32 885 1
2 None 25 886 1
2 None 8 887 2
1 None 27 888 1
2 None 25 888 0
0.5 None 9 890 1
1 None 13 890 0
2 None 46 892 7
2 None 11 893 2
2 None 28 893 0
2 None 11 895 2
0.5 None 13 895 0
2 None 30 897 2
1 None 15 898 1
2 None 22 899 2
2 None 67 900 3
1 None 68 901 3
2 None 117 902 5
2 None 52 903 5
0.5 None 35 904 2
0.5 None 28 905 1
0.5 None 19 905 0
2 None 13 905 0
1 None 47 908 2
2 None 45 909 1
1 None 21 910 1
2 None 47 911 1
2 None 50 912 1
1 None 29 912 0
2 None 9 912 0
2 None 39 915 1
2 None 29 916 1
2 None 23 917 1
2 None 19 917 0
2 None 18 917 0
0.5 None 14 917 0
2 None 24 921 3
-1 None 18 922 3
0.5 None 11 923 1
1 None 12 923 0
0.5 None 23 923 0
2 None 32 926 1
2 None 36 927 1
2 None 13 928 1
1 None 38 929 4
1 None 17 930 2
1 None 23 930 0
2 None 10 932 1
2 None 1 932 0
2 None 16 932 0
1 None 28 932 0
2 None 89 936 1
2 None 27 936 0
0.5 None 12 938 1
1 None 19 939 1
0.5 None 17 940 1
2 None 34 941 2
2 None 44 941 0
2 None 11 941 0
2 None 37 944 1
2 None 35 944 0
2 None 29 944 0
2 None 15 947 1
0.5 None 21 947 0
0.5 None 32 949 2
2 None 16 949 0
2 None 6 949 0
2 None 27 952 2
1 None 5 952 0
2 None 10 952 0
0.5 None 21 952 0
1 None 31 956 1
2 None 64 957 4
2 None 11 957 0
2 None 11 959 1
0.5 None 10 959 0
0.5 None 25 961 1
2 None 18 962 1
0.5 None 36 963 1
0.5 None 34 964 1
2 None 2 964 0
1 None 8 964 0
2 None 46 967 1
-1 None 8 968 1
1 None 21 968 0
2 None 18 970 1
1 None 17 971 1
0.5 None 26 971 0
2 None 17 973 3
2 None 26 974 1
-1 None 37 975 2
2 None 19 976 1
-1 None 14 977 1
1 None 7 977 0
2 None 14 979 2
2 None 9 979 0
1 None 13 979 0
2 None 25 982 1
2 None 15 982 0
2 None 7 984 1
2 None 21 985 1
2 None 53 986 2
0.5 None 31 987 1
0.5 None 23 987 0
1 None 17 987 0
0.5 None 8 987 0
1 None 13 987 0
-1 None 16 992 2
0.5 None 18 992 0
2 None 12 992 0
1 None 18 995 2
-1 None 26 996 1
-1 None 4 997 1
0.5 None 16 997 0
2 None 31 997 0
2 None 35 997 0
2 None 33 1001 1
0.5 None 83 1002 3
1 None 23 1002 0
2 None 86 1004 6
2 None 41 1005 2
0.5 None 46 1006 2
2 None 11 1006 0
2 None 53 1008 2
2 None 14 1009 1
2 None 26 1010 2
2 None 11 1011 1
0.5 None 18 1012 1
-1 None 13 1013 2
2 None 22 1013 0
2 None 41 1015 1
1 None 38 1016 2
2 None 31 1017 1
2 None 28 1018 1
2 None 22 1018 0
1 None 21 1018 0
2 None 16 1021 2
2 None 127 1022 5
2 None 23 1023 2
0.5 None 13 1024 1
1 None 33 1024 0
-1 None 14 1026 1
2 None 53 1027 1
2 None 15 1027 0
1 None 4 1027 0
0.5 None 51 1030 4
2 None 19 1030 0
2 None 25 1030 0
2 None 28 1030 0
2 None 21 1030 0
2 None 22 1035 1
2 None 19 1036 1
2 None 25 1037 1
0.5 None 14 1037 0
2 None 17 1037 0
2 None 17 1037 0
1 None 22 1037 0
2 None 19 1037 0
2 None 17 1043 2
0.5 None 18 1044 1
2 None 26 1044 0
1 None 21 1046 1
-1 None 21 1047 2
1 None 9 1048 1
2 None 25 1048 0
1 None 13 1048 0
0.5 None 22 1051 2
2 None 12 1052 1
0.5 None 15 1052 0
0.5 None 19 1054 1
2 None 21 1055 2
1 None 24 1055 0
2 None 21 1055 0
2 None 22 1058 1
-1 None 10 1059 1
2 None 16 1060 2
0.5 None 22 1060 0
2 None 25 1062 2
1 None 14 1062 0
0.5 None 14 1064 1
2 None 7 1064 0
2 None 10 1066 2
2 None 29 1067 2
2 None 42 1068 1
1 None 23 1068 0
1 None 19 1070 1
0.5 None 15 1071 1
2 None 18 1072 1
1 None 44 1073 2
-1 None 12 1074 1
1 None 6 1074 0
2 None 13 1076 1
2 None 34 1077 1
2 None 23 1077 0
2 None 21 1079 2
2 None 12 1079 0
1 None 14 1079 0
0.5 None 24 1082 1
1 None 36 1082 0
2 None 13 1082 0
1 None 6 1082 0
0.5 None 54 1086 4
1 None 10 1086 0
2 None 54 1088 1
2 None 25 1089 2
2 None 33 1090 1
0.5 None 4 1091 1
2 None 32 1091 0
-1 None 27 1093 2
1 None 8 1093 0
2 None 17 1095 2
2 None 8 1095 0
1 None 29 1097 3
2 None 9 1097 0
