2 None 25 2678 2
1 None 27 2679 2
1 None 26 2679 0
2 None 13 2679 0
2 None 31 2682 1
1 None 31 2683 1
1 None 31 2684 2
1 None 12 2684 0
1 None 7 2684 0
1 None 32 2684 0
2 None 12 2688 1
1 None 26 2688 0
1 None 14 2688 0
1 None 33 2691 2
0.5 None 14 2691 0
2 None 13 2693 2
2 None 29 2694 1
1 None 32 2695 1
1 None 35 2696 2
1 None 25 2696 0
1 None 16 2696 0
1 None 30 2699 1
1 None 18 2700 1
1 None 79 2701 5
1 None 20 2701 0
1 None 105 2703 2
1 None 64 2704 3
-1 None 16 2705 1
1 None 37 2706 1
2 None 34 2707 2
1 None 27 2708 1
1 None 17 2708 0
2 None 40 2708 0
1 None 22 2711 1
1 None 10 2712 1
1 None 29 2713 1
1 None 21 2714 2
1 None 21 2715 1
1 None 37 2716 1
2 None 56 2716 0
1 None 2 2716 0
2 None 14 2719 1
0.5 None 36 2720 1
2 None 23 2721 1
2 None 45 2722 2
2 None 25 2723 1
2 None 7 2724 1
1 None 11 2725 1
1 None 7 2725 0
1 None 13 2725 0
1 None 19 2728 1
0.5 None 25 2728 0
1 None 29 2730 3
1 None 26 2730 0
1 None 38 2732 1
1 None 8 2732 0
1 None 22 2732 0
2 None 33 2735 1
1 None 18 2735 0
1 None 18 2737 1
1 None 36 2738 1
0.5 None 34 2739 1
1 None 54 2740 3
1 None 12 2741 1
0.5 None 33 2742 1
1 None 56 2743 4
0.5 None 8 2743 0
2 None 7 2743 0
2 None 10 2743 0
2 None 19 2747 2
2 None 32 2748 1
-1 None 48 2749 3
1 None 19 2750 1
2 None 14 2750 0
2 None 24 2750 0
1 None 11 2750 0
1 None 28 2754 1
1 None 34 2755 1
1 None 17 2755 0
0.5 None 38 2757 2
2 None 6 2758 1
1 None 14 2758 0
2 None 30 2760 2
1 None 26 2761 4
1 None 31 2762 1
1 None 17 2763 2
1 None 14 2763 0
1 None 12 2763 0
1 None 29 2763 0
1 None 58 2763 0
1 None 18 2768 1
1 None 12 2768 0
1 None 13 2770 1
2 None 18 2771 1
-1 None 19 2772 1
2 None 13 2772 0
2 None 9 2772 0
1 None 86 2775 3
1 None 14 2776 1
1 None 8 2776 0
1 None 7 2776 0
1 None 15 2776 0
2 None 14 2780 1
2 None 6 2780 0
1 None 14 2780 0
1 None 31 2783 2
1 None 11 2783 0
1 None 17 2783 0
0.5 None 17 2786 1
1 None 10 2786 0
2 None 11 2788 1
1 None 27 2789 1
2 None 10 2790 1
1 None 16 2791 2
1 None 23 2791 0
1 None 51 2793 1
1 None 11 2793 0
1 None 34 2795 1
1 None 16 2795 0
1 None 8 2795 0
-1 None 37 2798 4
-1 None 7 2799 1
1 None 34 2800 1
1 None 13 2800 0
1 None 53 2802 2
1 None 30 2803 2
2 None 21 2804 1
2 None 74 2805 2
1 None 12 2806 1
1 None 29 2807 2
1 None 33 2807 0
1 None 25 2807 0
1 None 19 2810 1
1 None 6 2810 0
2 None 28 2812 1
1 None 25 2812 0
1 None 4 2812 0
2 None 13 2812 0
1 None 37 2816 2
2 None 18 2816 0
1 None 31 2818 1
1 None 13 2818 0
1 None 9 2820 1
2 None 45 2821 1
1 None 79 2822 3
1 None 16 2822 0
1 None 57 2824 2
1 None 13 2824 0
1 None 18 2824 0
2 None 53 2827 1
2 None 6 2827 0
1 None 15 2829 1
2 None 44 2830 1
2 None 16 2830 0
1 None 12 2830 0
1 None 42 2833 1
2 None 5 2833 0
0.5 None 12 2833 0
1 None 10 2833 0
2 None 34 2837 1
2 None 9 2837 0
1 None 39 2837 0
1 None 28 2840 1
1 None 16 2841 1
1 None 31 2842 2
1 None 22 2843 1
1 None 10 2844 2
2 None 39 2844 0
1 None 15 2846 1
1 None 14 2846 0
1 None 30 2848 1
1 None 19 2849 1
2 None 26 2850 3
1 None 32 2851 2
2 None 55 2852 1
1 None 23 2852 0
2 None 10 2852 0
-1 None 8 2855 1
1 None 34 2856 1
2 None 7 2856 0
2 None 7 2856 0
2 None 22 2856 0
1 None 8 2856 0
1 None 18 2861 1
1 None 23 2861 0
1 None 29 2863 2
2 None 20 2864 1
2 None 25 2864 0
2 None 14 2866 2
1 None 90 2867 2
1 None 32 2868 1
0.5 None 16 2868 0
1 None 10 2870 2
2 None 13 2871 3
1 None 19 2871 0
2 None 8 2871 0
1 None 59 2874 2
1 None 22 2874 0
1 None 17 2876 1
1 None 14 2876 0
1 None 70 2878 6
1 None 16 2878 0
1 None 13 2878 0
1 None 11 2881 1
2 None 5 2881 0
2 None 5 2881 0
1 None 18 2884 1
1 None 8 2884 0
1 None 6 2884 0
2 None 9 2884 0
1 None 9 2888 1
2 None 16 2889 1
2 None 16 2890 1
1 None 11 2890 0
2 None 9 2890 0
1 None 43 2893 2
1 None 52 2894 3
2 None 13 2895 3
2 None 26 2895 0
1 None 21 2897 2
2 None 27 2898 1
2 None 17 2899 1
1 None 179 2900 6
-1 None 101 2901 5
2 None 53 2902 4
1 None 42 2903 1
0.5 None 46 2903 0
1 None 14 2905 1
0.5 None 61 2906 4
2 None 26 2907 2
1 None 23 2907 0
1 None 19 2909 2
0.5 None 14 2910 1
1 None 49 2911 2
1 None 18 2911 0
0.5 None 8 2911 0
1 None 13 2911 0
2 None 16 2911 0
1 None 44 2916 2
2 None 5 2916 0
1 None 34 2916 0
1 None 31 2919 1
2 None 12 2920 1
1 None 17 2920 0
1 None 14 2922 1
1 None 4 2922 0
1 None 34 2924 1
2 None 49 2924 0
1 None 6 2926 1
2 None 29 2927 3
2 None 9 2927 0
1 None 8 2929 1
1 None 56 2930 1
1 None 3 2930 0
1 None 9 2932 1
1 None 10 2932 0
-1 None 12 2934 1
1 None 35 2934 0
2 None 7 2934 0
1 None 30 2937 1
1 None 21 2938 1
1 None 14 2938 0
1 None 15 2938 0
2 None 20 2941 2
1 None 9 2941 0
1 None 22 2943 1
2 None 11 2944 1
0.5 None 43 2945 1
-1 None 9 2946 1
2 None 48 2947 2
1 None 17 2948 1
1 None 13 2948 0
1 None 3 2948 0
1 None 2 2948 0
1 None 39 2952 2
1 None 18 2952 0
2 None 5 2954 1
1 None 12 2954 0
1 None 46 2956 1
0.5 None 31 2956 0
1 None 26 2956 0
2 None 13 2959 1
1 None 11 2959 0
1 None 38 2961 3
1 None 25 2962 3
1 None 10 2962 0
1 None 27 2964 2
2 None 4 2964 0
1 None 33 2966 1
1 None 7 2966 0
1 None 11 2966 0
2 None 9 2966 0
2 None 4 2966 0
1 None 51 2971 2
1 None 51 2972 1
1 None 37 2973 6
2 None 38 2973 0
1 None 28 2975 1
2 None 16 2975 0
1 None 40 2977 1
1 None 15 2977 0
1 None 6 2977 0
2 None 29 2980 1
2 None 19 2980 0
1 None 12 2980 0
1 None 25 2980 0
2 None 21 2984 1
0.5 None 13 2984 0
2 None 15 2984 0
1 None 18 2984 0
2 None 20 2984 0
2 None 14 2984 0
1 None 50 2990 2
1 None 17 2990 0
0.5 None 21 2990 0
2 None 13 2990 0
1 None 22 2994 1
2 None 20 2994 0
1 None 16 2996 1
1 None 17 2997 1
1 None 9 2997 0
1 None 17 2997 0
1 None 184 3000 6
2 None 89 3001 9
1 None 31 3001 0
1 None 34 3001 0
1 None 20 3001 0
2 None 7 3001 0
2 None 1 3001 0
2 None 22 3007 2
1 None 17 3007 0
2 None 15 3009 1
2 None 62 3010 5
1 None 26 3011 2
1 None 22 3012 1
2 None 10 3012 0
1 None 15 3012 0
1 None 11 3012 0
1 None 38 3016 4
2 None 2 3016 0
1 None 31 3018 1
2 None 10 3018 0
2 None 18 3018 0
1 None 53 3021 3
1 None 37 3022 1
1 None 27 3023 1
1 None 56 3024 2
1 None 21 3024 0
1 None 33 3024 0
2 None 17 3027 1
1 None 19 3027 0
1 None 61 3029 1
1 None 38 3030 1
2 None 26 3031 2
2 None 21 3031 0
1 None 7 3031 0
1 None 16 3031 0
1 None 38 3035 3
1 None 27 3036 1
1 None 27 3037 1
1 None 18 3038 1
2 None 5 3038 0
1 None 19 3038 0
1 None 16 3041 2
1 None 13 3041 0
1 None 13 3041 0
1 None 26 3044 2
-1 None 1 3045 1
1 None 28 3046 4
2 None 39 3046 0
1 None 31 3048 1
2 None 5 3048 0
1 None 13 3048 0
1 None 18 3051 1
1 None 14 3051 0
2 None 7 3051 0
1 None 47 3054 1
1 None 28 3054 0
1 None 12 3056 2
1 None 22 3057 1
1 None 26 3058 2
1 None 28 3059 1
1 None 37 3060 1
0.5 None 24 3061 1
1 None 17 3062 1
1 None 32 3063 2
1 None 21 3064 1
1 None 31 3064 0
1 None 3 3064 0
1 None 17 3067 1
1 None 29 3067 0
1 None 8 3067 0
1 None 25 3070 2
1 None 24 3071 1
1 None 39 3072 1
1 None 55 3073 1
1 None 11 3073 0
1 None 16 3075 1
1 None 21 3075 0
2 None 13 3077 1
-1 None 33 3078 3
1 None 15 3078 0
-1 None 14 3080 1
1 None 4 3080 0
1 None 23 3080 0
1 None 19 3080 0
2 None 13 3080 0
1 None 14 3080 0
1 None 41 3086 1
1 None 30 3087 1
1 None 17 3087 0
1 None 20 3089 3
1 None 18 3089 0
1 None 12 3089 0
0.5 None 27 3092 2
1 None 8 3092 0
1 None 31 3094 3
1 None 23 3094 0
1 None 19 3096 1
1 None 22 3097 1
1 None 15 3097 0
2 None 30 3099 2
1 None 17 3099 0
1 None 150 3101 4
1 None 23 3102 2
1 None 32 3102 0
1 None 78 3104 2
1 None 6 3104 0
1 None 41 3106 1
1 None 23 3106 0
1 None 44 3108 2
1 None 23 3108 0
1 None 4 3108 0
1 None 14 3111 1
1 None 15 3112 2
1 None 14 3112 0
2 None 37 3114 1
2 None 45 3115 1
1 None 59 3116 1
1 None 10 3117 1
1 None 18 3118 2
1 None 13 3118 0
1 None 38 3120 1
2 None 14 3120 0
1 None 19 3120 0
1 None 26 3123 2
0.5 None 19 3124 1
1 None 25 3124 0
1 None 9 3126 1
2 None 23 3127 2
1 None 22 3127 0
1 None 32 3129 3
1 None 32 3130 1
1 None 15 3130 0
1 None 25 3132 1
2 None 16 3132 0
1 None 11 3132 0
1 None 17 3132 0
1 None 28 3132 0
2 None 82 3137 3
2 None 16 3138 2
1 None 29 3138 0
1 None 20 3138 0
2 None 11 3141 2
1 None 28 3142 1
1 None 37 3143 3
1 None 30 3143 0
1 None 68 3145 4
1 None 6 3145 0
2 None 4 3147 1
1 None 65 3148 1
1 None 11 3148 0
1 None 16 3148 0
1 None 30 3151 2
1 None 22 3152 1
1 None 31 3152 0
1 None 13 3154 1
2 None 20 3155 1
1 None 29 3156 2
1 None 33 3157 3
1 None 11 3157 0
1 None 18 3157 0
1 None 32 3157 0
1 None 27 3161 1
1 None 21 3161 0
1 None 23 3163 1
2 None 37 3163 0
1 None 26 3163 0
2 None 31 3166 3
1 None 21 3167 1
1 None 9 3167 0
-1 None 13 3169 3
1 None 30 3170 2
-1 None 45 3171 1
1 None 10 3171 0
1 None 53 3173 3
1 None 33 3174 3
1 None 61 3175 1
1 None 15 3175 0
1 None 17 3175 0
1 None 14 3175 0
1 None 7 3175 0
2 None 16 3175 0
1 None 25 3181 1
-1 None 25 3182 2
1 None 16 3183 3
1 None 17 3184 1
2 None 25 3185 1
1 None 15 3186 2
1 None 9 3187 1
1 None 13 3187 0
2 None 16 3189 3
2 None 13 3189 0
1 None 23 3189 0
2 None 13 3192 1
1 None 21 3193 1
2 None 1 3193 0
2 None 16 3195 2
2 None 35 3196 2
1 None 14 3197 2
1 None 5 3197 0
1 None 46 3199 1
1 None 37 3200 3
1 None 54 3201 1
2 None 9 3201 0
2 None 38 3201 0
1 None 48 3204 2
2 None 77 3205 2
0.5 None 9 3205 0
1 None 54 3207 4
1 None 18 3208 3
2 None 11 3208 0
0.5 None 34 3210 1
1 None 7 3210 0
1 None 10 3212 2
1 None 73 3213 4
1 None 21 3214 1
1 None 41 3215 3
2 None 19 3215 0
1 None 61 3217 2
1 None 19 3218 2
1 None 20 3219 1
1 None 15 3219 0
2 None 9 3219 0
1 None 26 3219 0
1 None 73 3219 0
1 None 25 3219 0
1 None 19 3225 1
1 None 69 3226 2
1 None 46 3227 1
1 None 23 3228 1
1 None 14 3229 1
2 None 22 3230 1
2 None 10 3231 1
2 None 13 3231 0
1 None 18 3233 1
1 None 13 3233 0
1 None 7 3233 0
1 None 7 3233 0
1 None 34 3237 2
1 None 11 3237 0
1 None 9 3237 0
1 None 14 3237 0
1 None 36 3241 2
1 None 8 3242 1
1 None 29 3243 1
2 None 21 3244 1
1 None 24 3245 1
0.5 None 18 3246 1
1 None 11 3247 1
1 None 20 3248 3
1 None 26 3249 2
1 None 8 3249 0
2 None 8 3249 0
1 None 9 3249 0
2 None 28 3253 1
1 None 4 3253 0
1 None 56 3255 1
2 None 8 3255 0
1 None 11 3255 0
0.5 None 23 3255 0
1 None 21 3255 0
1 None 11 3255 0
-1 None 16 3261 1
1 None 15 3261 0
1 None 29 3263 2
2 None 14 3263 0
1 None 19 3263 0
2 None 9 3266 1
1 None 9 3266 0
2 None 8 3268 1
2 None 34 3269 2
2 None 22 3269 0
1 None 38 3271 2
1 None 31 3272 2
1 None 81 3273 4
-1 None 29 3274 1
1 None 7 3274 0
0.5 None 13 3274 0
1 None 36 3277 2
1 None 83 3278 4
1 None 22 3278 0
1 None 26 3280 1
-1 None 16 3281 1
1 None 12 3281 0
1 None 18 3281 0
1 None 17 3284 1
1 None 32 3285 1
1 None 25 3286 2
2 None 8 3287 1
2 None 27 3287 0
1 None 25 3289 2
2 None 9 3290 1
1 None 13 3290 0
1 None 46 3290 0
1 None 11 3290 0
2 None 28 3294 1
1 None 11 3294 0
2 None 13 3294 0
1 None 30 3297 2
2 None 15 3298 2
1 None 22 3299 1
1 None 67 3300 1
1 None 68 3301 4
1 None 117 3302 3
2 None 52 3302 0
1 None 35 3304 1
1 None 28 3305 1
1 None 19 3306 1
2 None 13 3307 1
1 None 47 3307 0
2 None 45 3309 1
1 None 21 3309 0
-1 None 47 3311 4
2 None 50 3311 0
1 None 29 3311 0
1 None 9 3311 0
1 None 39 3315 1
1 None 29 3316 3
1 None 23 3316 0
1 None 19 3318 1
1 None 18 3318 0
1 None 14 3320 1
1 None 24 3320 0
1 None 18 3320 0
1 None 11 3320 0
1 None 12 3320 0
1 None 23 3325 2
1 None 32 3326 1
1 None 36 3327 1
1 None 13 3327 0
1 None 38 3329 2
1 None 17 3330 1
1 None 23 3331 1
2 None 10 3331 0
2 None 1 3331 0
1 None 16 3334 2
2 None 28 3335 2
0.5 None 89 3336 4
1 None 27 3336 0
1 None 12 3336 0
0.5 None 19 3339 1
1 None 17 3340 1
1 None 34 3341 1
1 None 44 3342 2
2 None 11 3342 0
1 None 37 3344 2
1 None 35 3345 1
1 None 29 3345 0
1 None 15 3345 0
2 None 21 3345 0
1 None 32 3349 1
2 None 16 3349 0
1 None 6 3349 0
1 None 27 3352 1
2 None 5 3352 0
1 None 10 3354 1
0.5 None 21 3355 2
1 None 31 3355 0
1 None 64 3357 1
2 None 11 3358 1
1 None 11 3358 0
1 None 10 3358 0
1 None 25 3358 0
1 None 18 3362 1
1 None 36 3363 1
1 None 34 3364 3
1 None 2 3364 0
1 None 8 3364 0
1 None 46 3367 3
1 None 8 3367 0
0.5 None 21 3367 0
2 None 18 3370 1
1 None 17 3370 0
1 None 26 3370 0
1 None 17 3370 0
1 None 26 3374 1
1 None 37 3374 0
0.5 None 19 3374 0
1 None 14 3374 0
2 None 7 3374 0
1 None 14 3374 0
1 None 9 3380 1
2 None 13 3380 0
1 None 25 3380 0
1 None 15 3380 0
2 None 7 3380 0
1 None 21 3380 0
1 None 53 3386 1
1 None 31 3386 0
2 None 23 3386 0
1 None 17 3386 0
1 None 8 3390 1
1 None 13 3391 2
2 None 16 3391 0
1 None 18 3391 0
2 None 12 3391 0
1 None 18 3395 1
1 None 26 3396 1
1 None 4 3396 0
1 None 16 3396 0
1 None 31 3399 4
0.5 None 35 3400 1
1 None 33 3401 1
2 None 83 3402 4
2 None 23 3402 0
2 None 86 3404 3
1 None 41 3405 4
1 None 46 3406 3
1 None 11 3406 0
1 None 53 3408 1
1 None 14 3408 0
1 None 26 3408 0
2 None 11 3408 0
1 None 18 3408 0
1 None 13 3408 0
-1 None 22 3414 2
1 None 41 3414 0
-1 None 38 3416 2
1 None 31 3417 2
1 None 28 3418 3
1 None 22 3418 0
1 None 21 3420 2
0.5 None 16 3421 1
1 None 127 3422 2
0.5 None 23 3422 0
0.5 None 13 3422 0
2 None 33 3422 0
2 None 14 3426 1
1 None 53 3426 0
-1 None 15 3428 1
1 None 4 3428 0
1 None 51 3430 2
2 None 19 3430 0
2 None 25 3430 0
1 None 28 3430 0
2 None 21 3430 0
-1 None 22 3435 1
1 None 19 3435 0
1 None 25 3437 1
-1 None 14 3438 2
2 None 17 3438 0
1 None 17 3440 1
1 None 22 3440 0
1 None 19 3442 1
1 None 17 3443 1
1 None 18 3443 0
1 None 26 3445 1
1 None 21 3445 0
2 None 21 3445 0
0.5 None 9 3445 0
2 None 25 3449 2
0.5 None 13 3449 0
1 None 22 3449 0
1 None 12 3449 0
1 None 15 3453 3
1 None 19 3453 0
2 None 21 3455 1
1 None 24 3456 1
1 None 21 3457 1
1 None 22 3457 0
1 None 10 3459 2
1 None 16 3460 1
1 None 22 3460 0
1 None 25 3462 1
1 None 14 3462 0
0.5 None 14 3462 0
1 None 7 3462 0
1 None 10 3466 1
1 None 29 3467 1
1 None 42 3468 4
2 None 23 3469 1
1 None 19 3469 0
1 None 15 3469 0
1 None 18 3472 1
1 None 44 3473 2
2 None 12 3473 0
2 None 6 3473 0
1 None 13 3476 1
1 None 34 3477 1
1 None 23 3477 0
1 None 21 3477 0
1 None 12 3477 0
1 None 14 3481 3
2 None 24 3482 1
1 None 36 3483 1
1 None 13 3484 1
0.5 None 6 3485 1
0.5 None 54 3486 4
1 None 10 3487 1
1 None 54 3488 3
1 None 25 3488 0
1 None 33 3490 1
1 None 4 3490 0
-1 None 32 3492 1
1 None 27 3493 2
2 None 8 3493 0
0.5 None 17 3495 1
2 None 8 3495 0
1 None 29 3497 1
1 None 9 3498 1
