None None 0 None 0
12 35 35 0 10
2 25 33 1 7
2 25 83 2 27
12 30 23 3 5
2 40 86 4 12
12 40 41 5 7
2 35 46 6 4
12 20 11 6 0
2 40 53 8 8
12 20 14 9 3
12 35 26 10 4
12 20 11 11 1
12 45 18 12 1
12 30 13 13 1
12 40 22 14 3
2 30 41 15 3
2 25 38 16 6
12 45 31 17 3
2 25 28 18 3
12 40 22 19 1
12 45 21 19 0
12 35 16 21 4
2 35 127 22 9
12 25 23 22 0
12 30 13 24 3
12 50 33 25 3
12 30 14 26 3
2 35 53 27 8
12 40 15 27 0
12 35 4 27 0
2 35 51 30 3
12 40 19 31 1
12 25 25 31 0
2 25 28 33 1
12 20 21 34 3
10.5 25 22 35 2
12 30 19 36 2
12 35 25 37 2
12 30 14 38 2
12 25 17 39 1
12 20 17 40 4
12 25 22 41 1
10.5 40 19 42 3
12 35 17 42 0
12 35 18 44 3
12 40 26 45 4
12 30 21 46 3
12 40 21 46 0
12 25 9 48 1
12 35 25 49 3
12 20 13 50 3
12 30 22 51 1
12 20 12 51 0
12 20 15 53 5
12 30 19 54 1
12 20 21 54 0
12 30 24 56 4
12 35 21 57 1
12 30 22 58 1
12 35 10 58 0
12 25 16 58 0
2 20 22 58 0
12 30 25 62 4
12 20 14 63 1
12 35 14 64 1
12 20 7 64 0
12 40 10 64 0
12 35 29 67 3
2 25 42 68 2
12 25 23 69 3
12 25 19 70 3
12 25 15 71 3
12 45 18 72 2
2 25 44 73 5
12 35 12 73 0
12 20 6 73 0
12 30 13 73 0
2 30 34 77 3
12 30 23 78 2
12 40 21 79 1
12 35 12 80 1
12 20 14 80 0
12 50 24 82 3
2 25 36 83 7
12 30 13 84 3
12 20 6 85 1
2 40 54 86 8
12 20 10 86 0
2 30 54 88 4
12 25 25 89 3
12 40 33 90 6
12 20 4 90 0
12 40 32 92 3
12 30 27 93 1
12 50 8 93 0
12 30 17 95 2
12 25 8 95 0
2 20 29 97 4
12 25 9 98 1
