2 None 25 577 0
2 None 27 579 1
2 None 26 580 2
1 None 13 581 2
0.5 None 31 581 0
2 None 31 583 1
2 None 31 584 3
2 None 12 584 0
1 None 7 584 0
2 None 32 587 2
0.5 None 12 587 0
2 None 26 589 1
1 None 14 589 0
-1 None 33 591 1
0.5 None 14 592 3
2 None 13 592 0
-1 None 29 594 2
2 None 32 595 2
0.5 None 35 595 0
1 None 25 597 2
2 None 16 597 0
0.5 None 30 597 0
-1 None 18 600 1
2 None 79 601 4
2 None 20 602 2
0.5 None 105 603 1
2 None 64 604 2
2 None 16 605 3
2 None 37 606 2
0.5 None 34 607 2
0.5 None 27 608 3
1 None 17 608 0
0.5 None 40 610 3
2 None 22 610 0
2 None 10 610 0
2 None 29 613 3
2 None 21 614 1
2 None 21 615 2
2 None 37 616 3
0.5 None 56 616 0
2 None 2 618 1
2 None 14 618 0
2 None 36 618 0
0.5 None 23 621 1
0.5 None 45 622 2
1 None 25 623 2
2 None 7 623 0
1 None 11 623 0
2 None 7 623 0
2 None 13 623 0
1 None 19 628 1
-1 None 25 629 3
1 None 29 629 0
1 None 26 629 0
2 None 38 632 3
1 None 8 632 0
2 None 22 634 2
0.5 None 33 635 1
1 None 18 635 0
1 None 18 637 1
2 None 36 638 3
2 None 34 639 2
0.5 None 54 640 2
1 None 12 641 1
2 None 33 641 0
2 None 56 643 7
2 None 8 643 0
1 None 7 643 0
2 None 10 643 0
1 None 19 647 2
1 None 32 648 1
2 None 48 649 1
2 None 19 650 1
2 None 14 650 0
2 None 24 652 2
1 None 11 653 1
2 None 28 654 4
2 None 34 655 1
2 None 17 656 1
0.5 None 38 656 0
2 None 6 656 0
2 None 14 656 0
2 None 30 660 2
2 None 26 661 1
1 None 31 661 0
2 None 17 663 1
0.5 None 14 663 0
1 None 12 663 0
-1 None 29 666 2
2 None 58 667 6
2 None 18 667 0
2 None 12 667 0
1 None 13 670 2
2 None 18 670 0
2 None 19 672 2
2 None 13 673 2
2 None 9 673 0
1 None 86 675 2
2 None 14 675 0
2 None 8 675 0
2 None 7 675 0
-1 None 15 679 2
2 None 14 679 0
2 None 6 679 0
0.5 None 14 682 1
1 None 31 683 1
2 None 11 684 1
2 None 17 684 0
0.5 None 17 684 0
1 None 10 684 0
1 None 11 688 1
1 None 27 689 1
1 None 10 690 3
1 None 16 690 0
2 None 23 692 2
0.5 None 51 693 4
2 None 11 693 0
2 None 34 695 2
2 None 16 695 0
2 None 8 695 0
2 None 37 698 3
2 None 7 699 1
2 None 34 699 0
0.5 None 13 699 0
2 None 53 702 2
1 None 30 703 3
2 None 21 704 1
2 None 74 705 6
2 None 12 706 1
2 None 29 707 1
0.5 None 33 708 2
2 None 25 709 1
2 None 19 710 1
2 None 6 711 2
2 None 28 712 1
2 None 25 712 0
2 None 4 712 0
2 None 13 715 1
2 None 37 716 4
1 None 18 716 0
2 None 31 716 0
2 None 13 716 0
2 None 9 716 0
1 None 45 721 1
2 None 79 722 1
2 None 16 723 1
1 None 57 724 2
0.5 None 13 724 0
0.5 None 18 726 2
2 None 53 727 1
1 None 6 727 0
0.5 None 15 727 0
0.5 None 44 730 1
2 None 16 731 1
0.5 None 12 732 1
2 None 42 733 2
1 None 5 733 0
2 None 12 735 1
0.5 None 10 735 0
0.5 None 34 735 0
0.5 None 9 735 0
2 None 39 739 2
2 None 28 740 1
2 None 16 740 0
2 None 31 742 2
2 None 22 742 0
2 None 10 742 0
1 None 39 745 2
1 None 15 746 1
2 None 14 747 1
1 None 30 748 4
2 None 19 748 0
0.5 None 26 748 0
0.5 None 32 751 1
1 None 55 752 1
2 None 23 752 0
1 None 10 752 0
1 None 8 752 0
0.5 None 34 756 1
1 None 7 756 0
2 None 7 756 0
0.5 None 22 759 1
1 None 8 759 0
1 None 18 759 0
2 None 23 762 1
2 None 29 763 2
2 None 20 763 0
2 None 25 763 0
2 None 14 766 1
1 None 90 767 2
1 None 32 768 3
2 None 16 768 0
2 None 10 770 1
2 None 13 770 0
1 None 19 770 0
2 None 8 773 2
0.5 None 59 774 1
2 None 22 775 2
2 None 17 775 0
2 None 14 775 0
2 None 70 778 2
1 None 16 778 0
2 None 13 778 0
1 None 11 781 1
2 None 5 781 0
2 None 5 781 0
2 None 18 784 1
1 None 8 785 1
0.5 None 6 786 1
1 None 9 786 0
2 None 9 788 1
2 None 16 788 0
2 None 16 788 0
2 None 11 788 0
2 None 9 788 0
1 None 43 793 4
2 None 52 794 3
2 None 13 794 0
2 None 26 794 0
2 None 21 794 0
2 None 27 794 0
2 None 17 794 0
0.5 None 179 800 8
2 None 101 801 3
2 None 53 801 0
0.5 None 42 803 1
1 None 46 804 1
0.5 None 14 804 0
2 None 61 806 2
1 None 26 807 1
2 None 23 808 1
2 None 19 809 1
2 None 14 809 0
2 None 49 811 1
2 None 18 811 0
1 None 8 811 0
2 None 13 811 0
2 None 16 811 0
2 None 44 816 1
2 None 5 817 1
2 None 34 818 3
2 None 31 818 0
1 None 12 820 1
2 None 17 821 2
2 None 14 821 0
1 None 4 821 0
2 None 34 824 2
1 None 49 825 2
2 None 6 826 1
1 None 29 826 0
2 None 9 828 1
-1 None 8 829 1
0.5 None 56 830 2
2 None 3 830 0
-1 None 9 832 1
2 None 10 832 0
0.5 None 12 832 0
0.5 None 35 835 1
2 None 7 835 0
2 None 30 837 1
2 None 21 838 1
2 None 14 838 0
2 None 15 838 0
0.5 None 20 841 1
2 None 9 841 0
2 None 22 843 1
2 None 11 843 0
2 None 43 843 0
-1 None 9 846 1
2 None 48 847 3
2 None 17 847 0
2 None 13 847 0
1 None 3 847 0
2 None 2 847 0
2 None 39 852 1
1 None 18 853 1
2 None 5 853 0
2 None 12 853 0
2 None 46 856 4
1 None 31 857 1
2 None 26 857 0
2 None 13 859 1
2 None 11 859 0
0.5 None 38 861 3
0.5 None 25 862 1
2 None 10 862 0
0.5 None 27 864 1
1 None 4 864 0
0.5 None 33 866 1
-1 None 7 867 2
2 None 11 867 0
1 None 9 867 0
1 None 4 867 0
2 None 51 867 0
2 None 51 872 3
2 None 37 873 3
0.5 None 38 874 1
0.5 None 28 875 2
2 None 16 875 0
2 None 40 875 0
2 None 15 878 1
2 None 6 878 0
2 None 29 878 0
1 None 19 881 4
1 None 12 881 0
2 None 25 883 2
1 None 21 884 2
1 None 13 885 1
-1 None 15 886 2
2 None 18 886 0
2 None 20 886 0
1 None 14 889 1
2 None 50 889 0
2 None 17 889 0
2 None 21 889 0
2 None 13 889 0
2 None 22 889 0
0.5 None 20 889 0
2 None 16 896 1
2 None 17 896 0
2 None 9 896 0
2 None 17 899 1
2 None 184 900 2
2 None 89 901 5
0.5 None 31 902 1
1 None 34 903 2
2 None 20 904 1
1 None 7 904 0
-1 None 1 906 1
1 None 22 906 0
1 None 17 906 0
2 None 15 909 1
0.5 None 62 910 1
2 None 26 911 2
2 None 22 912 1
2 None 10 912 0
2 None 15 912 0
2 None 11 915 1
1 None 38 916 1
1 None 2 916 0
2 None 31 918 1
2 None 10 918 0
2 None 18 920 2
2 None 53 920 0
-1 None 37 922 3
2 None 27 923 2
2 None 56 924 2
2 None 21 925 1
2 None 33 925 0
2 None 17 927 1
2 None 19 927 0
1 None 61 929 2
2 None 38 930 3
1 None 26 930 0
0.5 None 21 930 0
1 None 7 933 1
2 None 16 934 1
0.5 None 38 934 0
1 None 27 934 0
2 None 27 937 1
2 None 18 937 0
2 None 5 937 0
2 None 19 940 1
2 None 16 941 1
0.5 None 13 941 0
2 None 13 943 1
2 None 26 943 0
2 None 1 943 0
2 None 28 943 0
2 None 39 947 3
1 None 31 948 1
2 None 5 948 0
2 None 13 950 1
0.5 None 18 950 0
0.5 None 14 950 0
2 None 7 950 0
1 None 47 950 0
0.5 None 28 950 0
2 None 12 950 0
1 None 22 950 0
2 None 26 958 1
1 None 28 958 0
2 None 37 960 3
2 None 24 961 1
-1 None 17 962 1
2 None 32 963 1
-1 None 21 964 2
2 None 31 965 2
2 None 3 965 0
2 None 17 967 2
2 None 29 967 0
1 None 8 967 0
2 None 25 970 1
0.5 None 24 970 0
2 None 39 972 1
2 None 55 973 4
2 None 11 973 0
2 None 16 975 1
2 None 21 976 1
2 None 13 977 1
0.5 None 33 977 0
2 None 15 979 1
2 None 14 979 0
0.5 None 4 979 0
0.5 None 23 982 1
0.5 None 19 982 0
0.5 None 13 984 1
2 None 14 984 0
2 None 41 984 0
2 None 30 987 2
2 None 17 987 0
2 None 20 989 1
2 None 18 989 0
2 None 12 991 1
1 None 27 991 0
0.5 None 8 991 0
0.5 None 31 994 2
0.5 None 23 995 1
2 None 19 996 1
2 None 22 996 0
2 None 15 996 0
-1 None 30 999 1
2 None 17 1000 2
0.5 None 150 1001 5
1 None 23 1002 1
1 None 32 1002 0
2 None 78 1004 2
1 None 6 1004 0
1 None 41 1006 2
0.5 None 23 1006 0
2 None 44 1008 1
1 None 23 1009 1
2 None 4 1009 0
1 None 14 1009 0
2 None 15 1012 2
2 None 14 1012 0
0.5 None 37 1014 1
2 None 45 1015 1
1 None 59 1016 3
2 None 10 1017 1
1 None 18 1017 0
2 None 13 1017 0
0.5 None 38 1020 1
1 None 14 1020 0
0.5 None 19 1022 2
1 None 26 1023 3
2 None 19 1024 1
2 None 25 1025 1
-1 None 9 1026 1
2 None 23 1027 2
2 None 22 1028 3
1 None 32 1029 1
2 None 32 1030 1
2 None 15 1030 0
2 None 25 1032 1
2 None 16 1033 1
2 None 11 1033 0
1 None 17 1035 1
1 None 28 1036 2
2 None 82 1037 2
2 None 16 1037 0
1 None 29 1039 1
1 None 20 1040 1
0.5 None 11 1040 0
1 None 28 1040 0
0.5 None 37 1043 3
2 None 30 1044 1
2 None 68 1045 6
2 None 6 1045 0
1 None 4 1045 0
1 None 65 1045 0
2 None 11 1045 0
1 None 16 1045 0
0.5 None 30 1051 2
2 None 22 1051 0
0.5 None 31 1051 0
2 None 13 1051 0
0.5 None 20 1055 1
2 None 29 1056 1
0.5 None 33 1057 2
2 None 11 1057 0
0.5 None 18 1059 1
2 None 32 1060 3
0.5 None 27 1060 0
2 None 21 1060 0
2 None 23 1063 1
2 None 37 1064 1
1 None 26 1065 2
2 None 31 1066 1
2 None 21 1066 0
2 None 9 1068 2
2 None 13 1068 0
2 None 30 1068 0
2 None 45 1071 1
0.5 None 10 1071 0
1 None 53 1071 0
-1 None 33 1074 3
2 None 61 1075 2
2 None 15 1075 0
1 None 17 1075 0
0.5 None 14 1075 0
2 None 7 1079 2
2 None 16 1079 0
2 None 25 1081 1
2 None 25 1081 0
2 None 16 1083 2
2 None 17 1083 0
2 None 25 1083 0
1 None 15 1086 3
0.5 None 9 1086 0
2 None 13 1088 1
1 None 16 1088 0
2 None 13 1090 1
2 None 23 1090 0
2 None 13 1090 0
2 None 21 1090 0
2 None 1 1090 0
2 None 16 1090 0
2 None 35 1096 2
2 None 14 1096 0
2 None 5 1096 0
2 None 46 1099 1
1 None 37 1100 1
1 None 54 1101 6
2 None 9 1101 0
1 None 38 1103 3
0.5 None 48 1104 1
2 None 77 1105 3
1 None 9 1106 2
1 None 54 1106 0
0.5 None 18 1106 0
-1 None 11 1109 2
2 None 34 1109 0
2 None 7 1109 0
0.5 None 10 1112 1
0.5 None 73 1113 3
2 None 21 1114 2
2 None 41 1114 0
0.5 None 19 1114 0
0.5 None 61 1117 1
1 None 19 1118 1
2 None 20 1119 1
1 None 15 1120 1
0.5 None 9 1121 2
0.5 None 26 1122 2
2 None 73 1123 4
2 None 25 1123 0
0.5 None 19 1123 0
2 None 69 1126 2
0.5 None 46 1127 4
1 None 23 1128 2
2 None 14 1129 1
2 None 22 1130 1
2 None 10 1131 2
2 None 13 1132 1
2 None 18 1132 0
2 None 13 1134 2
0.5 None 7 1134 0
1 None 7 1134 0
2 None 34 1137 3
2 None 11 1137 0
2 None 9 1137 0
0.5 None 14 1140 1
2 None 36 1141 2
2 None 8 1141 0
2 None 29 1143 3
2 None 21 1144 1
2 None 24 1145 3
2 None 18 1145 0
0.5 None 11 1147 1
0.5 None 20 1148 4
2 None 26 1149 1
1 None 8 1150 1
0.5 None 8 1150 0
2 None 9 1150 0
1 None 28 1153 1
2 None 4 1153 0
2 None 56 1155 1
1 None 8 1155 0
0.5 None 11 1157 1
1 None 23 1158 1
1 None 21 1159 1
2 None 11 1159 0
0.5 None 16 1161 1
1 None 15 1161 0
2 None 29 1163 2
1 None 14 1163 0
-1 None 19 1165 1
-1 None 9 1166 1
2 None 9 1167 1
2 None 8 1167 0
-1 None 34 1169 2
2 None 22 1170 1
2 None 38 1171 2
2 None 31 1172 1
0.5 None 81 1173 3
1 None 29 1174 1
1 None 7 1174 0
2 None 13 1174 0
2 None 36 1174 0
2 None 83 1178 2
0.5 None 22 1178 0
2 None 26 1180 1
2 None 16 1180 0
1 None 12 1182 1
2 None 18 1182 0
0.5 None 17 1182 0
0.5 None 32 1185 1
2 None 25 1185 0
1 None 8 1185 0
1 None 27 1188 2
2 None 25 1188 0
2 None 9 1190 1
2 None 13 1191 1
2 None 46 1192 2
0.5 None 11 1192 0
2 None 28 1194 2
2 None 11 1194 0
2 None 13 1194 0
2 None 30 1194 0
0.5 None 15 1194 0
2 None 22 1194 0
0.5 None 67 1200 1
0.5 None 68 1201 1
-1 None 117 1202 7
2 None 52 1203 4
2 None 35 1203 0
2 None 28 1203 0
1 None 19 1203 0
2 None 13 1203 0
2 None 47 1203 0
2 None 45 1209 2
2 None 21 1209 0
0.5 None 47 1211 1
2 None 50 1212 3
1 None 29 1213 3
2 None 9 1213 0
2 None 39 1215 2
0.5 None 29 1215 0
2 None 23 1217 2
2 None 19 1217 0
2 None 18 1217 0
0.5 None 14 1217 0
-1 None 24 1221 1
1 None 18 1221 0
2 None 11 1223 2
2 None 12 1224 1
0.5 None 23 1224 0
0.5 None 32 1226 1
2 None 36 1227 2
0.5 None 13 1227 0
1 None 38 1229 2
1 None 17 1230 1
2 None 23 1230 0
1 None 10 1230 0
1 None 1 1230 0
1 None 16 1230 0
1 None 28 1235 1
0.5 None 89 1236 2
0.5 None 27 1237 2
2 None 12 1237 0
2 None 19 1239 1
0.5 None 17 1240 2
0.5 None 34 1241 1
2 None 44 1242 2
2 None 11 1242 0
2 None 37 1244 2
0.5 None 35 1245 2
2 None 29 1246 1
1 None 15 1247 1
0.5 None 21 1247 0
2 None 32 1247 0
0.5 None 16 1247 0
2 None 6 1247 0
0.5 None 27 1247 0
-1 None 5 1253 1
2 None 10 1253 0
2 None 21 1255 1
2 None 31 1255 0
1 None 64 1257 1
0.5 None 11 1257 0
1 None 11 1257 0
2 None 10 1260 1
1 None 25 1260 0
2 None 18 1262 1
2 None 36 1262 0
2 None 34 1264 2
2 None 2 1264 0
2 None 8 1264 0
2 None 46 1267 2
1 None 8 1267 0
0.5 None 21 1267 0
-1 None 18 1270 3
2 None 17 1270 0
2 None 26 1272 1
2 None 17 1273 1
1 None 26 1274 1
2 None 37 1275 2
2 None 19 1275 0
2 None 14 1275 0
2 None 7 1275 0
1 None 14 1279 1
2 None 9 1279 0
1 None 13 1279 0
2 None 25 1279 0
1 None 15 1279 0
2 None 7 1279 0
2 None 21 1279 0
2 None 53 1286 3
2 None 31 1287 2
1 None 23 1287 0
2 None 17 1287 0
2 None 8 1287 0
2 None 13 1287 0
2 None 16 1292 1
2 None 18 1292 0
0.5 None 12 1292 0
1 None 18 1295 1
-1 None 26 1296 1
1 None 4 1296 0
2 None 16 1298 2
1 None 31 1299 1
2 None 35 1300 1
2 None 33 1301 2
0.5 None 83 1302 2
1 None 23 1302 0
2 None 86 1304 3
2 None 41 1304 0
2 None 46 1306 3
2 None 11 1306 0
1 None 53 1308 2
-1 None 14 1309 1
2 None 26 1310 1
2 None 11 1310 0
1 None 18 1310 0
2 None 13 1310 0
2 None 22 1314 2
-1 None 41 1315 1
2 None 38 1316 1
1 None 31 1316 0
2 None 28 1316 0
0.5 None 22 1319 2
2 None 21 1320 1
2 None 16 1320 0
0.5 None 127 1322 3
0.5 None 23 1322 0
2 None 13 1324 2
0.5 None 33 1325 1
1 None 14 1325 0
2 None 53 1327 3
2 None 15 1328 1
2 None 4 1328 0
1 None 51 1330 1
1 None 19 1330 0
0.5 None 25 1332 1
2 None 28 1333 3
2 None 21 1333 0
2 None 22 1335 2
2 None 19 1336 1
2 None 25 1336 0
2 None 14 1338 1
2 None 17 1339 1
0.5 None 17 1340 2
0.5 None 22 1341 1
2 None 19 1341 0
2 None 17 1343 1
0.5 None 18 1343 0
1 None 26 1343 0
1 None 21 1346 1
1 None 21 1346 0
2 None 9 1348 2
2 None 25 1349 3
0.5 None 13 1350 1
2 None 22 1350 0
0.5 None 12 1350 0
1 None 15 1350 0
2 None 19 1354 2
2 None 21 1354 0
2 None 24 1356 1
2 None 21 1357 2
1 None 22 1358 2
2 None 10 1358 0
2 None 16 1360 1
1 None 22 1360 0
2 None 25 1360 0
1 None 14 1360 0
0.5 None 14 1360 0
2 None 7 1360 0
2 None 10 1366 1
0.5 None 29 1367 2
2 None 42 1367 0
2 None 23 1369 1
1 None 19 1370 1
-1 None 15 1371 2
2 None 18 1372 1
0.5 None 44 1373 1
1 None 12 1373 0
1 None 6 1373 0
0.5 None 13 1376 1
-1 None 34 1377 2
2 None 23 1378 2
2 None 21 1379 1
1 None 12 1380 1
2 None 14 1381 1
2 None 24 1382 1
0.5 None 36 1383 2
1 None 13 1383 0
2 None 6 1383 0
-1 None 54 1386 3
1 None 10 1386 0
1 None 54 1388 2
0.5 None 25 1388 0
2 None 33 1390 2
0.5 None 4 1390 0
2 None 32 1392 2
1 None 27 1393 4
2 None 8 1394 1
2 None 17 1394 0
2 None 8 1394 0
2 None 29 1397 2
2 None 9 1397 0
