2 None 25 1073 0
0.5 None 27 1079 1
2 None 26 1080 1
2 None 13 1080 0
2 None 31 1082 2
0.5 None 31 1082 0
0.5 None 31 1084 1
1 None 12 1084 0
0.5 None 7 1084 0
1 None 32 1087 3
1 None 12 1087 0
2 None 26 1089 1
1 None 14 1089 0
2 None 33 1091 3
1 None 14 1092 3
2 None 13 1093 1
0.5 None 29 1094 1
1 None 32 1094 0
-1 None 35 1096 3
1 None 25 1096 0
-1 None 16 1098 1
0.5 None 30 1099 1
2 None 18 1100 1
2 None 79 1101 2
2 None 20 1102 1
2 None 105 1103 5
1 None 64 1104 2
2 None 16 1104 0
1 None 37 1106 2
-1 None 34 1107 2
0.5 None 27 1108 2
1 None 17 1108 0
2 None 40 1108 0
2 None 22 1108 0
2 None 10 1108 0
1 None 29 1113 2
2 None 21 1114 2
2 None 21 1115 1
-1 None 37 1116 3
2 None 56 1116 0
0.5 None 2 1116 0
-1 None 14 1119 5
2 None 36 1120 2
2 None 23 1121 1
2 None 45 1121 0
1 None 25 1121 0
2 None 7 1121 0
1 None 11 1121 0
1 None 7 1121 0
0.5 None 13 1121 0
2 None 19 1121 0
2 None 25 1121 0
2 None 29 1121 0
1 None 26 1131 1
1 None 38 1132 1
0.5 None 8 1133 1
2 None 22 1134 1
2 None 33 1135 2
1 None 18 1135 0
2 None 18 1135 0
2 None 36 1138 1
1 None 34 1139 2
2 None 54 1140 4
2 None 12 1141 1
2 None 33 1141 0
0.5 None 56 1143 2
1 None 8 1143 0
2 None 7 1143 0
2 None 10 1146 1
2 None 19 1147 2
1 None 32 1148 2
1 None 48 1149 1
2 None 19 1150 1
0.5 None 14 1150 0
2 None 24 1152 4
0.5 None 11 1152 0
-1 None 28 1154 1
2 None 34 1155 3
2 None 17 1155 0
1 None 38 1155 0
1 None 6 1155 0
1 None 14 1155 0
1 None 30 1155 0
2 None 26 1155 0
2 None 31 1162 2
0.5 None 17 1163 1
2 None 14 1163 0
2 None 12 1165 1
2 None 29 1165 0
0.5 None 58 1167 4
1 None 18 1168 1
1 None 12 1169 2
1 None 13 1169 0
2 None 18 1171 2
1 None 19 1172 1
2 None 13 1172 0
2 None 9 1172 0
1 None 86 1175 3
1 None 14 1175 0
2 None 8 1175 0
2 None 7 1175 0
1 None 15 1179 1
1 None 14 1179 0
2 None 6 1179 0
0.5 None 14 1179 0
1 None 31 1179 0
2 None 11 1184 1
2 None 17 1184 0
0.5 None 17 1184 0
0.5 None 10 1184 0
0.5 None 11 1184 0
1 None 27 1189 1
1 None 10 1189 0
2 None 16 1191 1
1 None 23 1192 1
1 None 51 1193 2
0.5 None 11 1194 1
2 None 34 1195 1
2 None 16 1195 0
2 None 8 1195 0
2 None 37 1198 1
0.5 None 7 1198 0
2 None 34 1198 0
2 None 13 1198 0
0.5 None 53 1202 2
1 None 30 1203 2
2 None 21 1204 1
2 None 74 1205 5
1 None 12 1206 1
2 None 29 1206 0
2 None 33 1208 2
0.5 None 25 1208 0
2 None 19 1210 1
2 None 6 1210 0
0.5 None 28 1212 2
1 None 25 1213 2
1 None 4 1213 0
0.5 None 13 1213 0
1 None 37 1216 3
1 None 18 1216 0
2 None 31 1218 2
1 None 13 1218 0
1 None 9 1218 0
2 None 45 1218 0
1 None 79 1222 3
2 None 16 1223 1
1 None 57 1224 2
0.5 None 13 1225 1
-1 None 18 1226 4
2 None 53 1227 1
2 None 6 1228 1
2 None 15 1228 0
2 None 44 1228 0
2 None 16 1228 0
2 None 12 1228 0
2 None 42 1233 3
-1 None 5 1234 1
2 None 12 1235 1
1 None 10 1236 1
0.5 None 34 1237 1
0.5 None 9 1237 0
2 None 39 1239 3
1 None 28 1239 0
2 None 16 1241 1
2 None 31 1242 2
2 None 22 1242 0
2 None 10 1242 0
2 None 39 1245 3
1 None 15 1245 0
2 None 14 1247 1
1 None 30 1248 5
1 None 19 1249 1
2 None 26 1250 1
2 None 32 1251 2
0.5 None 55 1252 1
1 None 23 1253 1
0.5 None 10 1253 0
1 None 8 1253 0
2 None 34 1256 1
2 None 7 1256 0
0.5 None 7 1258 1
2 None 22 1259 1
2 None 8 1259 0
-1 None 18 1261 1
0.5 None 23 1261 0
2 None 29 1263 3
2 None 20 1264 1
1 None 25 1265 1
0.5 None 14 1266 1
1 None 90 1267 2
1 None 32 1268 1
2 None 16 1269 1
2 None 10 1269 0
2 None 13 1269 0
1 None 19 1272 1
2 None 8 1272 0
0.5 None 59 1274 2
0.5 None 22 1274 0
-1 None 17 1276 1
2 None 14 1277 1
1 None 70 1278 1
-1 None 16 1279 1
2 None 13 1279 0
2 None 11 1279 0
2 None 5 1279 0
2 None 5 1283 1
2 None 18 1284 1
0.5 None 8 1284 0
2 None 6 1284 0
2 None 9 1287 1
0.5 None 9 1288 1
2 None 16 1288 0
2 None 16 1288 0
1 None 11 1288 0
2 None 9 1292 1
1 None 43 1293 2
2 None 52 1294 2
2 None 13 1294 0
1 None 26 1296 2
2 None 21 1297 2
1 None 27 1298 1
0.5 None 17 1299 1
1 None 179 1300 6
1 None 101 1301 6
2 None 53 1302 1
1 None 42 1303 1
0.5 None 46 1304 4
1 None 14 1304 0
2 None 61 1306 1
1 None 26 1306 0
1 None 23 1308 1
1 None 19 1308 0
2 None 14 1308 0
2 None 49 1311 3
1 None 18 1311 0
2 None 8 1311 0
2 None 13 1311 0
1 None 16 1315 1
2 None 44 1315 0
1 None 5 1315 0
2 None 34 1318 5
2 None 31 1318 0
2 None 12 1320 1
0.5 None 17 1320 0
1 None 14 1322 1
0.5 None 4 1322 0
0.5 None 34 1324 3
1 None 49 1324 0
1 None 6 1324 0
2 None 29 1327 3
2 None 9 1327 0
1 None 8 1327 0
1 None 56 1330 1
1 None 3 1330 0
1 None 9 1330 0
0.5 None 10 1330 0
2 None 12 1330 0
0.5 None 35 1335 2
0.5 None 7 1336 1
2 None 30 1337 2
2 None 21 1338 1
2 None 14 1338 0
2 None 15 1340 1
1 None 20 1340 0
1 None 9 1340 0
2 None 22 1343 2
2 None 11 1343 0
2 None 43 1343 0
2 None 9 1343 0
1 None 48 1347 4
2 None 17 1348 1
1 None 13 1349 1
2 None 3 1349 0
2 None 2 1349 0
2 None 39 1352 3
0.5 None 18 1353 1
1 None 5 1353 0
-1 None 12 1355 1
0.5 None 46 1356 1
2 None 31 1357 2
0.5 None 26 1358 1
1 None 13 1358 0
1 None 11 1358 0
1 None 38 1358 0
2 None 25 1362 1
1 None 10 1363 1
1 None 27 1364 1
1 None 4 1364 0
1 None 33 1366 5
1 None 7 1366 0
2 None 11 1366 0
2 None 9 1366 0
1 None 4 1366 0
1 None 51 1371 3
0.5 None 51 1372 1
0.5 None 37 1372 0
-1 None 38 1374 1
0.5 None 28 1375 1
2 None 16 1376 1
-1 None 40 1377 2
0.5 None 15 1377 0
1 None 6 1377 0
2 None 29 1377 0
2 None 19 1377 0
1 None 12 1382 2
-1 None 25 1383 4
1 None 21 1383 0
2 None 13 1383 0
2 None 15 1383 0
2 None 18 1383 0
-1 None 20 1388 4
2 None 14 1388 0
2 None 50 1390 3
2 None 17 1391 2
2 None 21 1391 0
0.5 None 13 1391 0
1 None 22 1394 2
0.5 None 20 1394 0
2 None 16 1394 0
1 None 17 1394 0
0.5 None 9 1394 0
2 None 17 1394 0
-1 None 184 1400 5
2 None 89 1401 7
2 None 31 1401 0
2 None 34 1401 0
2 None 20 1404 1
2 None 7 1404 0
0.5 None 1 1404 0
2 None 22 1407 1
2 None 17 1408 1
1 None 15 1409 2
2 None 62 1410 4
2 None 26 1411 1
2 None 22 1412 1
2 None 10 1413 1
2 None 15 1413 0
2 None 11 1413 0
2 None 38 1416 1
1 None 2 1416 0
1 None 31 1416 0
1 None 10 1419 1
1 None 18 1420 1
2 None 53 1421 2
1 None 37 1421 0
2 None 27 1423 1
2 None 56 1424 4
0.5 None 21 1424 0
0.5 None 33 1426 1
2 None 17 1426 0
2 None 19 1428 1
2 None 61 1429 3
0.5 None 38 1430 2
1 None 26 1431 3
2 None 21 1431 0
0.5 None 7 1431 0
2 None 16 1431 0
0.5 None 38 1431 0
1 None 27 1431 0
1 None 27 1431 0
1 None 18 1431 0
1 None 5 1431 0
1 None 19 1431 0
2 None 16 1431 0
1 None 13 1431 0
2 None 13 1443 1
1 None 26 1443 0
0.5 None 1 1443 0
0.5 None 28 1443 0
1 None 39 1447 1
2 None 31 1448 1
2 None 5 1448 0
2 None 13 1448 0
1 None 18 1451 1
1 None 14 1451 0
2 None 7 1451 0
0.5 None 47 1454 1
1 None 28 1455 2
1 None 12 1455 0
2 None 22 1455 0
1 None 26 1458 1
1 None 28 1458 0
1 None 37 1460 1
1 None 24 1461 2
2 None 17 1461 0
1 None 32 1461 0
2 None 21 1461 0
2 None 31 1465 1
1 None 3 1465 0
1 None 17 1467 1
2 None 29 1467 0
1 None 8 1469 1
2 None 25 1469 0
1 None 24 1469 0
1 None 39 1472 3
1 None 55 1473 1
1 None 11 1473 0
1 None 16 1475 1
1 None 21 1476 2
2 None 13 1476 0
2 None 33 1478 3
0.5 None 15 1479 2
2 None 14 1479 0
0.5 None 4 1479 0
1 None 23 1479 0
2 None 19 1483 1
2 None 13 1483 0
-1 None 14 1485 4
1 None 41 1486 1
1 None 30 1487 5
0.5 None 17 1487 0
2 None 20 1489 2
1 None 18 1490 1
2 None 12 1490 0
1 None 27 1490 0
1 None 8 1490 0
2 None 31 1494 2
-1 None 23 1495 2
2 None 19 1496 1
2 None 22 1496 0
1 None 15 1498 1
0.5 None 30 1499 2
2 None 17 1500 1
2 None 150 1501 1
2 None 23 1502 2
1 None 32 1502 0
-1 None 78 1504 5
0.5 None 6 1504 0
2 None 41 1506 2
1 None 23 1506 0
1 None 44 1508 1
2 None 23 1509 3
2 None 4 1509 0
2 None 14 1509 0
0.5 None 15 1509 0
2 None 14 1509 0
1 None 37 1514 2
2 None 45 1515 2
2 None 59 1516 1
2 None 10 1516 0
1 None 18 1518 1
0.5 None 13 1518 0
0.5 None 38 1520 4
2 None 14 1521 2
1 None 19 1522 1
2 None 26 1522 0
0.5 None 19 1524 1
0.5 None 25 1525 1
2 None 9 1525 0
2 None 23 1525 0
2 None 22 1525 0
2 None 32 1529 3
2 None 32 1530 2
2 None 15 1531 1
0.5 None 25 1532 2
2 None 16 1533 2
2 None 11 1533 0
0.5 None 17 1533 0
0.5 None 28 1536 2
0.5 None 82 1537 2
2 None 16 1537 0
2 None 29 1537 0
2 None 20 1540 1
0.5 None 11 1540 0
2 None 28 1542 1
2 None 37 1542 0
2 None 30 1542 0
2 None 68 1542 0
2 None 6 1542 0
1 None 4 1542 0
2 None 65 1548 3
1 None 11 1549 1
2 None 16 1550 2
0.5 None 30 1550 0
2 None 22 1552 1
2 None 31 1552 0
1 None 13 1554 1
1 None 20 1555 1
2 None 29 1556 2
1 None 33 1557 2
1 None 11 1557 0
1 None 18 1557 0
1 None 32 1560 1
0.5 None 27 1560 0
2 None 21 1560 0
0.5 None 23 1563 1
0.5 None 37 1564 4
1 None 26 1565 1
2 None 31 1566 3
0.5 None 21 1567 1
2 None 9 1568 1
2 None 13 1568 0
0.5 None 30 1568 0
0.5 None 45 1571 1
0.5 None 10 1571 0
2 None 53 1573 1
0.5 None 33 1574 1
2 None 61 1575 2
1 None 15 1576 1
2 None 17 1577 1
2 None 14 1577 0
0.5 None 7 1577 0
2 None 16 1577 0
0.5 None 25 1577 0
2 None 25 1582 1
2 None 16 1583 2
0.5 None 17 1583 0
2 None 25 1585 2
1 None 15 1586 1
1 None 9 1587 1
2 None 13 1587 0
1 None 16 1589 1
2 None 13 1589 0
-1 None 23 1591 1
2 None 13 1592 1
2 None 21 1592 0
0.5 None 1 1592 0
2 None 16 1592 0
2 None 35 1592 0
1 None 14 1592 0
2 None 5 1592 0
2 None 46 1599 1
2 None 37 1600 2
1 None 54 1601 2
1 None 9 1601 0
1 None 38 1603 1
1 None 48 1603 0
0.5 None 77 1605 3
0.5 None 9 1605 0
2 None 54 1607 2
2 None 18 1607 0
0.5 None 11 1609 2
0.5 None 34 1610 2
1 None 7 1610 0
2 None 10 1610 0
2 None 73 1613 2
2 None 21 1613 0
2 None 41 1615 2
2 None 19 1615 0
2 None 61 1617 2
2 None 19 1618 1
2 None 20 1619 1
2 None 15 1619 0
2 None 9 1619 0
2 None 26 1622 1
2 None 73 1623 3
2 None 25 1623 0
0.5 None 19 1623 0
2 None 69 1626 3
2 None 46 1627 1
2 None 23 1627 0
2 None 14 1629 1
0.5 None 22 1630 2
2 None 10 1630 0
0.5 None 13 1632 1
2 None 18 1633 1
2 None 13 1633 0
2 None 7 1635 1
2 None 7 1635 0
2 None 34 1635 0
1 None 11 1635 0
2 None 9 1635 0
1 None 14 1635 0
1 None 36 1635 0
1 None 8 1635 0
0.5 None 29 1643 1
1 None 21 1643 0
2 None 24 1645 1
1 None 18 1645 0
1 None 11 1645 0
0.5 None 20 1648 1
2 None 26 1649 2
2 None 8 1649 0
2 None 8 1651 1
-1 None 9 1652 3
2 None 28 1653 1
1 None 4 1653 0
1 None 56 1655 1
1 None 8 1655 0
1 None 11 1657 1
2 None 23 1658 1
2 None 21 1658 0
2 None 11 1658 0
1 None 16 1661 1
1 None 15 1662 1
2 None 29 1663 1
1 None 14 1664 1
-1 None 19 1665 2
2 None 9 1666 1
1 None 9 1666 0
2 None 8 1666 0
0.5 None 34 1669 1
1 None 22 1670 1
2 None 38 1671 2
2 None 31 1672 1
0.5 None 81 1672 0
2 None 29 1674 1
2 None 7 1674 0
0.5 None 13 1676 1
2 None 36 1677 1
0.5 None 83 1678 1
0.5 None 22 1679 1
0.5 None 26 1680 1
-1 None 16 1681 3
1 None 12 1681 0
2 None 18 1681 0
1 None 17 1684 1
0.5 None 32 1685 2
2 None 25 1685 0
2 None 8 1687 1
0.5 None 27 1688 1
0.5 None 25 1688 0
1 None 9 1688 0
2 None 13 1688 0
0.5 None 46 1692 2
0.5 None 11 1693 1
2 None 28 1694 1
2 None 11 1694 0
-1 None 13 1696 1
1 None 30 1696 0
0.5 None 15 1698 1
0.5 None 22 1699 1
1 None 67 1700 1
2 None 68 1701 1
-1 None 117 1702 3
-1 None 52 1703 1
1 None 35 1704 1
2 None 28 1705 2
1 None 19 1706 1
0.5 None 13 1706 0
0.5 None 47 1708 1
2 None 45 1709 1
2 None 21 1710 1
2 None 47 1711 1
0.5 None 50 1712 1
1 None 29 1713 3
1 None 9 1713 0
0.5 None 39 1715 1
0.5 None 29 1716 1
0.5 None 23 1716 0
2 None 19 1716 0
1 None 18 1719 1
1 None 14 1720 1
1 None 24 1720 0
2 None 18 1720 0
2 None 11 1720 0
1 None 12 1720 0
2 None 23 1725 1
0.5 None 32 1726 1
2 None 36 1727 2
2 None 13 1727 0
0.5 None 38 1729 2
2 None 17 1729 0
1 None 23 1731 4
2 None 10 1731 0
0.5 None 1 1731 0
1 None 16 1731 0
1 None 28 1735 1
1 None 89 1736 6
1 None 27 1737 3
2 None 12 1738 1
1 None 19 1738 0
1 None 17 1738 0
1 None 34 1741 2
2 None 44 1742 1
2 None 11 1742 0
2 None 37 1744 3
1 None 35 1745 3
2 None 29 1746 1
2 None 15 1746 0
0.5 None 21 1746 0
1 None 32 1749 1
2 None 16 1749 0
0.5 None 6 1749 0
1 None 27 1752 1
2 None 5 1753 1
0.5 None 10 1753 0
2 None 21 1755 2
2 None 31 1755 0
2 None 64 1757 2
1 None 11 1757 0
1 None 11 1759 1
2 None 10 1760 2
1 None 25 1761 2
1 None 18 1762 1
1 None 36 1763 1
1 None 34 1764 1
1 None 2 1764 0
0.5 None 8 1764 0
2 None 46 1767 2
1 None 8 1767 0
2 None 21 1769 3
1 None 18 1769 0
2 None 17 1769 0
2 None 26 1769 0
1 None 17 1769 0
2 None 26 1774 1
2 None 37 1775 1
2 None 19 1775 0
2 None 14 1777 1
0.5 None 7 1777 0
2 None 14 1777 0
2 None 9 1780 1
2 None 13 1780 0
2 None 25 1780 0
0.5 None 15 1783 1
0.5 None 7 1783 0
0.5 None 21 1785 3
2 None 53 1786 1
2 None 31 1787 1
2 None 23 1787 0
2 None 17 1787 0
0.5 None 8 1787 0
2 None 13 1791 1
0.5 None 16 1791 0
2 None 18 1793 1
-1 None 12 1794 1
2 None 18 1795 1
2 None 26 1796 1
0.5 None 4 1796 0
2 None 16 1796 0
2 None 31 1796 0
0.5 None 35 1800 1
0.5 None 33 1800 0
0.5 None 83 1802 3
2 None 23 1802 0
1 None 86 1804 4
2 None 41 1804 0
0.5 None 46 1806 1
2 None 11 1807 1
2 None 53 1808 2
1 None 14 1808 0
1 None 26 1810 1
1 None 11 1811 2
1 None 18 1812 1
0.5 None 13 1812 0
2 None 22 1814 3
2 None 41 1815 5
0.5 None 38 1816 2
1 None 31 1817 5
1 None 28 1818 2
1 None 22 1818 0
2 None 21 1818 0
0.5 None 16 1821 2
1 None 127 1822 7
1 None 23 1822 0
1 None 13 1822 0
1 None 33 1825 2
1 None 14 1826 1
2 None 53 1827 1
1 None 15 1827 0
1 None 4 1827 0
1 None 51 1830 2
0.5 None 19 1831 3
2 None 25 1832 1
2 None 28 1832 0
1 None 21 1834 2
1 None 22 1834 0
1 None 19 1834 0
1 None 25 1834 0
2 None 14 1834 0
2 None 17 1834 0
0.5 None 17 1840 1
2 None 22 1841 1
2 None 19 1841 0
2 None 17 1841 0
0.5 None 18 1841 0
2 None 26 1845 2
0.5 None 21 1845 0
1 None 21 1847 1
0.5 None 9 1848 2
1 None 25 1849 1
0.5 None 13 1849 0
0.5 None 22 1849 0
2 None 12 1849 0
1 None 15 1853 2
2 None 19 1854 1
2 None 21 1855 1
2 None 24 1855 0
0.5 None 21 1855 0
1 None 22 1855 0
1 None 10 1855 0
2 None 16 1855 0
2 None 22 1861 2
2 None 25 1862 1
0.5 None 14 1863 2
2 None 14 1863 0
0.5 None 7 1865 1
2 None 10 1865 0
2 None 29 1867 4
2 None 42 1868 1
2 None 23 1869 1
2 None 19 1869 0
1 None 15 1871 1
0.5 None 18 1871 0
1 None 44 1873 2
1 None 12 1874 1
1 None 6 1874 0
2 None 13 1874 0
-1 None 34 1877 3
1 None 23 1877 0
1 None 21 1877 0
0.5 None 12 1880 1
1 None 14 1880 0
1 None 24 1880 0
2 None 36 1883 2
2 None 13 1883 0
2 None 6 1883 0
-1 None 54 1886 3
2 None 10 1887 2
2 None 54 1888 1
2 None 25 1888 0
1 None 33 1888 0
1 None 4 1888 0
0.5 None 32 1892 1
2 None 27 1892 0
2 None 8 1894 1
2 None 17 1894 0
1 None 8 1896 1
1 None 29 1897 3
-1 None 9 1898 1
