2 None 25 2078 1
1 None 27 2079 1
0.5 None 26 2080 1
1 None 13 2080 0
1 None 31 2080 0
2 None 31 2080 0
1 None 31 2084 1
1 None 12 2084 0
2 None 7 2084 0
0.5 None 32 2084 0
2 None 12 2084 0
1 None 26 2089 1
2 None 14 2089 0
2 None 33 2091 3
1 None 14 2091 0
2 None 13 2093 2
0.5 None 29 2093 0
1 None 32 2093 0
1 None 35 2096 1
2 None 25 2097 2
0.5 None 16 2097 0
2 None 30 2097 0
2 None 18 2100 1
2 None 79 2101 2
2 None 20 2101 0
2 None 105 2103 6
2 None 64 2104 3
2 None 16 2104 0
2 None 37 2106 2
2 None 34 2107 2
1 None 27 2108 2
2 None 17 2108 0
1 None 40 2110 1
1 None 22 2110 0
2 None 10 2112 1
2 None 29 2113 1
1 None 21 2113 0
2 None 21 2113 0
2 None 37 2116 2
2 None 56 2117 1
2 None 2 2117 0
0.5 None 14 2117 0
0.5 None 36 2120 1
2 None 23 2121 4
2 None 45 2122 2
1 None 25 2123 1
2 None 7 2123 0
0.5 None 11 2123 0
2 None 7 2123 0
2 None 13 2123 0
2 None 19 2123 0
1 None 25 2123 0
2 None 29 2130 1
0.5 None 26 2131 1
2 None 38 2132 4
1 None 8 2132 0
2 None 22 2132 0
2 None 33 2135 1
0.5 None 18 2136 1
0.5 None 18 2137 1
2 None 36 2138 2
2 None 34 2139 2
2 None 54 2140 2
0.5 None 12 2141 1
2 None 33 2142 1
0.5 None 56 2143 2
2 None 8 2143 0
2 None 7 2143 0
1 None 10 2146 1
2 None 19 2146 0
2 None 32 2148 2
1 None 48 2149 1
2 None 19 2149 0
0.5 None 14 2151 1
2 None 24 2152 3
2 None 11 2152 0
1 None 28 2154 3
0.5 None 34 2155 1
2 None 17 2155 0
2 None 38 2157 1
1 None 6 2157 0
2 None 14 2157 0
2 None 30 2160 1
1 None 26 2160 0
1 None 31 2162 4
2 None 17 2163 3
1 None 14 2163 0
1 None 12 2163 0
2 None 29 2166 2
2 None 58 2167 1
1 None 18 2168 1
0.5 None 12 2169 1
2 None 13 2169 0
0.5 None 18 2169 0
2 None 19 2169 0
1 None 13 2169 0
1 None 9 2174 1
2 None 86 2175 3
1 None 14 2176 2
0.5 None 8 2176 0
2 None 7 2176 0
1 None 15 2176 0
1 None 14 2176 0
1 None 6 2176 0
1 None 14 2176 0
0.5 None 31 2176 0
1 None 11 2176 0
1 None 17 2176 0
1 None 17 2176 0
2 None 10 2187 2
2 None 11 2187 0
1 None 27 2189 1
1 None 10 2189 0
1 None 16 2189 0
2 None 23 2192 1
1 None 51 2193 5
1 None 11 2194 1
1 None 34 2195 2
0.5 None 16 2196 1
0.5 None 8 2196 0
2 None 37 2198 4
2 None 7 2198 0
2 None 34 2198 0
2 None 13 2201 1
2 None 53 2201 0
1 None 30 2203 2
1 None 21 2203 0
2 None 74 2205 2
-1 None 12 2206 1
2 None 29 2207 1
2 None 33 2207 0
2 None 25 2207 0
2 None 19 2207 0
1 None 6 2211 2
2 None 28 2211 0
2 None 25 2211 0
2 None 4 2211 0
2 None 13 2215 3
2 None 37 2215 0
1 None 18 2215 0
2 None 31 2218 2
2 None 13 2218 0
1 None 9 2218 0
0.5 None 45 2221 3
1 None 79 2222 6
2 None 16 2223 2
0.5 None 57 2224 5
1 None 13 2224 0
2 None 18 2224 0
2 None 53 2227 3
2 None 6 2227 0
1 None 15 2229 1
1 None 44 2229 0
2 None 16 2229 0
2 None 12 2229 0
2 None 42 2233 2
1 None 5 2233 0
2 None 12 2233 0
2 None 10 2233 0
0.5 None 34 2237 4
2 None 9 2238 1
1 None 39 2239 1
2 None 28 2239 0
2 None 16 2241 2
1 None 31 2241 0
2 None 22 2243 1
0.5 None 10 2244 2
-1 None 39 2245 4
1 None 15 2245 0
2 None 14 2245 0
1 None 30 2248 3
2 None 19 2248 0
2 None 26 2250 1
1 None 32 2251 4
2 None 55 2252 4
2 None 23 2252 0
1 None 10 2252 0
1 None 8 2252 0
2 None 34 2256 4
2 None 7 2256 0
1 None 7 2258 1
0.5 None 22 2259 2
1 None 8 2260 1
2 None 18 2260 0
2 None 23 2262 1
1 None 29 2263 1
1 None 20 2264 1
-1 None 25 2265 2
2 None 14 2265 0
2 None 90 2267 3
0.5 None 32 2267 0
2 None 16 2267 0
0.5 None 10 2270 1
0.5 None 13 2271 2
1 None 19 2271 0
1 None 8 2271 0
-1 None 59 2274 2
2 None 22 2275 1
2 None 17 2275 0
1 None 14 2277 1
1 None 70 2278 4
2 None 16 2279 1
2 None 13 2280 1
2 None 11 2281 1
2 None 5 2281 0
1 None 5 2281 0
2 None 18 2281 0
0.5 None 8 2281 0
2 None 6 2281 0
1 None 9 2287 2
2 None 9 2287 0
2 None 16 2287 0
2 None 16 2290 3
1 None 11 2291 2
2 None 9 2291 0
0.5 None 43 2291 0
2 None 52 2294 1
2 None 13 2295 2
2 None 26 2296 1
2 None 21 2297 1
2 None 27 2297 0
1 None 17 2299 1
2 None 179 2300 9
0.5 None 101 2301 2
0.5 None 53 2302 2
1 None 42 2303 3
2 None 46 2304 1
1 None 14 2305 1
2 None 61 2306 2
2 None 26 2306 0
2 None 23 2306 0
2 None 19 2309 1
2 None 14 2309 0
1 None 49 2311 4
1 None 18 2311 0
1 None 8 2313 1
2 None 13 2313 0
2 None 16 2313 0
2 None 44 2316 1
2 None 5 2316 0
2 None 34 2318 2
1 None 31 2319 2
0.5 None 12 2319 0
0.5 None 17 2321 5
2 None 14 2321 0
2 None 4 2321 0
2 None 34 2321 0
0.5 None 49 2325 2
0.5 None 6 2325 0
1 None 29 2327 1
1 None 9 2327 0
2 None 8 2327 0
2 None 56 2330 4
1 None 3 2330 0
2 None 9 2330 0
2 None 10 2333 1
2 None 12 2334 3
2 None 35 2335 1
2 None 7 2335 0
2 None 30 2337 1
2 None 21 2338 1
1 None 14 2338 0
2 None 15 2338 0
0.5 None 20 2338 0
-1 None 9 2342 2
2 None 22 2342 0
0.5 None 11 2342 0
0.5 None 43 2342 0
2 None 9 2346 1
0.5 None 48 2347 4
1 None 17 2347 0
2 None 13 2347 0
2 None 3 2347 0
1 None 2 2347 0
0.5 None 39 2347 0
1 None 18 2353 1
0.5 None 5 2353 0
0.5 None 12 2353 0
0.5 None 46 2356 3
2 None 31 2357 1
2 None 26 2358 2
2 None 13 2359 1
1 None 11 2359 0
1 None 38 2361 3
2 None 25 2361 0
2 None 10 2361 0
0.5 None 27 2364 4
0.5 None 4 2364 0
2 None 33 2364 0
2 None 7 2364 0
2 None 11 2368 3
0.5 None 9 2368 0
1 None 4 2368 0
2 None 51 2371 2
2 None 51 2372 5
2 None 37 2373 2
1 None 38 2374 1
1 None 28 2375 1
0.5 None 16 2375 0
0.5 None 40 2377 5
0.5 None 15 2377 0
0.5 None 6 2379 1
0.5 None 29 2380 1
2 None 19 2381 1
2 None 12 2382 2
2 None 25 2383 3
0.5 None 21 2384 2
2 None 13 2384 0
1 None 15 2386 1
1 None 18 2386 0
1 None 20 2386 0
0.5 None 14 2389 3
2 None 50 2390 4
2 None 17 2391 1
0.5 None 21 2392 1
1 None 13 2392 0
2 None 22 2394 1
1 None 20 2394 0
0.5 None 16 2394 0
0.5 None 17 2394 0
1 None 9 2394 0
0.5 None 17 2394 0
2 None 184 2400 8
2 None 89 2401 6
2 None 31 2402 2
1 None 34 2403 3
2 None 20 2403 0
2 None 7 2403 0
2 None 1 2403 0
1 None 22 2403 0
1 None 17 2408 1
0.5 None 15 2409 1
1 None 62 2410 5
0.5 None 26 2410 0
1 None 22 2410 0
2 None 10 2410 0
2 None 15 2414 1
1 None 11 2415 2
0.5 None 38 2415 0
0.5 None 2 2415 0
2 None 31 2418 2
2 None 10 2418 0
0.5 None 18 2418 0
1 None 53 2421 1
2 None 37 2422 2
1 None 27 2423 1
-1 None 56 2424 2
1 None 21 2425 1
1 None 33 2426 1
2 None 17 2426 0
1 None 19 2428 2
2 None 61 2429 3
1 None 38 2429 0
0.5 None 26 2429 0
1 None 21 2432 2
-1 None 7 2433 1
1 None 16 2434 2
0.5 None 38 2435 1
1 None 27 2436 1
1 None 27 2437 1
2 None 18 2437 0
1 None 5 2437 0
-1 None 19 2440 1
2 None 16 2440 0
1 None 13 2440 0
2 None 13 2443 1
2 None 26 2444 2
1 None 1 2444 0
2 None 28 2444 0
0.5 None 39 2447 2
2 None 31 2448 2
2 None 5 2448 0
2 None 13 2448 0
2 None 18 2448 0
1 None 14 2452 1
2 None 7 2452 0
1 None 47 2454 1
0.5 None 28 2455 4
0.5 None 12 2455 0
2 None 22 2455 0
1 None 26 2458 1
2 None 28 2459 4
1 None 37 2460 1
1 None 24 2461 2
-1 None 17 2462 2
1 None 32 2463 1
1 None 21 2464 3
2 None 31 2464 0
1 None 3 2464 0
2 None 17 2464 0
1 None 29 2464 0
2 None 8 2464 0
1 None 25 2464 0
2 None 24 2471 1
0.5 None 39 2471 0
2 None 55 2473 4
2 None 11 2473 0
0.5 None 16 2473 0
2 None 21 2473 0
2 None 13 2477 2
2 None 33 2478 2
1 None 15 2478 0
2 None 14 2478 0
1 None 4 2478 0
1 None 23 2482 1
2 None 19 2482 0
-1 None 13 2484 5
1 None 14 2485 2
2 None 41 2486 6
2 None 30 2487 1
2 None 17 2487 0
1 None 20 2489 1
2 None 18 2489 0
1 None 12 2489 0
-1 None 27 2492 4
0.5 None 8 2493 2
2 None 31 2494 2
1 None 23 2494 0
1 None 19 2494 0
2 None 22 2497 1
1 None 15 2498 1
1 None 30 2499 4
1 None 17 2499 0
1 None 150 2501 4
2 None 23 2501 0
2 None 32 2503 2
0.5 None 78 2504 3
2 None 6 2504 0
2 None 41 2506 2
2 None 23 2506 0
2 None 44 2508 1
0.5 None 23 2509 1
2 None 4 2509 0
0.5 None 14 2511 1
2 None 15 2512 2
2 None 14 2512 0
0.5 None 37 2514 1
1 None 45 2514 0
1 None 59 2516 4
0.5 None 10 2516 0
2 None 18 2518 1
2 None 13 2519 1
-1 None 38 2520 2
2 None 14 2521 2
2 None 19 2522 1
2 None 26 2522 0
0.5 None 19 2524 1
1 None 25 2525 1
0.5 None 9 2525 0
0.5 None 23 2527 1
0.5 None 22 2527 0
2 None 32 2527 0
0.5 None 32 2530 4
2 None 15 2530 0
2 None 25 2530 0
0.5 None 16 2533 1
2 None 11 2533 0
0.5 None 17 2533 0
-1 None 28 2536 1
0.5 None 82 2537 3
1 None 16 2538 2
0.5 None 29 2539 2
2 None 20 2539 0
2 None 11 2539 0
2 None 28 2542 1
2 None 37 2543 1
1 None 30 2544 4
1 None 68 2545 1
2 None 6 2546 2
0.5 None 4 2546 0
2 None 65 2548 1
0.5 None 11 2548 0
2 None 16 2550 1
0.5 None 30 2551 2
2 None 22 2552 2
0.5 None 31 2552 0
2 None 13 2554 1
2 None 20 2554 0
1 None 29 2554 0
1 None 33 2557 1
1 None 11 2558 2
1 None 18 2558 0
0.5 None 32 2560 5
0.5 None 27 2560 0
2 None 21 2562 1
1 None 23 2562 0
1 None 37 2564 1
0.5 None 26 2565 1
2 None 31 2566 3
2 None 21 2566 0
2 None 9 2566 0
1 None 13 2566 0
2 None 30 2570 1
0.5 None 45 2571 2
2 None 10 2571 0
2 None 53 2573 2
0.5 None 33 2574 3
2 None 61 2575 6
2 None 15 2576 1
0.5 None 17 2576 0
2 None 14 2576 0
2 None 7 2579 1
2 None 16 2579 0
1 None 25 2581 2
2 None 25 2582 2
0.5 None 16 2582 0
2 None 17 2582 0
0.5 None 25 2585 1
1 None 15 2586 1
2 None 9 2586 0
1 None 13 2586 0
2 None 16 2589 3
1 None 13 2589 0
1 None 23 2591 1
2 None 13 2591 0
1 None 21 2591 0
2 None 1 2591 0
2 None 16 2595 2
2 None 35 2596 3
2 None 14 2597 1
0.5 None 5 2597 0
1 None 46 2599 3
0.5 None 37 2599 0
2 None 54 2601 1
0.5 None 9 2601 0
2 None 38 2603 1
0.5 None 48 2604 3
1 None 77 2605 5
1 None 9 2605 0
1 None 54 2607 1
1 None 18 2607 0
1 None 11 2607 0
2 None 34 2607 0
2 None 7 2607 0
0.5 None 10 2612 1
2 None 73 2613 4
1 None 21 2613 0
1 None 41 2615 1
1 None 19 2616 1
0.5 None 61 2617 2
2 None 19 2617 0
1 None 20 2617 0
2 None 15 2620 1
1 None 9 2621 1
2 None 26 2622 1
1 None 73 2623 3
0.5 None 25 2624 1
1 None 19 2624 0
0.5 None 69 2626 2
0.5 None 46 2627 3
1 None 23 2628 1
2 None 14 2628 0
1 None 22 2630 4
1 None 10 2630 0
0.5 None 13 2630 0
2 None 18 2633 3
2 None 13 2633 0
1 None 7 2633 0
1 None 7 2633 0
2 None 34 2637 2
0.5 None 11 2637 0
2 None 9 2637 0
2 None 14 2637 0
2 None 36 2641 1
1 None 8 2641 0
2 None 29 2643 4
0.5 None 21 2643 0
2 None 24 2643 0
2 None 18 2643 0
2 None 11 2643 0
2 None 20 2648 1
1 None 26 2649 1
2 None 8 2649 0
0.5 None 8 2649 0
0.5 None 9 2649 0
0.5 None 28 2653 1
0.5 None 4 2653 0
0.5 None 56 2655 5
1 None 8 2655 0
0.5 None 11 2655 0
0.5 None 23 2658 1
1 None 21 2659 1
2 None 11 2659 0
1 None 16 2659 0
2 None 15 2662 1
1 None 29 2662 0
1 None 14 2662 0
0.5 None 19 2662 0
1 None 9 2662 0
-1 None 9 2667 1
0.5 None 8 2667 0
1 None 34 2667 0
2 None 22 2670 1
1 None 38 2671 3
2 None 31 2672 2
2 None 81 2673 4
1 None 29 2674 1
2 None 7 2674 0
2 None 13 2674 0
0.5 None 36 2677 1
0.5 None 83 2678 8
2 None 22 2678 0
1 None 26 2678 0
2 None 16 2681 2
1 None 12 2681 0
2 None 18 2683 2
2 None 17 2683 0
0.5 None 32 2683 0
2 None 25 2686 3
1 None 8 2687 1
2 None 27 2687 0
0.5 None 25 2689 2
0.5 None 9 2689 0
2 None 13 2691 1
2 None 46 2692 3
2 None 11 2693 1
1 None 28 2694 1
2 None 11 2694 0
2 None 13 2696 1
0.5 None 30 2696 0
1 None 15 2698 1
2 None 22 2698 0
1 None 67 2700 4
0.5 None 68 2701 4
-1 None 117 2702 3
0.5 None 52 2703 2
0.5 None 35 2704 1
1 None 28 2705 1
1 None 19 2705 0
2 None 13 2705 0
2 None 47 2708 3
2 None 45 2709 2
2 None 21 2710 1
0.5 None 47 2710 0
1 None 50 2712 3
2 None 29 2713 1
0.5 None 9 2713 0
1 None 39 2713 0
1 None 29 2713 0
-1 None 23 2717 1
2 None 19 2717 0
2 None 18 2719 3
2 None 14 2720 1
2 None 24 2721 1
2 None 18 2721 0
1 None 11 2723 1
2 None 12 2723 0
0.5 None 23 2723 0
1 None 32 2726 1
2 None 36 2727 1
2 None 13 2727 0
0.5 None 38 2727 0
1 None 17 2727 0
2 None 23 2727 0
0.5 None 10 2727 0
2 None 1 2727 0
1 None 16 2734 2
2 None 28 2734 0
1 None 89 2736 6
0.5 None 27 2737 1
-1 None 12 2738 3
0.5 None 19 2739 1
0.5 None 17 2739 0
2 None 34 2741 1
2 None 44 2741 0
0.5 None 11 2741 0
2 None 37 2744 1
1 None 35 2744 0
2 None 29 2744 0
0.5 None 15 2744 0
0.5 None 21 2744 0
1 None 32 2749 3
1 None 16 2750 1
2 None 6 2750 0
2 None 27 2752 3
2 None 5 2752 0
2 None 10 2752 0
2 None 21 2752 0
1 None 31 2752 0
0.5 None 64 2757 2
2 None 11 2757 0
2 None 11 2757 0
1 None 10 2757 0
1 None 25 2761 3
-1 None 18 2762 2
2 None 36 2763 1
2 None 34 2764 1
1 None 2 2764 0
-1 None 8 2766 1
0.5 None 46 2766 0
2 None 8 2766 0
1 None 21 2766 0
2 None 18 2770 3
-1 None 17 2771 1
1 None 26 2772 1
2 None 17 2772 0
2 None 26 2772 0
1 None 37 2775 1
-1 None 19 2776 2
1 None 14 2777 1
1 None 7 2778 1
1 None 14 2778 0
1 None 9 2778 0
2 None 13 2781 3
2 None 25 2782 2
2 None 15 2783 1
2 None 7 2783 0
1 None 21 2785 1
1 None 53 2786 4
2 None 31 2787 2
1 None 23 2787 0
2 None 17 2789 1
2 None 8 2789 0
2 None 13 2789 0
2 None 16 2792 1
0.5 None 18 2793 1
1 None 12 2793 0
2 None 18 2793 0
1 None 26 2793 0
-1 None 4 2797 1
1 None 16 2797 0
2 None 31 2797 0
1 None 35 2800 1
2 None 33 2801 2
2 None 83 2802 6
2 None 23 2802 0
2 None 86 2804 9
1 None 41 2805 1
2 None 46 2806 2
1 None 11 2806 0
2 None 53 2808 3
2 None 14 2809 3
2 None 26 2810 1
2 None 11 2810 0
2 None 18 2812 1
0.5 None 13 2812 0
1 None 22 2814 1
1 None 41 2815 2
2 None 38 2816 1
2 None 31 2817 1
-1 None 28 2818 3
1 None 22 2819 1
2 None 21 2819 0
2 None 16 2821 1
2 None 127 2822 7
2 None 23 2822 0
1 None 13 2822 0
2 None 33 2822 0
2 None 14 2826 1
-1 None 53 2827 6
1 None 15 2827 0
2 None 4 2827 0
1 None 51 2830 3
0.5 None 19 2831 2
2 None 25 2831 0
2 None 28 2833 1
2 None 21 2833 0
0.5 None 22 2835 2
1 None 19 2835 0
2 None 25 2837 1
1 None 14 2837 0
2 None 17 2837 0
2 None 17 2840 1
2 None 22 2841 1
1 None 19 2842 2
2 None 17 2842 0
2 None 18 2844 1
1 None 26 2845 1
1 None 21 2846 1
2 None 21 2846 0
1 None 9 2846 0
1 None 25 2849 1
1 None 13 2849 0
2 None 22 2851 2
1 None 12 2851 0
0.5 None 15 2853 1
0.5 None 19 2854 2
1 None 21 2854 0
1 None 24 2856 1
2 None 21 2857 2
0.5 None 22 2858 1
2 None 10 2858 0
2 None 16 2858 0
2 None 22 2861 2
2 None 25 2862 1
2 None 14 2862 0
0.5 None 14 2864 2
0.5 None 7 2864 0
1 None 10 2866 1
2 None 29 2867 4
2 None 42 2868 3
2 None 23 2869 2
1 None 19 2870 1
1 None 15 2870 0
1 None 18 2872 1
2 None 44 2872 0
1 None 12 2874 1
1 None 6 2874 0
2 None 13 2874 0
2 None 34 2877 3
2 None 23 2878 5
1 None 21 2878 0
1 None 12 2878 0
2 None 14 2878 0
1 None 24 2882 1
-1 None 36 2883 4
1 None 13 2883 0
1 None 6 2883 0
2 None 54 2886 1
1 None 10 2887 1
2 None 54 2888 3
2 None 25 2889 1
0.5 None 33 2890 1
2 None 4 2890 0
2 None 32 2890 0
1 None 27 2893 1
2 None 8 2893 0
0.5 None 17 2893 0
1 None 8 2893 0
1 None 29 2897 1
0.5 None 9 2897 0
