2 None 25 1178 1
1 None 27 1179 1
1 None 26 1180 3
0.5 None 13 1180 0
1 None 31 1182 3
-1 None 31 1183 2
-1 None 31 1184 2
-1 None 12 1185 2
0.5 None 7 1185 0
2 None 32 1185 0
2 None 12 1185 0
0.5 None 26 1185 0
2 None 14 1185 0
0.5 None 33 1185 0
2 None 14 1192 1
0.5 None 13 1192 0
2 None 29 1194 1
1 None 32 1195 1
2 None 35 1196 1
2 None 25 1196 0
2 None 16 1196 0
2 None 30 1196 0
2 None 18 1196 0
2 None 79 1201 2
0.5 None 20 1202 1
2 None 105 1203 6
1 None 64 1204 2
0.5 None 16 1204 0
1 None 37 1206 3
1 None 34 1207 1
1 None 27 1207 0
2 None 17 1209 1
1 None 40 1210 2
1 None 22 1211 1
0.5 None 10 1211 0
2 None 29 1211 0
1 None 21 1211 0
2 None 21 1215 1
2 None 37 1216 4
1 None 56 1217 1
1 None 2 1217 0
1 None 14 1219 2
1 None 36 1220 1
2 None 23 1221 1
1 None 45 1222 3
2 None 25 1223 2
2 None 7 1223 0
2 None 11 1223 0
2 None 7 1223 0
2 None 13 1223 0
1 None 19 1228 2
2 None 25 1228 0
0.5 None 29 1230 1
2 None 26 1230 0
1 None 38 1232 1
1 None 8 1233 1
2 None 22 1234 2
0.5 None 33 1235 2
2 None 18 1236 1
2 None 18 1236 0
0.5 None 36 1238 1
1 None 34 1239 2
0.5 None 54 1240 3
2 None 12 1240 0
0.5 None 33 1242 2
2 None 56 1243 1
0.5 None 8 1243 0
1 None 7 1245 3
0.5 None 10 1245 0
2 None 19 1245 0
-1 None 32 1248 2
1 None 48 1249 2
1 None 19 1250 1
2 None 14 1250 0
1 None 24 1252 2
2 None 11 1253 1
0.5 None 28 1254 2
2 None 34 1255 1
2 None 17 1256 1
1 None 38 1257 1
2 None 6 1257 0
2 None 14 1257 0
2 None 30 1257 0
1 None 26 1261 2
1 None 31 1261 0
0.5 None 17 1261 0
0.5 None 14 1261 0
0.5 None 12 1261 0
2 None 29 1261 0
1 None 58 1267 1
1 None 18 1267 0
0.5 None 12 1269 1
2 None 13 1270 2
0.5 None 18 1270 0
2 None 19 1270 0
2 None 13 1270 0
2 None 9 1274 1
0.5 None 86 1275 1
2 None 14 1275 0
2 None 8 1275 0
2 None 7 1275 0
2 None 15 1275 0
2 None 14 1280 1
2 None 6 1280 0
2 None 14 1280 0
0.5 None 31 1283 2
2 None 11 1284 1
0.5 None 17 1284 0
-1 None 17 1286 2
2 None 10 1286 0
2 None 11 1286 0
0.5 None 27 1289 1
2 None 10 1290 1
2 None 16 1291 1
2 None 23 1291 0
2 None 51 1293 2
2 None 11 1293 0
0.5 None 34 1295 1
2 None 16 1295 0
0.5 None 8 1297 1
2 None 37 1298 4
2 None 7 1298 0
2 None 34 1300 1
1 None 13 1300 0
0.5 None 53 1302 3
0.5 None 30 1303 2
0.5 None 21 1303 0
2 None 74 1305 3
2 None 12 1306 1
2 None 29 1306 0
1 None 33 1306 0
2 None 25 1309 1
1 None 19 1310 1
1 None 6 1310 0
0.5 None 28 1312 1
2 None 25 1313 2
2 None 4 1313 0
2 None 13 1313 0
2 None 37 1316 3
1 None 18 1317 1
1 None 31 1317 0
0.5 None 13 1317 0
2 None 9 1317 0
2 None 45 1317 0
1 None 79 1317 0
2 None 16 1317 0
1 None 57 1317 0
2 None 13 1317 0
0.5 None 18 1317 0
2 None 53 1327 1
0.5 None 6 1328 1
2 None 15 1329 1
0.5 None 44 1329 0
2 None 16 1329 0
2 None 12 1329 0
0.5 None 42 1329 0
2 None 5 1329 0
0.5 None 12 1329 0
1 None 10 1329 0
2 None 34 1329 0
1 None 9 1329 0
-1 None 39 1339 1
2 None 28 1339 0
2 None 16 1339 0
0.5 None 31 1342 2
2 None 22 1343 1
0.5 None 10 1344 1
0.5 None 39 1344 0
2 None 15 1344 0
0.5 None 14 1344 0
2 None 30 1348 1
2 None 19 1348 0
0.5 None 26 1350 3
2 None 32 1351 1
0.5 None 55 1352 1
1 None 23 1353 1
2 None 10 1353 0
0.5 None 8 1353 0
2 None 34 1356 2
2 None 7 1357 1
0.5 None 7 1357 0
1 None 22 1357 0
0.5 None 8 1357 0
2 None 18 1357 0
1 None 23 1362 1
2 None 29 1362 0
2 None 20 1364 2
0.5 None 25 1365 2
1 None 14 1366 1
2 None 90 1367 4
1 None 32 1367 0
1 None 16 1369 1
1 None 10 1369 0
0.5 None 13 1369 0
1 None 19 1372 1
0.5 None 8 1372 0
2 None 59 1374 1
2 None 22 1375 1
0.5 None 17 1376 1
1 None 14 1376 0
2 None 70 1378 4
2 None 16 1379 2
2 None 13 1379 0
2 None 11 1379 0
2 None 5 1379 0
0.5 None 5 1379 0
1 None 18 1379 0
0.5 None 8 1379 0
1 None 6 1379 0
1 None 9 1379 0
-1 None 9 1388 1
2 None 16 1388 0
0.5 None 16 1390 1
2 None 11 1390 0
2 None 9 1392 1
0.5 None 43 1393 4
2 None 52 1394 4
2 None 13 1395 1
2 None 26 1396 2
0.5 None 21 1396 0
-1 None 27 1398 1
2 None 17 1399 1
1 None 179 1400 5
2 None 101 1401 6
0.5 None 53 1402 3
1 None 42 1402 0
0.5 None 46 1404 2
0.5 None 14 1405 2
1 None 61 1405 0
2 None 26 1405 0
1 None 23 1408 1
2 None 19 1408 0
2 None 14 1408 0
2 None 49 1411 1
2 None 18 1411 0
0.5 None 8 1411 0
2 None 13 1411 0
1 None 16 1415 1
-1 None 44 1416 4
2 None 5 1416 0
0.5 None 34 1416 0
2 None 31 1416 0
1 None 12 1416 0
1 None 17 1416 0
1 None 14 1422 1
2 None 4 1422 0
1 None 34 1422 0
2 None 49 1425 2
1 None 6 1425 0
2 None 29 1425 0
-1 None 9 1428 1
2 None 8 1428 0
1 None 56 1430 3
2 None 3 1431 1
2 None 9 1431 0
2 None 10 1431 0
2 None 12 1431 0
2 None 35 1431 0
1 None 7 1431 0
2 None 30 1431 0
1 None 21 1431 0
0.5 None 14 1431 0
1 None 15 1440 1
2 None 20 1440 0
0.5 None 9 1440 0
2 None 22 1440 0
2 None 11 1444 1
2 None 43 1444 0
0.5 None 9 1444 0
1 None 48 1444 0
2 None 17 1448 2
2 None 13 1448 0
2 None 3 1448 0
0.5 None 2 1448 0
1 None 39 1452 1
1 None 18 1453 1
2 None 5 1453 0
1 None 12 1453 0
2 None 46 1453 0
2 None 31 1457 2
2 None 26 1458 1
2 None 13 1458 0
1 None 11 1458 0
2 None 38 1458 0
2 None 25 1462 1
2 None 10 1462 0
0.5 None 27 1464 3
-1 None 4 1465 1
2 None 33 1466 2
1 None 7 1467 1
2 None 11 1468 1
1 None 9 1468 0
2 None 4 1468 0
2 None 51 1468 0
2 None 51 1472 6
2 None 37 1473 2
2 None 38 1473 0
2 None 28 1475 1
2 None 16 1476 1
0.5 None 40 1476 0
0.5 None 15 1476 0
2 None 6 1476 0
2 None 29 1476 0
1 None 19 1481 1
0.5 None 12 1481 0
2 None 25 1483 4
2 None 21 1484 1
2 None 13 1485 1
0.5 None 15 1486 1
2 None 18 1486 0
2 None 20 1488 2
2 None 14 1488 0
2 None 50 1488 0
1 None 17 1491 2
2 None 21 1491 0
1 None 13 1491 0
2 None 22 1494 2
1 None 20 1495 1
1 None 16 1495 0
2 None 17 1497 1
2 None 9 1497 0
2 None 17 1497 0
2 None 184 1500 9
0.5 None 89 1501 5
2 None 31 1502 2
0.5 None 34 1503 1
1 None 20 1503 0
0.5 None 7 1503 0
2 None 1 1503 0
0.5 None 22 1503 0
0.5 None 17 1503 0
2 None 15 1503 0
1 None 62 1510 4
2 None 26 1511 1
0.5 None 22 1512 2
1 None 10 1513 1
1 None 15 1514 1
2 None 11 1515 1
1 None 38 1515 0
2 None 2 1515 0
0.5 None 31 1518 3
-1 None 10 1519 1
2 None 18 1519 0
2 None 53 1521 1
0.5 None 37 1522 3
2 None 27 1522 0
1 None 56 1524 1
0.5 None 21 1524 0
2 None 33 1526 1
1 None 17 1527 1
2 None 19 1527 0
2 None 61 1529 4
2 None 38 1530 1
2 None 26 1530 0
1 None 21 1530 0
1 None 7 1530 0
2 None 16 1530 0
2 None 38 1535 2
2 None 27 1535 0
0.5 None 27 1537 2
2 None 18 1538 1
1 None 5 1538 0
0.5 None 19 1538 0
2 None 16 1538 0
2 None 13 1542 1
2 None 13 1542 0
1 None 26 1544 1
2 None 1 1544 0
2 None 28 1546 2
2 None 39 1547 3
0.5 None 31 1548 1
1 None 5 1548 0
2 None 13 1550 3
1 None 18 1550 0
1 None 14 1552 1
2 None 7 1552 0
-1 None 47 1554 4
1 None 28 1554 0
2 None 12 1554 0
0.5 None 22 1554 0
-1 None 26 1558 1
1 None 28 1559 3
1 None 37 1560 2
0.5 None 24 1561 1
2 None 17 1562 2
1 None 32 1562 0
0.5 None 21 1562 0
2 None 31 1562 0
1 None 3 1562 0
0.5 None 17 1562 0
2 None 29 1562 0
0.5 None 8 1562 0
0.5 None 25 1570 2
1 None 24 1571 1
-1 None 39 1572 2
2 None 55 1573 4
2 None 11 1573 0
0.5 None 16 1575 3
2 None 21 1576 2
2 None 13 1576 0
2 None 33 1576 0
0.5 None 15 1576 0
2 None 14 1576 0
1 None 4 1576 0
2 None 23 1582 1
2 None 19 1582 0
1 None 13 1582 0
0.5 None 14 1582 0
0.5 None 41 1586 1
1 None 30 1587 1
2 None 17 1587 0
1 None 20 1587 0
2 None 18 1590 1
2 None 12 1591 2
-1 None 27 1592 2
-1 None 8 1593 2
2 None 31 1593 0
0.5 None 23 1593 0
1 None 19 1593 0
2 None 22 1593 0
1 None 15 1593 0
1 None 30 1593 0
2 None 17 1593 0
0.5 None 150 1601 6
2 None 23 1602 2
0.5 None 32 1603 1
2 None 78 1604 6
2 None 6 1604 0
2 None 41 1604 0
0.5 None 23 1604 0
1 None 44 1608 1
2 None 23 1608 0
2 None 4 1608 0
2 None 14 1611 1
2 None 15 1611 0
0.5 None 14 1613 2
2 None 37 1613 0
1 None 45 1615 1
2 None 59 1616 3
2 None 10 1616 0
-1 None 18 1618 1
2 None 13 1619 1
0.5 None 38 1620 3
2 None 14 1620 0
2 None 19 1622 2
0.5 None 26 1623 1
2 None 19 1623 0
2 None 25 1623 0
1 None 9 1623 0
-1 None 23 1627 2
2 None 22 1627 0
2 None 32 1629 2
2 None 32 1630 1
2 None 15 1630 0
1 None 25 1630 0
2 None 16 1633 1
2 None 11 1633 0
0.5 None 17 1633 0
2 None 28 1636 1
-1 None 82 1637 4
2 None 16 1638 2
2 None 29 1639 1
2 None 20 1640 1
2 None 11 1640 0
0.5 None 28 1640 0
2 None 37 1643 1
2 None 30 1643 0
2 None 68 1645 4
1 None 6 1645 0
1 None 4 1645 0
2 None 65 1648 3
2 None 11 1649 1
2 None 16 1649 0
2 None 30 1651 2
2 None 22 1651 0
2 None 31 1653 1
0.5 None 13 1653 0
2 None 20 1655 1
2 None 29 1656 2
1 None 33 1657 1
2 None 11 1657 0
0.5 None 18 1659 1
2 None 32 1660 1
0.5 None 27 1661 2
2 None 21 1661 0
1 None 23 1661 0
0.5 None 37 1661 0
1 None 26 1661 0
2 None 31 1661 0
2 None 21 1667 2
1 None 9 1667 0
2 None 13 1667 0
-1 None 30 1670 2
2 None 45 1671 2
2 None 10 1671 0
2 None 53 1671 0
1 None 33 1674 1
0.5 None 61 1675 2
1 None 15 1675 0
1 None 17 1675 0
2 None 14 1675 0
1 None 7 1679 2
0.5 None 16 1680 1
2 None 25 1681 1
2 None 25 1681 0
2 None 16 1681 0
1 None 17 1684 2
2 None 25 1685 2
2 None 15 1685 0
1 None 9 1687 2
1 None 13 1688 2
2 None 16 1689 3
2 None 13 1690 1
1 None 23 1691 1
0.5 None 13 1691 0
0.5 None 21 1691 0
0.5 None 1 1691 0
2 None 16 1691 0
2 None 35 1696 4
1 None 14 1696 0
-1 None 5 1698 1
2 None 46 1699 2
2 None 37 1700 1
1 None 54 1701 4
-1 None 9 1702 1
2 None 38 1703 1
1 None 48 1704 3
1 None 77 1705 2
2 None 9 1706 1
2 None 54 1707 5
2 None 18 1708 1
2 None 11 1709 1
0.5 None 34 1710 2
2 None 7 1710 0
0.5 None 10 1710 0
-1 None 73 1713 2
2 None 21 1714 1
2 None 41 1715 1
0.5 None 19 1715 0
2 None 61 1717 2
2 None 19 1717 0
0.5 None 20 1719 2
2 None 15 1719 0
2 None 9 1719 0
0.5 None 26 1719 0
2 None 73 1719 0
0.5 None 25 1724 1
2 None 19 1725 2
1 None 69 1726 2
0.5 None 46 1727 2
1 None 23 1728 2
0.5 None 14 1729 1
0.5 None 22 1730 1
1 None 10 1730 0
1 None 13 1732 1
2 None 18 1732 0
0.5 None 13 1732 0
-1 None 7 1735 1
1 None 7 1735 0
2 None 34 1737 1
2 None 11 1737 0
2 None 9 1737 0
2 None 14 1737 0
1 None 36 1741 2
1 None 8 1742 1
2 None 29 1742 0
2 None 21 1744 1
2 None 24 1745 2
0.5 None 18 1745 0
2 None 11 1747 1
1 None 20 1748 1
2 None 26 1749 1
1 None 8 1749 0
0.5 None 8 1749 0
1 None 9 1749 0
1 None 28 1749 0
2 None 4 1749 0
2 None 56 1755 1
2 None 8 1756 1
2 None 11 1757 1
1 None 23 1758 2
2 None 21 1758 0
1 None 11 1758 0
2 None 16 1758 0
2 None 15 1762 1
0.5 None 29 1763 2
2 None 14 1763 0
0.5 None 19 1765 1
2 None 9 1766 1
0.5 None 9 1766 0
0.5 None 8 1766 0
1 None 34 1766 0
2 None 22 1766 0
2 None 38 1771 3
2 None 31 1772 1
0.5 None 81 1773 6
1 None 29 1774 2
2 None 7 1775 1
2 None 13 1775 0
2 None 36 1775 0
2 None 83 1778 3
0.5 None 22 1779 1
0.5 None 26 1780 2
1 None 16 1781 2
2 None 12 1781 0
2 None 18 1781 0
0.5 None 17 1781 0
2 None 32 1785 1
2 None 25 1785 0
2 None 8 1785 0
0.5 None 27 1788 1
0.5 None 25 1789 1
1 None 9 1790 1
2 None 13 1790 0
1 None 46 1792 1
2 None 11 1792 0
2 None 28 1794 1
0.5 None 11 1795 2
1 None 13 1795 0
-1 None 30 1797 2
1 None 15 1798 1
0.5 None 22 1798 0
0.5 None 67 1800 3
2 None 68 1800 0
2 None 117 1802 3
2 None 52 1803 1
2 None 35 1803 0
0.5 None 28 1805 3
0.5 None 19 1805 0
1 None 13 1805 0
1 None 47 1805 0
2 None 45 1809 1
2 None 21 1810 1
2 None 47 1811 1
0.5 None 50 1812 1
2 None 29 1813 1
2 None 9 1813 0
2 None 39 1815 2
2 None 29 1815 0
1 None 23 1817 2
-1 None 19 1818 1
2 None 18 1819 2
2 None 14 1820 1
1 None 24 1821 4
-1 None 18 1822 2
2 None 11 1822 0
0.5 None 12 1822 0
2 None 23 1822 0
0.5 None 32 1826 2
2 None 36 1827 1
2 None 13 1827 0
2 None 38 1829 1
2 None 17 1830 1
2 None 23 1831 4
0.5 None 10 1831 0
1 None 1 1831 0
2 None 16 1834 1
2 None 28 1834 0
-1 None 89 1836 6
0.5 None 27 1836 0
2 None 12 1836 0
0.5 None 19 1839 2
0.5 None 17 1840 1
-1 None 34 1841 2
2 None 44 1842 2
2 None 11 1842 0
2 None 37 1844 4
0.5 None 35 1845 2
1 None 29 1846 1
1 None 15 1846 0
2 None 21 1846 0
0.5 None 32 1849 1
1 None 16 1850 1
0.5 None 6 1850 0
2 None 27 1852 1
1 None 5 1852 0
0.5 None 10 1854 1
2 None 21 1855 2
2 None 31 1856 3
2 None 64 1857 1
2 None 11 1857 0
2 None 11 1857 0
2 None 10 1857 0
0.5 None 25 1861 1
2 None 18 1862 4
1 None 36 1863 3
0.5 None 34 1863 0
1 None 2 1863 0
2 None 8 1863 0
2 None 46 1867 3
2 None 8 1867 0
2 None 21 1867 0
0.5 None 18 1870 1
2 None 17 1870 0
2 None 26 1872 1
2 None 17 1873 1
2 None 26 1874 1
2 None 37 1874 0
2 None 19 1874 0
-1 None 14 1877 1
2 None 7 1877 0
2 None 14 1879 1
2 None 9 1880 1
2 None 13 1880 0
1 None 25 1880 0
2 None 15 1880 0
0.5 None 7 1880 0
2 None 21 1885 1
2 None 53 1886 2
2 None 31 1886 0
2 None 23 1888 1
0.5 None 17 1888 0
0.5 None 8 1888 0
2 None 13 1891 1
2 None 16 1891 0
2 None 18 1891 0
0.5 None 12 1891 0
2 None 18 1891 0
0.5 None 26 1896 1
2 None 4 1896 0
1 None 16 1898 1
1 None 31 1899 1
-1 None 35 1900 1
2 None 33 1901 1
2 None 83 1902 2
2 None 23 1903 1
1 None 86 1903 0
2 None 41 1905 1
2 None 46 1906 3
2 None 11 1906 0
2 None 53 1906 0
1 None 14 1906 0
2 None 26 1910 1
1 None 11 1910 0
2 None 18 1912 1
2 None 13 1912 0
2 None 22 1914 1
1 None 41 1915 2
1 None 38 1916 1
1 None 31 1917 1
2 None 28 1918 2
-1 None 22 1919 3
0.5 None 21 1920 2
2 None 16 1920 0
0.5 None 127 1922 5
2 None 23 1923 3
0.5 None 13 1923 0
0.5 None 33 1925 5
2 None 14 1926 1
2 None 53 1927 3
0.5 None 15 1927 0
2 None 4 1927 0
1 None 51 1930 2
2 None 19 1930 0
1 None 25 1930 0
1 None 28 1930 0
2 None 21 1934 1
2 None 22 1935 2
2 None 19 1936 1
2 None 25 1937 1
2 None 14 1938 3
2 None 17 1938 0
1 None 17 1940 2
2 None 22 1940 0
2 None 19 1940 0
2 None 17 1940 0
2 None 18 1940 0
1 None 26 1945 2
2 None 21 1946 1
2 None 21 1946 0
0.5 None 9 1948 2
-1 None 25 1949 3
2 None 13 1950 1
1 None 22 1951 1
1 None 12 1951 0
2 None 15 1951 0
2 None 19 1954 1
2 None 21 1954 0
1 None 24 1954 0
0.5 None 21 1954 0
2 None 22 1958 3
1 None 10 1959 1
1 None 16 1959 0
2 None 22 1959 0
2 None 25 1959 0
2 None 14 1963 2
1 None 14 1963 0
0.5 None 7 1963 0
2 None 10 1963 0
2 None 29 1963 0
0.5 None 42 1968 1
0.5 None 23 1969 3
0.5 None 19 1969 0
2 None 15 1969 0
2 None 18 1969 0
0.5 None 44 1973 4
1 None 12 1974 2
1 None 6 1974 0
2 None 13 1974 0
1 None 34 1974 0
2 None 23 1978 1
0.5 None 21 1978 0
2 None 12 1978 0
2 None 14 1978 0
2 None 24 1982 1
2 None 36 1983 2
2 None 13 1983 0
1 None 6 1983 0
2 None 54 1986 2
2 None 10 1986 0
2 None 54 1988 4
0.5 None 25 1988 0
0.5 None 33 1988 0
0.5 None 4 1988 0
2 None 32 1992 1
2 None 27 1992 0
1 None 8 1992 0
2 None 17 1992 0
1 None 8 1992 0
1 None 29 1992 0
0.5 None 9 1998 1
