2 None 25 878 3
2 None 27 879 2
2 None 26 879 0
2 None 13 879 0
1 None 31 882 1
1 None 31 883 2
1 None 31 884 2
1 None 12 884 0
1 None 7 884 0
1 None 32 884 0
0.5 None 12 884 0
2 None 26 889 1
1 None 14 889 0
0.5 None 33 889 0
1 None 14 889 0
1 None 13 893 2
2 None 29 894 3
1 None 32 895 1
1 None 35 896 2
1 None 25 897 1
1 None 16 898 2
1 None 30 899 1
1 None 18 899 0
1 None 79 901 2
1 None 20 901 0
1 None 105 903 7
2 None 64 904 2
1 None 16 905 1
1 None 37 906 3
0.5 None 34 907 2
1 None 27 907 0
0.5 None 17 909 4
1 None 40 910 1
1 None 22 910 0
1 None 10 912 3
1 None 29 912 0
1 None 21 912 0
1 None 21 912 0
1 None 37 916 1
2 None 56 917 1
1 None 2 917 0
2 None 14 919 2
1 None 36 920 3
0.5 None 23 921 2
2 None 45 922 2
1 None 25 923 1
2 None 7 923 0
2 None 11 923 0
1 None 7 923 0
1 None 13 923 0
1 None 19 923 0
1 None 25 923 0
2 None 29 930 1
1 None 26 931 1
1 None 38 931 0
1 None 8 933 1
1 None 22 934 1
1 None 33 934 0
1 None 18 936 1
1 None 18 936 0
1 None 36 938 2
1 None 34 939 3
1 None 54 940 3
2 None 12 940 0
1 None 33 940 0
1 None 56 943 3
-1 None 8 944 1
1 None 7 944 0
0.5 None 10 944 0
1 None 19 944 0
1 None 32 948 1
1 None 48 949 4
1 None 19 949 0
2 None 14 949 0
2 None 24 952 1
1 None 11 952 0
1 None 28 954 1
1 None 34 955 2
2 None 17 955 0
1 None 38 957 2
2 None 6 957 0
1 None 14 957 0
1 None 30 957 0
1 None 26 957 0
1 None 31 957 0
2 None 17 957 0
1 None 14 964 2
1 None 12 965 1
1 None 29 966 4
1 None 58 967 2
1 None 18 967 0
1 None 12 967 0
0.5 None 13 970 1
0.5 None 18 971 1
1 None 19 971 0
1 None 13 971 0
1 None 9 971 0
1 None 86 975 1
1 None 14 976 1
1 None 8 976 0
2 None 7 976 0
1 None 15 976 0
2 None 14 976 0
1 None 6 981 1
1 None 14 981 0
1 None 31 983 3
2 None 11 983 0
1 None 17 983 0
1 None 17 983 0
1 None 10 983 0
1 None 11 983 0
0.5 None 27 989 2
2 None 10 989 0
1 None 16 991 1
2 None 23 991 0
1 None 51 993 4
1 None 11 994 1
1 None 34 995 2
2 None 16 995 0
1 None 8 995 0
1 None 37 998 1
1 None 7 998 0
1 None 34 1000 1
1 None 13 1000 0
1 None 53 1002 3
1 None 30 1003 1
1 None 21 1003 0
1 None 74 1005 2
1 None 12 1005 0
2 None 29 1005 0
2 None 33 1008 1
1 None 25 1009 2
2 None 19 1009 0
2 None 6 1009 0
1 None 28 1012 1
1 None 25 1013 2
2 None 4 1013 0
1 None 13 1013 0
2 None 37 1016 1
0.5 None 18 1017 1
1 None 31 1018 1
2 None 13 1018 0
1 None 9 1020 2
0.5 None 45 1021 3
1 None 79 1022 3
2 None 16 1022 0
1 None 57 1022 0
0.5 None 13 1022 0
1 None 18 1022 0
1 None 53 1027 2
0.5 None 6 1027 0
0.5 None 15 1027 0
1 None 44 1030 2
1 None 16 1030 0
1 None 12 1030 0
1 None 42 1033 1
1 None 5 1033 0
1 None 12 1033 0
1 None 10 1033 0
1 None 34 1033 0
2 None 9 1033 0
1 None 39 1039 1
1 None 28 1040 2
-1 None 16 1041 1
1 None 31 1041 0
0.5 None 22 1041 0
1 None 10 1041 0
2 None 39 1041 0
0.5 None 15 1041 0
2 None 14 1041 0
2 None 30 1041 0
2 None 19 1041 0
1 None 26 1041 0
1 None 32 1051 1
1 None 55 1051 0
1 None 23 1053 2
1 None 10 1054 1
1 None 8 1054 0
1 None 34 1054 0
1 None 7 1054 0
2 None 7 1054 0
1 None 22 1059 2
1 None 8 1059 0
1 None 18 1059 0
1 None 23 1059 0
0.5 None 29 1063 1
1 None 20 1064 1
2 None 25 1065 2
1 None 14 1065 0
1 None 90 1067 5
1 None 32 1068 2
1 None 16 1068 0
1 None 10 1070 1
1 None 13 1071 2
1 None 19 1072 1
1 None 8 1072 0
1 None 59 1074 2
1 None 22 1075 2
0.5 None 17 1075 0
1 None 14 1077 1
1 None 70 1078 1
1 None 16 1079 1
1 None 13 1079 0
1 None 11 1081 1
1 None 5 1081 0
1 None 5 1081 0
2 None 18 1084 1
1 None 8 1085 1
2 None 6 1085 0
1 None 9 1085 0
2 None 9 1085 0
1 None 16 1085 0
1 None 16 1085 0
1 None 11 1091 2
2 None 9 1091 0
1 None 43 1093 2
1 None 52 1094 2
1 None 13 1095 1
1 None 26 1095 0
-1 None 21 1097 3
1 None 27 1098 2
1 None 17 1099 2
1 None 179 1100 7
2 None 101 1101 1
1 None 53 1102 3
1 None 42 1102 0
2 None 46 1104 1
1 None 14 1104 0
1 None 61 1106 4
1 None 26 1106 0
-1 None 23 1108 6
1 None 19 1109 1
1 None 14 1110 1
1 None 49 1111 4
1 None 18 1112 1
1 None 8 1112 0
2 None 13 1114 1
1 None 16 1115 2
1 None 44 1116 3
2 None 5 1116 0
1 None 34 1118 2
1 None 31 1119 3
2 None 12 1119 0
1 None 17 1119 0
1 None 14 1122 1
1 None 4 1122 0
1 None 34 1124 5
1 None 49 1125 1
1 None 6 1125 0
2 None 29 1125 0
1 None 9 1128 1
0.5 None 8 1128 0
1 None 56 1130 3
2 None 3 1130 0
1 None 9 1130 0
2 None 10 1130 0
1 None 12 1134 1
1 None 35 1135 1
1 None 7 1135 0
1 None 30 1137 1
1 None 21 1137 0
1 None 14 1137 0
2 None 15 1137 0
1 None 20 1141 4
2 None 9 1141 0
1 None 22 1143 1
1 None 11 1144 1
1 None 43 1145 2
1 None 9 1145 0
2 None 48 1147 2
2 None 17 1147 0
1 None 13 1147 0
1 None 3 1147 0
2 None 2 1147 0
1 None 39 1152 1
2 None 18 1153 2
1 None 5 1153 0
1 None 12 1155 1
1 None 46 1156 1
1 None 31 1157 1
2 None 26 1158 1
0.5 None 13 1158 0
1 None 11 1160 1
2 None 38 1161 2
2 None 25 1162 1
1 None 10 1162 0
1 None 27 1162 0
1 None 4 1162 0
1 None 33 1166 1
0.5 None 7 1166 0
1 None 11 1168 4
1 None 9 1168 0
1 None 4 1168 0
1 None 51 1171 3
1 None 51 1172 2
0.5 None 37 1173 1
2 None 38 1174 5
1 None 28 1175 1
1 None 16 1175 0
-1 None 40 1177 3
0.5 None 15 1178 2
1 None 6 1178 0
2 None 29 1180 1
1 None 19 1181 2
1 None 12 1181 0
1 None 25 1183 3
1 None 21 1183 0
1 None 13 1185 1
0.5 None 15 1185 0
1 None 18 1185 0
2 None 20 1188 1
2 None 14 1188 0
0.5 None 50 1190 3
1 None 17 1190 0
1 None 21 1190 0
1 None 13 1193 1
1 None 22 1193 0
1 None 20 1193 0
-1 None 16 1196 1
2 None 17 1197 1
2 None 9 1197 0
1 None 17 1197 0
2 None 184 1200 6
1 None 89 1201 4
2 None 31 1201 0
0.5 None 34 1203 1
2 None 20 1203 0
2 None 7 1203 0
2 None 1 1203 0
1 None 22 1207 2
1 None 17 1207 0
1 None 15 1207 0
2 None 62 1210 1
0.5 None 26 1211 1
1 None 22 1212 2
1 None 10 1212 0
1 None 15 1214 1
2 None 11 1214 0
1 None 38 1216 1
2 None 2 1216 0
1 None 31 1218 1
1 None 10 1218 0
2 None 18 1218 0
1 None 53 1221 3
2 None 37 1222 2
2 None 27 1223 2
2 None 56 1224 4
2 None 21 1225 2
1 None 33 1225 0
2 None 17 1225 0
1 None 19 1228 1
1 None 61 1229 1
1 None 38 1230 2
1 None 26 1231 1
2 None 21 1231 0
1 None 7 1231 0
2 None 16 1234 2
1 None 38 1234 0
2 None 27 1236 1
1 None 27 1236 0
0.5 None 18 1238 1
1 None 5 1238 0
1 None 19 1240 1
2 None 16 1240 0
2 None 13 1242 1
1 None 13 1242 0
1 None 26 1242 0
2 None 1 1242 0
-1 None 28 1246 3
1 None 39 1246 0
1 None 31 1248 3
1 None 5 1248 0
0.5 None 13 1250 2
1 None 18 1251 1
1 None 14 1252 1
2 None 7 1252 0
1 None 47 1254 1
1 None 28 1255 1
1 None 12 1255 0
0.5 None 22 1257 1
0.5 None 26 1258 1
1 None 28 1259 2
2 None 37 1260 1
-1 None 24 1261 1
1 None 17 1262 1
0.5 None 32 1262 0
1 None 21 1262 0
2 None 31 1265 1
1 None 3 1265 0
1 None 17 1267 2
0.5 None 29 1268 1
2 None 8 1268 0
1 None 25 1268 0
1 None 24 1268 0
1 None 39 1272 1
1 None 55 1273 2
1 None 11 1274 1
1 None 16 1275 2
1 None 21 1276 1
1 None 13 1276 0
1 None 33 1278 1
1 None 15 1279 1
1 None 14 1279 0
1 None 4 1281 1
1 None 23 1282 1
2 None 19 1282 0
2 None 13 1282 0
1 None 14 1285 1
1 None 41 1285 0
1 None 30 1287 1
1 None 17 1287 0
0.5 None 20 1287 0
0.5 None 18 1290 1
1 None 12 1290 0
1 None 27 1292 1
1 None 8 1292 0
1 None 31 1292 0
1 None 23 1292 0
1 None 19 1292 0
1 None 22 1292 0
-1 None 15 1298 2
1 None 30 1299 1
1 None 17 1300 1
2 None 150 1301 4
1 None 23 1302 1
1 None 32 1303 3
1 None 78 1304 4
1 None 6 1304 0
1 None 41 1306 3
1 None 23 1307 1
1 None 44 1308 3
2 None 23 1309 2
-1 None 4 1310 1
1 None 14 1310 0
1 None 15 1310 0
0.5 None 14 1310 0
1 None 37 1314 1
2 None 45 1314 0
0.5 None 59 1316 3
1 None 10 1316 0
1 None 18 1316 0
2 None 13 1316 0
2 None 38 1320 1
1 None 14 1320 0
2 None 19 1320 0
1 None 26 1320 0
1 None 19 1324 2
0.5 None 25 1324 0
2 None 9 1324 0
1 None 23 1324 0
2 None 22 1324 0
1 None 32 1324 0
1 None 32 1330 1
1 None 15 1330 0
0.5 None 25 1330 0
1 None 16 1333 1
1 None 11 1333 0
1 None 17 1333 0
1 None 28 1336 3
2 None 82 1337 2
1 None 16 1337 0
1 None 29 1339 1
1 None 20 1340 2
2 None 11 1340 0
0.5 None 28 1342 1
1 None 37 1343 1
1 None 30 1344 1
1 None 68 1345 1
1 None 6 1345 0
1 None 4 1345 0
1 None 65 1348 1
2 None 11 1348 0
0.5 None 16 1348 0
1 None 30 1348 0
1 None 22 1348 0
1 None 31 1353 2
2 None 13 1354 1
2 None 20 1354 0
1 None 29 1354 0
1 None 33 1354 0
0.5 None 11 1354 0
0.5 None 18 1354 0
2 None 32 1360 1
1 None 27 1361 1
2 None 21 1361 0
1 None 23 1363 3
1 None 37 1364 1
1 None 26 1364 0
1 None 31 1364 0
2 None 21 1364 0
1 None 9 1364 0
2 None 13 1369 1
1 None 30 1370 2
1 None 45 1371 4
1 None 10 1371 0
1 None 53 1373 2
1 None 33 1373 0
1 None 61 1375 1
1 None 15 1376 1
1 None 17 1376 0
1 None 14 1378 1
0.5 None 7 1378 0
2 None 16 1380 1
1 None 25 1381 1
1 None 25 1381 0
1 None 16 1381 0
1 None 17 1381 0
1 None 25 1381 0
0.5 None 15 1381 0
1 None 9 1381 0
2 None 13 1388 2
2 None 16 1388 0
2 None 13 1388 0
1 None 23 1391 2
2 None 13 1392 2
1 None 21 1392 0
2 None 1 1392 0
2 None 16 1392 0
0.5 None 35 1392 0
1 None 14 1392 0
1 None 5 1392 0
1 None 46 1399 1
1 None 37 1399 0
1 None 54 1401 1
2 None 9 1401 0
1 None 38 1403 1
1 None 48 1404 1
1 None 77 1405 3
-1 None 9 1406 1
2 None 54 1407 2
1 None 18 1407 0
2 None 11 1409 2
1 None 34 1410 1
1 None 7 1410 0
0.5 None 10 1410 0
1 None 73 1413 2
0.5 None 21 1413 0
2 None 41 1413 0
1 None 19 1416 2
1 None 61 1417 5
2 None 19 1417 0
1 None 20 1419 1
1 None 15 1419 0
1 None 9 1419 0
1 None 26 1419 0
1 None 73 1423 3
2 None 25 1424 1
1 None 19 1424 0
1 None 69 1426 2
1 None 46 1427 4
2 None 23 1427 0
1 None 14 1429 1
1 None 22 1430 1
2 None 10 1431 1
2 None 13 1432 1
1 None 18 1432 0
2 None 13 1434 1
1 None 7 1435 1
2 None 7 1435 0
1 None 34 1437 2
1 None 11 1437 0
2 None 9 1437 0
1 None 14 1440 1
1 None 36 1441 1
1 None 8 1442 1
1 None 29 1443 3
1 None 21 1443 0
1 None 24 1445 1
1 None 18 1445 0
2 None 11 1445 0
2 None 20 1445 0
-1 None 26 1449 2
1 None 8 1449 0
1 None 8 1449 0
1 None 9 1452 1
-1 None 28 1453 3
2 None 4 1453 0
0.5 None 56 1455 2
1 None 8 1455 0
1 None 11 1455 0
1 None 23 1458 1
2 None 21 1458 0
2 None 11 1458 0
1 None 16 1458 0
1 None 15 1458 0
1 None 29 1463 2
2 None 14 1464 1
0.5 None 19 1464 0
1 None 9 1464 0
2 None 9 1464 0
2 None 8 1464 0
0.5 None 34 1469 2
1 None 22 1469 0
1 None 38 1471 1
1 None 31 1471 0
1 None 81 1473 5
1 None 29 1473 0
1 None 7 1473 0
2 None 13 1476 1
1 None 36 1476 0
1 None 83 1478 3
1 None 22 1479 1
0.5 None 26 1479 0
2 None 16 1481 1
1 None 12 1482 1
1 None 18 1483 2
1 None 17 1483 0
1 None 32 1485 2
1 None 25 1486 2
1 None 8 1486 0
1 None 27 1488 2
1 None 25 1488 0
2 None 9 1488 0
1 None 13 1488 0
1 None 46 1492 1
1 None 11 1492 0
1 None 28 1492 0
2 None 11 1495 1
0.5 None 13 1495 0
1 None 30 1497 1
1 None 15 1497 0
1 None 22 1497 0
1 None 67 1500 2
1 None 68 1501 2
-1 None 117 1502 6
0.5 None 52 1503 2
1 None 35 1504 1
1 None 28 1505 2
1 None 19 1506 2
2 None 13 1506 0
1 None 47 1508 4
1 None 45 1508 0
2 None 21 1510 2
2 None 47 1511 3
1 None 50 1512 1
1 None 29 1512 0
1 None 9 1512 0
1 None 39 1515 2
1 None 29 1515 0
1 None 23 1515 0
1 None 19 1515 0
1 None 18 1519 1
1 None 14 1519 0
1 None 24 1521 1
1 None 18 1522 1
1 None 11 1522 0
1 None 12 1522 0
1 None 23 1525 1
-1 None 32 1526 4
2 None 36 1527 1
1 None 13 1528 1
2 None 38 1528 0
1 None 17 1528 0
0.5 None 23 1531 2
1 None 10 1531 0
1 None 1 1531 0
2 None 16 1534 1
1 None 28 1534 0
1 None 89 1536 5
2 None 27 1537 1
0.5 None 12 1537 0
2 None 19 1539 2
2 None 17 1539 0
1 None 34 1539 0
1 None 44 1542 4
0.5 None 11 1542 0
2 None 37 1544 1
0.5 None 35 1544 0
1 None 29 1546 1
1 None 15 1546 0
1 None 21 1548 2
1 None 32 1549 2
1 None 16 1550 1
2 None 6 1551 1
2 None 27 1552 1
1 None 5 1552 0
1 None 10 1552 0
1 None 21 1552 0
2 None 31 1556 1
1 None 64 1557 2
2 None 11 1557 0
2 None 11 1557 0
1 None 10 1557 0
1 None 25 1561 2
1 None 18 1562 1
2 None 36 1563 1
2 None 34 1564 2
1 None 2 1564 0
1 None 8 1564 0
1 None 46 1567 3
1 None 8 1567 0
1 None 21 1569 1
2 None 18 1569 0
1 None 17 1569 0
2 None 26 1572 1
1 None 17 1572 0
2 None 26 1574 3
2 None 37 1575 1
1 None 19 1576 1
1 None 14 1576 0
2 None 7 1578 2
1 None 14 1579 1
1 None 9 1579 0
1 None 13 1581 2
2 None 25 1581 0
-1 None 15 1583 1
1 None 7 1583 0
1 None 21 1583 0
1 None 53 1586 2
2 None 31 1587 1
1 None 23 1587 0
1 None 17 1589 1
-1 None 8 1590 1
1 None 13 1590 0
1 None 16 1592 2
1 None 18 1593 3
1 None 12 1593 0
1 None 18 1595 2
1 None 26 1595 0
2 None 4 1595 0
2 None 16 1598 1
1 None 31 1599 2
1 None 35 1600 1
1 None 33 1601 1
2 None 83 1602 3
-1 None 23 1603 2
-1 None 86 1604 4
2 None 41 1604 0
1 None 46 1606 2
1 None 11 1606 0
1 None 53 1608 3
2 None 14 1609 2
1 None 26 1610 1
1 None 11 1610 0
0.5 None 18 1610 0
1 None 13 1613 1
1 None 22 1614 1
1 None 41 1615 2
1 None 38 1616 1
2 None 31 1617 2
1 None 28 1617 0
1 None 22 1619 1
1 None 21 1619 0
0.5 None 16 1621 1
1 None 127 1622 5
-1 None 23 1623 1
2 None 13 1624 2
1 None 33 1624 0
1 None 14 1626 2
1 None 53 1626 0
1 None 15 1628 1
1 None 4 1628 0
2 None 51 1630 3
1 None 19 1631 3
1 None 25 1631 0
1 None 28 1633 1
-1 None 21 1634 1
1 None 22 1634 0
1 None 19 1636 1
1 None 25 1637 4
2 None 14 1638 1
2 None 17 1639 1
1 None 17 1639 0
1 None 22 1641 1
1 None 19 1641 0
1 None 17 1641 0
1 None 18 1644 1
1 None 26 1644 0
1 None 21 1646 1
2 None 21 1647 2
1 None 9 1647 0
2 None 25 1647 0
2 None 13 1650 2
1 None 22 1651 1
2 None 12 1651 0
1 None 15 1651 0
1 None 19 1651 0
1 None 21 1651 0
2 None 24 1656 3
2 None 21 1656 0
2 None 22 1656 0
1 None 10 1656 0
1 None 16 1656 0
2 None 22 1661 1
1 None 25 1662 1
1 None 14 1662 0
1 None 14 1662 0
1 None 7 1662 0
-1 None 10 1666 1
1 None 29 1667 3
1 None 42 1668 1
2 None 23 1668 0
1 None 19 1670 2
-1 None 15 1671 2
1 None 18 1671 0
1 None 44 1673 2
1 None 12 1673 0
1 None 6 1673 0
2 None 13 1673 0
1 None 34 1673 0
2 None 23 1678 2
1 None 21 1679 3
1 None 12 1679 0
2 None 14 1679 0
1 None 24 1682 2
1 None 36 1682 0
2 None 13 1682 0
1 None 6 1682 0
1 None 54 1682 0
2 None 10 1687 2
1 None 54 1688 3
1 None 25 1688 0
1 None 33 1690 1
1 None 4 1690 0
1 None 32 1692 1
1 None 27 1693 2
1 None 8 1693 0
1 None 17 1693 0
0.5 None 8 1693 0
1 None 29 1693 0
1 None 9 1693 0
