2 None 25 778 3
1 None 27 779 2
2 None 26 779 0
2 None 13 779 0
2 None 31 782 3
2 None 31 783 2
1 None 31 783 0
2 None 12 785 2
1 None 7 785 0
2 None 32 787 1
2 None 12 787 0
2 None 26 787 0
1 None 14 790 1
0.5 None 33 791 1
2 None 14 791 0
2 None 13 791 0
0.5 None 29 794 3
-1 None 32 795 3
2 None 35 796 2
2 None 25 797 1
1 None 16 798 1
1 None 30 799 2
1 None 18 799 0
2 None 79 801 1
2 None 20 802 1
1 None 105 803 1
2 None 64 804 3
2 None 16 804 0
2 None 37 804 0
2 None 34 804 0
0.5 None 27 808 2
2 None 17 808 0
0.5 None 40 810 2
1 None 22 811 2
2 None 10 811 0
-1 None 29 813 2
1 None 21 813 0
2 None 21 815 2
2 None 37 816 1
1 None 56 817 2
1 None 2 817 0
2 None 14 817 0
1 None 36 820 1
1 None 23 820 0
1 None 45 822 2
0.5 None 25 823 2
2 None 7 823 0
2 None 11 823 0
1 None 7 823 0
-1 None 13 827 1
2 None 19 827 0
2 None 25 829 1
2 None 29 829 0
1 None 26 831 2
0.5 None 38 831 0
1 None 8 831 0
0.5 None 22 834 2
2 None 33 835 2
1 None 18 836 1
2 None 18 836 0
2 None 36 838 1
1 None 34 839 1
1 None 54 840 3
2 None 12 841 2
2 None 33 842 2
1 None 56 843 1
2 None 8 843 0
2 None 7 843 0
1 None 10 843 0
2 None 19 847 1
1 None 32 848 1
2 None 48 849 1
1 None 19 849 0
2 None 14 849 0
2 None 24 849 0
2 None 11 849 0
2 None 28 854 1
2 None 34 855 2
2 None 17 855 0
2 None 38 857 1
2 None 6 857 0
2 None 14 859 1
2 None 30 859 0
2 None 26 861 1
1 None 31 862 2
1 None 17 862 0
1 None 14 862 0
2 None 12 862 0
2 None 29 862 0
2 None 58 867 1
1 None 18 867 0
2 None 12 869 2
2 None 13 869 0
2 None 18 869 0
1 None 19 869 0
2 None 13 869 0
1 None 9 874 1
1 None 86 875 1
-1 None 14 876 2
1 None 8 876 0
1 None 7 876 0
1 None 15 876 0
1 None 14 876 0
1 None 6 876 0
2 None 14 882 3
2 None 31 883 1
1 None 11 884 1
2 None 17 885 1
1 None 17 885 0
2 None 10 885 0
2 None 11 888 1
-1 None 27 889 3
2 None 10 890 3
2 None 16 891 1
1 None 23 892 1
-1 None 51 893 2
2 None 11 893 0
1 None 34 895 1
0.5 None 16 895 0
1 None 8 895 0
2 None 37 898 4
2 None 7 898 0
-1 None 34 900 3
0.5 None 13 900 0
2 None 53 902 1
2 None 30 903 3
0.5 None 21 904 1
2 None 74 905 6
1 None 12 906 1
1 None 29 906 0
2 None 33 908 4
0.5 None 25 909 1
2 None 19 910 1
2 None 6 910 0
2 None 28 910 0
2 None 25 910 0
1 None 4 910 0
1 None 13 915 1
1 None 37 915 0
1 None 18 917 1
2 None 31 918 4
2 None 13 918 0
1 None 9 918 0
2 None 45 918 0
0.5 None 79 922 1
2 None 16 923 1
0.5 None 57 924 2
-1 None 13 925 1
1 None 18 926 1
2 None 53 927 5
1 None 6 927 0
2 None 15 927 0
2 None 44 930 3
0.5 None 16 931 1
1 None 12 931 0
2 None 42 933 2
2 None 5 933 0
-1 None 12 935 1
0.5 None 10 936 1
2 None 34 937 2
-1 None 9 938 2
1 None 39 939 4
1 None 28 940 2
2 None 16 941 1
2 None 31 941 0
1 None 22 943 2
1 None 10 944 1
2 None 39 944 0
0.5 None 15 946 1
1 None 14 947 1
2 None 30 948 4
0.5 None 19 949 1
2 None 26 950 1
1 None 32 951 1
1 None 55 952 2
2 None 23 953 1
0.5 None 10 954 2
2 None 8 954 0
0.5 None 34 956 1
2 None 7 956 0
0.5 None 7 956 0
2 None 22 956 0
1 None 8 960 2
1 None 18 960 0
1 None 23 960 0
1 None 29 963 2
1 None 20 964 1
-1 None 25 965 2
2 None 14 965 0
1 None 90 967 1
1 None 32 967 0
2 None 16 969 1
1 None 10 969 0
2 None 13 969 0
0.5 None 19 972 2
2 None 8 972 0
2 None 59 974 5
2 None 22 974 0
1 None 17 974 0
1 None 14 977 2
1 None 70 978 3
2 None 16 978 0
2 None 13 978 0
1 None 11 978 0
1 None 5 978 0
0.5 None 5 978 0
2 None 18 984 2
0.5 None 8 984 0
2 None 6 984 0
2 None 9 987 1
2 None 9 988 1
1 None 16 988 0
1 None 16 990 2
2 None 11 990 0
2 None 9 990 0
2 None 43 993 4
0.5 None 52 994 1
1 None 13 994 0
2 None 26 996 1
2 None 21 996 0
2 None 27 998 1
1 None 17 999 2
2 None 179 1000 7
1 None 101 1001 2
1 None 53 1002 2
1 None 42 1003 3
1 None 46 1003 0
-1 None 14 1005 1
2 None 61 1006 5
2 None 26 1007 1
1 None 23 1008 1
2 None 19 1008 0
2 None 14 1008 0
1 None 49 1011 2
2 None 18 1011 0
0.5 None 8 1011 0
2 None 13 1011 0
1 None 16 1011 0
-1 None 44 1016 6
2 None 5 1016 0
1 None 34 1016 0
1 None 31 1019 2
2 None 12 1020 2
2 None 17 1020 0
-1 None 14 1022 1
2 None 4 1022 0
1 None 34 1024 2
0.5 None 49 1025 1
2 None 6 1025 0
2 None 29 1027 2
2 None 9 1027 0
1 None 8 1027 0
1 None 56 1027 0
1 None 3 1027 0
0.5 None 9 1027 0
1 None 10 1033 2
0.5 None 12 1033 0
2 None 35 1035 3
1 None 7 1035 0
2 None 30 1037 2
2 None 21 1037 0
1 None 14 1039 1
0.5 None 15 1040 1
1 None 20 1040 0
0.5 None 9 1040 0
2 None 22 1040 0
1 None 11 1040 0
2 None 43 1045 4
1 None 9 1046 1
0.5 None 48 1047 2
2 None 17 1047 0
2 None 13 1047 0
1 None 3 1047 0
1 None 2 1047 0
-1 None 39 1052 5
-1 None 18 1053 1
1 None 5 1054 1
2 None 12 1054 0
0.5 None 46 1056 4
2 None 31 1057 2
1 None 26 1058 1
0.5 None 13 1058 0
2 None 11 1058 0
2 None 38 1061 1
0.5 None 25 1062 3
1 None 10 1062 0
0.5 None 27 1064 1
2 None 4 1064 0
2 None 33 1064 0
0.5 None 7 1064 0
2 None 11 1064 0
2 None 9 1064 0
1 None 4 1064 0
0.5 None 51 1071 3
1 None 51 1072 3
2 None 37 1073 1
1 None 38 1074 1
1 None 28 1075 1
1 None 16 1075 0
2 None 40 1077 3
0.5 None 15 1078 2
2 None 6 1078 0
1 None 29 1078 0
1 None 19 1081 1
1 None 12 1081 0
1 None 25 1083 2
1 None 21 1084 1
2 None 13 1085 1
2 None 15 1086 1
2 None 18 1086 0
0.5 None 20 1088 2
2 None 14 1089 2
2 None 50 1089 0
1 None 17 1091 1
2 None 21 1092 1
2 None 13 1092 0
0.5 None 22 1094 1
1 None 20 1095 1
2 None 16 1095 0
0.5 None 17 1097 2
1 None 9 1097 0
1 None 17 1099 1
1 None 184 1100 4
2 None 89 1101 2
2 None 31 1102 1
2 None 34 1103 2
1 None 20 1104 2
1 None 7 1104 0
1 None 1 1104 0
2 None 22 1107 3
2 None 17 1107 0
-1 None 15 1109 1
0.5 None 62 1109 0
2 None 26 1109 0
2 None 22 1112 1
2 None 10 1113 1
1 None 15 1113 0
1 None 11 1113 0
2 None 38 1116 3
2 None 2 1116 0
1 None 31 1116 0
2 None 10 1119 1
2 None 18 1120 3
2 None 53 1121 2
1 None 37 1122 2
1 None 27 1122 0
-1 None 56 1124 3
0.5 None 21 1124 0
1 None 33 1126 1
1 None 17 1126 0
2 None 19 1126 0
2 None 61 1129 2
2 None 38 1130 1
1 None 26 1131 3
2 None 21 1131 0
0.5 None 7 1131 0
0.5 None 16 1131 0
2 None 38 1131 0
1 None 27 1136 5
1 None 27 1137 2
1 None 18 1138 2
2 None 5 1138 0
-1 None 19 1140 1
2 None 16 1141 1
2 None 13 1141 0
2 None 13 1141 0
2 None 26 1141 0
2 None 1 1141 0
1 None 28 1146 3
1 None 39 1147 5
2 None 31 1147 0
1 None 5 1147 0
2 None 13 1150 1
2 None 18 1150 0
1 None 14 1152 2
2 None 7 1152 0
1 None 47 1154 1
1 None 28 1155 1
1 None 12 1155 0
2 None 22 1157 1
2 None 26 1157 0
2 None 28 1159 1
0.5 None 37 1160 1
2 None 24 1161 2
2 None 17 1161 0
-1 None 32 1163 4
0.5 None 21 1164 1
1 None 31 1165 2
1 None 3 1165 0
-1 None 17 1167 1
0.5 None 29 1168 2
0.5 None 8 1168 0
2 None 25 1170 2
1 None 24 1171 2
1 None 39 1171 0
2 None 55 1173 1
0.5 None 11 1173 0
2 None 16 1175 1
1 None 21 1175 0
0.5 None 13 1177 1
2 None 33 1178 1
0.5 None 15 1179 1
1 None 14 1179 0
2 None 4 1179 0
1 None 23 1182 2
2 None 19 1183 2
-1 None 13 1184 2
1 None 14 1184 0
0.5 None 41 1186 1
2 None 30 1187 1
1 None 17 1187 0
-1 None 20 1189 2
2 None 18 1189 0
1 None 12 1189 0
2 None 27 1192 1
2 None 8 1193 2
0.5 None 31 1193 0
1 None 23 1195 1
1 None 19 1195 0
0.5 None 22 1195 0
2 None 15 1198 1
2 None 30 1199 3
2 None 17 1200 2
0.5 None 150 1201 4
2 None 23 1202 1
0.5 None 32 1203 5
2 None 78 1204 1
0.5 None 6 1204 0
1 None 41 1204 0
0.5 None 23 1207 1
1 None 44 1207 0
2 None 23 1207 0
2 None 4 1207 0
1 None 14 1211 1
1 None 15 1212 1
2 None 14 1212 0
0.5 None 37 1214 3
1 None 45 1215 2
2 None 59 1216 4
1 None 10 1216 0
2 None 18 1218 3
0.5 None 13 1219 1
1 None 38 1219 0
2 None 14 1219 0
2 None 19 1219 0
1 None 26 1223 1
0.5 None 19 1224 1
2 None 25 1225 1
1 None 9 1225 0
1 None 23 1227 3
1 None 22 1228 2
2 None 32 1228 0
2 None 32 1230 1
2 None 15 1230 0
1 None 25 1230 0
2 None 16 1233 1
1 None 11 1233 0
0.5 None 17 1235 3
0.5 None 28 1236 2
0.5 None 82 1237 3
0.5 None 16 1237 0
1 None 29 1239 1
1 None 20 1240 3
2 None 11 1240 0
2 None 28 1242 2
0.5 None 37 1243 2
2 None 30 1244 1
1 None 68 1245 1
1 None 6 1245 0
2 None 4 1245 0
1 None 65 1248 3
1 None 11 1249 1
0.5 None 16 1249 0
0.5 None 30 1251 1
2 None 22 1252 1
1 None 31 1253 1
0.5 None 13 1254 1
1 None 20 1255 1
1 None 29 1255 0
2 None 33 1257 1
2 None 11 1258 1
1 None 18 1259 1
1 None 32 1260 2
0.5 None 27 1261 3
1 None 21 1262 1
1 None 23 1262 0
1 None 37 1264 2
2 None 26 1265 2
0.5 None 31 1266 3
1 None 21 1267 1
1 None 9 1267 0
2 None 13 1267 0
2 None 30 1270 1
2 None 45 1270 0
1 None 10 1272 1
2 None 53 1272 0
-1 None 33 1274 3
2 None 61 1275 3
0.5 None 15 1275 0
0.5 None 17 1275 0
-1 None 14 1278 2
2 None 7 1278 0
0.5 None 16 1280 3
1 None 25 1281 1
0.5 None 25 1281 0
2 None 16 1281 0
2 None 17 1281 0
0.5 None 25 1285 1
1 None 15 1285 0
2 None 9 1285 0
1 None 13 1285 0
2 None 16 1285 0
1 None 13 1290 2
1 None 23 1291 2
2 None 13 1292 1
1 None 21 1293 1
2 None 1 1293 0
2 None 16 1295 1
1 None 35 1295 0
2 None 14 1295 0
2 None 5 1295 0
1 None 46 1299 3
2 None 37 1300 2
2 None 54 1300 0
1 None 9 1302 1
2 None 38 1302 0
1 None 48 1304 1
2 None 77 1305 6
0.5 None 9 1306 1
1 None 54 1307 1
2 None 18 1307 0
1 None 11 1309 1
2 None 34 1310 1
1 None 7 1310 0
2 None 10 1310 0
2 None 73 1313 2
1 None 21 1314 2
1 None 41 1315 1
2 None 19 1316 2
2 None 61 1317 5
2 None 19 1318 1
2 None 20 1318 0
1 None 15 1320 1
0.5 None 9 1320 0
2 None 26 1322 1
2 None 73 1323 2
0.5 None 25 1324 1
-1 None 19 1325 1
2 None 69 1325 0
1 None 46 1327 2
2 None 23 1328 1
0.5 None 14 1329 2
2 None 22 1329 0
1 None 10 1329 0
1 None 13 1329 0
1 None 18 1333 1
2 None 13 1333 0
2 None 7 1333 0
1 None 7 1333 0
1 None 34 1337 5
1 None 11 1337 0
2 None 9 1337 0
1 None 14 1337 0
2 None 36 1341 1
1 None 8 1341 0
1 None 29 1341 0
2 None 21 1344 1
1 None 24 1345 1
2 None 18 1346 1
-1 None 11 1347 2
1 None 20 1348 2
1 None 26 1349 2
1 None 8 1349 0
1 None 8 1349 0
0.5 None 9 1349 0
0.5 None 28 1353 3
0.5 None 4 1354 2
2 None 56 1355 2
2 None 8 1356 1
2 None 11 1356 0
2 None 23 1356 0
1 None 21 1356 0
0.5 None 11 1356 0
1 None 16 1361 1
1 None 15 1361 0
2 None 29 1363 1
1 None 14 1364 2
1 None 19 1364 0
2 None 9 1364 0
1 None 9 1367 2
-1 None 8 1368 1
1 None 34 1369 2
0.5 None 22 1370 1
2 None 38 1371 2
0.5 None 31 1371 0
-1 None 81 1373 3
1 None 29 1374 1
1 None 7 1374 0
0.5 None 13 1374 0
2 None 36 1377 2
1 None 83 1378 2
1 None 22 1378 0
2 None 26 1380 1
1 None 16 1380 0
2 None 12 1380 0
2 None 18 1383 2
1 None 17 1384 1
2 None 32 1385 2
1 None 25 1386 4
1 None 8 1386 0
1 None 27 1388 1
2 None 25 1389 2
2 None 9 1389 0
1 None 13 1391 1
2 None 46 1392 1
1 None 11 1392 0
0.5 None 28 1392 0
2 None 11 1392 0
2 None 13 1396 1
1 None 30 1397 2
1 None 15 1398 1
2 None 22 1399 1
2 None 67 1400 2
1 None 68 1401 4
2 None 117 1402 4
0.5 None 52 1403 1
0.5 None 35 1404 2
2 None 28 1405 1
0.5 None 19 1405 0
1 None 13 1405 0
2 None 47 1408 2
1 None 45 1409 1
0.5 None 21 1409 0
2 None 47 1411 3
2 None 50 1412 5
2 None 29 1413 1
2 None 9 1414 1
1 None 39 1415 2
2 None 29 1416 1
1 None 23 1417 2
2 None 19 1417 0
2 None 18 1419 1
0.5 None 14 1419 0
1 None 24 1419 0
0.5 None 18 1422 1
2 None 11 1422 0
2 None 12 1422 0
1 None 23 1425 4
2 None 32 1426 1
2 None 36 1426 0
0.5 None 13 1428 1
1 None 38 1429 2
0.5 None 17 1430 1
1 None 23 1430 0
0.5 None 10 1432 1
2 None 1 1432 0
0.5 None 16 1432 0
1 None 28 1435 1
1 None 89 1436 7
1 None 27 1437 1
1 None 12 1437 0
2 None 19 1437 0
1 None 17 1440 2
2 None 34 1441 1
-1 None 44 1442 6
1 None 11 1443 1
0.5 None 37 1444 1
2 None 35 1445 2
2 None 29 1446 3
1 None 15 1446 0
1 None 21 1448 1
2 None 32 1448 0
1 None 16 1448 0
0.5 None 6 1448 0
2 None 27 1448 0
2 None 5 1448 0
2 None 10 1454 1
1 None 21 1454 0
2 None 31 1456 1
1 None 64 1457 2
1 None 11 1457 0
2 None 11 1457 0
2 None 10 1460 1
1 None 25 1461 1
2 None 18 1462 2
1 None 36 1463 2
2 None 34 1464 2
1 None 2 1464 0
2 None 8 1466 1
2 None 46 1467 2
2 None 8 1467 0
2 None 21 1469 2
1 None 18 1470 3
2 None 17 1470 0
1 None 26 1470 0
1 None 17 1473 3
2 None 26 1473 0
2 None 37 1475 1
1 None 19 1475 0
2 None 14 1477 1
2 None 7 1477 0
2 None 14 1479 1
2 None 9 1479 0
2 None 13 1479 0
0.5 None 25 1482 2
2 None 15 1483 1
1 None 7 1483 0
0.5 None 21 1483 0
2 None 53 1486 2
2 None 31 1487 1
2 None 23 1488 1
1 None 17 1488 0
2 None 8 1488 0
0.5 None 13 1488 0
0.5 None 16 1492 1
1 None 18 1493 1
2 None 12 1494 1
1 None 18 1494 0
2 None 26 1496 3
2 None 4 1496 0
1 None 16 1498 2
2 None 31 1499 1
0.5 None 35 1500 2
1 None 33 1501 3
2 None 83 1502 4
2 None 23 1503 2
2 None 86 1504 5
2 None 41 1505 3
1 None 46 1506 3
2 None 11 1507 1
2 None 53 1508 3
1 None 14 1509 1
1 None 26 1509 0
2 None 11 1509 0
0.5 None 18 1509 0
2 None 13 1509 0
0.5 None 22 1514 2
1 None 41 1514 0
2 None 38 1514 0
2 None 31 1517 1
1 None 28 1517 0
2 None 22 1519 1
0.5 None 21 1520 2
2 None 16 1520 0
2 None 127 1522 4
2 None 23 1523 4
2 None 13 1523 0
1 None 33 1523 0
2 None 14 1523 0
2 None 53 1523 0
-1 None 15 1528 1
1 None 4 1528 0
1 None 51 1530 4
1 None 19 1531 1
2 None 25 1532 2
2 None 28 1532 0
1 None 21 1534 1
1 None 22 1534 0
-1 None 19 1536 3
1 None 25 1537 1
2 None 14 1537 0
2 None 17 1539 1
2 None 17 1540 1
0.5 None 22 1540 0
0.5 None 19 1542 1
0.5 None 17 1543 2
2 None 18 1543 0
0.5 None 26 1543 0
1 None 21 1543 0
2 None 21 1543 0
2 None 9 1548 1
0.5 None 25 1549 1
2 None 13 1550 1
0.5 None 22 1550 0
-1 None 12 1552 3
1 None 15 1552 0
1 None 19 1552 0
1 None 21 1552 0
1 None 24 1556 1
2 None 21 1557 1
2 None 22 1558 3
1 None 10 1558 0
1 None 16 1560 1
2 None 22 1560 0
2 None 25 1562 1
2 None 14 1562 0
0.5 None 14 1562 0
1 None 7 1565 1
2 None 10 1565 0
0.5 None 29 1567 2
1 None 42 1568 1
0.5 None 23 1569 3
1 None 19 1570 4
2 None 15 1570 0
2 None 18 1570 0
2 None 44 1573 4
1 None 12 1573 0
2 None 6 1573 0
2 None 13 1573 0
2 None 34 1577 2
2 None 23 1578 3
0.5 None 21 1579 1
1 None 12 1579 0
1 None 14 1579 0
2 None 24 1582 1
-1 None 36 1583 3
2 None 13 1583 0
1 None 6 1583 0
1 None 54 1583 0
2 None 10 1587 1
1 None 54 1588 1
-1 None 25 1589 1
2 None 33 1590 4
1 None 4 1590 0
1 None 32 1590 0
2 None 27 1593 5
1 None 8 1593 0
0.5 None 17 1593 0
1 None 8 1593 0
2 None 29 1597 1
1 None 9 1597 0
