1 None 25 1678 1
1 None 27 1678 0
1 None 26 1678 0
1 None 13 1678 0
1 None 31 1678 0
1 None 31 1678 0
2 None 31 1678 0
2 None 12 1678 0
2 None 7 1678 0
1 None 32 1678 0
2 None 12 1678 0
-1 None 26 1689 2
2 None 14 1689 0
2 None 33 1691 1
1 None 14 1692 1
1 None 13 1692 0
1 None 29 1692 0
1 None 32 1692 0
1 None 35 1692 0
1 None 25 1692 0
1 None 16 1698 1
2 None 30 1698 0
1 None 18 1698 0
1 None 79 1701 3
1 None 20 1702 2
0.5 None 105 1703 2
1 None 64 1704 3
1 None 16 1704 0
1 None 37 1706 1
1 None 34 1707 1
1 None 27 1708 1
1 None 17 1708 0
2 None 40 1710 1
2 None 22 1711 1
2 None 10 1712 1
1 None 29 1712 0
0.5 None 21 1712 0
1 None 21 1715 2
2 None 37 1716 2
0.5 None 56 1717 1
2 None 2 1717 0
2 None 14 1717 0
1 None 36 1717 0
1 None 23 1721 3
1 None 45 1722 3
1 None 25 1723 1
2 None 7 1724 1
1 None 11 1725 1
2 None 7 1725 0
0.5 None 13 1725 0
0.5 None 19 1725 0
2 None 25 1729 2
1 None 29 1729 0
1 None 26 1731 1
1 None 38 1732 2
1 None 8 1733 1
1 None 22 1734 1
0.5 None 33 1735 2
1 None 18 1735 0
1 None 18 1735 0
1 None 36 1738 1
1 None 34 1739 1
1 None 54 1740 3
1 None 12 1741 1
1 None 33 1741 0
2 None 56 1743 1
2 None 8 1743 0
1 None 7 1743 0
1 None 10 1743 0
1 None 19 1743 0
1 None 32 1748 2
1 None 48 1749 2
1 None 19 1750 1
-1 None 14 1751 2
-1 None 24 1752 1
1 None 11 1752 0
1 None 28 1752 0
1 None 34 1755 1
0.5 None 17 1755 0
1 None 38 1757 1
2 None 6 1757 0
1 None 14 1759 1
-1 None 30 1760 1
-1 None 26 1761 1
1 None 31 1761 0
2 None 17 1761 0
1 None 14 1764 1
1 None 12 1764 0
2 None 29 1766 1
1 None 58 1767 2
1 None 18 1767 0
1 None 12 1769 1
2 None 13 1770 1
1 None 18 1771 3
1 None 19 1771 0
1 None 13 1771 0
2 None 9 1774 1
1 None 86 1775 3
2 None 14 1775 0
1 None 8 1775 0
2 None 7 1775 0
0.5 None 15 1779 1
2 None 14 1779 0
2 None 6 1781 1
1 None 14 1782 1
0.5 None 31 1783 2
1 None 11 1784 1
1 None 17 1784 0
1 None 17 1784 0
1 None 10 1784 0
0.5 None 11 1788 2
0.5 None 27 1788 0
1 None 10 1788 0
2 None 16 1791 3
2 None 23 1792 1
1 None 51 1793 1
1 None 11 1793 0
2 None 34 1793 0
-1 None 16 1796 1
1 None 8 1796 0
1 None 37 1796 0
2 None 7 1796 0
1 None 34 1796 0
1 None 13 1801 1
2 None 53 1802 1
2 None 30 1802 0
1 None 21 1804 1
1 None 74 1805 1
1 None 12 1805 0
2 None 29 1807 1
1 None 33 1807 0
1 None 25 1807 0
1 None 19 1807 0
2 None 6 1807 0
1 None 28 1812 1
1 None 25 1812 0
2 None 4 1812 0
2 None 13 1812 0
1 None 37 1812 0
1 None 18 1817 1
1 None 31 1818 1
1 None 13 1819 1
2 None 9 1820 2
2 None 45 1820 0
1 None 79 1822 2
2 None 16 1822 0
1 None 57 1824 2
2 None 13 1825 1
2 None 18 1826 2
1 None 53 1827 2
1 None 6 1828 1
1 None 15 1829 1
1 None 44 1829 0
1 None 16 1831 1
2 None 12 1832 1
1 None 42 1833 1
2 None 5 1834 1
1 None 12 1835 1
1 None 10 1836 1
2 None 34 1836 0
1 None 9 1836 0
1 None 39 1839 1
0.5 None 28 1840 3
1 None 16 1841 1
2 None 31 1841 0
1 None 22 1841 0
2 None 10 1844 1
1 None 39 1845 2
1 None 15 1845 0
1 None 14 1845 0
-1 None 30 1848 2
1 None 19 1849 1
1 None 26 1849 0
1 None 32 1851 1
0.5 None 55 1851 0
1 None 23 1851 0
2 None 10 1854 2
2 None 8 1854 0
0.5 None 34 1856 2
1 None 7 1856 0
0.5 None 7 1856 0
1 None 22 1856 0
1 None 8 1856 0
2 None 18 1856 0
1 None 23 1862 1
1 None 29 1863 3
0.5 None 20 1863 0
2 None 25 1863 0
1 None 14 1866 1
1 None 90 1867 5
2 None 32 1868 1
1 None 16 1868 0
2 None 10 1870 1
2 None 13 1870 0
1 None 19 1872 1
1 None 8 1872 0
-1 None 59 1874 3
1 None 22 1875 1
0.5 None 17 1876 1
2 None 14 1876 0
2 None 70 1878 1
2 None 16 1878 0
2 None 13 1880 1
2 None 11 1880 0
2 None 5 1880 0
1 None 5 1880 0
1 None 18 1884 3
2 None 8 1884 0
2 None 6 1886 1
2 None 9 1886 0
1 None 9 1886 0
2 None 16 1886 0
2 None 16 1890 1
1 None 11 1890 0
1 None 9 1890 0
1 None 43 1893 3
-1 None 52 1894 4
2 None 13 1895 1
1 None 26 1896 2
1 None 21 1896 0
2 None 27 1896 0
2 None 17 1896 0
1 None 179 1900 3
2 None 101 1901 2
1 None 53 1902 1
-1 None 42 1903 2
1 None 46 1904 2
2 None 14 1904 0
1 None 61 1906 4
1 None 26 1906 0
1 None 23 1906 0
1 None 19 1909 2
1 None 14 1910 1
1 None 49 1911 2
1 None 18 1912 2
1 None 8 1912 0
2 None 13 1912 0
1 None 16 1915 2
1 None 44 1916 2
1 None 5 1916 0
1 None 34 1916 0
2 None 31 1919 1
1 None 12 1919 0
1 None 17 1921 2
1 None 14 1921 0
1 None 4 1921 0
1 None 34 1921 0
1 None 49 1921 0
2 None 6 1921 0
2 None 29 1921 0
1 None 9 1921 0
1 None 8 1921 0
1 None 56 1930 2
2 None 3 1930 0
2 None 9 1932 3
2 None 10 1933 1
2 None 12 1933 0
2 None 35 1935 2
1 None 7 1935 0
2 None 30 1935 0
2 None 21 1938 1
1 None 14 1938 0
2 None 15 1938 0
1 None 20 1938 0
1 None 9 1938 0
1 None 22 1943 3
2 None 11 1943 0
0.5 None 43 1945 1
2 None 9 1946 1
1 None 48 1947 1
1 None 17 1948 1
1 None 13 1948 0
2 None 3 1948 0
1 None 2 1948 0
2 None 39 1952 1
1 None 18 1953 2
2 None 5 1953 0
0.5 None 12 1953 0
0.5 None 46 1956 1
1 None 31 1957 1
1 None 26 1958 3
2 None 13 1958 0
1 None 11 1958 0
1 None 38 1961 1
2 None 25 1961 0
1 None 10 1961 0
1 None 27 1964 1
2 None 4 1964 0
2 None 33 1966 1
-1 None 7 1967 1
1 None 11 1967 0
1 None 9 1967 0
1 None 4 1967 0
1 None 51 1971 3
1 None 51 1971 0
1 None 37 1973 1
2 None 38 1974 1
2 None 28 1975 2
1 None 16 1976 1
1 None 40 1977 1
2 None 15 1978 1
1 None 6 1978 0
1 None 29 1980 3
2 None 19 1980 0
0.5 None 12 1980 0
-1 None 25 1983 1
2 None 21 1984 1
0.5 None 13 1984 0
0.5 None 15 1986 2
1 None 18 1987 1
1 None 20 1988 3
0.5 None 14 1989 1
2 None 50 1990 2
2 None 17 1990 0
2 None 21 1990 0
2 None 13 1993 2
2 None 22 1994 1
0.5 None 20 1994 0
1 None 16 1996 2
1 None 17 1997 1
1 None 9 1997 0
1 None 17 1997 0
0.5 None 184 2000 2
1 None 89 2001 5
1 None 31 2001 0
1 None 34 2003 1
1 None 20 2004 1
2 None 7 2005 2
2 None 1 2005 0
1 None 22 2007 3
2 None 17 2007 0
1 None 15 2007 0
1 None 62 2010 1
1 None 26 2011 1
2 None 22 2011 0
0.5 None 10 2011 0
-1 None 15 2014 1
1 None 11 2015 1
1 None 38 2016 1
0.5 None 2 2016 0
1 None 31 2016 0
1 None 10 2016 0
2 None 18 2020 2
2 None 53 2021 2
1 None 37 2022 1
1 None 27 2023 1
2 None 56 2024 2
1 None 21 2024 0
1 None 33 2026 3
1 None 17 2026 0
1 None 19 2026 0
2 None 61 2029 1
2 None 38 2030 5
-1 None 26 2031 1
2 None 21 2031 0
2 None 7 2033 2
1 None 16 2033 0
1 None 38 2035 1
2 None 27 2036 1
1 None 27 2037 1
2 None 18 2038 1
2 None 5 2038 0
1 None 19 2040 1
0.5 None 16 2041 2
-1 None 13 2042 2
2 None 13 2042 0
1 None 26 2042 0
2 None 1 2042 0
1 None 28 2046 1
1 None 39 2047 2
1 None 31 2047 0
2 None 5 2047 0
1 None 13 2047 0
1 None 18 2051 3
1 None 14 2051 0
0.5 None 7 2051 0
0.5 None 47 2054 1
1 None 28 2054 0
2 None 12 2054 0
2 None 22 2054 0
1 None 26 2058 1
2 None 28 2058 0
1 None 37 2058 0
1 None 24 2061 1
1 None 17 2061 0
1 None 32 2063 1
2 None 21 2063 0
1 None 31 2065 1
1 None 3 2065 0
0.5 None 17 2065 0
0.5 None 29 2065 0
1 None 8 2065 0
2 None 25 2070 1
1 None 24 2071 1
1 None 39 2072 1
2 None 55 2073 5
2 None 11 2073 0
0.5 None 16 2073 0
2 None 21 2076 1
2 None 13 2077 1
1 None 33 2078 2
0.5 None 15 2079 1
2 None 14 2079 0
2 None 4 2079 0
1 None 23 2079 0
1 None 19 2079 0
1 None 13 2079 0
0.5 None 14 2079 0
1 None 41 2086 2
1 None 30 2086 0
2 None 17 2088 1
1 None 20 2089 1
2 None 18 2089 0
1 None 12 2091 1
1 None 27 2092 1
2 None 8 2092 0
1 None 31 2094 1
1 None 23 2094 0
1 None 19 2094 0
1 None 22 2097 1
1 None 15 2097 0
1 None 30 2099 3
1 None 17 2100 1
2 None 150 2101 3
1 None 23 2101 0
1 None 32 2101 0
0.5 None 78 2104 7
1 None 6 2104 0
-1 None 41 2106 3
1 None 23 2107 2
2 None 44 2108 1
1 None 23 2108 0
1 None 4 2108 0
0.5 None 14 2111 2
1 None 15 2111 0
1 None 14 2113 1
1 None 37 2114 2
0.5 None 45 2115 1
2 None 59 2116 2
1 None 10 2116 0
1 None 18 2116 0
0.5 None 13 2116 0
2 None 38 2116 0
-1 None 14 2121 4
2 None 19 2121 0
1 None 26 2123 1
2 None 19 2123 0
1 None 25 2125 1
1 None 9 2126 1
1 None 23 2126 0
2 None 22 2128 1
2 None 32 2128 0
2 None 32 2130 1
1 None 15 2130 0
1 None 25 2130 0
1 None 16 2130 0
1 None 11 2134 1
2 None 17 2135 1
2 None 28 2136 2
1 None 82 2137 3
1 None 16 2137 0
1 None 29 2139 1
0.5 None 20 2139 0
2 None 11 2139 0
0.5 None 28 2142 2
1 None 37 2143 2
1 None 30 2143 0
1 None 68 2145 6
2 None 6 2145 0
2 None 4 2145 0
1 None 65 2148 1
1 None 11 2149 1
1 None 16 2149 0
1 None 30 2151 3
1 None 22 2151 0
2 None 31 2153 4
2 None 13 2153 0
-1 None 20 2155 1
2 None 29 2156 1
2 None 33 2156 0
-1 None 11 2158 1
1 None 18 2159 1
1 None 32 2159 0
0.5 None 27 2159 0
0.5 None 21 2162 1
1 None 23 2163 1
-1 None 37 2164 2
2 None 26 2164 0
1 None 31 2166 1
1 None 21 2166 0
1 None 9 2166 0
-1 None 13 2169 2
1 None 30 2170 2
0.5 None 45 2171 1
2 None 10 2172 1
1 None 53 2172 0
1 None 33 2172 0
2 None 61 2175 1
0.5 None 15 2176 1
0.5 None 17 2176 0
2 None 14 2178 1
2 None 7 2178 0
1 None 16 2178 0
1 None 25 2181 2
1 None 25 2181 0
1 None 16 2181 0
0.5 None 17 2181 0
1 None 25 2181 0
2 None 15 2181 0
0.5 None 9 2181 0
1 None 13 2188 1
2 None 16 2189 3
1 None 13 2190 1
1 None 23 2191 2
0.5 None 13 2191 0
2 None 21 2191 0
2 None 1 2191 0
1 None 16 2195 1
1 None 35 2196 3
-1 None 14 2197 1
1 None 5 2197 0
1 None 46 2199 1
1 None 37 2200 1
2 None 54 2201 2
2 None 9 2202 1
1 None 38 2202 0
1 None 48 2204 2
1 None 77 2205 6
1 None 9 2205 0
2 None 54 2207 1
1 None 18 2208 1
1 None 11 2208 0
0.5 None 34 2210 3
1 None 7 2210 0
1 None 10 2212 1
1 None 73 2212 0
1 None 21 2212 0
1 None 41 2212 0
0.5 None 19 2216 1
1 None 61 2217 1
2 None 19 2218 3
1 None 20 2218 0
2 None 15 2218 0
1 None 9 2218 0
1 None 26 2222 2
0.5 None 73 2223 4
1 None 25 2224 2
1 None 19 2224 0
1 None 69 2226 4
2 None 46 2227 1
2 None 23 2227 0
1 None 14 2227 0
1 None 22 2227 0
1 None 10 2227 0
-1 None 13 2232 2
1 None 18 2232 0
2 None 13 2234 1
2 None 7 2234 0
1 None 7 2234 0
1 None 34 2237 1
1 None 11 2237 0
2 None 9 2239 1
0.5 None 14 2240 1
1 None 36 2241 2
2 None 8 2241 0
1 None 29 2243 1
1 None 21 2244 2
1 None 24 2245 1
1 None 18 2246 1
1 None 11 2247 3
1 None 20 2248 1
2 None 26 2249 1
0.5 None 8 2249 0
1 None 8 2249 0
2 None 9 2249 0
1 None 28 2249 0
1 None 4 2249 0
1 None 56 2255 3
2 None 8 2255 0
0.5 None 11 2255 0
2 None 23 2255 0
-1 None 21 2259 1
2 None 11 2260 1
1 None 16 2260 0
1 None 15 2260 0
1 None 29 2263 2
2 None 14 2264 1
1 None 19 2265 1
2 None 9 2266 1
2 None 9 2267 2
1 None 8 2267 0
1 None 34 2269 3
1 None 22 2270 2
1 None 38 2271 1
2 None 31 2272 1
1 None 81 2273 5
2 None 29 2274 1
1 None 7 2275 1
2 None 13 2275 0
1 None 36 2277 2
1 None 83 2278 3
-1 None 22 2279 1
2 None 26 2280 1
2 None 16 2280 0
1 None 12 2280 0
0.5 None 18 2283 1
1 None 17 2284 1
1 None 32 2284 0
2 None 25 2284 0
2 None 8 2287 1
1 None 27 2288 1
-1 None 25 2289 1
2 None 9 2289 0
1 None 13 2289 0
1 None 46 2292 3
1 None 11 2292 0
1 None 28 2294 1
2 None 11 2294 0
0.5 None 13 2296 2
2 None 30 2297 1
2 None 15 2298 1
1 None 22 2299 2
1 None 67 2300 3
0.5 None 68 2301 1
0.5 None 117 2302 6
1 None 52 2302 0
1 None 35 2302 0
1 None 28 2305 2
1 None 19 2306 1
-1 None 13 2307 1
0.5 None 47 2308 1
2 None 45 2309 1
2 None 21 2309 0
1 None 47 2311 2
0.5 None 50 2312 4
1 None 29 2312 0
0.5 None 9 2312 0
1 None 39 2315 2
2 None 29 2316 3
0.5 None 23 2317 3
2 None 19 2317 0
2 None 18 2317 0
0.5 None 14 2317 0
1 None 24 2321 1
1 None 18 2322 1
-1 None 11 2323 1
1 None 12 2324 1
0.5 None 23 2324 0
1 None 32 2326 1
1 None 36 2327 2
1 None 13 2328 1
-1 None 38 2329 4
1 None 17 2329 0
1 None 23 2331 1
2 None 10 2331 0
0.5 None 1 2331 0
2 None 16 2334 1
2 None 28 2334 0
1 None 89 2336 5
1 None 27 2336 0
1 None 12 2338 2
2 None 19 2338 0
2 None 17 2338 0
1 None 34 2338 0
0.5 None 44 2342 1
2 None 11 2342 0
1 None 37 2344 4
2 None 35 2345 3
1 None 29 2345 0
1 None 15 2345 0
1 None 21 2345 0
1 None 32 2345 0
2 None 16 2345 0
2 None 6 2345 0
1 None 27 2352 2
1 None 5 2352 0
2 None 10 2354 1
0.5 None 21 2355 2
1 None 31 2356 1
1 None 64 2357 3
2 None 11 2358 1
1 None 11 2358 0
2 None 10 2358 0
1 None 25 2361 1
2 None 18 2362 2
1 None 36 2363 3
1 None 34 2363 0
1 None 2 2363 0
1 None 8 2363 0
2 None 46 2367 2
-1 None 8 2368 2
1 None 21 2369 3
1 None 18 2370 1
0.5 None 17 2371 2
1 None 26 2371 0
1 None 17 2373 1
1 None 26 2373 0
1 None 37 2375 1
-1 None 19 2376 3
2 None 14 2377 2
0.5 None 7 2377 0
2 None 14 2377 0
2 None 9 2377 0
1 None 13 2377 0
2 None 25 2382 1
2 None 15 2383 1
2 None 7 2383 0
1 None 21 2383 0
1 None 53 2383 0
1 None 31 2387 3
0.5 None 23 2388 2
1 None 17 2388 0
2 None 8 2388 0
2 None 13 2388 0
2 None 16 2388 0
2 None 18 2393 1
0.5 None 12 2394 1
2 None 18 2395 2
1 None 26 2396 2
2 None 4 2396 0
-1 None 16 2398 1
1 None 31 2398 0
2 None 35 2398 0
1 None 33 2401 2
1 None 83 2402 6
2 None 23 2403 1
1 None 86 2404 2
2 None 41 2405 1
0.5 None 46 2406 4
1 None 11 2407 1
1 None 53 2408 4
1 None 14 2408 0
2 None 26 2408 0
1 None 11 2408 0
1 None 18 2412 1
2 None 13 2413 1
2 None 22 2413 0
2 None 41 2415 2
-1 None 38 2416 3
1 None 31 2417 1
1 None 28 2418 1
2 None 22 2418 0
1 None 21 2420 1
2 None 16 2421 1
1 None 127 2422 5
1 None 23 2422 0
2 None 13 2422 0
1 None 33 2425 1
1 None 14 2425 0
1 None 53 2427 5
1 None 15 2427 0
1 None 4 2427 0
2 None 51 2430 2
2 None 19 2430 0
1 None 25 2430 0
1 None 28 2433 2
2 None 21 2433 0
1 None 22 2435 4
1 None 19 2435 0
2 None 25 2435 0
2 None 14 2435 0
1 None 17 2439 2
0.5 None 17 2440 1
-1 None 22 2441 2
1 None 19 2441 0
1 None 17 2441 0
2 None 18 2441 0
1 None 26 2441 0
1 None 21 2441 0
1 None 21 2447 1
2 None 9 2447 0
1 None 25 2449 3
1 None 13 2450 1
1 None 22 2451 1
1 None 12 2452 1
1 None 15 2452 0
2 None 19 2454 2
1 None 21 2455 1
1 None 24 2456 1
2 None 21 2457 1
2 None 22 2458 2
2 None 10 2458 0
2 None 16 2458 0
1 None 22 2458 0
2 None 25 2458 0
1 None 14 2458 0
1 None 14 2458 0
2 None 7 2465 1
2 None 10 2465 0
1 None 29 2467 2
1 None 42 2467 0
1 None 23 2467 0
2 None 19 2470 1
2 None 15 2471 3
1 None 18 2472 1
1 None 44 2472 0
2 None 12 2474 1
1 None 6 2474 0
2 None 13 2474 0
1 None 34 2477 1
2 None 23 2478 1
1 None 21 2478 0
2 None 12 2478 0
1 None 14 2478 0
1 None 24 2482 1
2 None 36 2483 2
1 None 13 2483 0
1 None 6 2483 0
1 None 54 2486 2
1 None 10 2486 0
1 None 54 2488 2
1 None 25 2488 0
1 None 33 2488 0
1 None 4 2488 0
0.5 None 32 2492 1
2 None 27 2493 2
1 None 8 2493 0
2 None 17 2495 1
0.5 None 8 2495 0
2 None 29 2497 2
2 None 9 2497 0
