2 None 25 1777 0
1 None 27 1779 1
1 None 26 1779 0
2 None 13 1779 0
-1 None 31 1782 3
1 None 31 1782 0
2 None 31 1784 1
0.5 None 12 1784 0
1 None 7 1784 0
1 None 32 1784 0
1 None 12 1784 0
1 None 26 1789 1
1 None 14 1789 0
2 None 33 1791 1
2 None 14 1791 0
2 None 13 1791 0
2 None 29 1794 1
1 None 32 1795 2
1 None 35 1795 0
2 None 25 1797 1
2 None 16 1797 0
1 None 30 1797 0
1 None 18 1797 0
1 None 79 1801 4
1 None 20 1802 1
2 None 105 1803 2
1 None 64 1804 4
2 None 16 1805 2
1 None 37 1806 1
1 None 34 1806 0
-1 None 27 1808 4
1 None 17 1808 0
0.5 None 40 1810 2
2 None 22 1810 0
-1 None 10 1812 1
1 None 29 1813 1
1 None 21 1814 1
1 None 21 1815 3
1 None 37 1816 1
2 None 56 1817 2
2 None 2 1817 0
2 None 14 1819 1
1 None 36 1819 0
2 None 23 1819 0
2 None 45 1822 3
-1 None 25 1823 1
1 None 7 1823 0
2 None 11 1823 0
2 None 7 1823 0
1 None 13 1823 0
2 None 19 1823 0
2 None 25 1823 0
1 None 29 1823 0
1 None 26 1823 0
1 None 38 1832 2
2 None 8 1832 0
1 None 22 1834 1
1 None 33 1835 3
1 None 18 1836 2
1 None 18 1836 0
2 None 36 1838 3
1 None 34 1839 1
1 None 54 1839 0
2 None 12 1839 0
1 None 33 1842 1
0.5 None 56 1843 1
1 None 8 1843 0
2 None 7 1845 1
1 None 10 1845 0
1 None 19 1847 1
2 None 32 1848 2
1 None 48 1848 0
0.5 None 19 1848 0
1 None 14 1851 1
1 None 24 1852 3
1 None 11 1852 0
1 None 28 1854 1
1 None 34 1855 2
1 None 17 1855 0
1 None 38 1857 2
2 None 6 1858 1
2 None 14 1859 1
1 None 30 1859 0
1 None 26 1861 2
1 None 31 1862 1
1 None 17 1863 1
2 None 14 1864 1
-1 None 12 1865 1
1 None 29 1866 1
1 None 58 1867 2
1 None 18 1867 0
2 None 12 1869 1
2 None 13 1870 1
1 None 18 1871 1
1 None 19 1871 0
1 None 13 1871 0
2 None 9 1871 0
1 None 86 1875 2
1 None 14 1875 0
1 None 8 1875 0
2 None 7 1875 0
1 None 15 1875 0
-1 None 14 1880 1
2 None 6 1880 0
1 None 14 1880 0
1 None 31 1880 0
1 None 11 1880 0
1 None 17 1880 0
1 None 17 1886 1
1 None 10 1887 1
0.5 None 11 1887 0
1 None 27 1887 0
1 None 10 1890 1
1 None 16 1891 1
0.5 None 23 1892 1
0.5 None 51 1893 2
2 None 11 1894 1
2 None 34 1894 0
1 None 16 1896 1
1 None 8 1897 1
1 None 37 1898 2
2 None 7 1898 0
1 None 34 1898 0
2 None 13 1901 1
2 None 53 1902 2
1 None 30 1903 4
1 None 21 1903 0
1 None 74 1905 4
1 None 12 1906 1
1 None 29 1907 3
1 None 33 1907 0
1 None 25 1909 1
1 None 19 1910 1
1 None 6 1910 0
1 None 28 1912 2
1 None 25 1913 1
1 None 4 1913 0
1 None 13 1915 1
1 None 37 1915 0
2 None 18 1915 0
1 None 31 1915 0
1 None 13 1915 0
1 None 9 1915 0
1 None 45 1921 1
1 None 79 1922 2
2 None 16 1922 0
1 None 57 1924 5
1 None 13 1925 1
1 None 18 1925 0
1 None 53 1925 0
0.5 None 6 1925 0
-1 None 15 1929 2
1 None 44 1930 3
2 None 16 1930 0
1 None 12 1930 0
1 None 42 1933 2
2 None 5 1933 0
1 None 12 1933 0
1 None 10 1933 0
1 None 34 1937 1
2 None 9 1937 0
1 None 39 1939 1
-1 None 28 1940 1
1 None 16 1941 1
2 None 31 1942 1
1 None 22 1942 0
1 None 10 1944 2
1 None 39 1945 1
1 None 15 1945 0
1 None 14 1945 0
1 None 30 1948 4
1 None 19 1948 0
2 None 26 1950 1
0.5 None 32 1950 0
2 None 55 1952 3
1 None 23 1953 2
1 None 10 1953 0
1 None 8 1953 0
1 None 34 1956 3
1 None 7 1956 0
1 None 7 1958 1
1 None 22 1959 1
1 None 8 1960 1
1 None 18 1960 0
2 None 23 1962 1
1 None 29 1962 0
1 None 20 1962 0
1 None 25 1962 0
1 None 14 1962 0
1 None 90 1967 1
2 None 32 1967 0
1 None 16 1967 0
1 None 10 1967 0
2 None 13 1971 1
1 None 19 1972 1
1 None 8 1972 0
1 None 59 1972 0
-1 None 22 1975 1
2 None 17 1975 0
1 None 14 1977 1
1 None 70 1978 2
2 None 16 1978 0
2 None 13 1978 0
1 None 11 1981 2
0.5 None 5 1981 0
2 None 5 1981 0
1 None 18 1984 1
1 None 8 1984 0
2 None 6 1986 1
1 None 9 1987 2
2 None 9 1987 0
1 None 16 1989 1
0.5 None 16 1990 1
1 None 11 1991 1
1 None 9 1991 0
2 None 43 1993 1
2 None 52 1993 0
2 None 13 1995 1
1 None 26 1996 1
1 None 21 1996 0
1 None 27 1996 0
1 None 17 1999 1
1 None 179 2000 2
0.5 None 101 2001 3
2 None 53 2002 1
2 None 42 2003 2
2 None 46 2004 1
1 None 14 2005 1
2 None 61 2005 0
1 None 26 2005 0
1 None 23 2005 0
2 None 19 2009 4
1 None 14 2009 0
1 None 49 2009 0
1 None 18 2009 0
-1 None 8 2013 3
1 None 13 2013 0
0.5 None 16 2013 0
1 None 44 2016 1
1 None 5 2016 0
2 None 34 2018 2
1 None 31 2019 2
2 None 12 2019 0
1 None 17 2019 0
1 None 14 2019 0
2 None 4 2023 1
0.5 None 34 2024 1
1 None 49 2025 1
0.5 None 6 2025 0
2 None 29 2027 2
1 None 9 2028 1
1 None 8 2028 0
1 None 56 2030 4
2 None 3 2030 0
1 None 9 2032 1
1 None 10 2032 0
1 None 12 2034 1
1 None 35 2035 1
1 None 7 2035 0
1 None 30 2037 1
2 None 21 2038 2
2 None 14 2038 0
2 None 15 2040 1
1 None 20 2040 0
1 None 9 2042 1
1 None 22 2042 0
1 None 11 2042 0
1 None 43 2045 2
-1 None 9 2046 1
1 None 48 2047 2
1 None 17 2048 1
1 None 13 2049 2
1 None 3 2049 0
0.5 None 2 2049 0
2 None 39 2052 1
1 None 18 2053 1
1 None 5 2053 0
1 None 12 2053 0
2 None 46 2053 0
2 None 31 2057 2
2 None 26 2057 0
2 None 13 2057 0
-1 None 11 2060 2
1 None 38 2061 2
1 None 25 2061 0
2 None 10 2061 0
1 None 27 2061 0
2 None 4 2061 0
1 None 33 2061 0
1 None 7 2061 0
1 None 11 2068 1
2 None 9 2068 0
1 None 4 2068 0
1 None 51 2071 4
1 None 51 2071 0
1 None 37 2073 1
1 None 38 2073 0
2 None 28 2075 2
1 None 16 2076 1
2 None 40 2077 1
2 None 15 2077 0
2 None 6 2077 0
1 None 29 2077 0
1 None 19 2081 2
2 None 12 2081 0
1 None 25 2083 2
1 None 21 2083 0
2 None 13 2083 0
2 None 15 2083 0
2 None 18 2083 0
1 None 20 2088 1
1 None 14 2089 2
1 None 50 2090 1
1 None 17 2090 0
-1 None 21 2092 1
2 None 13 2093 1
0.5 None 22 2094 1
1 None 20 2094 0
1 None 16 2096 1
1 None 17 2097 2
2 None 9 2098 1
2 None 17 2098 0
2 None 184 2100 2
1 None 89 2101 2
1 None 31 2101 0
1 None 34 2101 0
-1 None 20 2104 2
2 None 7 2104 0
2 None 1 2104 0
1 None 22 2104 0
1 None 17 2108 1
1 None 15 2109 1
1 None 62 2110 1
0.5 None 26 2111 3
0.5 None 22 2112 1
2 None 10 2112 0
2 None 15 2112 0
2 None 11 2115 1
1 None 38 2116 3
1 None 2 2116 0
1 None 31 2118 1
2 None 10 2118 0
2 None 18 2118 0
1 None 53 2121 2
2 None 37 2122 1
1 None 27 2123 2
1 None 56 2124 1
1 None 21 2125 2
2 None 33 2125 0
1 None 17 2127 1
2 None 19 2128 1
1 None 61 2129 2
1 None 38 2130 1
2 None 26 2131 1
1 None 21 2132 1
2 None 7 2133 2
1 None 16 2133 0
2 None 38 2135 1
1 None 27 2136 1
1 None 27 2137 1
1 None 18 2138 1
1 None 5 2138 0
2 None 19 2140 2
0.5 None 16 2140 0
2 None 13 2142 1
1 None 13 2142 0
1 None 26 2142 0
1 None 1 2142 0
1 None 28 2146 2
1 None 39 2147 1
1 None 31 2147 0
2 None 5 2147 0
1 None 13 2150 1
2 None 18 2151 1
1 None 14 2152 1
1 None 7 2152 0
1 None 47 2152 0
1 None 28 2155 2
1 None 12 2155 0
0.5 None 22 2157 3
1 None 26 2157 0
1 None 28 2159 2
2 None 37 2160 1
1 None 24 2161 3
1 None 17 2161 0
1 None 32 2163 1
1 None 21 2164 2
1 None 31 2165 1
1 None 3 2165 0
2 None 17 2165 0
1 None 29 2165 0
1 None 8 2165 0
1 None 25 2165 0
1 None 24 2165 0
1 None 39 2172 1
1 None 55 2172 0
2 None 11 2174 2
1 None 16 2175 2
1 None 21 2175 0
1 None 13 2175 0
2 None 33 2178 3
1 None 15 2178 0
1 None 14 2178 0
2 None 4 2178 0
1 None 23 2178 0
-1 None 19 2183 3
1 None 13 2183 0
1 None 14 2185 1
2 None 41 2186 1
1 None 30 2186 0
1 None 17 2186 0
2 None 20 2186 0
1 None 18 2190 1
0.5 None 12 2190 0
1 None 27 2192 4
1 None 8 2193 2
1 None 31 2194 1
1 None 23 2194 0
1 None 19 2194 0
1 None 22 2197 1
-1 None 15 2198 1
2 None 30 2199 1
1 None 17 2200 2
0.5 None 150 2201 7
-1 None 23 2202 3
1 None 32 2203 2
-1 None 78 2204 3
2 None 6 2204 0
1 None 41 2206 1
1 None 23 2207 1
1 None 44 2208 1
1 None 23 2209 1
1 None 4 2209 0
1 None 14 2211 2
-1 None 15 2212 2
2 None 14 2212 0
2 None 37 2214 2
1 None 45 2215 2
1 None 59 2216 8
2 None 10 2216 0
1 None 18 2218 1
0.5 None 13 2219 2
1 None 38 2220 2
1 None 14 2220 0
0.5 None 19 2222 1
0.5 None 26 2223 1
1 None 19 2224 1
1 None 25 2224 0
2 None 9 2224 0
1 None 23 2224 0
2 None 22 2228 2
1 None 32 2228 0
1 None 32 2230 1
1 None 15 2230 0
1 None 25 2232 2
1 None 16 2232 0
1 None 11 2232 0
2 None 17 2232 0
1 None 28 2236 1
1 None 82 2237 2
2 None 16 2238 2
2 None 29 2239 1
1 None 20 2240 1
1 None 11 2240 0
1 None 28 2242 1
1 None 37 2243 1
1 None 30 2244 1
1 None 68 2245 1
1 None 6 2245 0
0.5 None 4 2245 0
1 None 65 2248 1
-1 None 11 2249 1
1 None 16 2249 0
1 None 30 2249 0
2 None 22 2249 0
0.5 None 31 2253 2
1 None 13 2253 0
0.5 None 20 2253 0
1 None 29 2256 2
1 None 33 2256 0
2 None 11 2258 1
0.5 None 18 2259 3
1 None 32 2260 1
-1 None 27 2261 1
-1 None 21 2262 2
1 None 23 2263 1
1 None 37 2263 0
1 None 26 2265 1
1 None 31 2266 1
1 None 21 2267 2
2 None 9 2267 0
1 None 13 2269 1
0.5 None 30 2270 1
1 None 45 2271 1
2 None 10 2272 1
1 None 53 2272 0
1 None 33 2274 1
1 None 61 2274 0
2 None 15 2274 0
2 None 17 2274 0
2 None 14 2274 0
1 None 7 2274 0
-1 None 16 2280 1
1 None 25 2281 4
1 None 25 2281 0
1 None 16 2281 0
1 None 17 2281 0
1 None 25 2285 1
1 None 15 2285 0
1 None 9 2287 1
1 None 13 2287 0
1 None 16 2287 0
1 None 13 2290 1
2 None 23 2291 1
1 None 13 2292 1
1 None 21 2292 0
1 None 1 2292 0
2 None 16 2295 1
1 None 35 2296 1
1 None 14 2296 0
1 None 5 2296 0
1 None 46 2296 0
1 None 37 2296 0
1 None 54 2301 2
-1 None 9 2302 1
1 None 38 2302 0
1 None 48 2304 2
1 None 77 2305 1
1 None 9 2305 0
1 None 54 2307 3
1 None 18 2308 1
2 None 11 2308 0
1 None 34 2310 1
1 None 7 2310 0
1 None 10 2310 0
1 None 73 2310 0
1 None 21 2310 0
1 None 41 2315 1
1 None 19 2315 0
1 None 61 2317 2
1 None 19 2317 0
1 None 20 2317 0
2 None 15 2317 0
1 None 9 2317 0
1 None 26 2317 0
2 None 73 2323 2
2 None 25 2324 1
-1 None 19 2325 2
1 None 69 2326 6
1 None 46 2327 2
1 None 23 2327 0
1 None 14 2329 1
1 None 22 2330 3
1 None 10 2330 0
1 None 13 2332 2
1 None 18 2333 2
2 None 13 2333 0
2 None 7 2333 0
1 None 7 2336 1
1 None 34 2337 1
1 None 11 2337 0
1 None 9 2339 1
1 None 14 2339 0
1 None 36 2341 3
1 None 8 2341 0
-1 None 29 2343 2
2 None 21 2344 2
1 None 24 2345 2
1 None 18 2345 0
0.5 None 11 2347 1
1 None 20 2347 0
1 None 26 2349 2
2 None 8 2349 0
2 None 8 2349 0
0.5 None 9 2352 3
1 None 28 2352 0
0.5 None 4 2352 0
2 None 56 2355 5
1 None 8 2355 0
1 None 11 2355 0
0.5 None 23 2358 1
1 None 21 2358 0
1 None 11 2358 0
2 None 16 2361 2
1 None 15 2361 0
1 None 29 2363 1
1 None 14 2364 1
2 None 19 2364 0
2 None 9 2364 0
2 None 9 2364 0
1 None 8 2368 1
1 None 34 2369 2
2 None 22 2370 1
1 None 38 2371 2
2 None 31 2372 1
0.5 None 81 2373 2
2 None 29 2373 0
1 None 7 2373 0
1 None 13 2376 1
2 None 36 2377 2
1 None 83 2378 2
1 None 22 2379 1
1 None 26 2379 0
1 None 16 2379 0
1 None 12 2379 0
1 None 18 2383 1
1 None 17 2383 0
1 None 32 2385 3
2 None 25 2385 0
1 None 8 2385 0
1 None 27 2388 2
-1 None 25 2389 2
1 None 9 2389 0
1 None 13 2391 1
1 None 46 2392 2
2 None 11 2392 0
1 None 28 2394 3
2 None 11 2395 1
1 None 13 2395 0
1 None 30 2397 3
2 None 15 2397 0
0.5 None 22 2399 4
1 None 67 2399 0
1 None 68 2401 6
2 None 117 2402 4
2 None 52 2403 2
1 None 35 2403 0
1 None 28 2405 2
1 None 19 2405 0
1 None 13 2405 0
1 None 47 2408 2
1 None 45 2409 3
2 None 21 2409 0
1 None 47 2411 1
1 None 50 2412 2
1 None 29 2413 1
-1 None 9 2414 2
1 None 39 2415 1
2 None 29 2416 1
2 None 23 2417 1
1 None 19 2418 2
1 None 18 2419 1
2 None 14 2419 0
1 None 24 2419 0
1 None 18 2419 0
1 None 11 2423 1
1 None 12 2423 0
0.5 None 23 2425 1
0.5 None 32 2426 2
1 None 36 2427 3
2 None 13 2427 0
-1 None 38 2429 1
1 None 17 2430 1
1 None 23 2430 0
-1 None 10 2432 1
2 None 1 2432 0
1 None 16 2434 1
1 None 28 2435 2
-1 None 89 2436 4
1 None 27 2437 1
1 None 12 2437 0
1 None 19 2439 1
1 None 17 2439 0
1 None 34 2441 3
1 None 44 2441 0
1 None 11 2441 0
1 None 37 2444 1
0.5 None 35 2445 4
1 None 29 2446 2
1 None 15 2447 2
1 None 21 2447 0
2 None 32 2449 1
1 None 16 2450 1
0.5 None 6 2450 0
1 None 27 2452 1
1 None 5 2452 0
2 None 10 2452 0
1 None 21 2452 0
1 None 31 2452 0
1 None 64 2457 1
1 None 11 2458 2
2 None 11 2458 0
2 None 10 2458 0
1 None 25 2461 1
1 None 18 2461 0
1 None 36 2461 0
1 None 34 2461 0
1 None 2 2461 0
2 None 8 2461 0
2 None 46 2467 1
2 None 8 2467 0
0.5 None 21 2469 2
1 None 18 2470 1
2 None 17 2470 0
1 None 26 2470 0
1 None 17 2470 0
2 None 26 2474 1
1 None 37 2475 2
1 None 19 2476 2
2 None 14 2476 0
2 None 7 2476 0
1 None 14 2476 0
2 None 9 2480 1
2 None 13 2481 1
1 None 25 2481 0
1 None 15 2483 1
2 None 7 2483 0
1 None 21 2483 0
1 None 53 2486 1
1 None 31 2487 1
2 None 23 2487 0
1 None 17 2487 0
2 None 8 2487 0
1 None 13 2487 0
1 None 16 2487 0
1 None 18 2493 1
2 None 12 2493 0
1 None 18 2493 0
1 None 26 2496 1
2 None 4 2497 1
1 None 16 2498 1
1 None 31 2498 0
1 None 35 2500 3
2 None 33 2501 1
2 None 83 2502 4
1 None 23 2503 2
1 None 86 2504 2
0.5 None 41 2505 1
1 None 46 2505 0
-1 None 11 2507 2
2 None 53 2508 2
1 None 14 2509 2
1 None 26 2509 0
2 None 11 2509 0
-1 None 18 2512 3
2 None 13 2512 0
1 None 22 2512 0
2 None 41 2515 1
1 None 38 2516 3
0.5 None 31 2516 0
1 None 28 2518 1
1 None 22 2518 0
1 None 21 2520 1
0.5 None 16 2520 0
1 None 127 2522 8
1 None 23 2522 0
1 None 13 2522 0
-1 None 33 2525 1
2 None 14 2525 0
2 None 53 2525 0
1 None 15 2525 0
2 None 4 2525 0
2 None 51 2530 4
1 None 19 2531 1
2 None 25 2532 3
1 None 28 2533 1
1 None 21 2534 1
1 None 22 2535 2
1 None 19 2536 2
1 None 25 2536 0
1 None 14 2536 0
1 None 17 2539 1
1 None 17 2539 0
1 None 22 2541 1
1 None 19 2542 2
1 None 17 2542 0
1 None 18 2544 2
1 None 26 2544 0
1 None 21 2546 1
1 None 21 2547 1
2 None 9 2548 1
1 None 25 2549 1
-1 None 13 2550 1
1 None 22 2551 2
1 None 12 2552 1
1 None 15 2552 0
1 None 19 2554 2
0.5 None 21 2554 0
0.5 None 24 2554 0
1 None 21 2554 0
0.5 None 22 2558 1
1 None 10 2558 0
1 None 16 2558 0
2 None 22 2561 2
1 None 25 2562 1
1 None 14 2563 3
1 None 14 2563 0
2 None 7 2565 1
2 None 10 2565 0
1 None 29 2567 3
1 None 42 2567 0
1 None 23 2569 1
1 None 19 2569 0
2 None 15 2569 0
1 None 18 2572 1
1 None 44 2573 2
1 None 12 2573 0
1 None 6 2573 0
2 None 13 2573 0
2 None 34 2577 1
0.5 None 23 2577 0
1 None 21 2577 0
1 None 12 2577 0
1 None 14 2577 0
1 None 24 2577 0
1 None 36 2583 2
0.5 None 13 2583 0
1 None 6 2583 0
-1 None 54 2586 1
1 None 10 2586 0
1 None 54 2588 1
2 None 25 2589 1
1 None 33 2590 1
1 None 4 2591 1
1 None 32 2592 1
0.5 None 27 2592 0
1 None 8 2592 0
1 None 17 2595 1
1 None 8 2596 1
1 None 29 2597 2
1 None 9 2597 0
