2 None 25 478 1
2 None 27 479 3
1 None 26 480 2
2 None 13 480 0
2 None 31 482 2
1 None 31 483 2
2 None 31 484 1
2 None 12 485 1
1 None 7 486 1
2 None 32 487 1
1 None 12 487 0
1 None 26 489 2
2 None 14 490 1
2 None 33 491 2
1 None 14 492 1
-1 None 13 493 1
2 None 29 494 4
2 None 32 495 2
2 None 35 496 2
2 None 25 497 1
2 None 16 498 1
2 None 30 499 1
0.5 None 18 500 1
2 None 79 501 2
1 None 20 502 1
2 None 105 503 5
1 None 64 504 3
0.5 None 16 505 1
2 None 37 506 2
2 None 34 506 0
2 None 27 506 0
2 None 17 509 5
2 None 40 510 2
2 None 22 511 2
2 None 10 511 0
0.5 None 29 513 2
1 None 21 514 1
2 None 21 515 6
2 None 37 516 1
1 None 56 517 1
1 None 2 517 0
2 None 14 519 1
2 None 36 520 2
2 None 23 520 0
2 None 45 522 1
2 None 25 523 1
1 None 7 523 0
1 None 11 523 0
2 None 7 523 0
2 None 13 523 0
2 None 19 523 0
2 None 25 529 2
-1 None 29 530 5
2 None 26 531 3
2 None 38 532 1
1 None 8 532 0
2 None 22 534 1
1 None 33 534 0
2 None 18 534 0
2 None 18 534 0
2 None 36 534 0
1 None 34 539 3
0.5 None 54 540 2
1 None 12 541 1
0.5 None 33 542 2
2 None 56 543 4
0.5 None 8 543 0
1 None 7 543 0
0.5 None 10 543 0
-1 None 19 547 1
2 None 32 548 3
1 None 48 549 3
2 None 19 549 0
2 None 14 549 0
2 None 24 552 2
2 None 11 553 1
1 None 28 554 1
2 None 34 554 0
1 None 17 554 0
0.5 None 38 557 7
2 None 6 557 0
2 None 14 557 0
2 None 30 560 2
2 None 26 561 1
2 None 31 562 2
1 None 17 562 0
2 None 14 562 0
1 None 12 565 1
2 None 29 566 1
2 None 58 567 2
1 None 18 568 1
2 None 12 568 0
2 None 13 570 2
2 None 18 571 2
0.5 None 19 571 0
2 None 13 573 1
2 None 9 573 0
2 None 86 575 3
2 None 14 575 0
2 None 8 575 0
0.5 None 7 575 0
1 None 15 579 2
1 None 14 580 1
-1 None 6 581 1
2 None 14 582 1
2 None 31 583 2
0.5 None 11 584 1
2 None 17 584 0
2 None 17 586 1
2 None 10 586 0
2 None 11 586 0
2 None 27 589 1
1 None 10 589 0
2 None 16 589 0
0.5 None 23 589 0
2 None 51 593 2
1 None 11 593 0
2 None 34 595 1
2 None 16 596 1
2 None 8 596 0
1 None 37 596 0
1 None 7 596 0
-1 None 34 600 3
2 None 13 600 0
2 None 53 602 3
2 None 30 603 1
2 None 21 603 0
1 None 74 605 2
1 None 12 605 0
-1 None 29 607 6
0.5 None 33 608 4
2 None 25 608 0
2 None 19 610 1
2 None 6 610 0
2 None 28 612 1
2 None 25 612 0
0.5 None 4 612 0
2 None 13 615 3
2 None 37 615 0
-1 None 18 617 1
1 None 31 617 0
1 None 13 617 0
2 None 9 617 0
2 None 45 621 1
2 None 79 622 2
2 None 16 623 2
0.5 None 57 624 2
2 None 13 625 1
2 None 18 626 1
2 None 53 627 1
2 None 6 627 0
2 None 15 627 0
2 None 44 630 3
1 None 16 630 0
2 None 12 630 0
2 None 42 633 5
2 None 5 633 0
2 None 12 633 0
2 None 10 633 0
2 None 34 633 0
2 None 9 633 0
2 None 39 639 2
2 None 28 640 1
0.5 None 16 640 0
0.5 None 31 642 1
1 None 22 643 2
1 None 10 644 2
1 None 39 644 0
2 None 15 644 0
2 None 14 644 0
0.5 None 30 648 2
1 None 19 648 0
2 None 26 650 1
2 None 32 650 0
2 None 55 652 6
2 None 23 653 1
-1 None 10 654 1
2 None 8 654 0
2 None 34 656 3
1 None 7 656 0
2 None 7 656 0
2 None 22 659 1
0.5 None 8 659 0
0.5 None 18 659 0
2 None 23 659 0
2 None 29 663 2
2 None 20 664 2
2 None 25 664 0
2 None 14 664 0
-1 None 90 667 4
2 None 32 668 2
2 None 16 668 0
1 None 10 668 0
2 None 13 671 2
2 None 19 672 1
2 None 8 672 0
-1 None 59 674 4
2 None 22 674 0
-1 None 17 676 5
2 None 14 677 3
2 None 70 678 1
1 None 16 678 0
2 None 13 678 0
2 None 11 678 0
2 None 5 678 0
1 None 5 683 1
0.5 None 18 684 1
2 None 8 684 0
2 None 6 684 0
1 None 9 687 2
2 None 9 687 0
1 None 16 689 1
1 None 16 690 1
2 None 11 690 0
0.5 None 9 692 1
1 None 43 693 1
0.5 None 52 694 3
2 None 13 694 0
0.5 None 26 696 1
2 None 21 697 3
0.5 None 27 698 2
-1 None 17 699 1
2 None 179 700 8
2 None 101 701 4
-1 None 53 702 4
1 None 42 703 2
2 None 46 704 1
1 None 14 704 0
-1 None 61 706 4
2 None 26 707 3
-1 None 23 708 2
0.5 None 19 709 1
1 None 14 709 0
0.5 None 49 711 3
2 None 18 712 1
0.5 None 8 712 0
1 None 13 714 1
2 None 16 715 1
2 None 44 716 2
1 None 5 716 0
2 None 34 718 1
1 None 31 719 3
0.5 None 12 719 0
0.5 None 17 721 1
2 None 14 721 0
2 None 4 721 0
2 None 34 724 1
2 None 49 725 2
1 None 6 725 0
1 None 29 725 0
2 None 9 728 1
1 None 8 728 0
1 None 56 730 7
2 None 3 731 1
-1 None 9 732 2
-1 None 10 733 1
2 None 12 733 0
2 None 35 735 4
2 None 7 735 0
2 None 30 737 3
2 None 21 738 5
2 None 14 739 2
0.5 None 15 739 0
0.5 None 20 739 0
-1 None 9 742 3
-1 None 22 743 1
2 None 11 743 0
1 None 43 745 2
0.5 None 9 745 0
2 None 48 747 2
0.5 None 17 747 0
2 None 13 749 1
2 None 3 749 0
2 None 2 749 0
0.5 None 39 752 3
-1 None 18 753 1
2 None 5 754 1
2 None 12 755 2
2 None 46 756 1
2 None 31 757 2
2 None 26 758 1
2 None 13 758 0
2 None 11 758 0
0.5 None 38 761 1
2 None 25 761 0
0.5 None 10 761 0
1 None 27 764 1
1 None 4 764 0
2 None 33 766 2
2 None 7 766 0
2 None 11 768 1
2 None 9 769 2
2 None 4 769 0
2 None 51 771 3
2 None 51 772 1
0.5 None 37 773 1
1 None 38 773 0
2 None 28 775 2
1 None 16 775 0
2 None 40 775 0
2 None 15 775 0
2 None 6 775 0
2 None 29 775 0
2 None 19 775 0
2 None 12 775 0
0.5 None 25 775 0
0.5 None 21 775 0
2 None 13 785 1
1 None 15 785 0
-1 None 18 787 1
2 None 20 788 6
0.5 None 14 788 0
1 None 50 790 4
2 None 17 790 0
2 None 21 790 0
2 None 13 793 1
2 None 22 793 0
2 None 20 795 1
0.5 None 16 796 1
0.5 None 17 797 1
2 None 9 798 1
2 None 17 798 0
0.5 None 184 800 7
0.5 None 89 801 1
2 None 31 801 0
0.5 None 34 801 0
2 None 20 801 0
1 None 7 805 1
1 None 1 805 0
0.5 None 22 805 0
0.5 None 17 805 0
2 None 15 809 1
2 None 62 810 2
2 None 26 811 2
2 None 22 812 1
2 None 10 812 0
0.5 None 15 814 1
2 None 11 814 0
0.5 None 38 816 2
2 None 2 816 0
2 None 31 818 4
2 None 10 819 1
0.5 None 18 820 1
2 None 53 820 0
2 None 37 822 1
2 None 27 822 0
2 None 56 824 3
0.5 None 21 825 2
1 None 33 826 2
2 None 17 826 0
0.5 None 19 826 0
2 None 61 829 2
1 None 38 830 3
2 None 26 830 0
2 None 21 830 0
2 None 7 830 0
2 None 16 834 1
2 None 38 835 3
0.5 None 27 835 0
2 None 27 837 1
2 None 18 838 2
2 None 5 838 0
2 None 19 840 1
0.5 None 16 841 1
2 None 13 841 0
2 None 13 843 2
2 None 26 843 0
2 None 1 843 0
2 None 28 843 0
2 None 39 847 3
2 None 31 848 2
2 None 5 848 0
2 None 13 850 1
1 None 18 850 0
2 None 14 850 0
2 None 7 850 0
0.5 None 47 850 0
2 None 28 855 2
0.5 None 12 855 0
2 None 22 855 0
1 None 26 855 0
2 None 28 859 4
1 None 37 860 2
2 None 24 861 3
2 None 17 862 1
0.5 None 32 863 3
1 None 21 864 4
0.5 None 31 865 3
1 None 3 865 0
-1 None 17 867 3
2 None 29 868 1
1 None 8 868 0
1 None 25 870 1
1 None 24 871 1
1 None 39 872 2
1 None 55 873 3
0.5 None 11 873 0
0.5 None 16 873 0
2 None 21 873 0
1 None 13 873 0
2 None 33 878 1
2 None 15 879 1
0.5 None 14 879 0
2 None 4 879 0
2 None 23 879 0
2 None 19 883 1
2 None 13 883 0
0.5 None 14 885 1
2 None 41 886 1
1 None 30 887 2
2 None 17 887 0
2 None 20 887 0
2 None 18 887 0
1 None 12 891 1
2 None 27 892 1
0.5 None 8 893 1
0.5 None 31 894 2
0.5 None 23 895 1
-1 None 19 896 2
2 None 22 897 2
2 None 15 897 0
2 None 30 899 1
0.5 None 17 899 0
2 None 150 901 8
1 None 23 901 0
2 None 32 901 0
2 None 78 904 6
2 None 6 904 0
2 None 41 906 2
2 None 23 907 1
-1 None 44 908 2
1 None 23 909 1
0.5 None 4 909 0
-1 None 14 911 1
0.5 None 15 912 1
2 None 14 913 2
2 None 37 914 1
2 None 45 914 0
2 None 59 916 3
2 None 10 916 0
0.5 None 18 918 1
2 None 13 918 0
2 None 38 920 1
1 None 14 921 1
0.5 None 19 921 0
1 None 26 923 3
1 None 19 924 3
2 None 25 925 1
2 None 9 925 0
2 None 23 927 2
2 None 22 928 2
2 None 32 928 0
0.5 None 32 930 1
1 None 15 931 1
2 None 25 932 1
0.5 None 16 932 0
2 None 11 932 0
0.5 None 17 935 1
1 None 28 936 2
0.5 None 82 937 5
2 None 16 938 1
2 None 29 939 3
2 None 20 939 0
1 None 11 939 0
2 None 28 942 1
2 None 37 943 1
0.5 None 30 943 0
2 None 68 945 2
2 None 6 945 0
0.5 None 4 945 0
2 None 65 948 8
2 None 11 949 1
2 None 16 949 0
0.5 None 30 951 1
0.5 None 22 951 0
2 None 31 953 1
2 None 13 954 1
2 None 20 955 2
1 None 29 955 0
2 None 33 957 3
1 None 11 957 0
2 None 18 959 2
2 None 32 959 0
1 None 27 961 2
2 None 21 961 0
2 None 23 963 1
2 None 37 964 1
2 None 26 965 4
2 None 31 966 1
2 None 21 966 0
2 None 9 966 0
2 None 13 966 0
1 None 30 966 0
1 None 45 971 5
2 None 10 971 0
2 None 53 973 3
1 None 33 974 2
2 None 61 974 0
2 None 15 976 1
1 None 17 977 1
2 None 14 978 2
1 None 7 978 0
2 None 16 980 1
2 None 25 980 0
1 None 25 982 1
2 None 16 983 1
1 None 17 983 0
0.5 None 25 985 1
2 None 15 986 1
1 None 9 987 1
0.5 None 13 987 0
2 None 16 989 4
2 None 13 989 0
0.5 None 23 989 0
2 None 13 989 0
0.5 None 21 993 1
2 None 1 993 0
0.5 None 16 995 2
2 None 35 996 3
2 None 14 996 0
1 None 5 996 0
2 None 46 999 2
2 None 37 1000 1
2 None 54 1000 0
0.5 None 9 1000 0
0.5 None 38 1003 3
2 None 48 1004 1
0.5 None 77 1005 4
2 None 9 1005 0
2 None 54 1005 0
0.5 None 18 1008 2
2 None 11 1008 0
2 None 34 1008 0
2 None 7 1008 0
1 None 10 1008 0
2 None 73 1013 8
2 None 21 1014 1
0.5 None 41 1015 3
2 None 19 1016 1
0.5 None 61 1017 5
1 None 19 1018 1
1 None 20 1018 0
0.5 None 15 1018 0
2 None 9 1018 0
0.5 None 26 1022 1
2 None 73 1023 4
2 None 25 1024 1
2 None 19 1025 1
1 None 69 1025 0
0.5 None 46 1027 5
1 None 23 1027 0
2 None 14 1029 1
1 None 22 1030 1
1 None 10 1031 1
0.5 None 13 1032 1
2 None 18 1033 1
2 None 13 1033 0
2 None 7 1033 0
1 None 7 1033 0
2 None 34 1033 0
2 None 11 1033 0
2 None 9 1039 1
-1 None 14 1040 2
1 None 36 1041 2
1 None 8 1041 0
2 None 29 1041 0
2 None 21 1041 0
0.5 None 24 1045 1
2 None 18 1045 0
2 None 11 1047 1
-1 None 20 1048 2
1 None 26 1048 0
1 None 8 1048 0
2 None 8 1048 0
2 None 9 1052 1
2 None 28 1052 0
1 None 4 1052 0
2 None 56 1055 5
2 None 8 1056 1
2 None 11 1057 1
1 None 23 1058 2
2 None 21 1058 0
2 None 11 1058 0
0.5 None 16 1058 0
0.5 None 15 1062 1
2 None 29 1063 2
0.5 None 14 1064 2
2 None 19 1065 1
2 None 9 1066 1
2 None 9 1066 0
2 None 8 1066 0
1 None 34 1069 2
0.5 None 22 1070 2
2 None 38 1071 2
1 None 31 1071 0
2 None 81 1073 2
2 None 29 1073 0
1 None 7 1073 0
2 None 13 1076 1
1 None 36 1077 1
2 None 83 1078 5
2 None 22 1078 0
0.5 None 26 1080 2
2 None 16 1080 0
0.5 None 12 1080 0
2 None 18 1083 1
2 None 17 1083 0
2 None 32 1083 0
1 None 25 1086 1
0.5 None 8 1087 1
-1 None 27 1088 3
1 None 25 1089 1
2 None 9 1089 0
2 None 13 1089 0
2 None 46 1089 0
2 None 11 1093 2
2 None 28 1094 1
2 None 11 1094 0
1 None 13 1094 0
0.5 None 30 1097 2
0.5 None 15 1098 1
2 None 22 1098 0
0.5 None 67 1100 1
1 None 68 1101 4
2 None 117 1102 1
0.5 None 52 1103 1
2 None 35 1104 2
2 None 28 1105 3
1 None 19 1106 1
2 None 13 1106 0
2 None 47 1108 3
2 None 45 1109 1
1 None 21 1110 1
0.5 None 47 1111 3
2 None 50 1112 2
0.5 None 29 1113 1
0.5 None 9 1113 0
2 None 39 1115 1
0.5 None 29 1116 2
2 None 23 1117 2
0.5 None 19 1118 1
2 None 18 1119 1
0.5 None 14 1119 0
2 None 24 1119 0
2 None 18 1122 1
1 None 11 1122 0
2 None 12 1122 0
2 None 23 1122 0
0.5 None 32 1126 1
2 None 36 1127 1
-1 None 13 1128 1
1 None 38 1129 2
2 None 17 1129 0
2 None 23 1129 0
1 None 10 1129 0
2 None 1 1129 0
2 None 16 1134 2
2 None 28 1134 0
2 None 89 1136 2
1 None 27 1136 0
1 None 12 1136 0
1 None 19 1136 0
2 None 17 1140 1
0.5 None 34 1141 1
2 None 44 1142 2
2 None 11 1143 1
2 None 37 1144 4
-1 None 35 1145 2
2 None 29 1146 1
0.5 None 15 1146 0
2 None 21 1146 0
1 None 32 1146 0
1 None 16 1146 0
1 None 6 1146 0
1 None 27 1152 1
1 None 5 1152 0
1 None 10 1152 0
2 None 21 1152 0
2 None 31 1156 4
2 None 64 1157 6
2 None 11 1157 0
0.5 None 11 1157 0
1 None 10 1160 1
2 None 25 1161 2
0.5 None 18 1162 1
-1 None 36 1163 1
0.5 None 34 1164 1
2 None 2 1164 0
1 None 8 1164 0
0.5 None 46 1167 1
2 None 8 1168 1
2 None 21 1169 1
2 None 18 1169 0
2 None 17 1169 0
2 None 26 1169 0
2 None 17 1173 1
0.5 None 26 1173 0
2 None 37 1175 1
1 None 19 1176 1
-1 None 14 1177 1
2 None 7 1177 0
1 None 14 1177 0
2 None 9 1177 0
2 None 13 1177 0
0.5 None 25 1182 2
0.5 None 15 1183 1
1 None 7 1183 0
2 None 21 1183 0
-1 None 53 1186 3
2 None 31 1186 0
2 None 23 1186 0
2 None 17 1186 0
2 None 8 1186 0
0.5 None 13 1191 1
1 None 16 1191 0
1 None 18 1193 1
2 None 12 1194 1
2 None 18 1195 2
1 None 26 1196 2
2 None 4 1196 0
0.5 None 16 1198 2
2 None 31 1199 1
1 None 35 1200 2
1 None 33 1200 0
1 None 83 1202 2
2 None 23 1203 1
2 None 86 1204 2
2 None 41 1205 2
0.5 None 46 1206 1
2 None 11 1206 0
2 None 53 1208 1
2 None 14 1209 2
2 None 26 1210 3
2 None 11 1211 1
2 None 18 1212 1
2 None 13 1213 1
2 None 22 1214 1
2 None 41 1215 1
1 None 38 1215 0
1 None 31 1217 1
2 None 28 1218 1
2 None 22 1219 1
2 None 21 1219 0
2 None 16 1219 0
2 None 127 1222 2
1 None 23 1223 1
1 None 13 1223 0
2 None 33 1223 0
1 None 14 1223 0
2 None 53 1227 1
1 None 15 1227 0
2 None 4 1227 0
2 None 51 1230 2
0.5 None 19 1231 1
2 None 25 1231 0
2 None 28 1233 1
2 None 21 1234 1
1 None 22 1235 3
1 None 19 1236 1
2 None 25 1236 0
2 None 14 1236 0
1 None 17 1239 1
0.5 None 17 1240 1
2 None 22 1240 0
0.5 None 19 1240 0
2 None 17 1243 1
0.5 None 18 1244 1
2 None 26 1244 0
0.5 None 21 1246 3
1 None 21 1246 0
2 None 9 1248 1
2 None 25 1249 1
0.5 None 13 1250 2
2 None 22 1250 0
0.5 None 12 1252 1
1 None 15 1252 0
2 None 19 1254 1
2 None 21 1255 1
1 None 24 1256 1
2 None 21 1257 1
0.5 None 22 1258 1
2 None 10 1258 0
2 None 16 1260 1
2 None 22 1261 2
2 None 25 1261 0
0.5 None 14 1263 2
1 None 14 1263 0
2 None 7 1263 0
2 None 10 1266 2
2 None 29 1266 0
2 None 42 1266 0
2 None 23 1269 1
2 None 19 1269 0
1 None 15 1271 1
1 None 18 1272 2
2 None 44 1273 2
2 None 12 1274 1
1 None 6 1275 1
2 None 13 1276 1
0.5 None 34 1277 1
2 None 23 1277 0
2 None 21 1279 1
1 None 12 1279 0
1 None 14 1281 1
2 None 24 1282 3
1 None 36 1283 1
2 None 13 1284 2
2 None 6 1285 1
2 None 54 1286 2
2 None 10 1287 1
2 None 54 1288 2
2 None 25 1288 0
2 None 33 1288 0
1 None 4 1288 0
1 None 32 1288 0
0.5 None 27 1293 1
2 None 8 1293 0
1 None 17 1295 1
1 None 8 1296 1
2 None 29 1296 0
2 None 9 1296 0
