2 None 25 1378 2
2 None 27 1379 2
2 None 26 1379 0
2 None 13 1381 1
2 None 31 1382 2
-1 None 31 1383 4
1 None 31 1383 0
2 None 12 1383 0
2 None 7 1383 0
-1 None 32 1387 1
1 None 12 1388 1
2 None 26 1389 3
2 None 14 1390 1
2 None 33 1390 0
2 None 14 1390 0
0.5 None 13 1390 0
2 None 29 1394 4
2 None 32 1395 1
2 None 35 1396 2
2 None 25 1397 2
2 None 16 1397 0
2 None 30 1399 1
2 None 18 1399 0
2 None 79 1401 6
1 None 20 1401 0
-1 None 105 1403 6
1 None 64 1404 4
2 None 16 1405 1
2 None 37 1406 1
0.5 None 34 1406 0
0.5 None 27 1408 1
2 None 17 1408 0
0.5 None 40 1410 1
0.5 None 22 1410 0
0.5 None 10 1410 0
0.5 None 29 1413 2
-1 None 21 1414 1
2 None 21 1414 0
0.5 None 37 1416 2
2 None 56 1416 0
1 None 2 1416 0
2 None 14 1416 0
0.5 None 36 1416 0
2 None 23 1421 2
-1 None 45 1422 3
2 None 25 1423 1
2 None 7 1423 0
1 None 11 1425 1
1 None 7 1425 0
2 None 13 1425 0
0.5 None 19 1428 1
2 None 25 1429 1
2 None 29 1430 1
2 None 26 1431 1
2 None 38 1432 1
1 None 8 1432 0
0.5 None 22 1432 0
2 None 33 1432 0
2 None 18 1436 1
2 None 18 1437 2
2 None 36 1438 1
2 None 34 1439 1
1 None 54 1440 2
2 None 12 1440 0
1 None 33 1442 1
0.5 None 56 1443 1
2 None 8 1443 0
2 None 7 1443 0
0.5 None 10 1446 1
0.5 None 19 1447 1
1 None 32 1448 2
2 None 48 1449 1
0.5 None 19 1450 1
1 None 14 1450 0
2 None 24 1452 1
1 None 11 1452 0
1 None 28 1454 1
2 None 34 1454 0
0.5 None 17 1454 0
2 None 38 1457 3
2 None 6 1457 0
2 None 14 1459 1
2 None 30 1460 2
0.5 None 26 1460 0
2 None 31 1462 2
2 None 17 1462 0
2 None 14 1462 0
1 None 12 1465 2
1 None 29 1466 2
2 None 58 1467 1
2 None 18 1468 3
2 None 12 1469 3
0.5 None 13 1469 0
2 None 18 1469 0
2 None 19 1469 0
2 None 13 1469 0
2 None 9 1469 0
1 None 86 1475 2
2 None 14 1475 0
2 None 8 1475 0
1 None 7 1475 0
2 None 15 1479 1
1 None 14 1479 0
1 None 6 1479 0
0.5 None 14 1479 0
2 None 31 1483 1
0.5 None 11 1483 0
0.5 None 17 1485 3
2 None 17 1485 0
1 None 10 1485 0
0.5 None 11 1488 1
1 None 27 1489 1
-1 None 10 1490 1
2 None 16 1491 1
2 None 23 1492 1
1 None 51 1493 1
2 None 11 1493 0
0.5 None 34 1493 0
0.5 None 16 1496 1
2 None 8 1496 0
2 None 37 1498 2
2 None 7 1498 0
2 None 34 1498 0
2 None 13 1498 0
1 None 53 1502 1
2 None 30 1503 1
2 None 21 1503 0
2 None 74 1505 2
2 None 12 1506 1
2 None 29 1507 1
0.5 None 33 1508 2
0.5 None 25 1508 0
2 None 19 1510 1
2 None 6 1510 0
1 None 28 1512 4
0.5 None 25 1512 0
2 None 4 1514 1
2 None 13 1514 0
0.5 None 37 1516 1
2 None 18 1516 0
2 None 31 1516 0
2 None 13 1519 1
2 None 9 1519 0
2 None 45 1521 2
2 None 79 1522 4
2 None 16 1523 1
2 None 57 1523 0
2 None 13 1525 1
2 None 18 1526 1
1 None 53 1526 0
2 None 6 1526 0
1 None 15 1526 0
1 None 44 1526 0
0.5 None 16 1526 0
1 None 12 1532 1
2 None 42 1532 0
1 None 5 1532 0
1 None 12 1532 0
2 None 10 1536 1
2 None 34 1536 0
2 None 9 1538 1
2 None 39 1539 1
2 None 28 1539 0
2 None 16 1539 0
2 None 31 1539 0
2 None 22 1539 0
2 None 10 1539 0
2 None 39 1545 2
2 None 15 1546 4
0.5 None 14 1547 1
2 None 30 1548 1
-1 None 19 1549 1
0.5 None 26 1550 1
2 None 32 1550 0
2 None 55 1552 2
0.5 None 23 1553 3
2 None 10 1554 1
2 None 8 1554 0
0.5 None 34 1554 0
2 None 7 1557 1
1 None 7 1557 0
1 None 22 1557 0
1 None 8 1560 1
2 None 18 1561 1
2 None 23 1562 1
2 None 29 1563 1
2 None 20 1564 1
1 None 25 1564 0
-1 None 14 1566 1
2 None 90 1567 4
2 None 32 1568 1
2 None 16 1569 2
2 None 10 1570 2
0.5 None 13 1570 0
2 None 19 1570 0
1 None 8 1570 0
0.5 None 59 1574 3
1 None 22 1575 3
2 None 17 1575 0
-1 None 14 1577 3
2 None 70 1578 1
1 None 16 1578 0
1 None 13 1578 0
2 None 11 1578 0
2 None 5 1578 0
2 None 5 1578 0
2 None 18 1578 0
1 None 8 1578 0
1 None 6 1586 1
1 None 9 1587 2
2 None 9 1588 2
2 None 16 1588 0
0.5 None 16 1590 1
1 None 11 1591 1
2 None 9 1591 0
2 None 43 1593 1
0.5 None 52 1594 2
2 None 13 1594 0
2 None 26 1596 3
2 None 21 1597 1
2 None 27 1598 1
2 None 17 1599 1
2 None 179 1600 4
2 None 101 1600 0
0.5 None 53 1602 2
1 None 42 1603 1
0.5 None 46 1604 1
1 None 14 1604 0
1 None 61 1606 3
2 None 26 1606 0
2 None 23 1608 1
2 None 19 1608 0
2 None 14 1608 0
2 None 49 1608 0
-1 None 18 1612 1
2 None 8 1612 0
2 None 13 1614 1
2 None 16 1614 0
0.5 None 44 1616 1
2 None 5 1617 1
2 None 34 1618 4
1 None 31 1619 2
2 None 12 1620 1
2 None 17 1621 2
2 None 14 1622 1
1 None 4 1622 0
2 None 34 1622 0
2 None 49 1625 3
1 None 6 1625 0
0.5 None 29 1627 3
0.5 None 9 1627 0
1 None 8 1629 1
2 None 56 1630 2
1 None 3 1630 0
0.5 None 9 1630 0
2 None 10 1630 0
2 None 12 1630 0
0.5 None 35 1630 0
1 None 7 1630 0
2 None 30 1637 1
0.5 None 21 1637 0
1 None 14 1637 0
0.5 None 15 1637 0
2 None 20 1637 0
1 None 9 1637 0
2 None 22 1637 0
1 None 11 1637 0
0.5 None 43 1645 1
2 None 9 1646 1
1 None 48 1647 2
2 None 17 1647 0
2 None 13 1647 0
2 None 3 1647 0
0.5 None 2 1647 0
2 None 39 1652 1
1 None 18 1652 0
2 None 5 1652 0
2 None 12 1652 0
1 None 46 1656 2
2 None 31 1656 0
0.5 None 26 1656 0
2 None 13 1659 1
1 None 11 1659 0
0.5 None 38 1661 3
1 None 25 1662 2
2 None 10 1662 0
2 None 27 1664 1
1 None 4 1664 0
2 None 33 1664 0
2 None 7 1664 0
-1 None 11 1668 1
2 None 9 1668 0
2 None 4 1668 0
-1 None 51 1671 3
1 None 51 1672 1
2 None 37 1673 1
2 None 38 1674 3
2 None 28 1675 1
2 None 16 1675 0
-1 None 40 1677 3
1 None 15 1678 1
-1 None 6 1679 1
2 None 29 1679 0
2 None 19 1681 1
2 None 12 1681 0
2 None 25 1681 0
2 None 21 1681 0
0.5 None 13 1681 0
-1 None 15 1686 1
2 None 18 1686 0
2 None 20 1686 0
1 None 14 1689 1
2 None 50 1690 3
2 None 17 1690 0
0.5 None 21 1692 1
0.5 None 13 1692 0
2 None 22 1694 1
2 None 20 1694 0
2 None 16 1694 0
2 None 17 1697 1
2 None 9 1697 0
0.5 None 17 1697 0
1 None 184 1700 6
2 None 89 1701 1
2 None 31 1702 1
2 None 34 1702 0
0.5 None 20 1704 1
2 None 7 1704 0
2 None 1 1704 0
2 None 22 1704 0
0.5 None 17 1708 2
0.5 None 15 1709 1
0.5 None 62 1710 1
1 None 26 1711 3
0.5 None 22 1711 0
2 None 10 1711 0
1 None 15 1711 0
2 None 11 1715 2
1 None 38 1716 1
1 None 2 1716 0
2 None 31 1718 1
2 None 10 1719 2
-1 None 18 1720 1
1 None 53 1720 0
1 None 37 1722 4
2 None 27 1723 3
0.5 None 56 1723 0
2 None 21 1725 1
2 None 33 1726 2
2 None 17 1726 0
1 None 19 1728 1
2 None 61 1729 2
1 None 38 1730 1
0.5 None 26 1731 1
0.5 None 21 1731 0
2 None 7 1731 0
2 None 16 1734 1
1 None 38 1735 2
2 None 27 1736 1
2 None 27 1737 1
0.5 None 18 1738 1
2 None 5 1738 0
2 None 19 1738 0
1 None 16 1741 1
1 None 13 1741 0
0.5 None 13 1743 1
2 None 26 1743 0
2 None 1 1743 0
0.5 None 28 1743 0
2 None 39 1747 4
1 None 31 1748 3
0.5 None 5 1748 0
2 None 13 1748 0
2 None 18 1748 0
2 None 14 1752 1
0.5 None 7 1752 0
0.5 None 47 1752 0
2 None 28 1752 0
0.5 None 12 1756 1
2 None 22 1756 0
2 None 26 1756 0
2 None 28 1759 1
2 None 37 1760 2
0.5 None 24 1761 1
0.5 None 17 1761 0
2 None 32 1763 2
2 None 21 1764 3
2 None 31 1765 2
0.5 None 3 1765 0
-1 None 17 1767 2
2 None 29 1767 0
0.5 None 8 1767 0
2 None 25 1770 1
2 None 24 1771 1
2 None 39 1772 2
2 None 55 1772 0
2 None 11 1772 0
0.5 None 16 1775 2
2 None 21 1775 0
1 None 13 1775 0
0.5 None 33 1775 0
2 None 15 1775 0
2 None 14 1775 0
2 None 4 1775 0
2 None 23 1775 0
2 None 19 1775 0
-1 None 13 1784 1
2 None 14 1784 0
2 None 41 1786 3
2 None 30 1786 0
0.5 None 17 1788 1
2 None 20 1789 2
1 None 18 1790 1
1 None 12 1790 0
2 None 27 1792 2
1 None 8 1792 0
2 None 31 1794 3
1 None 23 1795 1
0.5 None 19 1795 0
0.5 None 22 1797 2
2 None 15 1798 1
0.5 None 30 1799 1
2 None 17 1799 0
1 None 150 1801 4
1 None 23 1802 1
2 None 32 1802 0
1 None 78 1804 7
2 None 6 1804 0
1 None 41 1804 0
1 None 23 1807 2
1 None 44 1808 3
0.5 None 23 1809 1
1 None 4 1809 0
0.5 None 14 1809 0
2 None 15 1809 0
1 None 14 1809 0
2 None 37 1814 1
-1 None 45 1815 3
2 None 59 1816 2
1 None 10 1816 0
0.5 None 18 1818 3
0.5 None 13 1819 1
2 None 38 1820 1
2 None 14 1820 0
2 None 19 1822 1
2 None 26 1822 0
0.5 None 19 1822 0
0.5 None 25 1822 0
2 None 9 1822 0
1 None 23 1827 1
2 None 22 1828 2
1 None 32 1829 1
2 None 32 1829 0
1 None 15 1829 0
2 None 25 1832 3
2 None 16 1833 1
1 None 11 1833 0
2 None 17 1833 0
2 None 28 1833 0
1 None 82 1837 4
0.5 None 16 1838 2
2 None 29 1839 1
0.5 None 20 1839 0
1 None 11 1839 0
1 None 28 1842 1
2 None 37 1843 2
2 None 30 1844 2
2 None 68 1845 3
2 None 6 1845 0
1 None 4 1845 0
2 None 65 1848 2
1 None 11 1848 0
2 None 16 1850 1
2 None 30 1851 2
0.5 None 22 1851 0
0.5 None 31 1853 1
1 None 13 1853 0
2 None 20 1855 2
1 None 29 1856 1
2 None 33 1857 1
2 None 11 1858 2
0.5 None 18 1858 0
2 None 32 1860 2
0.5 None 27 1861 1
2 None 21 1862 2
0.5 None 23 1863 2
2 None 37 1864 2
2 None 26 1865 1
2 None 31 1866 1
2 None 21 1866 0
1 None 9 1868 1
0.5 None 13 1869 1
2 None 30 1870 2
2 None 45 1871 1
2 None 10 1871 0
2 None 53 1873 2
0.5 None 33 1873 0
2 None 61 1875 2
0.5 None 15 1875 0
2 None 17 1877 1
0.5 None 14 1878 1
1 None 7 1879 1
2 None 16 1879 0
2 None 25 1881 2
2 None 25 1881 0
1 None 16 1883 1
2 None 17 1884 1
2 None 25 1885 1
2 None 15 1885 0
0.5 None 9 1887 1
2 None 13 1887 0
2 None 16 1889 1
0.5 None 13 1890 1
2 None 23 1890 0
0.5 None 13 1890 0
2 None 21 1893 1
2 None 1 1893 0
0.5 None 16 1893 0
0.5 None 35 1896 4
2 None 14 1897 1
0.5 None 5 1897 0
1 None 46 1899 2
2 None 37 1900 2
2 None 54 1901 6
2 None 9 1901 0
2 None 38 1901 0
0.5 None 48 1901 0
0.5 None 77 1905 1
2 None 9 1906 1
2 None 54 1907 1
0.5 None 18 1907 0
2 None 11 1909 1
2 None 34 1910 1
2 None 7 1910 0
2 None 10 1910 0
0.5 None 73 1913 2
2 None 21 1913 0
2 None 41 1915 4
0.5 None 19 1916 1
2 None 61 1917 5
2 None 19 1917 0
2 None 20 1919 2
0.5 None 15 1920 1
1 None 9 1920 0
2 None 26 1920 0
0.5 None 73 1920 0
2 None 25 1920 0
1 None 19 1920 0
2 None 69 1926 2
0.5 None 46 1927 2
0.5 None 23 1928 2
0.5 None 14 1928 0
1 None 22 1928 0
2 None 10 1928 0
2 None 13 1932 1
2 None 18 1933 1
1 None 13 1933 0
2 None 7 1933 0
1 None 7 1933 0
2 None 34 1933 0
2 None 11 1933 0
1 None 9 1933 0
2 None 14 1933 0
2 None 36 1941 2
1 None 8 1942 1
1 None 29 1943 1
2 None 21 1943 0
2 None 24 1943 0
2 None 18 1943 0
2 None 11 1943 0
2 None 20 1943 0
2 None 26 1943 0
2 None 8 1943 0
0.5 None 8 1943 0
-1 None 9 1952 2
1 None 28 1953 2
1 None 4 1953 0
1 None 56 1955 1
1 None 8 1955 0
1 None 11 1955 0
2 None 23 1955 0
0.5 None 21 1959 1
0.5 None 11 1959 0
2 None 16 1961 1
2 None 15 1961 0
0.5 None 29 1963 1
2 None 14 1964 1
0.5 None 19 1964 0
2 None 9 1964 0
1 None 9 1967 1
2 None 8 1967 0
2 None 34 1969 1
-1 None 22 1970 2
0.5 None 38 1971 1
2 None 31 1972 3
0.5 None 81 1973 3
0.5 None 29 1973 0
2 None 7 1975 2
2 None 13 1975 0
2 None 36 1975 0
2 None 83 1978 5
2 None 22 1979 1
2 None 26 1980 1
2 None 16 1980 0
2 None 12 1980 0
2 None 18 1980 0
2 None 17 1980 0
2 None 32 1985 1
1 None 25 1985 0
1 None 8 1985 0
1 None 27 1985 0
2 None 25 1989 1
2 None 9 1990 1
2 None 13 1991 1
0.5 None 46 1992 5
2 None 11 1993 1
0.5 None 28 1993 0
0.5 None 11 1993 0
0.5 None 13 1993 0
2 None 30 1997 1
2 None 15 1997 0
2 None 22 1999 3
2 None 67 1999 0
2 None 68 2001 2
2 None 117 2002 2
2 None 52 2003 3
1 None 35 2004 1
1 None 28 2005 1
2 None 19 2005 0
2 None 13 2005 0
1 None 47 2008 1
2 None 45 2009 3
-1 None 21 2010 1
2 None 47 2011 5
2 None 50 2012 1
2 None 29 2013 1
2 None 9 2013 0
2 None 39 2015 2
0.5 None 29 2016 1
1 None 23 2017 1
0.5 None 19 2018 1
2 None 18 2019 1
2 None 14 2019 0
2 None 24 2021 1
2 None 18 2022 1
2 None 11 2022 0
1 None 12 2022 0
2 None 23 2025 1
2 None 32 2026 1
2 None 36 2027 1
2 None 13 2028 1
0.5 None 38 2028 0
-1 None 17 2030 2
1 None 23 2031 1
-1 None 10 2032 1
2 None 1 2032 0
1 None 16 2034 1
2 None 28 2035 1
2 None 89 2036 6
2 None 27 2037 2
1 None 12 2037 0
2 None 19 2037 0
2 None 17 2040 1
0.5 None 34 2040 0
2 None 44 2042 2
1 None 11 2042 0
2 None 37 2044 1
2 None 35 2045 2
2 None 29 2046 1
2 None 15 2046 0
0.5 None 21 2048 1
2 None 32 2049 1
2 None 16 2049 0
2 None 6 2049 0
0.5 None 27 2052 3
1 None 5 2052 0
0.5 None 10 2052 0
0.5 None 21 2052 0
0.5 None 31 2056 1
0.5 None 64 2057 1
0.5 None 11 2057 0
2 None 11 2057 0
0.5 None 10 2060 1
-1 None 25 2061 2
1 None 18 2061 0
0.5 None 36 2063 3
2 None 34 2063 0
2 None 2 2063 0
2 None 8 2063 0
2 None 46 2067 3
1 None 8 2067 0
2 None 21 2069 1
2 None 18 2069 0
2 None 17 2071 2
0.5 None 26 2071 0
0.5 None 17 2073 1
-1 None 26 2074 2
2 None 37 2075 2
2 None 19 2076 2
2 None 14 2076 0
2 None 7 2078 1
0.5 None 14 2078 0
0.5 None 9 2078 0
2 None 13 2081 1
2 None 25 2081 0
2 None 15 2081 0
2 None 7 2084 1
0.5 None 21 2084 0
2 None 53 2086 1
0.5 None 31 2086 0
0.5 None 23 2086 0
2 None 17 2086 0
2 None 8 2090 1
2 None 13 2090 0
2 None 16 2090 0
0.5 None 18 2090 0
0.5 None 12 2094 1
1 None 18 2095 2
2 None 26 2096 2
2 None 4 2096 0
2 None 16 2098 3
2 None 31 2099 3
1 None 35 2100 1
0.5 None 33 2100 0
2 None 83 2102 3
0.5 None 23 2103 1
0.5 None 86 2104 4
2 None 41 2105 2
2 None 46 2106 2
1 None 11 2106 0
2 None 53 2108 2
2 None 14 2108 0
2 None 26 2110 1
2 None 11 2110 0
2 None 18 2110 0
-1 None 13 2113 2
2 None 22 2114 1
0.5 None 41 2114 0
2 None 38 2116 2
2 None 31 2116 0
2 None 28 2118 1
0.5 None 22 2119 2
2 None 21 2120 1
2 None 16 2121 2
0.5 None 127 2122 4
2 None 23 2123 2
2 None 13 2123 0
2 None 33 2125 1
2 None 14 2125 0
2 None 53 2127 3
2 None 15 2128 2
2 None 4 2128 0
2 None 51 2130 1
2 None 19 2131 1
0.5 None 25 2132 4
0.5 None 28 2133 2
1 None 21 2133 0
2 None 22 2135 1
0.5 None 19 2136 1
0.5 None 25 2136 0
2 None 14 2136 0
2 None 17 2136 0
1 None 17 2136 0
2 None 22 2141 1
2 None 19 2142 1
0.5 None 17 2142 0
1 None 18 2142 0
0.5 None 26 2145 1
2 None 21 2146 1
2 None 21 2146 0
1 None 9 2148 1
0.5 None 25 2149 3
1 None 13 2150 1
2 None 22 2151 2
1 None 12 2152 1
0.5 None 15 2153 1
0.5 None 19 2154 2
2 None 21 2155 1
-1 None 24 2156 2
0.5 None 21 2157 1
2 None 22 2157 0
1 None 10 2157 0
2 None 16 2157 0
1 None 22 2157 0
2 None 25 2157 0
0.5 None 14 2163 2
1 None 14 2163 0
1 None 7 2163 0
2 None 10 2163 0
1 None 29 2163 0
1 None 42 2168 2
2 None 23 2169 1
2 None 19 2169 0
2 None 15 2169 0
2 None 18 2169 0
2 None 44 2173 1
2 None 12 2173 0
0.5 None 6 2173 0
2 None 13 2173 0
2 None 34 2173 0
2 None 23 2178 3
0.5 None 21 2178 0
1 None 12 2180 1
2 None 14 2180 0
1 None 24 2182 2
2 None 36 2183 3
0.5 None 13 2183 0
2 None 6 2183 0
2 None 54 2186 1
-1 None 10 2187 2
2 None 54 2188 2
-1 None 25 2189 1
2 None 33 2190 1
1 None 4 2190 0
2 None 32 2192 1
2 None 27 2193 3
1 None 8 2193 0
0.5 None 17 2195 1
0.5 None 8 2195 0
2 None 29 2197 3
0.5 None 9 2198 1
