None None 0 None 0
12 35 18 0 5
2 20 79 1 26
12 25 20 2 4
2 40 105 3 23
2 30 64 4 10
12 25 16 5 1
2 25 37 6 5
2 20 34 7 1
12 35 27 8 3
12 30 17 8 0
2 30 40 10 3
2 20 22 11 3
12 20 10 12 1
12 30 29 13 5
12 40 21 14 1
12 30 21 15 3
12 40 37 16 4
12 60 56 17 6
12 30 2 17 0
12 25 14 19 2
2 25 36 20 7
2 20 23 21 2
2 40 45 22 4
12 35 25 23 3
12 20 7 24 1
12 25 11 25 1
12 20 7 25 0
12 30 13 27 2
12 20 19 28 2
2 20 25 29 1
2 25 29 30 4
2 20 26 31 2
12 50 38 32 2
12 25 8 32 0
12 25 22 34 4
12 35 33 35 4
12 25 18 36 1
12 20 18 37 7
2 30 36 38 5
12 35 34 39 4
2 30 54 40 8
12 25 12 41 2
12 55 33 42 1
2 20 56 43 1
12 30 8 44 1
12 20 7 45 1
12 50 10 45 0
12 25 19 47 2
12 45 32 48 1
12 50 48 49 5
12 25 19 50 5
12 45 14 51 1
12 25 24 52 1
12 20 11 52 0
12 30 28 54 1
2 25 34 55 3
12 30 17 56 2
2 20 38 57 1
12 25 6 57 0
12 25 14 57 0
12 35 30 60 4
12 35 26 61 2
2 20 31 62 5
12 30 17 63 1
12 35 14 64 1
12 30 12 64 0
2 20 29 66 4
2 25 58 67 4
12 55 18 68 1
12 30 12 69 2
12 25 13 70 2
12 45 18 70 0
12 35 19 72 1
12 30 13 73 1
12 20 9 73 0
2 50 86 75 11
12 40 14 75 0
12 20 8 75 0
12 20 7 75 0
12 20 15 75 0
12 30 14 80 3
12 25 6 80 0
12 35 14 80 0
12 45 31 83 2
12 20 11 84 1
12 50 17 85 2
12 30 17 86 1
12 25 10 87 2
12 25 11 88 1
12 30 27 89 1
12 30 10 90 1
12 30 16 91 1
12 30 23 92 1
2 35 51 93 10
12 25 11 93 0
12 35 34 95 1
12 25 16 96 1
12 45 8 96 0
2 35 37 98 3
12 20 7 98 0
2 None 34 100 2
2 None 13 100 0
2 None 53 102 1
2 None 30 103 2
1 None 21 103 0
2 None 74 105 4
-1 None 12 106 3
2 None 29 107 5
0.5 None 33 108 4
2 None 25 108 0
2 None 19 110 5
2 None 6 110 0
-1 None 28 112 16
0.5 None 25 113 5
2 None 4 113 0
2 None 13 113 0
2 None 37 116 4
-1 None 18 117 1
-1 None 31 118 7
2 None 13 119 2
2 None 9 119 0
0.5 None 45 121 2
1 None 79 122 7
1 None 16 123 2
0.5 None 57 123 0
2 None 13 125 3
1 None 18 125 0
1 None 53 127 3
1 None 6 127 0
0.5 None 15 127 0
1 None 44 127 0
2 None 16 131 2
1 None 12 131 0
2 None 42 133 5
1 None 5 134 1
1 None 12 134 0
-1 None 10 136 1
1 None 34 137 2
2 None 9 138 2
1 None 39 139 2
1 None 28 140 2
1 None 16 140 0
1 None 31 140 0
2 None 22 143 1
2 None 10 143 0
1 None 39 145 2
-1 None 15 146 3
1 None 14 147 1
1 None 30 148 1
0.5 None 19 149 3
2 None 26 150 1
0.5 None 32 151 1
0.5 None 55 152 3
2 None 23 153 3
1 None 10 154 1
1 None 8 154 0
1 None 34 156 1
2 None 7 157 1
-1 None 7 158 2
0.5 None 22 159 1
2 None 8 159 0
1 None 18 161 2
0.5 None 23 162 2
2 None 29 163 2
2 None 20 163 0
0.5 None 25 165 2
2 None 14 165 0
1 None 90 167 10
1 None 32 168 4
2 None 16 169 1
1 None 10 169 0
-1 None 13 171 4
2 None 19 171 0
1 None 8 171 0
1 None 59 174 1
2 None 22 175 1
1 None 17 176 1
0.5 None 14 176 0
1 None 70 178 5
0.5 None 16 178 0
1 None 13 180 1
1 None 11 181 1
2 None 5 181 0
1 None 5 181 0
0.5 None 18 181 0
1 None 8 185 1
0.5 None 6 185 0
2 None 9 185 0
0.5 None 9 185 0
1 None 16 185 0
1 None 16 185 0
1 None 11 191 1
1 None 9 192 1
2 None 43 193 1
2 None 52 194 2
2 None 13 195 2
1 None 26 196 1
2 None 21 197 2
1 None 27 198 2
2 None 17 199 1
2 None 179 200 15
1 None 101 201 15
2 None 53 201 0
1 None 42 203 2
2 None 46 204 3
-1 None 14 205 4
1 None 61 206 10
0.5 None 26 207 1
2 None 23 208 2
1 None 19 209 1
1 None 14 210 1
1 None 49 211 3
2 None 18 212 3
1 None 8 212 0
-1 None 13 214 2
2 None 16 214 0
2 None 44 216 4
2 None 5 216 0
2 None 34 218 3
0.5 None 31 219 2
1 None 12 219 0
1 None 17 221 2
1 None 14 222 1
1 None 4 222 0
1 None 34 224 1
1 None 49 225 3
1 None 6 225 0
2 None 29 227 3
2 None 9 227 0
2 None 8 227 0
1 None 56 230 2
1 None 3 230 0
1 None 9 230 0
1 None 10 230 0
1 None 12 234 2
2 None 35 235 1
2 None 7 235 0
2 None 30 237 2
2 None 21 237 0
1 None 14 237 0
1 None 15 240 1
1 None 20 240 0
1 None 9 240 0
2 None 22 243 2
2 None 11 244 1
1 None 43 245 3
2 None 9 245 0
1 None 48 247 1
2 None 17 247 0
1 None 13 249 1
2 None 3 250 1
2 None 2 250 0
1 None 39 252 6
1 None 18 253 2
0.5 None 5 253 0
1 None 12 253 0
0.5 None 46 256 1
1 None 31 256 0
-1 None 26 258 3
1 None 13 259 2
1 None 11 260 1
0.5 None 38 261 3
1 None 25 261 0
1 None 10 261 0
0.5 None 27 264 2
2 None 4 264 0
2 None 33 266 1
2 None 7 267 1
-1 None 11 268 2
1 None 9 268 0
1 None 4 268 0
1 None 51 271 6
1 None 51 272 1
-1 None 37 273 2
1 None 38 274 1
1 None 28 275 2
1 None 16 275 0
2 None 40 277 3
1 None 15 277 0
2 None 6 277 0
1 None 29 280 3
1 None 19 280 0
2 None 12 280 0
1 None 25 283 1
0.5 None 21 284 2
1 None 13 285 1
2 None 15 285 0
1 None 18 285 0
2 None 20 288 1
1 None 14 289 1
1 None 50 290 5
2 None 17 290 0
1 None 21 290 0
1 None 13 293 1
0.5 None 22 293 0
2 None 20 295 2
1 None 16 296 1
2 None 17 297 2
-1 None 9 298 1
1 None 17 299 1
2 None 184 300 6
1 None 89 301 5
1 None 31 302 1
1 None 34 303 3
1 None 20 304 1
-1 None 7 305 1
2 None 1 305 0
1 None 22 305 0
1 None 17 308 1
1 None 15 308 0
1 None 62 310 2
1 None 26 311 2
1 None 22 312 1
1 None 10 312 0
1 None 15 314 1
1 None 11 315 1
1 None 38 316 1
-1 None 2 317 1
1 None 31 318 2
0.5 None 10 318 0
2 None 18 318 0
1 None 53 321 1
2 None 37 322 2
1 None 27 322 0
1 None 56 324 2
1 None 21 325 1
1 None 33 326 1
2 None 17 326 0
1 None 19 328 1
2 None 61 328 0
1 None 38 330 3
1 None 26 331 1
2 None 21 332 1
0.5 None 7 333 1
2 None 16 334 2
1 None 38 335 2
1 None 27 336 2
1 None 27 337 2
1 None 18 338 1
2 None 5 339 1
-1 None 19 340 2
1 None 16 341 2
1 None 13 341 0
2 None 13 341 0
1 None 26 344 2
2 None 1 344 0
1 None 28 346 1
1 None 39 347 2
1 None 31 348 2
-1 None 5 349 1
1 None 13 349 0
1 None 18 351 2
2 None 14 351 0
2 None 7 351 0
1 None 47 354 1
1 None 28 355 1
1 None 12 356 1
1 None 22 356 0
2 None 26 358 3
1 None 28 359 2
1 None 37 359 0
1 None 24 361 2
1 None 17 362 1
1 None 32 363 1
2 None 21 363 0
1 None 31 365 2
1 None 3 365 0
1 None 17 365 0
2 None 29 365 0
1 None 8 365 0
1 None 25 370 2
2 None 24 370 0
2 None 39 372 1
1 None 55 373 3
1 None 11 373 0
1 None 16 375 1
2 None 21 375 0
1 None 13 375 0
1 None 33 378 1
2 None 15 378 0
1 None 14 378 0
1 None 4 378 0
1 None 23 378 0
2 None 19 383 2
0.5 None 13 383 0
1 None 14 385 1
1 None 41 386 4
1 None 30 387 7
1 None 17 387 0
1 None 20 387 0
1 None 18 387 0
-1 None 12 391 1
1 None 27 392 1
2 None 8 392 0
2 None 31 394 1
1 None 23 395 1
1 None 19 396 1
1 None 22 396 0
1 None 15 396 0
1 None 30 399 3
2 None 17 399 0
0.5 None 150 401 9
1 None 23 402 2
1 None 32 403 1
1 None 78 404 5
2 None 6 404 0
1 None 41 406 2
1 None 23 406 0
1 None 44 408 2
1 None 23 409 2
1 None 4 409 0
1 None 14 411 1
1 None 15 412 1
1 None 14 413 1
2 None 37 413 0
1 None 45 413 0
1 None 59 416 1
0.5 None 10 416 0
-1 None 18 418 2
2 None 13 419 2
1 None 38 419 0
0.5 None 14 419 0
1 None 19 419 0
1 None 26 423 2
2 None 19 423 0
1 None 25 425 2
1 None 9 426 1
1 None 23 427 2
2 None 22 427 0
1 None 32 429 3
0.5 None 32 430 4
1 None 15 430 0
0.5 None 25 432 1
1 None 16 432 0
1 None 11 432 0
2 None 17 432 0
2 None 28 436 1
2 None 82 437 5
1 None 16 437 0
1 None 29 439 1
2 None 20 439 0
2 None 11 439 0
-1 None 28 442 1
1 None 37 443 3
1 None 30 444 2
1 None 68 445 3
2 None 6 445 0
2 None 4 445 0
1 None 65 448 3
1 None 11 449 1
1 None 16 450 1
1 None 30 451 2
2 None 22 451 0
1 None 31 451 0
1 None 13 451 0
1 None 20 455 1
1 None 29 456 3
1 None 33 456 0
2 None 11 456 0
1 None 18 459 3
1 None 32 460 1
0.5 None 27 461 1
2 None 21 462 2
2 None 23 463 1
1 None 37 464 2
1 None 26 465 1
2 None 31 466 2
1 None 21 467 1
2 None 9 468 1
2 None 13 468 0
1 None 30 470 2
1 None 45 471 2
2 None 10 471 0
1 None 53 471 0
1 None 33 471 0
1 None 61 475 4
1 None 15 475 0
1 None 17 475 0
1 None 14 475 0
2 None 7 475 0
2 None 16 480 2
1 None 25 480 0
1 None 25 480 0
2 None 16 480 0
0.5 None 17 480 0
1 None 25 485 1
0.5 None 15 485 0
2 None 9 485 0
1 None 13 488 1
0.5 None 16 488 0
2 None 13 490 1
1 None 23 491 1
2 None 13 491 0
1 None 21 491 0
2 None 1 491 0
1 None 16 495 1
2 None 35 496 1
1 None 14 497 1
2 None 5 497 0
2 None 46 499 2
1 None 37 500 3
1 None 54 501 5
2 None 9 501 0
0.5 None 38 503 1
1 None 48 504 1
1 None 77 505 5
2 None 9 506 2
2 None 54 507 1
0.5 None 18 508 2
2 None 11 509 1
1 None 34 510 1
1 None 7 511 1
2 None 10 512 1
1 None 73 513 2
1 None 21 513 0
1 None 41 513 0
1 None 19 516 1
0.5 None 61 517 2
1 None 19 518 2
0.5 None 20 518 0
1 None 15 518 0
1 None 9 518 0
1 None 26 518 0
2 None 73 523 3
1 None 25 524 1
1 None 19 524 0
1 None 69 524 0
1 None 46 527 1
1 None 23 528 3
2 None 14 528 0
1 None 22 530 3
1 None 10 531 1
1 None 13 532 2
1 None 18 533 2
2 None 13 533 0
2 None 7 533 0
1 None 7 533 0
2 None 34 533 0
1 None 11 533 0
1 None 9 533 0
1 None 14 540 1
1 None 36 541 2
1 None 8 541 0
0.5 None 29 543 1
1 None 21 544 1
1 None 24 544 0
1 None 18 546 2
1 None 11 546 0
1 None 20 546 0
1 None 26 546 0
1 None 8 546 0
2 None 8 551 1
0.5 None 9 552 1
1 None 28 553 2
2 None 4 553 0
1 None 56 555 2
2 None 8 556 1
1 None 11 557 1
0.5 None 23 558 4
1 None 21 558 0
2 None 11 560 1
0.5 None 16 560 0
1 None 15 560 0
1 None 29 563 1
1 None 14 564 1
2 None 19 565 1
2 None 9 566 1
2 None 9 566 0
1 None 8 566 0
1 None 34 569 1
1 None 22 570 1
1 None 38 571 3
1 None 31 572 3
1 None 81 573 2
0.5 None 29 574 1
2 None 7 574 0
1 None 13 574 0
2 None 36 577 3
1 None 83 578 8
1 None 22 579 2
-1 None 26 580 1
1 None 16 580 0
2 None 12 580 0
1 None 18 583 1
1 None 17 584 1
1 None 32 585 1
1 None 25 585 0
2 None 8 585 0
1 None 27 585 0
2 None 25 589 2
1 None 9 590 1
1 None 13 591 2
1 None 46 591 0
2 None 11 591 0
1 None 28 591 0
1 None 11 591 0
2 None 13 591 0
1 None 30 597 2
2 None 15 598 2
1 None 22 599 1
1 None 67 600 1
1 None 68 600 0
0.5 None 117 602 3
1 None 52 603 2
1 None 35 604 1
1 None 28 604 0
1 None 19 606 2
1 None 13 607 1
1 None 47 608 2
1 None 45 609 2
2 None 21 609 0
1 None 47 611 5
0.5 None 50 611 0
1 None 29 613 1
2 None 9 613 0
2 None 39 615 1
0.5 None 29 615 0
1 None 23 617 2
1 None 19 618 1
1 None 18 619 1
1 None 14 620 1
2 None 24 620 0
1 None 18 622 1
2 None 11 623 1
1 None 12 624 1
2 None 23 625 2
1 None 32 626 1
1 None 36 627 1
2 None 13 627 0
1 None 38 629 1
2 None 17 630 1
1 None 23 631 1
0.5 None 10 632 2
2 None 1 632 0
2 None 16 632 0
1 None 28 632 0
2 None 89 636 8
2 None 27 637 2
1 None 12 638 1
2 None 19 639 2
2 None 17 640 1
-1 None 34 641 3
1 None 44 641 0
1 None 11 641 0
1 None 37 644 1
1 None 35 644 0
-1 None 29 646 3
1 None 15 646 0
2 None 21 648 1
0.5 None 32 649 1
2 None 16 649 0
2 None 6 651 1
1 None 27 652 1
2 None 5 652 0
1 None 10 652 0
1 None 21 655 1
1 None 31 656 1
1 None 64 657 3
-1 None 11 658 1
2 None 11 658 0
1 None 10 658 0
2 None 25 658 0
1 None 18 658 0
1 None 36 663 3
1 None 34 663 0
1 None 2 663 0
1 None 8 663 0
2 None 46 667 2
1 None 8 667 0
-1 None 21 669 1
1 None 18 669 0
1 None 17 671 1
1 None 26 672 1
2 None 17 672 0
1 None 26 674 2
1 None 37 675 1
2 None 19 675 0
1 None 14 677 1
2 None 7 677 0
-1 None 14 679 1
1 None 9 679 0
1 None 13 681 1
1 None 25 681 0
1 None 15 681 0
2 None 7 681 0
1 None 21 685 3
0.5 None 53 686 4
1 None 31 687 1
0.5 None 23 688 1
2 None 17 689 2
1 None 8 689 0
1 None 13 689 0
1 None 16 689 0
1 None 18 693 1
0.5 None 12 693 0
1 None 18 693 0
1 None 26 696 1
1 None 4 696 0
1 None 16 696 0
1 None 31 699 1
1 None 35 700 1
1 None 33 700 0
1 None 83 702 8
1 None 23 702 0
1 None 86 704 5
1 None 41 705 2
1 None 46 706 3
2 None 11 706 0
2 None 53 708 2
2 None 14 708 0
0.5 None 26 708 0
1 None 11 708 0
1 None 18 708 0
2 None 13 713 2
1 None 22 713 0
2 None 41 715 3
1 None 38 716 1
2 None 31 717 3
1 None 28 718 3
1 None 22 719 2
1 None 21 720 1
1 None 16 720 0
1 None 127 722 9
1 None 23 723 1
1 None 13 723 0
1 None 33 723 0
1 None 14 723 0
0.5 None 53 727 1
2 None 15 727 0
1 None 4 727 0
2 None 51 730 2
1 None 19 731 2
1 None 25 732 1
1 None 28 732 0
2 None 21 734 1
2 None 22 735 3
1 None 19 735 0
1 None 25 737 1
2 None 14 737 0
1 None 17 737 0
1 None 17 740 1
1 None 22 740 0
1 None 19 740 0
1 None 17 740 0
1 None 18 744 1
1 None 26 745 1
1 None 21 746 1
1 None 21 746 0
2 None 9 746 0
1 None 25 746 0
1 None 13 750 1
-1 None 22 751 3
1 None 12 752 1
1 None 15 752 0
1 None 19 754 1
1 None 21 755 3
-1 None 24 756 2
1 None 21 757 1
1 None 22 757 0
2 None 10 757 0
2 None 16 757 0
1 None 22 761 1
2 None 25 761 0
1 None 14 763 1
2 None 14 764 1
2 None 7 764 0
2 None 10 766 1
0.5 None 29 767 2
2 None 42 768 2
2 None 23 769 1
1 None 19 770 2
1 None 15 770 0
2 None 18 772 1
2 None 44 773 2
2 None 12 773 0
2 None 6 773 0
2 None 13 776 2
1 None 34 777 2
1 None 23 777 0
1 None 21 779 2
2 None 12 779 0
1 None 14 781 2
1 None 24 782 2
1 None 36 783 1
1 None 13 784 1
1 None 6 784 0
2 None 54 784 0
1 None 10 787 1
2 None 54 788 1
2 None 25 788 0
1 None 33 790 1
1 None 4 790 0
1 None 32 790 0
2 None 27 790 0
1 None 8 790 0
0.5 None 17 795 1
1 None 8 795 0
1 None 29 795 0
2 None 9 798 1
