None None 0 None 0
2 30 179 0 48
2 35 101 1 16
2 35 53 2 11
2 25 42 3 9
2 20 46 4 5
12 20 14 4 0
2 50 61 6 7
12 35 26 7 5
12 25 23 8 2
12 40 19 9 1
12 30 14 9 0
12 60 49 11 8
12 20 18 12 3
12 25 8 12 0
12 20 13 14 3
12 30 16 15 3
2 35 44 16 3
12 20 5 17 1
12 50 34 18 4
12 45 31 19 4
12 35 12 20 1
12 20 17 21 1
12 25 14 21 0
12 25 4 21 0
2 30 34 24 5
2 45 49 25 3
12 30 6 25 0
2 25 29 25 0
12 25 9 25 0
12 25 8 29 1
2 40 56 30 7
10.5 30 3 30 0
12 30 9 32 1
12 35 10 33 1
12 25 12 34 1
2 25 35 35 6
12 25 7 35 0
2 20 30 37 1
12 20 21 38 2
12 40 14 39 1
12 25 15 39 0
12 30 20 41 1
12 20 9 41 0
2 20 22 43 1
12 40 11 43 0
2 30 43 45 5
12 20 9 45 0
2 20 48 47 5
12 25 17 48 4
12 20 13 49 1
12 30 3 49 0
12 30 2 49 0
2 35 39 52 4
12 40 18 53 1
12 20 5 53 0
12 20 12 55 2
2 20 46 56 3
12 40 31 57 5
12 30 26 58 3
12 25 13 59 2
12 20 11 60 1
2 30 38 61 6
12 45 25 62 2
12 25 10 62 0
12 30 27 64 5
10.5 40 4 64 0
2 25 33 66 4
12 20 7 67 1
12 30 11 67 0
12 30 9 67 0
12 20 4 67 0
2 25 51 71 6
2 25 51 72 2
12 40 37 73 2
2 20 38 74 3
12 40 28 75 3
12 35 16 76 2
12 45 40 77 5
12 25 15 77 0
12 20 6 79 2
12 45 29 80 2
12 20 19 81 3
12 20 12 82 2
2 20 25 83 5
12 25 21 84 1
12 25 13 85 1
12 25 15 86 1
12 25 18 87 2
12 50 20 88 4
12 30 14 88 0
12 50 50 90 3
12 35 17 91 2
12 45 21 92 3
12 20 13 93 2
12 25 22 94 3
12 35 20 95 1
12 30 16 96 1
12 20 17 97 2
12 20 9 97 0
12 30 17 99 2
1 None 184 100 30
2 None 89 101 12
2 None 31 102 1
1 None 34 103 3
-1 None 20 104 2
2 None 7 104 0
1 None 1 104 0
2 None 22 107 2
2 None 17 107 0
2 None 15 109 1
1 None 62 110 6
2 None 26 111 2
1 None 22 112 3
1 None 10 112 0
1 None 15 114 2
1 None 11 115 1
1 None 38 116 1
2 None 2 116 0
2 None 31 118 3
1 None 10 118 0
1 None 18 120 1
1 None 53 121 2
2 None 37 122 2
2 None 27 123 2
0.5 None 56 124 7
2 None 21 124 0
2 None 33 126 4
2 None 17 127 3
1 None 19 128 1
2 None 61 129 3
1 None 38 130 5
1 None 26 131 1
1 None 21 131 0
1 None 7 131 0
1 None 16 134 1
1 None 38 135 1
1 None 27 136 1
1 None 27 137 1
1 None 18 138 1
1 None 5 138 0
2 None 19 140 4
2 None 16 140 0
1 None 13 140 0
2 None 13 140 0
2 None 26 144 1
1 None 1 144 0
0.5 None 28 146 1
0.5 None 39 147 1
2 None 31 148 5
2 None 5 148 0
2 None 13 150 1
0.5 None 18 151 2
1 None 14 151 0
2 None 7 151 0
-1 None 47 154 7
2 None 28 155 2
1 None 12 156 1
2 None 22 157 1
1 None 26 157 0
1 None 28 159 4
2 None 37 160 2
1 None 24 161 1
1 None 17 162 1
2 None 32 163 2
1 None 21 164 4
1 None 31 165 1
1 None 3 165 0
2 None 17 167 2
0.5 None 29 168 2
1 None 8 169 1
-1 None 25 170 4
2 None 24 171 1
1 None 39 172 2
1 None 55 173 2
2 None 11 173 0
1 None 16 173 0
1 None 21 176 4
2 None 13 176 0
2 None 33 178 4
1 None 15 178 0
0.5 None 14 178 0
1 None 4 181 1
1 None 23 182 4
0.5 None 19 182 0
2 None 13 184 1
2 None 14 184 0
1 None 41 186 2
1 None 30 186 0
1 None 17 188 1
2 None 20 189 2
1 None 18 190 2
1 None 12 191 2
0.5 None 27 192 1
2 None 8 193 1
1 None 31 194 1
2 None 23 195 1
1 None 19 196 1
1 None 22 197 3
2 None 15 197 0
2 None 30 199 1
1 None 17 199 0
2 None 150 201 8
2 None 23 202 4
0.5 None 32 202 0
2 None 78 204 2
1 None 6 204 0
1 None 41 206 2
1 None 23 206 0
2 None 44 208 5
2 None 23 208 0
2 None 4 208 0
1 None 14 208 0
1 None 15 212 1
2 None 14 213 3
1 None 37 214 3
1 None 45 215 3
1 None 59 216 7
2 None 10 216 0
1 None 18 216 0
0.5 None 13 216 0
1 None 38 220 5
0.5 None 14 221 2
-1 None 19 222 2
2 None 26 223 3
0.5 None 19 223 0
1 None 25 225 1
1 None 9 226 2
1 None 23 226 0
1 None 22 228 2
1 None 32 228 0
0.5 None 32 230 1
2 None 15 231 1
1 None 25 231 0
1 None 16 233 2
1 None 11 233 0
1 None 17 235 1
-1 None 28 236 2
2 None 82 237 2
2 None 16 237 0
2 None 29 239 1
2 None 20 239 0
1 None 11 239 0
1 None 28 242 1
2 None 37 243 2
1 None 30 244 3
0.5 None 68 245 2
2 None 6 245 0
2 None 4 245 0
1 None 65 248 2
2 None 11 249 1
1 None 16 250 2
-1 None 30 251 2
1 None 22 252 2
1 None 31 253 5
2 None 13 254 2
-1 None 20 255 4
-1 None 29 256 3
2 None 33 257 3
1 None 11 257 0
2 None 18 259 2
2 None 32 260 4
2 None 27 261 1
2 None 21 262 5
2 None 23 263 4
1 None 37 264 1
1 None 26 265 1
1 None 31 266 3
1 None 21 267 2
2 None 9 268 1
1 None 13 268 0
2 None 30 268 0
2 None 45 271 2
2 None 10 271 0
1 None 53 273 3
1 None 33 274 2
1 None 61 275 5
0.5 None 15 275 0
2 None 17 275 0
2 None 14 278 3
2 None 7 279 1
1 None 16 279 0
1 None 25 281 2
2 None 25 281 0
1 None 16 281 0
2 None 17 284 1
2 None 25 284 0
1 None 15 284 0
1 None 9 287 1
2 None 13 287 0
2 None 16 287 0
2 None 13 287 0
1 None 23 291 4
2 None 13 291 0
2 None 21 293 2
0.5 None 1 293 0
0.5 None 16 295 1
1 None 35 296 2
1 None 14 297 1
2 None 5 297 0
-1 None 46 299 1
2 None 37 300 3
-1 None 54 301 4
2 None 9 302 1
2 None 38 303 4
1 None 48 304 3
2 None 77 305 3
2 None 9 305 0
1 None 54 305 0
2 None 18 305 0
2 None 11 309 1
1 None 34 310 2
1 None 7 310 0
2 None 10 312 2
1 None 73 313 3
2 None 21 313 0
1 None 41 315 1
1 None 19 316 1
0.5 None 61 317 1
1 None 19 317 0
1 None 20 319 1
1 None 15 320 1
1 None 9 320 0
1 None 26 320 0
1 None 73 323 7
1 None 25 324 2
2 None 19 324 0
1 None 69 326 1
2 None 46 327 2
1 None 23 327 0
1 None 14 329 2
-1 None 22 330 3
1 None 10 331 1
1 None 13 332 2
1 None 18 333 2
2 None 13 334 1
2 None 7 334 0
1 None 7 334 0
1 None 34 334 0
1 None 11 334 0
1 None 9 334 0
2 None 14 334 0
2 None 36 341 1
1 None 8 341 0
1 None 29 343 1
2 None 21 343 0
1 None 24 343 0
-1 None 18 346 1
2 None 11 346 0
2 None 20 348 3
0.5 None 26 349 1
1 None 8 350 1
2 None 8 350 0
1 None 9 352 1
1 None 28 353 2
2 None 4 353 0
-1 None 56 355 5
1 None 8 356 1
1 None 11 356 0
1 None 23 358 4
1 None 21 359 1
2 None 11 360 1
-1 None 16 361 1
2 None 15 362 1
1 None 29 363 2
2 None 14 364 2
1 None 19 365 1
1 None 9 366 1
1 None 9 366 0
1 None 8 366 0
2 None 34 369 1
0.5 None 22 370 1
1 None 38 371 3
2 None 31 371 0
1 None 81 373 3
1 None 29 374 1
1 None 7 375 1
2 None 13 375 0
1 None 36 377 1
1 None 83 378 1
1 None 22 378 0
1 None 26 378 0
1 None 16 381 1
1 None 12 381 0
1 None 18 381 0
1 None 17 384 1
1 None 32 385 1
2 None 25 386 1
2 None 8 386 0
2 None 27 388 1
1 None 25 389 1
2 None 9 390 1
1 None 13 390 0
0.5 None 46 392 1
2 None 11 393 1
2 None 28 393 0
2 None 11 395 1
1 None 13 396 1
1 None 30 397 1
2 None 15 397 0
2 None 22 399 1
2 None 67 400 2
2 None 68 401 1
1 None 117 402 8
1 None 52 403 2
1 None 35 403 0
2 None 28 405 1
1 None 19 406 2
1 None 13 407 1
2 None 47 407 0
1 None 45 409 3
2 None 21 410 1
2 None 47 411 1
1 None 50 411 0
1 None 29 413 1
1 None 9 413 0
2 None 39 415 1
1 None 29 415 0
1 None 23 417 1
1 None 19 418 2
2 None 18 418 0
1 None 14 420 1
1 None 24 420 0
1 None 18 420 0
2 None 11 423 1
2 None 12 423 0
1 None 23 425 1
1 None 32 426 3
1 None 36 426 0
2 None 13 428 1
1 None 38 429 2
2 None 17 430 2
0.5 None 23 431 3
1 None 10 431 0
2 None 1 431 0
0.5 None 16 431 0
2 None 28 431 0
2 None 89 431 0
1 None 27 437 1
1 None 12 437 0
1 None 19 439 1
2 None 17 439 0
2 None 34 441 3
1 None 44 441 0
1 None 11 441 0
1 None 37 441 0
1 None 35 441 0
1 None 29 446 1
1 None 15 446 0
1 None 21 446 0
1 None 32 449 1
2 None 16 449 0
1 None 6 449 0
1 None 27 449 0
1 None 5 449 0
1 None 10 449 0
2 None 21 455 1
1 None 31 456 3
-1 None 64 457 3
2 None 11 457 0
1 None 11 457 0
1 None 10 457 0
1 None 25 457 0
1 None 18 462 1
2 None 36 462 0
0.5 None 34 462 0
1 None 2 462 0
2 None 8 462 0
1 None 46 467 1
1 None 8 467 0
1 None 21 467 0
1 None 18 470 1
1 None 17 470 0
1 None 26 472 2
0.5 None 17 472 0
1 None 26 474 1
1 None 37 475 2
1 None 19 476 2
1 None 14 476 0
2 None 7 476 0
-1 None 14 479 1
1 None 9 479 0
1 None 13 481 1
2 None 25 482 2
2 None 15 482 0
1 None 7 482 0
1 None 21 485 1
1 None 53 486 6
1 None 31 487 1
0.5 None 23 488 2
1 None 17 488 0
1 None 8 490 1
1 None 13 490 0
0.5 None 16 492 1
1 None 18 492 0
1 None 12 492 0
0.5 None 18 492 0
2 None 26 496 1
1 None 4 497 1
1 None 16 498 1
1 None 31 498 0
-1 None 35 500 3
2 None 33 501 1
1 None 83 502 1
1 None 23 503 1
2 None 86 504 2
0.5 None 41 505 1
1 None 46 506 3
0.5 None 11 506 0
2 None 53 508 4
1 None 14 509 1
2 None 26 510 1
1 None 11 510 0
2 None 18 510 0
2 None 13 510 0
1 None 22 514 1
1 None 41 515 1
1 None 38 516 2
1 None 31 516 0
1 None 28 516 0
2 None 22 519 3
1 None 21 520 1
2 None 16 521 1
2 None 127 522 9
1 None 23 523 1
1 None 13 523 0
1 None 33 523 0
1 None 14 526 2
2 None 53 527 4
2 None 15 527 0
1 None 4 527 0
2 None 51 530 4
1 None 19 530 0
2 None 25 530 0
1 None 28 533 4
1 None 21 534 1
1 None 22 535 2
1 None 19 536 3
0.5 None 25 536 0
1 None 14 538 2
2 None 17 539 4
2 None 17 539 0
1 None 22 541 1
-1 None 19 542 2
1 None 17 542 0
1 None 18 542 0
1 None 26 542 0
0.5 None 21 546 2
2 None 21 546 0
2 None 9 546 0
1 None 25 549 2
2 None 13 549 0
1 None 22 549 0
2 None 12 552 2
1 None 15 553 1
1 None 19 554 3
2 None 21 554 0
1 None 24 556 2
1 None 21 557 3
1 None 22 558 3
1 None 10 558 0
1 None 16 560 1
1 None 22 561 3
1 None 25 562 1
-1 None 14 563 2
1 None 14 563 0
1 None 7 563 0
2 None 10 563 0
1 None 29 567 1
1 None 42 568 1
1 None 23 569 1
1 None 19 570 1
1 None 15 570 0
1 None 18 572 1
1 None 44 573 1
2 None 12 574 1
1 None 6 574 0
1 None 13 576 1
2 None 34 577 2
1 None 23 577 0
1 None 21 579 1
1 None 12 579 0
1 None 14 579 0
1 None 24 579 0
1 None 36 583 1
0.5 None 13 583 0
2 None 6 583 0
1 None 54 586 1
2 None 10 586 0
0.5 None 54 586 0
1 None 25 589 3
1 None 33 589 0
2 None 4 589 0
1 None 32 592 1
2 None 27 593 1
0.5 None 8 593 0
1 None 17 593 0
0.5 None 8 593 0
2 None 29 597 1
1 None 9 597 0
