2 None 25 378 3
2 None 27 379 3
2 None 26 380 2
2 None 13 380 0
1 None 31 380 0
2 None 31 383 6
2 None 31 384 2
1 None 12 385 1
0.5 None 7 386 1
0.5 None 32 387 1
2 None 12 388 1
2 None 26 389 4
2 None 14 390 1
1 None 33 390 0
2 None 14 392 1
2 None 13 393 3
2 None 29 394 3
2 None 32 394 0
2 None 35 396 2
2 None 25 396 0
2 None 16 398 2
1 None 30 399 1
2 None 18 399 0
1 None 79 401 5
1 None 20 402 1
0.5 None 105 403 2
2 None 64 403 0
2 None 16 403 0
2 None 37 406 4
2 None 34 406 0
2 None 27 408 2
1 None 17 409 1
2 None 40 410 2
2 None 22 411 1
-1 None 10 412 3
0.5 None 29 413 4
2 None 21 413 0
1 None 21 413 0
2 None 37 416 2
2 None 56 417 6
2 None 2 417 0
2 None 14 419 1
2 None 36 420 2
0.5 None 23 420 0
2 None 45 422 3
1 None 25 423 2
2 None 7 423 0
2 None 11 423 0
2 None 7 423 0
2 None 13 427 2
2 None 19 428 1
2 None 25 429 1
0.5 None 29 430 1
2 None 26 431 6
2 None 38 432 1
-1 None 8 433 1
0.5 None 22 434 6
2 None 33 434 0
2 None 18 436 2
1 None 18 437 1
2 None 36 438 2
2 None 34 439 1
-1 None 54 440 1
2 None 12 440 0
0.5 None 33 442 1
2 None 56 443 6
1 None 8 443 0
1 None 7 443 0
2 None 10 446 3
2 None 19 446 0
1 None 32 448 3
1 None 48 449 3
2 None 19 449 0
2 None 14 449 0
-1 None 24 452 2
0.5 None 11 452 0
2 None 28 454 3
1 None 34 455 1
1 None 17 456 1
2 None 38 457 3
1 None 6 457 0
2 None 14 459 1
2 None 30 459 0
2 None 26 461 1
1 None 31 461 0
1 None 17 461 0
1 None 14 461 0
1 None 12 461 0
1 None 29 466 2
0.5 None 58 467 5
2 None 18 468 2
0.5 None 12 468 0
0.5 None 13 468 0
1 None 18 471 1
0.5 None 19 471 0
2 None 13 471 0
2 None 9 471 0
2 None 86 475 3
2 None 14 475 0
2 None 8 477 1
2 None 7 478 2
-1 None 15 479 1
0.5 None 14 479 0
2 None 6 481 2
1 None 14 481 0
-1 None 31 483 2
1 None 11 483 0
2 None 17 485 1
2 None 17 486 2
-1 None 10 487 1
2 None 11 488 1
0.5 None 27 489 2
2 None 10 490 1
2 None 16 491 1
2 None 23 492 1
2 None 51 493 1
0.5 None 11 493 0
2 None 34 495 1
2 None 16 496 1
0.5 None 8 497 2
2 None 37 498 1
2 None 7 498 0
2 None 34 500 3
2 None 13 501 1
1 None 53 502 2
2 None 30 502 0
-1 None 21 504 2
2 None 74 505 5
1 None 12 506 1
2 None 29 507 3
2 None 33 507 0
2 None 25 507 0
2 None 19 510 4
1 None 6 510 0
2 None 28 512 4
1 None 25 512 0
2 None 4 512 0
2 None 13 515 1
2 None 37 516 2
1 None 18 516 0
2 None 31 516 0
2 None 13 516 0
0.5 None 9 516 0
1 None 45 521 3
2 None 79 522 6
2 None 16 523 3
1 None 57 523 0
2 None 13 525 1
-1 None 18 526 2
2 None 53 527 1
2 None 6 527 0
1 None 15 529 1
2 None 44 529 0
2 None 16 529 0
2 None 12 532 1
0.5 None 42 533 3
0.5 None 5 533 0
2 None 12 533 0
2 None 10 533 0
2 None 34 537 2
1 None 9 537 0
1 None 39 537 0
2 None 28 540 3
2 None 16 540 0
2 None 31 540 0
2 None 22 543 1
2 None 10 544 1
2 None 39 545 2
2 None 15 545 0
1 None 14 545 0
2 None 30 548 3
1 None 19 549 1
0.5 None 26 549 0
2 None 32 551 1
1 None 55 552 3
2 None 23 552 0
1 None 10 552 0
2 None 8 552 0
2 None 34 556 1
2 None 7 557 1
0.5 None 7 557 0
2 None 22 559 3
2 None 8 559 0
0.5 None 18 561 1
1 None 23 562 1
2 None 29 563 3
2 None 20 563 0
2 None 25 565 2
1 None 14 565 0
2 None 90 567 5
2 None 32 568 1
2 None 16 568 0
0.5 None 10 570 1
2 None 13 570 0
2 None 19 572 2
0.5 None 8 572 0
2 None 59 574 2
2 None 22 574 0
1 None 17 576 1
-1 None 14 577 2
1 None 70 577 0
2 None 16 577 0
-1 None 13 580 1
2 None 11 580 0
0.5 None 5 580 0
2 None 5 580 0
2 None 18 580 0
1 None 8 585 1
2 None 6 585 0
1 None 9 585 0
-1 None 9 588 1
1 None 16 588 0
2 None 16 590 1
1 None 11 590 0
2 None 9 590 0
0.5 None 43 593 2
2 None 52 594 6
2 None 13 594 0
2 None 26 596 1
2 None 21 597 4
2 None 27 597 0
0.5 None 17 597 0
1 None 179 600 9
0.5 None 101 601 4
2 None 53 602 2
2 None 42 603 3
2 None 46 604 3
1 None 14 604 0
0.5 None 61 606 2
2 None 26 607 2
2 None 23 608 2
2 None 19 609 1
-1 None 14 610 3
2 None 49 611 1
1 None 18 612 1
1 None 8 612 0
2 None 13 612 0
0.5 None 16 615 1
2 None 44 616 1
1 None 5 616 0
2 None 34 618 2
1 None 31 618 0
1 None 12 618 0
2 None 17 621 1
1 None 14 621 0
2 None 4 621 0
2 None 34 624 2
1 None 49 625 1
2 None 6 625 0
2 None 29 627 2
1 None 9 627 0
1 None 8 629 1
2 None 56 630 2
1 None 3 630 0
0.5 None 9 630 0
0.5 None 10 630 0
2 None 12 630 0
0.5 None 35 635 3
1 None 7 636 1
2 None 30 637 2
1 None 21 638 3
2 None 14 638 0
2 None 15 638 0
0.5 None 20 641 1
2 None 9 641 0
1 None 22 641 0
2 None 11 641 0
0.5 None 43 641 0
0.5 None 9 641 0
2 None 48 641 0
1 None 17 641 0
1 None 13 649 1
2 None 3 649 0
1 None 2 649 0
1 None 39 649 0
1 None 18 649 0
0.5 None 5 649 0
1 None 12 649 0
2 None 46 656 4
1 None 31 657 2
0.5 None 26 657 0
2 None 13 657 0
1 None 11 657 0
2 None 38 661 1
2 None 25 661 0
2 None 10 661 0
2 None 27 664 1
1 None 4 664 0
2 None 33 666 1
2 None 7 666 0
2 None 11 666 0
2 None 9 666 0
2 None 4 666 0
0.5 None 51 671 3
2 None 51 672 4
0.5 None 37 672 0
2 None 38 672 0
1 None 28 672 0
2 None 16 672 0
2 None 40 677 4
2 None 15 677 0
2 None 6 677 0
2 None 29 680 2
1 None 19 681 2
2 None 12 681 0
2 None 25 683 3
2 None 21 684 1
2 None 13 684 0
2 None 15 684 0
0.5 None 18 687 3
-1 None 20 688 2
1 None 14 689 2
1 None 50 690 5
0.5 None 17 690 0
1 None 21 692 1
2 None 13 693 1
1 None 22 693 0
0.5 None 20 695 1
0.5 None 16 695 0
2 None 17 697 1
2 None 9 697 0
2 None 17 699 1
-1 None 184 700 8
0.5 None 89 701 4
1 None 31 702 1
2 None 34 702 0
2 None 20 702 0
-1 None 7 705 1
2 None 1 705 0
1 None 22 707 2
2 None 17 708 2
2 None 15 708 0
2 None 62 710 4
-1 None 26 711 3
0.5 None 22 712 2
2 None 10 712 0
2 None 15 712 0
2 None 11 712 0
2 None 38 716 1
2 None 2 716 0
0.5 None 31 716 0
1 None 10 719 1
2 None 18 720 1
2 None 53 721 4
-1 None 37 722 3
1 None 27 723 2
-1 None 56 724 1
2 None 21 724 0
2 None 33 724 0
2 None 17 724 0
2 None 19 724 0
2 None 61 729 1
2 None 38 730 2
2 None 26 730 0
2 None 21 730 0
1 None 7 730 0
2 None 16 734 2
2 None 38 735 2
2 None 27 735 0
0.5 None 27 737 1
2 None 18 738 1
2 None 5 738 0
2 None 19 740 1
2 None 16 740 0
2 None 13 742 1
2 None 13 743 1
2 None 26 744 1
2 None 1 744 0
2 None 28 744 0
2 None 39 747 2
1 None 31 748 2
2 None 5 749 1
2 None 13 750 2
1 None 18 751 1
1 None 14 752 1
2 None 7 752 0
1 None 47 754 3
2 None 28 755 2
1 None 12 755 0
0.5 None 22 757 3
0.5 None 26 757 0
0.5 None 28 759 2
2 None 37 760 1
2 None 24 761 1
2 None 17 762 1
2 None 32 763 2
2 None 21 764 2
2 None 31 764 0
2 None 3 764 0
1 None 17 764 0
1 None 29 764 0
0.5 None 8 764 0
2 None 25 764 0
0.5 None 24 771 3
2 None 39 772 2
2 None 55 773 1
0.5 None 11 773 0
2 None 16 775 1
2 None 21 776 2
0.5 None 13 777 2
2 None 33 777 0
2 None 15 777 0
2 None 14 780 1
2 None 4 780 0
-1 None 23 782 3
0.5 None 19 782 0
2 None 13 784 1
1 None 14 785 1
1 None 41 786 4
2 None 30 786 0
0.5 None 17 786 0
2 None 20 786 0
2 None 18 790 1
0.5 None 12 790 0
2 None 27 792 1
1 None 8 793 1
2 None 31 794 1
0.5 None 23 795 1
2 None 19 795 0
2 None 22 797 1
1 None 15 797 0
-1 None 30 799 1
2 None 17 799 0
0.5 None 150 801 6
2 None 23 802 1
2 None 32 803 3
1 None 78 804 5
2 None 6 804 0
2 None 41 806 1
1 None 23 807 1
2 None 44 808 1
2 None 23 808 0
2 None 4 808 0
2 None 14 811 1
2 None 15 812 1
2 None 14 812 0
2 None 37 814 5
1 None 45 815 2
2 None 59 816 2
2 None 10 816 0
1 None 18 818 1
2 None 13 819 1
2 None 38 820 4
2 None 14 820 0
2 None 19 822 3
0.5 None 26 823 3
1 None 19 823 0
1 None 25 825 1
1 None 9 825 0
0.5 None 23 827 1
1 None 22 828 1
1 None 32 829 1
2 None 32 829 0
2 None 15 829 0
2 None 25 832 1
2 None 16 833 1
2 None 11 833 0
2 None 17 833 0
2 None 28 836 1
2 None 82 837 3
2 None 16 837 0
0.5 None 29 839 1
2 None 20 840 2
2 None 11 841 1
1 None 28 842 1
2 None 37 843 1
2 None 30 844 1
1 None 68 845 4
1 None 6 846 1
0.5 None 4 846 0
2 None 65 848 5
1 None 11 848 0
0.5 None 16 850 4
2 None 30 851 1
2 None 22 851 0
2 None 31 853 1
2 None 13 853 0
1 None 20 855 1
2 None 29 855 0
1 None 33 857 1
2 None 11 858 2
1 None 18 858 0
2 None 32 860 2
-1 None 27 861 1
2 None 21 862 1
1 None 23 863 1
2 None 37 863 0
2 None 26 865 1
2 None 31 865 0
1 None 21 865 0
1 None 9 865 0
2 None 13 865 0
0.5 None 30 870 2
1 None 45 871 1
2 None 10 871 0
2 None 53 873 1
1 None 33 874 2
0.5 None 61 875 4
2 None 15 875 0
2 None 17 875 0
1 None 14 875 0
2 None 7 875 0
1 None 16 880 1
0.5 None 25 881 1
1 None 25 882 2
2 None 16 883 2
0.5 None 17 883 0
2 None 25 883 0
1 None 15 886 2
-1 None 9 887 2
2 None 13 887 0
0.5 None 16 887 0
2 None 13 887 0
0.5 None 23 891 1
2 None 13 891 0
2 None 21 893 1
1 None 1 893 0
1 None 16 893 0
2 None 35 893 0
2 None 14 897 1
1 None 5 897 0
2 None 46 899 1
2 None 37 900 3
-1 None 54 901 2
0.5 None 9 901 0
1 None 38 903 3
2 None 48 904 3
0.5 None 77 905 2
-1 None 9 906 3
2 None 54 907 1
0.5 None 18 907 0
2 None 11 909 2
2 None 34 909 0
0.5 None 7 909 0
2 None 10 912 1
2 None 73 913 1
2 None 21 913 0
1 None 41 915 1
2 None 19 916 1
2 None 61 917 1
2 None 19 918 1
2 None 20 919 1
1 None 15 919 0
1 None 9 921 1
2 None 26 922 1
0.5 None 73 923 5
2 None 25 924 3
1 None 19 924 0
1 None 69 926 1
2 None 46 926 0
2 None 23 928 1
1 None 14 929 1
0.5 None 22 930 2
2 None 10 931 1
2 None 13 931 0
2 None 18 931 0
2 None 13 931 0
2 None 7 931 0
2 None 7 931 0
1 None 34 931 0
0.5 None 11 931 0
1 None 9 931 0
2 None 14 940 2
1 None 36 941 1
1 None 8 941 0
0.5 None 29 943 1
2 None 21 943 0
1 None 24 945 2
2 None 18 945 0
2 None 11 945 0
1 None 20 945 0
2 None 26 949 1
2 None 8 949 0
2 None 8 951 2
2 None 9 952 1
2 None 28 953 1
2 None 4 953 0
1 None 56 955 2
0.5 None 8 955 0
2 None 11 957 1
1 None 23 957 0
2 None 21 957 0
2 None 11 960 1
0.5 None 16 961 1
1 None 15 962 1
2 None 29 962 0
2 None 14 962 0
2 None 19 962 0
2 None 9 962 0
2 None 9 962 0
2 None 8 962 0
1 None 34 962 0
2 None 22 970 1
0.5 None 38 970 0
-1 None 31 972 1
2 None 81 973 5
2 None 29 974 2
1 None 7 974 0
2 None 13 976 1
2 None 36 977 3
2 None 83 978 3
2 None 22 978 0
1 None 26 980 1
2 None 16 981 1
2 None 12 982 1
0.5 None 18 982 0
2 None 17 982 0
0.5 None 32 985 2
1 None 25 986 2
1 None 8 986 0
1 None 27 988 1
2 None 25 989 1
2 None 9 989 0
2 None 13 989 0
2 None 46 992 1
2 None 11 992 0
1 None 28 992 0
0.5 None 11 992 0
2 None 13 992 0
2 None 30 997 1
1 None 15 998 2
0.5 None 22 999 1
1 None 67 1000 3
1 None 68 1001 2
1 None 117 1001 0
-1 None 52 1003 6
1 None 35 1003 0
1 None 28 1005 2
2 None 19 1006 1
2 None 13 1006 0
2 None 47 1008 1
2 None 45 1009 1
0.5 None 21 1010 1
2 None 47 1011 1
2 None 50 1012 2
2 None 29 1012 0
1 None 9 1014 3
2 None 39 1015 2
0.5 None 29 1016 1
2 None 23 1017 1
2 None 19 1018 1
2 None 18 1019 2
1 None 14 1019 0
1 None 24 1019 0
2 None 18 1022 1
2 None 11 1022 0
0.5 None 12 1022 0
0.5 None 23 1022 0
2 None 32 1026 1
2 None 36 1027 2
2 None 13 1027 0
1 None 38 1029 2
1 None 17 1029 0
0.5 None 23 1031 2
1 None 10 1032 1
2 None 1 1032 0
2 None 16 1034 1
1 None 28 1035 2
2 None 89 1036 6
2 None 27 1037 2
2 None 12 1037 0
2 None 19 1037 0
2 None 17 1037 0
2 None 34 1041 2
1 None 44 1042 1
2 None 11 1042 0
0.5 None 37 1044 2
1 None 35 1044 0
2 None 29 1044 0
1 None 15 1047 2
2 None 21 1048 1
1 None 32 1048 0
2 None 16 1050 2
2 None 6 1050 0
1 None 27 1052 1
0.5 None 5 1053 1
2 None 10 1053 0
2 None 21 1053 0
2 None 31 1056 1
2 None 64 1057 4
2 None 11 1058 2
2 None 11 1058 0
0.5 None 10 1058 0
2 None 25 1058 0
-1 None 18 1062 2
2 None 36 1063 1
2 None 34 1064 1
1 None 2 1064 0
0.5 None 8 1064 0
2 None 46 1067 2
0.5 None 8 1067 0
2 None 21 1067 0
-1 None 18 1070 2
0.5 None 17 1070 0
2 None 26 1072 3
0.5 None 17 1073 1
0.5 None 26 1073 0
2 None 37 1075 1
2 None 19 1076 1
2 None 14 1076 0
0.5 None 7 1076 0
2 None 14 1079 1
2 None 9 1080 1
2 None 13 1081 1
2 None 25 1082 1
2 None 15 1083 1
1 None 7 1083 0
2 None 21 1083 0
2 None 53 1086 7
2 None 31 1087 1
1 None 23 1087 0
2 None 17 1089 1
-1 None 8 1090 1
2 None 13 1091 2
-1 None 16 1092 1
2 None 18 1092 0
2 None 12 1092 0
0.5 None 18 1095 1
-1 None 26 1096 1
2 None 4 1096 0
0.5 None 16 1098 1
2 None 31 1099 2
1 None 35 1100 2
0.5 None 33 1101 1
2 None 83 1102 1
2 None 23 1102 0
2 None 86 1104 3
-1 None 41 1105 3
2 None 46 1105 0
2 None 11 1107 1
-1 None 53 1108 5
2 None 14 1108 0
2 None 26 1110 2
2 None 11 1110 0
1 None 18 1112 1
1 None 13 1112 0
2 None 22 1114 2
2 None 41 1115 1
0.5 None 38 1116 2
0.5 None 31 1117 1
2 None 28 1118 1
2 None 22 1119 1
0.5 None 21 1120 1
1 None 16 1121 2
0.5 None 127 1122 4
1 None 23 1123 1
2 None 13 1123 0
-1 None 33 1125 1
0.5 None 14 1125 0
0.5 None 53 1127 3
0.5 None 15 1127 0
2 None 4 1127 0
0.5 None 51 1130 3
2 None 19 1130 0
0.5 None 25 1132 1
1 None 28 1133 2
2 None 21 1134 4
2 None 22 1135 1
2 None 19 1135 0
0.5 None 25 1135 0
2 None 14 1135 0
2 None 17 1139 2
1 None 17 1139 0
0.5 None 22 1139 0
2 None 19 1142 1
2 None 17 1143 2
2 None 18 1143 0
2 None 26 1143 0
2 None 21 1146 2
2 None 21 1147 2
2 None 9 1147 0
2 None 25 1147 0
2 None 13 1150 2
1 None 22 1151 1
2 None 12 1151 0
1 None 15 1151 0
2 None 19 1154 1
1 None 21 1155 1
2 None 24 1155 0
2 None 21 1157 2
0.5 None 22 1157 0
2 None 10 1157 0
2 None 16 1160 1
2 None 22 1160 0
2 None 25 1162 1
2 None 14 1162 0
1 None 14 1164 2
2 None 7 1164 0
1 None 10 1164 0
2 None 29 1164 0
2 None 42 1168 5
-1 None 23 1169 2
2 None 19 1170 1
1 None 15 1171 1
0.5 None 18 1171 0
0.5 None 44 1171 0
2 None 12 1174 1
2 None 6 1175 1
2 None 13 1176 1
0.5 None 34 1177 4
1 None 23 1178 1
2 None 21 1178 0
1 None 12 1178 0
0.5 None 14 1178 0
2 None 24 1178 0
2 None 36 1178 0
2 None 13 1184 1
0.5 None 6 1184 0
2 None 54 1186 1
2 None 10 1186 0
2 None 54 1188 2
2 None 25 1189 1
1 None 33 1190 1
2 None 4 1191 1
0.5 None 32 1192 2
0.5 None 27 1193 1
2 None 8 1193 0
2 None 17 1193 0
2 None 8 1196 1
2 None 29 1197 1
1 None 9 1197 0
