1 None 25 2775 0
1 None 27 2779 1
1 None 26 2780 2
1 None 13 2780 0
1 None 31 2782 3
2 None 31 2783 2
1 None 31 2784 1
2 None 12 2784 0
2 None 7 2784 0
1 None 32 2787 1
0.5 None 12 2787 0
1 None 26 2789 1
1 None 14 2789 0
1 None 33 2789 0
2 None 14 2792 1
1 None 13 2793 1
1 None 29 2793 0
1 None 32 2795 2
1 None 35 2796 4
1 None 25 2797 2
1 None 16 2797 0
1 None 30 2797 0
1 None 18 2797 0
2 None 79 2801 3
1 None 20 2802 1
1 None 105 2803 1
1 None 64 2804 4
-1 None 16 2805 1
1 None 37 2806 2
1 None 34 2807 1
2 None 27 2807 0
2 None 17 2809 2
1 None 40 2810 2
1 None 22 2811 1
1 None 10 2811 0
2 None 29 2811 0
2 None 21 2811 0
1 None 21 2811 0
1 None 37 2816 1
1 None 56 2817 2
2 None 2 2817 0
1 None 14 2819 2
1 None 36 2819 0
2 None 23 2821 3
1 None 45 2822 1
1 None 25 2822 0
1 None 7 2822 0
1 None 11 2822 0
2 None 7 2822 0
0.5 None 13 2827 1
1 None 19 2827 0
2 None 25 2829 1
1 None 29 2830 1
1 None 26 2831 1
1 None 38 2832 3
1 None 8 2832 0
1 None 22 2834 1
2 None 33 2835 1
1 None 18 2835 0
2 None 18 2837 1
0.5 None 36 2838 3
1 None 34 2839 1
1 None 54 2840 3
1 None 12 2840 0
0.5 None 33 2840 0
2 None 56 2843 2
1 None 8 2843 0
1 None 7 2843 0
1 None 10 2843 0
2 None 19 2843 0
1 None 32 2848 3
2 None 48 2849 2
1 None 19 2850 1
2 None 14 2850 0
1 None 24 2850 0
1 None 11 2853 1
1 None 28 2853 0
1 None 34 2853 0
1 None 17 2856 1
1 None 38 2857 2
2 None 6 2857 0
1 None 14 2857 0
1 None 30 2860 3
1 None 26 2861 1
1 None 31 2861 0
1 None 17 2861 0
1 None 14 2864 1
2 None 12 2864 0
-1 None 29 2866 1
1 None 58 2867 4
2 None 18 2867 0
1 None 12 2867 0
1 None 13 2870 1
2 None 18 2871 1
1 None 19 2871 0
1 None 13 2871 0
0.5 None 9 2874 1
1 None 86 2875 1
1 None 14 2876 1
1 None 8 2876 0
2 None 7 2878 1
1 None 15 2878 0
1 None 14 2880 1
2 None 6 2880 0
1 None 14 2880 0
1 None 31 2880 0
1 None 11 2880 0
1 None 17 2880 0
2 None 17 2880 0
2 None 10 2880 0
2 None 11 2880 0
1 None 27 2880 0
1 None 10 2880 0
2 None 16 2880 0
0.5 None 23 2892 3
1 None 51 2893 2
2 None 11 2894 1
0.5 None 34 2895 1
1 None 16 2895 0
1 None 8 2895 0
2 None 37 2898 2
2 None 7 2898 0
1 None 34 2898 0
2 None 13 2901 2
1 None 53 2902 1
1 None 30 2902 0
2 None 21 2904 1
0.5 None 74 2905 2
1 None 12 2906 1
1 None 29 2906 0
1 None 33 2906 0
1 None 25 2906 0
2 None 19 2910 3
1 None 6 2911 1
1 None 28 2912 2
1 None 25 2913 2
1 None 4 2914 1
-1 None 13 2915 1
1 None 37 2916 1
1 None 18 2917 2
1 None 31 2918 1
2 None 13 2918 0
1 None 9 2918 0
0.5 None 45 2921 4
2 None 79 2922 3
2 None 16 2922 0
2 None 57 2924 1
1 None 13 2924 0
1 None 18 2924 0
1 None 53 2927 3
1 None 6 2928 1
0.5 None 15 2928 0
1 None 44 2930 4
1 None 16 2930 0
1 None 12 2932 1
0.5 None 42 2933 1
1 None 5 2934 1
1 None 12 2935 1
2 None 10 2935 0
1 None 34 2937 1
1 None 9 2937 0
1 None 39 2939 2
1 None 28 2939 0
2 None 16 2939 0
1 None 31 2939 0
2 None 22 2939 0
1 None 10 2939 0
1 None 39 2939 0
1 None 15 2946 2
2 None 14 2946 0
1 None 30 2948 2
1 None 19 2948 0
1 None 26 2948 0
2 None 32 2948 0
1 None 55 2952 2
1 None 23 2952 0
2 None 10 2952 0
1 None 8 2952 0
2 None 34 2952 0
2 None 7 2957 1
1 None 7 2958 1
2 None 22 2958 0
1 None 8 2958 0
1 None 18 2958 0
1 None 23 2962 1
1 None 29 2962 0
1 None 20 2964 1
1 None 25 2965 1
2 None 14 2966 1
1 None 90 2967 6
1 None 32 2968 1
1 None 16 2969 1
1 None 10 2970 1
2 None 13 2970 0
2 None 19 2972 1
1 None 8 2972 0
1 None 59 2974 6
1 None 22 2975 1
0.5 None 17 2975 0
1 None 14 2975 0
1 None 70 2978 1
2 None 16 2978 0
2 None 13 2978 0
-1 None 11 2981 1
2 None 5 2981 0
2 None 5 2981 0
1 None 18 2981 0
1 None 8 2981 0
1 None 6 2981 0
1 None 9 2981 0
1 None 9 2988 2
2 None 16 2989 2
2 None 16 2989 0
1 None 11 2989 0
2 None 9 2989 0
1 None 43 2993 2
2 None 52 2994 1
1 None 13 2995 1
1 None 26 2996 1
2 None 21 2997 1
1 None 27 2998 1
1 None 17 2999 1
1 None 179 3000 9
1 None 101 3001 6
1 None 53 3001 0
1 None 42 3003 2
1 None 46 3004 2
1 None 14 3004 0
1 None 61 3006 4
1 None 26 3006 0
1 None 23 3008 2
1 None 19 3008 0
1 None 14 3010 1
2 None 49 3011 2
1 None 18 3012 2
1 None 8 3012 0
2 None 13 3012 0
1 None 16 3015 2
1 None 44 3016 2
2 None 5 3016 0
1 None 34 3016 0
2 None 31 3019 1
1 None 12 3019 0
1 None 17 3021 2
2 None 14 3021 0
1 None 4 3021 0
1 None 34 3024 2
2 None 49 3025 4
1 None 6 3025 0
1 None 29 3025 0
1 None 9 3028 1
2 None 8 3028 0
1 None 56 3030 1
1 None 3 3030 0
2 None 9 3032 1
1 None 10 3032 0
1 None 12 3032 0
1 None 35 3035 2
2 None 7 3035 0
2 None 30 3037 1
1 None 21 3037 0
1 None 14 3037 0
1 None 15 3040 1
2 None 20 3041 1
1 None 9 3041 0
2 None 22 3041 0
1 None 11 3041 0
1 None 43 3045 1
1 None 9 3045 0
-1 None 48 3047 3
1 None 17 3048 2
1 None 13 3049 1
1 None 3 3049 0
2 None 2 3049 0
1 None 39 3052 3
1 None 18 3053 1
2 None 5 3053 0
1 None 12 3055 1
1 None 46 3055 0
2 None 31 3057 4
2 None 26 3058 3
2 None 13 3058 0
2 None 11 3060 1
1 None 38 3061 1
1 None 25 3061 0
2 None 10 3061 0
1 None 27 3061 0
2 None 4 3061 0
1 None 33 3061 0
2 None 7 3061 0
1 None 11 3068 2
2 None 9 3069 1
1 None 4 3069 0
2 None 51 3071 2
2 None 51 3072 2
1 None 37 3072 0
1 None 38 3072 0
1 None 28 3072 0
1 None 16 3072 0
1 None 40 3077 1
1 None 15 3077 0
0.5 None 6 3077 0
1 None 29 3080 2
1 None 19 3080 0
1 None 12 3082 1
1 None 25 3083 1
2 None 21 3084 1
0.5 None 13 3084 0
1 None 15 3084 0
1 None 18 3084 0
1 None 20 3084 0
1 None 14 3084 0
1 None 50 3090 3
1 None 17 3090 0
1 None 21 3092 1
2 None 13 3093 1
-1 None 22 3094 2
1 None 20 3094 0
1 None 16 3096 1
-1 None 17 3097 2
2 None 9 3097 0
-1 None 17 3099 3
1 None 184 3100 6
1 None 89 3101 2
1 None 31 3102 1
2 None 34 3102 0
1 None 20 3102 0
2 None 7 3102 0
1 None 1 3102 0
1 None 22 3102 0
1 None 17 3108 1
2 None 15 3108 0
2 None 62 3110 2
1 None 26 3110 0
1 None 22 3112 1
0.5 None 10 3112 0
1 None 15 3114 1
2 None 11 3114 0
1 None 38 3116 3
1 None 2 3116 0
2 None 31 3118 1
1 None 10 3118 0
2 None 18 3120 2
1 None 53 3121 2
1 None 37 3121 0
1 None 27 3123 1
1 None 56 3124 5
1 None 21 3124 0
1 None 33 3126 2
0.5 None 17 3127 2
1 None 19 3127 0
1 None 61 3129 2
1 None 38 3130 2
2 None 26 3131 1
1 None 21 3132 1
1 None 7 3132 0
2 None 16 3132 0
1 None 38 3132 0
1 None 27 3136 1
1 None 27 3136 0
2 None 18 3136 0
2 None 5 3136 0
1 None 19 3140 1
2 None 16 3141 1
1 None 13 3141 0
1 None 13 3141 0
1 None 26 3144 2
1 None 1 3144 0
2 None 28 3146 1
1 None 39 3147 1
1 None 31 3148 2
2 None 5 3148 0
2 None 13 3148 0
1 None 18 3151 2
1 None 14 3151 0
1 None 7 3151 0
1 None 47 3154 2
2 None 28 3154 0
0.5 None 12 3156 1
1 None 22 3157 1
1 None 26 3158 1
0.5 None 28 3159 1
1 None 37 3159 0
1 None 24 3161 1
1 None 17 3162 1
1 None 32 3163 3
1 None 21 3163 0
0.5 None 31 3165 3
1 None 3 3165 0
1 None 17 3165 0
2 None 29 3168 2
1 None 8 3168 0
2 None 25 3170 1
1 None 24 3170 0
1 None 39 3172 3
2 None 55 3173 3
-1 None 11 3174 1
2 None 16 3174 0
1 None 21 3176 1
2 None 13 3176 0
1 None 33 3178 1
1 None 15 3179 1
1 None 14 3180 1
1 None 4 3180 0
1 None 23 3180 0
1 None 19 3180 0
1 None 13 3180 0
-1 None 14 3185 2
1 None 41 3185 0
1 None 30 3187 1
2 None 17 3187 0
1 None 20 3189 1
2 None 18 3190 1
2 None 12 3190 0
1 None 27 3190 0
1 None 8 3190 0
1 None 31 3194 2
1 None 23 3194 0
2 None 19 3196 1
2 None 22 3197 1
2 None 15 3197 0
2 None 30 3197 0
2 None 17 3200 1
0.5 None 150 3201 1
1 None 23 3202 2
1 None 32 3203 2
1 None 78 3204 3
1 None 6 3204 0
1 None 41 3206 1
1 None 23 3207 1
-1 None 44 3208 2
1 None 23 3209 1
2 None 4 3209 0
1 None 14 3211 1
1 None 15 3212 1
1 None 14 3212 0
1 None 37 3212 0
1 None 45 3215 1
1 None 59 3216 2
1 None 10 3216 0
1 None 18 3218 1
2 None 13 3219 1
1 None 38 3219 0
2 None 14 3221 2
1 None 19 3221 0
1 None 26 3221 0
1 None 19 3224 3
0.5 None 25 3225 1
1 None 9 3226 1
1 None 23 3226 0
1 None 22 3226 0
1 None 32 3229 2
2 None 32 3229 0
1 None 15 3231 1
-1 None 25 3232 2
1 None 16 3233 1
2 None 11 3233 0
1 None 17 3235 2
-1 None 28 3236 3
1 None 82 3237 3
0.5 None 16 3238 1
-1 None 29 3239 1
1 None 20 3240 1
1 None 11 3240 0
2 None 28 3242 1
0.5 None 37 3242 0
1 None 30 3242 0
1 None 68 3245 2
1 None 6 3245 0
1 None 4 3245 0
1 None 65 3248 3
2 None 11 3248 0
1 None 16 3250 1
1 None 30 3251 3
1 None 22 3252 1
1 None 31 3252 0
0.5 None 13 3252 0
2 None 20 3255 1
1 None 29 3256 1
1 None 33 3257 2
1 None 11 3257 0
1 None 18 3257 0
1 None 32 3257 0
2 None 27 3257 0
2 None 21 3262 1
0.5 None 23 3263 1
1 None 37 3264 2
1 None 26 3265 2
1 None 31 3266 2
2 None 21 3267 1
2 None 9 3268 1
2 None 13 3269 1
1 None 30 3269 0
1 None 45 3269 0
1 None 10 3269 0
2 None 53 3273 3
1 None 33 3274 3
2 None 61 3275 4
1 None 15 3275 0
2 None 17 3277 2
2 None 14 3278 1
1 None 7 3278 0
1 None 16 3278 0
1 None 25 3281 1
1 None 25 3282 1
-1 None 16 3283 2
0.5 None 17 3283 0
2 None 25 3285 1
1 None 15 3285 0
0.5 None 9 3287 2
1 None 13 3287 0
2 None 16 3287 0
2 None 13 3287 0
2 None 23 3291 1
1 None 13 3291 0
1 None 21 3291 0
-1 None 1 3294 1
0.5 None 16 3294 0
1 None 35 3296 1
1 None 14 3296 0
2 None 5 3296 0
1 None 46 3296 0
0.5 None 37 3300 2
-1 None 54 3301 4
-1 None 9 3302 1
1 None 38 3303 2
2 None 48 3304 2
2 None 77 3305 2
1 None 9 3306 1
2 None 54 3307 1
1 None 18 3308 1
2 None 11 3308 0
2 None 34 3310 2
1 None 7 3311 1
1 None 10 3311 0
2 None 73 3313 2
1 None 21 3313 0
1 None 41 3315 2
1 None 19 3315 0
2 None 61 3317 1
-1 None 19 3318 1
1 None 20 3319 1
1 None 15 3319 0
1 None 9 3319 0
1 None 26 3322 1
1 None 73 3323 1
1 None 25 3324 2
2 None 19 3324 0
1 None 69 3326 3
1 None 46 3326 0
1 None 23 3326 0
1 None 14 3329 2
1 None 22 3329 0
1 None 10 3329 0
2 None 13 3329 0
1 None 18 3329 0
1 None 13 3329 0
1 None 7 3329 0
1 None 7 3336 1
1 None 34 3337 2
1 None 11 3337 0
1 None 9 3337 0
0.5 None 14 3337 0
1 None 36 3341 1
1 None 8 3341 0
1 None 29 3343 1
-1 None 21 3344 1
2 None 24 3345 2
0.5 None 18 3345 0
2 None 11 3347 1
1 None 20 3347 0
1 None 26 3349 2
2 None 8 3350 1
1 None 8 3351 1
2 None 9 3351 0
2 None 28 3353 3
2 None 4 3353 0
1 None 56 3355 2
1 None 8 3355 0
1 None 11 3355 0
1 None 23 3358 2
2 None 21 3359 1
1 None 11 3359 0
2 None 16 3361 2
1 None 15 3361 0
1 None 29 3361 0
2 None 14 3361 0
1 None 19 3361 0
2 None 9 3361 0
1 None 9 3361 0
1 None 8 3361 0
1 None 34 3369 2
1 None 22 3370 3
1 None 38 3370 0
1 None 31 3370 0
1 None 81 3370 0
-1 None 29 3374 2
0.5 None 7 3374 0
2 None 13 3376 1
1 None 36 3377 3
1 None 83 3378 2
0.5 None 22 3379 2
2 None 26 3379 0
1 None 16 3379 0
1 None 12 3382 1
1 None 18 3382 0
1 None 17 3382 0
1 None 32 3385 2
1 None 25 3385 0
1 None 8 3385 0
1 None 27 3385 0
1 None 25 3385 0
0.5 None 9 3385 0
1 None 13 3385 0
0.5 None 46 3392 3
1 None 11 3392 0
2 None 28 3394 3
2 None 11 3394 0
1 None 13 3396 2
1 None 30 3397 1
1 None 15 3398 1
1 None 22 3398 0
1 None 67 3400 3
1 None 68 3401 2
2 None 117 3401 0
2 None 52 3403 2
0.5 None 35 3403 0
2 None 28 3403 0
1 None 19 3406 1
2 None 13 3406 0
1 None 47 3406 0
1 None 45 3409 4
1 None 21 3409 0
1 None 47 3411 1
1 None 50 3412 2
1 None 29 3413 1
2 None 9 3413 0
2 None 39 3413 0
2 None 29 3416 1
1 None 23 3416 0
2 None 19 3416 0
1 None 18 3416 0
1 None 14 3416 0
1 None 24 3416 0
1 None 18 3416 0
1 None 11 3416 0
1 None 12 3416 0
1 None 23 3425 1
1 None 32 3426 1
1 None 36 3427 4
1 None 13 3428 2
2 None 38 3429 1
1 None 17 3429 0
1 None 23 3429 0
1 None 10 3432 1
0.5 None 1 3432 0
1 None 16 3434 1
2 None 28 3435 1
1 None 89 3436 3
2 None 27 3437 2
2 None 12 3437 0
1 None 19 3437 0
1 None 17 3437 0
1 None 34 3441 2
2 None 44 3442 5
1 None 11 3443 1
0.5 None 37 3444 2
1 None 35 3445 1
1 None 29 3446 1
1 None 15 3446 0
1 None 21 3448 1
1 None 32 3448 0
-1 None 16 3450 1
1 None 6 3450 0
1 None 27 3450 0
2 None 5 3450 0
1 None 10 3450 0
2 None 21 3455 3
1 None 31 3455 0
2 None 64 3457 5
0.5 None 11 3457 0
2 None 11 3457 0
-1 None 10 3460 1
1 None 25 3461 2
1 None 18 3461 0
0.5 None 36 3461 0
1 None 34 3461 0
2 None 2 3461 0
1 None 8 3466 1
2 None 46 3467 2
-1 None 8 3468 1
1 None 21 3468 0
1 None 18 3470 1
1 None 17 3470 0
1 None 26 3472 1
1 None 17 3473 1
1 None 26 3474 1
0.5 None 37 3474 0
1 None 19 3476 1
2 None 14 3477 2
1 None 7 3477 0
1 None 14 3479 1
1 None 9 3479 0
1 None 13 3479 0
1 None 25 3482 3
1 None 15 3483 1
2 None 7 3483 0
1 None 21 3485 3
1 None 53 3486 5
0.5 None 31 3486 0
1 None 23 3488 1
1 None 17 3488 0
1 None 8 3488 0
2 None 13 3491 1
1 None 16 3491 0
1 None 18 3493 2
1 None 12 3493 0
1 None 18 3493 0
1 None 26 3493 0
1 None 4 3493 0
1 None 16 3493 0
0.5 None 31 3499 1
2 None 35 3500 1
1 None 33 3500 0
2 None 83 3502 3
1 None 23 3502 0
1 None 86 3504 5
1 None 41 3505 3
1 None 46 3506 2
1 None 11 3507 1
0.5 None 53 3508 2
2 None 14 3508 0
1 None 26 3510 1
1 None 11 3511 1
1 None 18 3512 1
1 None 13 3512 0
2 None 22 3514 2
1 None 41 3515 1
1 None 38 3516 1
2 None 31 3517 2
1 None 28 3517 0
2 None 22 3519 1
2 None 21 3520 1
1 None 16 3521 2
1 None 127 3522 4
1 None 23 3522 0
2 None 13 3522 0
1 None 33 3525 1
2 None 14 3526 1
1 None 53 3527 2
1 None 15 3527 0
1 None 4 3527 0
2 None 51 3530 2
1 None 19 3531 1
1 None 25 3532 2
0.5 None 28 3532 0
1 None 21 3532 0
2 None 22 3535 1
1 None 19 3535 0
1 None 25 3537 1
1 None 14 3537 0
1 None 17 3539 2
0.5 None 17 3539 0
-1 None 22 3541 1
1 None 19 3541 0
1 None 17 3543 1
1 None 18 3543 0
1 None 26 3545 1
1 None 21 3545 0
1 None 21 3545 0
1 None 9 3545 0
1 None 25 3549 1
1 None 13 3550 2
1 None 22 3550 0
2 None 12 3552 1
1 None 15 3553 1
1 None 19 3554 2
1 None 21 3555 1
2 None 24 3556 1
1 None 21 3556 0
2 None 22 3558 2
2 None 10 3558 0
1 None 16 3558 0
1 None 22 3558 0
-1 None 25 3562 2
1 None 14 3563 1
2 None 14 3563 0
2 None 7 3563 0
2 None 10 3563 0
1 None 29 3563 0
1 None 42 3563 0
1 None 23 3569 1
1 None 19 3569 0
1 None 15 3571 2
1 None 18 3571 0
1 None 44 3571 0
2 None 12 3574 1
1 None 6 3574 0
-1 None 13 3576 2
1 None 34 3577 1
2 None 23 3578 1
1 None 21 3578 0
0.5 None 12 3580 1
1 None 14 3581 1
0.5 None 24 3582 1
0.5 None 36 3582 0
2 None 13 3582 0
1 None 6 3585 1
1 None 54 3586 3
1 None 10 3587 1
2 None 54 3588 1
1 None 25 3589 1
1 None 33 3589 0
-1 None 4 3591 1
1 None 32 3592 3
1 None 27 3592 0
1 None 8 3592 0
1 None 17 3592 0
2 None 8 3592 0
1 None 29 3597 1
2 None 9 3597 0
