0.5 None 25 2377 0
0.5 None 27 2377 0
1 None 26 2380 2
1 None 13 2380 0
2 None 31 2380 0
1 None 31 2383 2
2 None 31 2384 1
2 None 12 2384 0
1 None 7 2386 1
1 None 32 2387 1
-1 None 12 2388 1
1 None 26 2389 1
1 None 14 2389 0
2 None 33 2389 0
2 None 14 2389 0
2 None 13 2389 0
0.5 None 29 2389 0
2 None 32 2389 0
1 None 35 2389 0
0.5 None 25 2389 0
1 None 16 2389 0
0.5 None 30 2389 0
1 None 18 2400 2
2 None 79 2401 2
2 None 20 2401 0
2 None 105 2401 0
2 None 64 2404 7
-1 None 16 2405 1
0.5 None 37 2406 2
1 None 34 2407 2
2 None 27 2407 0
1 None 17 2409 1
2 None 40 2409 0
1 None 22 2409 0
0.5 None 10 2412 1
2 None 29 2413 1
1 None 21 2414 1
2 None 21 2414 0
2 None 37 2416 2
2 None 56 2417 5
1 None 2 2417 0
2 None 14 2417 0
1 None 36 2417 0
2 None 23 2421 1
1 None 45 2422 1
2 None 25 2423 1
-1 None 7 2424 2
1 None 11 2424 0
2 None 7 2424 0
1 None 13 2427 1
1 None 19 2428 1
1 None 25 2428 0
2 None 29 2428 0
2 None 26 2431 1
1 None 38 2432 1
2 None 8 2432 0
2 None 22 2432 0
1 None 33 2435 1
2 None 18 2436 1
2 None 18 2436 0
2 None 36 2438 3
0.5 None 34 2438 0
2 None 54 2440 3
2 None 12 2440 0
2 None 33 2440 0
2 None 56 2440 0
1 None 8 2440 0
2 None 7 2440 0
-1 None 10 2446 1
2 None 19 2447 2
2 None 32 2448 3
2 None 48 2449 2
2 None 19 2449 0
1 None 14 2451 1
2 None 24 2452 1
2 None 11 2452 0
2 None 28 2454 1
2 None 34 2455 2
2 None 17 2455 0
0.5 None 38 2457 1
2 None 6 2457 0
1 None 14 2457 0
0.5 None 30 2457 0
-1 None 26 2461 4
1 None 31 2461 0
1 None 17 2463 1
1 None 14 2463 0
1 None 12 2465 1
0.5 None 29 2466 1
2 None 58 2467 1
1 None 18 2467 0
1 None 12 2469 3
2 None 13 2470 1
2 None 18 2471 2
2 None 19 2472 1
2 None 13 2472 0
0.5 None 9 2472 0
2 None 86 2472 0
2 None 14 2472 0
1 None 8 2472 0
0.5 None 7 2472 0
2 None 15 2472 0
2 None 14 2472 0
2 None 6 2472 0
1 None 14 2482 1
2 None 31 2482 0
2 None 11 2482 0
2 None 17 2482 0
2 None 17 2486 2
1 None 10 2486 0
2 None 11 2486 0
0.5 None 27 2489 2
2 None 10 2489 0
1 None 16 2489 0
2 None 23 2489 0
2 None 51 2493 2
-1 None 11 2494 2
2 None 34 2495 1
0.5 None 16 2496 1
2 None 8 2496 0
1 None 37 2498 1
1 None 7 2498 0
2 None 34 2500 3
0.5 None 13 2501 2
2 None 53 2501 0
1 None 30 2503 2
1 None 21 2503 0
0.5 None 74 2505 1
1 None 12 2506 1
1 None 29 2506 0
2 None 33 2508 1
-1 None 25 2509 2
2 None 19 2509 0
2 None 6 2511 1
1 None 28 2512 1
2 None 25 2513 3
2 None 4 2514 1
2 None 13 2514 0
2 None 37 2514 0
2 None 18 2517 2
2 None 31 2518 2
2 None 13 2519 1
2 None 9 2519 0
2 None 45 2519 0
2 None 79 2522 2
0.5 None 16 2522 0
1 None 57 2524 3
2 None 13 2525 1
2 None 18 2526 3
1 None 53 2527 3
2 None 6 2527 0
2 None 15 2529 1
2 None 44 2530 1
0.5 None 16 2531 1
1 None 12 2532 1
1 None 42 2533 5
2 None 5 2533 0
2 None 12 2533 0
1 None 10 2533 0
1 None 34 2537 4
1 None 9 2538 1
2 None 39 2538 0
0.5 None 28 2540 1
1 None 16 2541 1
1 None 31 2542 2
2 None 22 2543 1
2 None 10 2543 0
1 None 39 2545 1
1 None 15 2546 1
1 None 14 2546 0
2 None 30 2546 0
2 None 19 2549 1
1 None 26 2550 1
1 None 32 2550 0
0.5 None 55 2550 0
2 None 23 2553 1
1 None 10 2553 0
1 None 8 2555 1
2 None 34 2556 1
2 None 7 2556 0
1 None 7 2556 0
2 None 22 2559 3
2 None 8 2560 1
0.5 None 18 2560 0
1 None 23 2560 0
1 None 29 2563 1
2 None 20 2563 0
2 None 25 2565 1
1 None 14 2566 1
0.5 None 90 2567 3
1 None 32 2568 1
0.5 None 16 2568 0
2 None 10 2570 1
2 None 13 2571 1
2 None 19 2571 0
1 None 8 2571 0
1 None 59 2574 1
1 None 22 2575 1
1 None 17 2575 0
1 None 14 2575 0
1 None 70 2578 2
1 None 16 2578 0
2 None 13 2578 0
2 None 11 2581 1
1 None 5 2581 0
-1 None 5 2583 1
1 None 18 2583 0
0.5 None 8 2583 0
0.5 None 6 2586 1
0.5 None 9 2587 1
0.5 None 9 2587 0
2 None 16 2589 2
2 None 16 2589 0
0.5 None 11 2589 0
2 None 9 2592 1
2 None 43 2593 1
1 None 52 2594 2
2 None 13 2594 0
2 None 26 2594 0
2 None 21 2597 1
2 None 27 2597 0
2 None 17 2597 0
1 None 179 2600 8
1 None 101 2601 1
-1 None 53 2602 4
1 None 42 2602 0
2 None 46 2604 2
1 None 14 2604 0
2 None 61 2606 4
2 None 26 2607 3
0.5 None 23 2607 0
1 None 19 2609 1
0.5 None 14 2609 0
2 None 49 2611 4
2 None 18 2611 0
2 None 8 2611 0
0.5 None 13 2611 0
2 None 16 2615 1
1 None 44 2616 1
0.5 None 5 2616 0
1 None 34 2618 2
0.5 None 31 2619 2
2 None 12 2619 0
2 None 17 2621 1
2 None 14 2621 0
1 None 4 2621 0
1 None 34 2624 1
2 None 49 2625 1
2 None 6 2625 0
2 None 29 2627 2
0.5 None 9 2627 0
1 None 8 2627 0
0.5 None 56 2630 1
1 None 3 2630 0
0.5 None 9 2632 1
2 None 10 2632 0
0.5 None 12 2632 0
2 None 35 2635 1
2 None 7 2635 0
0.5 None 30 2637 2
2 None 21 2637 0
2 None 14 2639 1
1 None 15 2640 1
2 None 20 2641 3
2 None 9 2641 0
2 None 22 2641 0
2 None 11 2641 0
2 None 43 2645 1
2 None 9 2645 0
2 None 48 2647 1
2 None 17 2647 0
1 None 13 2649 1
2 None 3 2649 0
0.5 None 2 2649 0
-1 None 39 2652 2
2 None 18 2653 1
1 None 5 2653 0
2 None 12 2653 0
0.5 None 46 2656 1
1 None 31 2657 1
0.5 None 26 2657 0
2 None 13 2657 0
2 None 11 2660 1
2 None 38 2661 2
0.5 None 25 2662 2
2 None 10 2663 1
2 None 27 2663 0
1 None 4 2663 0
1 None 33 2663 0
2 None 7 2663 0
1 None 11 2663 0
1 None 9 2669 1
1 None 4 2669 0
2 None 51 2671 2
2 None 51 2672 4
1 None 37 2673 3
0.5 None 38 2674 2
1 None 28 2675 2
1 None 16 2676 1
0.5 None 40 2676 0
2 None 15 2678 1
0.5 None 6 2678 0
2 None 29 2680 1
1 None 19 2681 1
0.5 None 12 2681 0
0.5 None 25 2683 1
2 None 21 2684 2
0.5 None 13 2685 1
2 None 15 2685 0
1 None 18 2685 0
2 None 20 2685 0
1 None 14 2689 1
2 None 50 2690 2
2 None 17 2690 0
2 None 21 2690 0
2 None 13 2690 0
1 None 22 2694 2
2 None 20 2695 1
2 None 16 2695 0
2 None 17 2695 0
1 None 9 2695 0
1 None 17 2695 0
1 None 184 2700 4
2 None 89 2701 3
2 None 31 2701 0
1 None 34 2703 2
1 None 20 2704 2
1 None 7 2705 1
2 None 1 2705 0
1 None 22 2705 0
1 None 17 2708 3
2 None 15 2708 0
2 None 62 2710 2
1 None 26 2710 0
1 None 22 2710 0
2 None 10 2710 0
0.5 None 15 2710 0
1 None 11 2710 0
0.5 None 38 2716 1
1 None 2 2716 0
1 None 31 2716 0
2 None 10 2716 0
1 None 18 2716 0
2 None 53 2721 2
-1 None 37 2722 3
2 None 27 2723 1
1 None 56 2724 1
2 None 21 2725 1
1 None 33 2725 0
2 None 17 2725 0
1 None 19 2725 0
2 None 61 2729 3
2 None 38 2729 0
2 None 26 2731 1
0.5 None 21 2732 2
2 None 7 2732 0
1 None 16 2734 1
1 None 38 2734 0
2 None 27 2736 1
2 None 27 2736 0
2 None 18 2738 1
2 None 5 2739 1
0.5 None 19 2739 0
2 None 16 2741 1
2 None 13 2741 0
2 None 13 2741 0
2 None 26 2744 1
1 None 1 2744 0
1 None 28 2746 1
-1 None 39 2747 3
2 None 31 2748 1
0.5 None 5 2748 0
1 None 13 2748 0
2 None 18 2751 1
1 None 14 2751 0
1 None 7 2751 0
2 None 47 2754 4
2 None 28 2755 1
1 None 12 2755 0
2 None 22 2755 0
2 None 26 2758 1
2 None 28 2759 1
1 None 37 2760 2
2 None 24 2761 2
2 None 17 2761 0
1 None 32 2761 0
2 None 21 2764 3
0.5 None 31 2765 3
1 None 3 2765 0
2 None 17 2765 0
2 None 29 2768 1
2 None 8 2769 1
2 None 25 2770 1
1 None 24 2771 2
2 None 39 2772 1
1 None 55 2772 0
0.5 None 11 2772 0
2 None 16 2772 0
2 None 21 2772 0
2 None 13 2772 0
1 None 33 2772 0
1 None 15 2779 1
1 None 14 2779 0
1 None 4 2779 0
0.5 None 23 2779 0
0.5 None 19 2783 1
1 None 13 2783 0
2 None 14 2783 0
2 None 41 2786 2
1 None 30 2787 1
2 None 17 2788 2
1 None 20 2788 0
1 None 18 2790 3
2 None 12 2791 1
1 None 27 2792 4
2 None 8 2792 0
1 None 31 2792 0
2 None 23 2792 0
1 None 19 2792 0
1 None 22 2792 0
-1 None 15 2798 2
1 None 30 2799 1
-1 None 17 2800 1
1 None 150 2801 2
2 None 23 2802 3
2 None 32 2802 0
2 None 78 2804 1
2 None 6 2804 0
2 None 41 2806 2
2 None 23 2806 0
1 None 44 2808 1
1 None 23 2808 0
1 None 4 2810 1
2 None 14 2811 2
1 None 15 2812 1
2 None 14 2812 0
1 None 37 2812 0
0.5 None 45 2815 1
2 None 59 2816 3
1 None 10 2816 0
2 None 18 2818 1
0.5 None 13 2818 0
2 None 38 2820 1
2 None 14 2820 0
1 None 19 2822 2
1 None 26 2822 0
0.5 None 19 2824 3
1 None 25 2825 1
1 None 9 2825 0
2 None 23 2825 0
1 None 22 2825 0
2 None 32 2829 2
-1 None 32 2830 2
0.5 None 15 2831 1
2 None 25 2831 0
1 None 16 2831 0
2 None 11 2831 0
1 None 17 2835 1
0.5 None 28 2835 0
2 None 82 2837 3
2 None 16 2837 0
2 None 29 2839 1
0.5 None 20 2839 0
2 None 11 2839 0
2 None 28 2839 0
0.5 None 37 2843 2
1 None 30 2844 1
1 None 68 2845 2
0.5 None 6 2845 0
1 None 4 2845 0
1 None 65 2848 3
1 None 11 2848 0
1 None 16 2848 0
2 None 30 2848 0
2 None 22 2852 1
1 None 31 2853 2
1 None 13 2854 1
0.5 None 20 2854 0
1 None 29 2856 1
0.5 None 33 2857 1
2 None 11 2858 3
1 None 18 2859 1
2 None 32 2860 1
2 None 27 2860 0
1 None 21 2860 0
1 None 23 2860 0
2 None 37 2864 1
1 None 26 2865 2
2 None 31 2866 1
2 None 21 2867 2
2 None 9 2867 0
2 None 13 2867 0
2 None 30 2867 0
2 None 45 2871 2
2 None 10 2871 0
2 None 53 2873 3
2 None 33 2873 0
1 None 61 2875 2
1 None 15 2875 0
2 None 17 2877 2
1 None 14 2878 3
2 None 7 2878 0
0.5 None 16 2880 2
2 None 25 2881 3
0.5 None 25 2882 1
1 None 16 2882 0
0.5 None 17 2882 0
1 None 25 2885 1
2 None 15 2886 1
1 None 9 2887 1
0.5 None 13 2887 0
2 None 16 2887 0
2 None 13 2890 1
0.5 None 23 2891 1
2 None 13 2891 0
1 None 21 2893 4
2 None 1 2893 0
0.5 None 16 2893 0
0.5 None 35 2896 1
0.5 None 14 2897 1
2 None 5 2897 0
2 None 46 2899 4
1 None 37 2899 0
2 None 54 2901 5
1 None 9 2901 0
1 None 38 2903 3
2 None 48 2904 1
2 None 77 2905 3
1 None 9 2905 0
0.5 None 54 2907 5
2 None 18 2907 0
2 None 11 2909 2
0.5 None 34 2909 0
1 None 7 2911 1
0.5 None 10 2912 1
0.5 None 73 2913 2
1 None 21 2914 1
1 None 41 2914 0
1 None 19 2916 2
2 None 61 2917 1
2 None 19 2917 0
1 None 20 2919 1
1 None 15 2919 0
0.5 None 9 2919 0
1 None 26 2922 1
0.5 None 73 2923 3
2 None 25 2924 1
0.5 None 19 2924 0
-1 None 69 2926 3
2 None 46 2927 5
0.5 None 23 2927 0
1 None 14 2927 0
2 None 22 2930 3
2 None 10 2930 0
2 None 13 2930 0
0.5 None 18 2933 1
2 None 13 2934 1
2 None 7 2935 1
1 None 7 2935 0
2 None 34 2935 0
2 None 11 2935 0
1 None 9 2935 0
2 None 14 2935 0
2 None 36 2941 2
2 None 8 2941 0
2 None 29 2941 0
0.5 None 21 2944 1
2 None 24 2944 0
2 None 18 2944 0
2 None 11 2944 0
2 None 20 2948 1
2 None 26 2949 1
1 None 8 2949 0
2 None 8 2949 0
1 None 9 2949 0
1 None 28 2949 0
2 None 4 2949 0
2 None 56 2955 5
1 None 8 2955 0
0.5 None 11 2955 0
0.5 None 23 2958 1
2 None 21 2958 0
2 None 11 2958 0
2 None 16 2958 0
2 None 15 2962 1
1 None 29 2962 0
1 None 14 2964 2
2 None 19 2965 1
1 None 9 2965 0
1 None 9 2965 0
1 None 8 2965 0
1 None 34 2969 1
2 None 22 2970 1
2 None 38 2971 1
2 None 31 2972 2
1 None 81 2973 1
1 None 29 2973 0
2 None 7 2973 0
1 None 13 2973 0
0.5 None 36 2973 0
2 None 83 2978 1
0.5 None 22 2978 0
0.5 None 26 2978 0
1 None 16 2981 1
1 None 12 2981 0
1 None 18 2983 1
0.5 None 17 2984 1
0.5 None 32 2984 0
2 None 25 2984 0
2 None 8 2984 0
0.5 None 27 2988 1
2 None 25 2988 0
0.5 None 9 2988 0
2 None 13 2988 0
2 None 46 2992 4
2 None 11 2993 1
1 None 28 2993 0
0.5 None 11 2993 0
2 None 13 2993 0
0.5 None 30 2997 1
2 None 15 2998 1
2 None 22 2999 1
1 None 67 2999 0
1 None 68 2999 0
2 None 117 3002 3
2 None 52 3003 1
2 None 35 3004 1
1 None 28 3005 1
1 None 19 3006 1
0.5 None 13 3006 0
1 None 47 3008 4
2 None 45 3008 0
1 None 21 3008 0
0.5 None 47 3011 3
2 None 50 3012 2
1 None 29 3013 1
1 None 9 3014 1
1 None 39 3014 0
1 None 29 3016 2
0.5 None 23 3017 1
2 None 19 3018 1
0.5 None 18 3018 0
2 None 14 3018 0
1 None 24 3018 0
1 None 18 3018 0
0.5 None 11 3018 0
2 None 12 3024 1
2 None 23 3024 0
1 None 32 3024 0
2 None 36 3027 2
1 None 13 3028 1
2 None 38 3028 0
1 None 17 3030 1
0.5 None 23 3030 0
2 None 10 3030 0
0.5 None 1 3030 0
-1 None 16 3034 1
0.5 None 28 3035 2
1 None 89 3036 2
2 None 27 3037 1
2 None 12 3037 0
1 None 19 3037 0
2 None 17 3037 0
2 None 34 3041 3
1 None 44 3042 1
1 None 11 3042 0
2 None 37 3042 0
2 None 35 3045 3
2 None 29 3045 0
0.5 None 15 3045 0
1 None 21 3048 2
2 None 32 3049 1
1 None 16 3049 0
0.5 None 6 3049 0
2 None 27 3052 2
2 None 5 3052 0
2 None 10 3052 0
2 None 21 3052 0
1 None 31 3052 0
0.5 None 64 3057 5
2 None 11 3058 1
2 None 11 3058 0
2 None 10 3058 0
0.5 None 25 3061 3
0.5 None 18 3061 0
2 None 36 3063 1
2 None 34 3063 0
2 None 2 3063 0
0.5 None 8 3063 0
2 None 46 3063 0
1 None 8 3063 0
2 None 21 3063 0
2 None 18 3063 0
2 None 17 3071 1
2 None 26 3072 1
0.5 None 17 3073 1
2 None 26 3074 2
2 None 37 3075 2
1 None 19 3076 1
1 None 14 3076 0
2 None 7 3076 0
1 None 14 3076 0
2 None 9 3076 0
0.5 None 13 3081 2
1 None 25 3081 0
1 None 15 3081 0
2 None 7 3084 1
1 None 21 3084 0
2 None 53 3086 2
0.5 None 31 3087 1
2 None 23 3088 1
2 None 17 3088 0
1 None 8 3088 0
2 None 13 3088 0
0.5 None 16 3088 0
2 None 18 3088 0
1 None 12 3094 1
0.5 None 18 3095 1
2 None 26 3096 2
1 None 4 3096 0
2 None 16 3096 0
0.5 None 31 3099 1
2 None 35 3100 1
2 None 33 3100 0
1 None 83 3102 3
2 None 23 3103 2
2 None 86 3104 3
2 None 41 3105 1
0.5 None 46 3106 1
2 None 11 3106 0
2 None 53 3108 2
1 None 14 3109 2
1 None 26 3109 0
2 None 11 3109 0
-1 None 18 3112 2
1 None 13 3112 0
0.5 None 22 3112 0
1 None 41 3112 0
2 None 38 3112 0
2 None 31 3117 1
1 None 28 3118 2
2 None 22 3119 2
2 None 21 3119 0
2 None 16 3119 0
0.5 None 127 3122 6
1 None 23 3122 0
2 None 13 3124 1
1 None 33 3124 0
1 None 14 3126 1
1 None 53 3126 0
1 None 15 3126 0
2 None 4 3126 0
2 None 51 3130 5
2 None 19 3130 0
1 None 25 3132 1
-1 None 28 3133 2
2 None 21 3134 2
1 None 22 3134 0
0.5 None 19 3134 0
0.5 None 25 3134 0
-1 None 14 3138 1
1 None 17 3138 0
2 None 17 3140 1
2 None 22 3140 0
2 None 19 3140 0
2 None 17 3140 0
2 None 18 3140 0
2 None 26 3140 0
0.5 None 21 3140 0
2 None 21 3140 0
1 None 9 3140 0
2 None 25 3149 2
2 None 13 3149 0
0.5 None 22 3151 1
2 None 12 3151 0
2 None 15 3151 0
0.5 None 19 3151 0
2 None 21 3151 0
2 None 24 3156 1
1 None 21 3156 0
2 None 22 3158 2
0.5 None 10 3158 0
1 None 16 3158 0
1 None 22 3161 1
0.5 None 25 3162 2
1 None 14 3163 1
2 None 14 3164 1
1 None 7 3164 0
-1 None 10 3166 2
2 None 29 3167 1
0.5 None 42 3167 0
2 None 23 3169 1
1 None 19 3170 1
0.5 None 15 3170 0
1 None 18 3172 1
2 None 44 3173 1
0.5 None 12 3173 0
1 None 6 3173 0
2 None 13 3173 0
2 None 34 3177 1
2 None 23 3178 1
0.5 None 21 3179 2
2 None 12 3179 0
1 None 14 3179 0
1 None 24 3182 1
1 None 36 3183 1
1 None 13 3183 0
2 None 6 3183 0
1 None 54 3186 2
2 None 10 3187 1
0.5 None 54 3188 2
0.5 None 25 3188 0
0.5 None 33 3190 1
2 None 4 3190 0
1 None 32 3192 1
2 None 27 3192 0
1 None 8 3192 0
1 None 17 3192 0
1 None 8 3192 0
1 None 29 3197 1
1 None 9 3197 0
