2 None 25 678 2
1 None 27 679 2
2 None 26 680 2
2 None 13 680 0
2 None 31 682 2
2 None 31 682 0
-1 None 31 684 3
1 None 12 684 0
2 None 7 686 1
1 None 32 687 1
0.5 None 12 688 2
0.5 None 26 689 2
0.5 None 14 690 1
0.5 None 33 690 0
1 None 14 692 1
0.5 None 13 693 3
2 None 29 693 0
0.5 None 32 693 0
1 None 35 696 1
0.5 None 25 696 0
1 None 16 696 0
1 None 30 699 2
2 None 18 699 0
1 None 79 701 3
2 None 20 701 0
1 None 105 703 4
2 None 64 704 5
2 None 16 704 0
1 None 37 706 1
2 None 34 706 0
-1 None 27 708 2
2 None 17 709 1
-1 None 40 710 6
2 None 22 711 1
1 None 10 712 1
0.5 None 29 712 0
2 None 21 712 0
2 None 21 715 2
2 None 37 715 0
2 None 56 715 0
2 None 2 715 0
2 None 14 715 0
1 None 36 720 2
2 None 23 720 0
1 None 45 722 2
2 None 25 722 0
2 None 7 724 1
1 None 11 724 0
1 None 7 724 0
2 None 13 724 0
2 None 19 728 1
2 None 25 729 1
-1 None 29 730 2
2 None 26 731 1
1 None 38 732 2
1 None 8 733 1
1 None 22 733 0
0.5 None 33 735 1
2 None 18 735 0
2 None 18 737 1
2 None 36 738 5
-1 None 34 739 3
1 None 54 740 2
2 None 12 740 0
2 None 33 742 1
2 None 56 743 3
1 None 8 743 0
0.5 None 7 743 0
1 None 10 743 0
2 None 19 743 0
0.5 None 32 748 3
1 None 48 749 4
1 None 19 749 0
2 None 14 751 1
1 None 24 752 3
0.5 None 11 753 2
0.5 None 28 754 2
2 None 34 755 1
0.5 None 17 755 0
1 None 38 757 3
1 None 6 757 0
1 None 14 759 2
0.5 None 30 759 0
0.5 None 26 761 3
0.5 None 31 762 1
2 None 17 763 1
2 None 14 763 0
2 None 12 763 0
0.5 None 29 763 0
1 None 58 767 4
1 None 18 768 3
2 None 12 768 0
2 None 13 770 1
1 None 18 770 0
2 None 19 772 1
2 None 13 773 1
1 None 9 773 0
1 None 86 775 2
2 None 14 776 1
-1 None 8 777 2
2 None 7 777 0
1 None 15 777 0
2 None 14 777 0
2 None 6 777 0
2 None 14 777 0
2 None 31 777 0
1 None 11 777 0
0.5 None 17 785 2
1 None 17 786 1
2 None 10 786 0
1 None 11 786 0
2 None 27 789 1
2 None 10 789 0
2 None 16 791 1
1 None 23 791 0
1 None 51 791 0
0.5 None 11 794 1
2 None 34 795 2
2 None 16 796 2
1 None 8 796 0
2 None 37 798 4
1 None 7 798 0
0.5 None 34 800 3
2 None 13 801 2
2 None 53 802 3
1 None 30 802 0
0.5 None 21 804 2
1 None 74 805 2
-1 None 12 806 1
1 None 29 807 1
0.5 None 33 808 1
1 None 25 808 0
2 None 19 810 2
2 None 6 810 0
-1 None 28 812 2
2 None 25 813 2
2 None 4 813 0
2 None 13 815 1
2 None 37 816 2
2 None 18 817 2
2 None 31 818 3
2 None 13 818 0
2 None 9 818 0
0.5 None 45 821 3
2 None 79 822 1
0.5 None 16 822 0
2 None 57 824 1
1 None 13 824 0
1 None 18 826 1
2 None 53 827 1
2 None 6 827 0
2 None 15 827 0
0.5 None 44 830 1
2 None 16 830 0
1 None 12 832 1
1 None 42 833 1
2 None 5 833 0
0.5 None 12 833 0
2 None 10 833 0
1 None 34 833 0
0.5 None 9 833 0
1 None 39 839 1
2 None 28 839 0
2 None 16 841 1
0.5 None 31 842 1
0.5 None 22 842 0
2 None 10 842 0
0.5 None 39 845 1
2 None 15 846 1
1 None 14 847 2
1 None 30 847 0
2 None 19 849 1
2 None 26 849 0
1 None 32 849 0
1 None 55 852 1
1 None 23 853 3
2 None 10 854 1
2 None 8 854 0
2 None 34 856 4
2 None 7 856 0
0.5 None 7 858 1
2 None 22 859 3
1 None 8 859 0
0.5 None 18 861 1
1 None 23 862 1
1 None 29 862 0
1 None 20 864 1
2 None 25 864 0
1 None 14 864 0
2 None 90 867 3
1 None 32 868 4
1 None 16 869 1
2 None 10 869 0
1 None 13 869 0
2 None 19 869 0
-1 None 8 873 2
2 None 59 874 1
2 None 22 875 2
2 None 17 876 2
0.5 None 14 876 0
1 None 70 878 4
2 None 16 878 0
2 None 13 880 1
2 None 11 881 1
2 None 5 881 0
0.5 None 5 883 1
1 None 18 884 1
1 None 8 884 0
1 None 6 884 0
1 None 9 887 1
2 None 9 887 0
1 None 16 887 0
2 None 16 887 0
2 None 11 887 0
2 None 9 887 0
0.5 None 43 893 4
2 None 52 894 2
0.5 None 13 895 2
0.5 None 26 896 1
2 None 21 897 1
2 None 27 898 1
-1 None 17 899 2
0.5 None 179 900 5
1 None 101 901 1
0.5 None 53 902 2
2 None 42 903 1
0.5 None 46 904 1
2 None 14 904 0
2 None 61 906 5
2 None 26 907 6
2 None 23 908 1
2 None 19 909 1
1 None 14 910 1
2 None 49 911 5
-1 None 18 912 3
0.5 None 8 912 0
0.5 None 13 912 0
0.5 None 16 912 0
1 None 44 912 0
1 None 5 912 0
-1 None 34 918 2
2 None 31 919 1
-1 None 12 920 1
0.5 None 17 920 0
0.5 None 14 920 0
1 None 4 920 0
2 None 34 924 2
2 None 49 925 3
2 None 6 925 0
1 None 29 927 2
2 None 9 928 1
0.5 None 8 928 0
2 None 56 930 1
1 None 3 930 0
2 None 9 930 0
2 None 10 933 1
2 None 12 933 0
2 None 35 935 2
1 None 7 936 1
2 None 30 937 2
2 None 21 937 0
2 None 14 939 1
1 None 15 940 1
2 None 20 941 1
2 None 9 941 0
-1 None 22 943 1
2 None 11 944 1
2 None 43 945 2
1 None 9 946 1
1 None 48 946 0
0.5 None 17 946 0
2 None 13 946 0
0.5 None 3 946 0
2 None 2 946 0
2 None 39 952 3
1 None 18 952 0
2 None 5 952 0
1 None 12 952 0
2 None 46 956 3
2 None 31 956 0
2 None 26 958 1
2 None 13 958 0
0.5 None 11 958 0
1 None 38 958 0
2 None 25 962 1
1 None 10 962 0
2 None 27 962 0
1 None 4 962 0
2 None 33 962 0
1 None 7 962 0
1 None 11 968 1
2 None 9 969 1
1 None 4 969 0
1 None 51 971 3
0.5 None 51 972 2
0.5 None 37 973 5
2 None 38 974 3
2 None 28 975 4
2 None 16 976 1
1 None 40 976 0
2 None 15 976 0
1 None 6 979 1
2 None 29 980 3
2 None 19 980 0
1 None 12 980 0
1 None 25 980 0
-1 None 21 984 1
1 None 13 984 0
2 None 15 984 0
2 None 18 987 1
1 None 20 987 0
1 None 14 989 1
2 None 50 990 1
2 None 17 991 3
2 None 21 992 1
0.5 None 13 993 2
0.5 None 22 994 1
2 None 20 995 3
2 None 16 995 0
1 None 17 995 0
1 None 9 995 0
1 None 17 995 0
2 None 184 1000 14
2 None 89 1001 3
2 None 31 1001 0
1 None 34 1003 2
1 None 20 1004 1
-1 None 7 1005 1
1 None 1 1005 0
0.5 None 22 1005 0
2 None 17 1005 0
2 None 15 1005 0
2 None 62 1010 3
2 None 26 1011 1
1 None 22 1012 2
2 None 10 1013 1
1 None 15 1013 0
1 None 11 1013 0
2 None 38 1016 1
1 None 2 1016 0
2 None 31 1018 3
1 None 10 1018 0
1 None 18 1018 0
0.5 None 53 1018 0
2 None 37 1022 1
2 None 27 1023 2
0.5 None 56 1023 0
2 None 21 1023 0
2 None 33 1026 4
1 None 17 1026 0
2 None 19 1026 0
2 None 61 1029 3
2 None 38 1030 2
-1 None 26 1031 1
2 None 21 1032 3
2 None 7 1032 0
2 None 16 1032 0
2 None 38 1032 0
1 None 27 1032 0
1 None 27 1037 1
2 None 18 1038 2
2 None 5 1039 1
2 None 19 1039 0
0.5 None 16 1039 0
2 None 13 1039 0
2 None 13 1043 1
2 None 26 1044 1
2 None 1 1044 0
2 None 28 1046 3
1 None 39 1047 1
2 None 31 1048 1
1 None 5 1048 0
1 None 13 1050 1
0.5 None 18 1051 1
1 None 14 1051 0
1 None 7 1051 0
2 None 47 1054 2
1 None 28 1054 0
2 None 12 1054 0
2 None 22 1054 0
2 None 26 1054 0
1 None 28 1059 4
2 None 37 1060 3
2 None 24 1061 2
0.5 None 17 1062 2
1 None 32 1063 2
1 None 21 1064 1
0.5 None 31 1065 1
1 None 3 1065 0
2 None 17 1065 0
2 None 29 1068 1
1 None 8 1068 0
2 None 25 1068 0
0.5 None 24 1071 1
1 None 39 1072 3
1 None 55 1073 3
1 None 11 1074 1
1 None 16 1074 0
0.5 None 21 1074 0
2 None 13 1077 2
2 None 33 1078 3
0.5 None 15 1079 2
0.5 None 14 1080 1
-1 None 4 1081 1
2 None 23 1082 1
1 None 19 1082 0
0.5 None 13 1082 0
2 None 14 1082 0
-1 None 41 1086 3
2 None 30 1086 0
1 None 17 1086 0
2 None 20 1086 0
2 None 18 1090 2
2 None 12 1091 1
2 None 27 1092 2
0.5 None 8 1092 0
2 None 31 1092 0
1 None 23 1092 0
2 None 19 1092 0
2 None 22 1092 0
1 None 15 1098 1
1 None 30 1098 0
2 None 17 1098 0
0.5 None 150 1101 5
0.5 None 23 1102 1
1 None 32 1102 0
2 None 78 1104 2
1 None 6 1104 0
2 None 41 1104 0
1 None 23 1104 0
1 None 44 1104 0
2 None 23 1104 0
1 None 4 1104 0
2 None 14 1104 0
2 None 15 1104 0
2 None 14 1113 2
0.5 None 37 1114 1
2 None 45 1115 2
2 None 59 1116 2
2 None 10 1116 0
1 None 18 1116 0
1 None 13 1116 0
2 None 38 1116 0
1 None 14 1116 0
2 None 19 1122 1
2 None 26 1123 2
2 None 19 1123 0
2 None 25 1125 1
2 None 9 1125 0
2 None 23 1125 0
1 None 22 1125 0
2 None 32 1125 0
2 None 32 1130 2
2 None 15 1131 1
1 None 25 1132 1
2 None 16 1133 2
1 None 11 1133 0
2 None 17 1135 1
2 None 28 1136 3
0.5 None 82 1137 5
0.5 None 16 1137 0
0.5 None 29 1139 2
2 None 20 1140 1
2 None 11 1140 0
1 None 28 1140 0
0.5 None 37 1143 1
1 None 30 1144 2
2 None 68 1145 2
2 None 6 1145 0
2 None 4 1147 1
2 None 65 1148 1
2 None 11 1149 2
2 None 16 1150 1
1 None 30 1151 1
0.5 None 22 1152 1
0.5 None 31 1152 0
2 None 13 1152 0
2 None 20 1152 0
1 None 29 1156 2
2 None 33 1157 2
2 None 11 1158 1
2 None 18 1158 0
2 None 32 1160 1
1 None 27 1160 0
2 None 21 1160 0
0.5 None 23 1163 1
0.5 None 37 1163 0
2 None 26 1163 0
2 None 31 1163 0
2 None 21 1167 2
2 None 9 1168 1
2 None 13 1168 0
2 None 30 1170 2
2 None 45 1170 0
2 None 10 1170 0
1 None 53 1173 2
2 None 33 1174 1
2 None 61 1174 0
2 None 15 1176 2
0.5 None 17 1177 1
2 None 14 1177 0
2 None 7 1179 1
2 None 16 1180 1
2 None 25 1181 1
2 None 25 1182 2
2 None 16 1183 2
1 None 17 1184 2
2 None 25 1185 1
0.5 None 15 1186 1
-1 None 9 1187 1
1 None 13 1187 0
1 None 16 1189 1
2 None 13 1189 0
1 None 23 1189 0
2 None 13 1189 0
2 None 21 1193 1
1 None 1 1193 0
2 None 16 1195 1
1 None 35 1195 0
1 None 14 1195 0
2 None 5 1198 1
2 None 46 1199 2
2 None 37 1200 2
2 None 54 1201 2
0.5 None 9 1202 1
2 None 38 1202 0
1 None 48 1204 4
1 None 77 1205 4
2 None 9 1205 0
2 None 54 1207 2
1 None 18 1207 0
1 None 11 1207 0
0.5 None 34 1207 0
0.5 None 7 1207 0
2 None 10 1207 0
0.5 None 73 1213 4
2 None 21 1213 0
2 None 41 1215 3
1 None 19 1216 1
2 None 61 1217 1
2 None 19 1217 0
2 None 20 1217 0
1 None 15 1217 0
1 None 9 1217 0
2 None 26 1217 0
2 None 73 1223 8
1 None 25 1224 2
1 None 19 1224 0
2 None 69 1226 3
2 None 46 1227 2
1 None 23 1227 0
0.5 None 14 1229 1
1 None 22 1230 1
2 None 10 1231 1
0.5 None 13 1232 1
1 None 18 1232 0
2 None 13 1232 0
1 None 7 1232 0
1 None 7 1236 1
2 None 34 1237 1
2 None 11 1238 1
2 None 9 1239 1
2 None 14 1240 1
2 None 36 1241 2
2 None 8 1241 0
2 None 29 1243 4
2 None 21 1243 0
1 None 24 1243 0
2 None 18 1243 0
0.5 None 11 1243 0
1 None 20 1248 1
0.5 None 26 1249 1
1 None 8 1249 0
0.5 None 8 1249 0
2 None 9 1249 0
2 None 28 1249 0
1 None 4 1249 0
2 None 56 1255 3
1 None 8 1255 0
2 None 11 1257 1
2 None 23 1257 0
1 None 21 1257 0
0.5 None 11 1260 2
2 None 16 1261 1
1 None 15 1261 0
-1 None 29 1263 2
1 None 14 1264 1
1 None 19 1265 2
2 None 9 1265 0
2 None 9 1265 0
1 None 8 1265 0
2 None 34 1269 1
-1 None 22 1270 1
2 None 38 1271 2
0.5 None 31 1272 1
1 None 81 1273 3
2 None 29 1274 1
2 None 7 1274 0
2 None 13 1276 2
2 None 36 1277 2
-1 None 83 1278 5
1 None 22 1278 0
2 None 26 1280 1
1 None 16 1280 0
0.5 None 12 1280 0
-1 None 18 1283 1
1 None 17 1283 0
2 None 32 1285 1
2 None 25 1286 2
1 None 8 1286 0
0.5 None 27 1286 0
0.5 None 25 1286 0
2 None 9 1286 0
2 None 13 1291 1
2 None 46 1292 2
1 None 11 1293 1
1 None 28 1294 1
2 None 11 1295 1
2 None 13 1295 0
1 None 30 1295 0
2 None 15 1295 0
1 None 22 1295 0
2 None 67 1300 4
2 None 68 1301 3
2 None 117 1302 3
1 None 52 1303 4
1 None 35 1303 0
2 None 28 1303 0
0.5 None 19 1306 2
1 None 13 1307 1
2 None 47 1308 1
2 None 45 1309 2
1 None 21 1309 0
0.5 None 47 1311 1
1 None 50 1312 1
1 None 29 1313 4
2 None 9 1314 2
1 None 39 1315 2
1 None 29 1316 3
1 None 23 1316 0
0.5 None 19 1316 0
0.5 None 18 1319 2
1 None 14 1320 1
-1 None 24 1321 1
2 None 18 1321 0
2 None 11 1323 1
2 None 12 1323 0
2 None 23 1325 1
2 None 32 1326 2
2 None 36 1327 1
2 None 13 1328 2
1 None 38 1329 1
0.5 None 17 1330 1
1 None 23 1330 0
2 None 10 1330 0
2 None 1 1330 0
1 None 16 1330 0
0.5 None 28 1335 1
0.5 None 89 1336 3
1 None 27 1337 1
1 None 12 1338 1
-1 None 19 1339 2
0.5 None 17 1340 2
1 None 34 1341 2
2 None 44 1342 3
0.5 None 11 1342 0
2 None 37 1344 1
2 None 35 1344 0
2 None 29 1344 0
0.5 None 15 1347 2
1 None 21 1347 0
1 None 32 1347 0
2 None 16 1350 2
1 None 6 1350 0
2 None 27 1350 0
2 None 5 1350 0
2 None 10 1350 0
0.5 None 21 1350 0
2 None 31 1350 0
1 None 64 1357 2
0.5 None 11 1358 1
1 None 11 1358 0
1 None 10 1358 0
2 None 25 1358 0
2 None 18 1362 2
2 None 36 1363 2
2 None 34 1364 1
2 None 2 1364 0
2 None 8 1364 0
0.5 None 46 1367 1
1 None 8 1367 0
0.5 None 21 1367 0
0.5 None 18 1367 0
2 None 17 1371 1
1 None 26 1371 0
2 None 17 1373 1
0.5 None 26 1373 0
1 None 37 1373 0
1 None 19 1373 0
2 None 14 1373 0
2 None 7 1373 0
2 None 14 1373 0
0.5 None 9 1380 1
1 None 13 1380 0
0.5 None 25 1380 0
2 None 15 1383 1
2 None 7 1384 1
1 None 21 1385 1
1 None 53 1385 0
2 None 31 1385 0
2 None 23 1385 0
1 None 17 1389 1
2 None 8 1389 0
2 None 13 1389 0
2 None 16 1392 1
1 None 18 1393 2
-1 None 12 1394 2
1 None 18 1395 1
0.5 None 26 1395 0
2 None 4 1397 1
2 None 16 1397 0
2 None 31 1399 2
1 None 35 1400 2
2 None 33 1401 2
2 None 83 1402 2
2 None 23 1402 0
-1 None 86 1404 4
2 None 41 1405 2
2 None 46 1405 0
2 None 11 1405 0
2 None 53 1408 1
1 None 14 1408 0
0.5 None 26 1410 2
2 None 11 1411 1
1 None 18 1412 2
2 None 13 1412 0
2 None 22 1414 1
1 None 41 1415 2
2 None 38 1416 2
2 None 31 1417 2
0.5 None 28 1418 4
-1 None 22 1419 1
2 None 21 1420 2
2 None 16 1420 0
1 None 127 1422 3
2 None 23 1423 1
2 None 13 1424 2
2 None 33 1424 0
-1 None 14 1426 3
-1 None 53 1427 3
0.5 None 15 1427 0
2 None 4 1429 1
2 None 51 1430 1
1 None 19 1431 1
2 None 25 1431 0
2 None 28 1433 2
2 None 21 1433 0
2 None 22 1433 0
1 None 19 1436 2
2 None 25 1437 1
1 None 14 1437 0
1 None 17 1439 1
2 None 17 1440 1
2 None 22 1441 1
0.5 None 19 1442 2
1 None 17 1443 1
1 None 18 1443 0
1 None 26 1443 0
2 None 21 1446 2
2 None 21 1446 0
1 None 9 1446 0
0.5 None 25 1449 1
2 None 13 1450 3
1 None 22 1451 2
2 None 12 1452 1
1 None 15 1452 0
1 None 19 1452 0
2 None 21 1452 0
1 None 24 1452 0
2 None 21 1452 0
2 None 22 1458 2
2 None 10 1458 0
2 None 16 1458 0
2 None 22 1458 0
2 None 25 1458 0
1 None 14 1463 3
0.5 None 14 1463 0
2 None 7 1463 0
2 None 10 1466 1
-1 None 29 1467 1
2 None 42 1468 2
2 None 23 1468 0
2 None 19 1470 2
0.5 None 15 1471 1
2 None 18 1472 2
2 None 44 1473 1
2 None 12 1473 0
2 None 6 1473 0
1 None 13 1473 0
2 None 34 1477 2
1 None 23 1477 0
2 None 21 1477 0
2 None 12 1477 0
1 None 14 1477 0
2 None 24 1477 0
0.5 None 36 1483 2
2 None 13 1483 0
1 None 6 1483 0
2 None 54 1486 3
1 None 10 1486 0
2 None 54 1486 0
0.5 None 25 1486 0
0.5 None 33 1486 0
1 None 4 1486 0
2 None 32 1492 2
2 None 27 1493 2
2 None 8 1494 1
0.5 None 17 1495 2
2 None 8 1496 1
1 None 29 1496 0
2 None 9 1498 1
