None None 0 None 0
2 25 184 0 44
2 50 89 1 13
2 25 31 2 4
12 35 34 3 7
12 30 20 4 2
12 25 7 4 0
10.5 25 1 4 0
12 50 22 7 3
12 40 17 8 2
12 25 15 9 2
2 25 62 10 7
12 25 26 11 2
12 40 22 12 1
12 40 10 13 1
12 30 15 14 1
12 20 11 15 1
12 45 38 16 4
12 30 2 16 0
2 20 31 18 4
12 20 10 19 2
12 20 18 20 1
2 40 53 21 5
2 25 37 22 2
12 40 27 23 6
2 35 56 24 5
12 35 21 25 2
12 35 33 26 2
12 25 17 27 1
12 20 19 28 2
2 25 61 29 6
12 45 38 30 4
12 35 26 30 0
12 25 21 32 3
12 20 7 33 2
12 35 16 34 3
2 25 38 35 7
12 35 27 36 2
12 35 27 37 2
12 45 18 38 2
12 20 5 39 1
12 40 19 40 1
12 20 16 41 2
12 20 13 42 4
12 30 13 43 2
12 40 26 44 4
10.5 25 1 44 0
2 20 28 46 2
12 40 39 47 7
12 35 31 48 2
12 20 5 48 0
12 30 13 48 0
12 20 18 51 3
12 30 14 52 5
12 25 7 52 0
2 35 47 54 2
2 20 28 55 3
12 25 12 56 1
12 40 22 57 3
12 35 26 58 2
12 30 28 59 4
2 30 37 60 3
12 50 24 61 1
12 20 17 62 2
12 45 32 63 5
12 40 21 64 1
2 25 31 65 1
12 35 3 65 0
12 30 17 67 3
12 40 29 68 3
12 30 8 68 0
2 20 25 70 4
12 30 24 70 0
2 20 39 72 4
2 35 55 73 6
10.5 35 11 74 2
12 30 16 74 0
12 35 21 76 2
12 25 13 77 2
10.5 60 33 78 3
12 30 15 79 3
12 20 14 80 4
12 20 4 80 0
12 30 23 82 2
12 45 19 83 1
12 35 13 83 0
12 20 14 85 2
12 45 41 86 4
12 30 30 87 2
12 20 17 88 2
12 20 20 89 1
12 20 18 90 2
12 35 12 90 0
12 50 27 92 5
12 20 8 92 0
12 45 31 94 1
12 30 23 95 1
12 45 19 96 1
12 25 22 97 2
12 30 15 98 3
2 25 30 99 4
0.5 None 17 100 2
2 None 150 101 17
0.5 None 23 102 1
-1 None 32 103 6
1 None 78 104 8
1 None 6 104 0
2 None 41 106 7
-1 None 23 107 3
2 None 44 108 3
2 None 23 109 3
2 None 4 109 0
2 None 14 111 1
1 None 15 112 1
2 None 14 113 3
2 None 37 114 2
2 None 45 115 3
2 None 59 116 8
2 None 10 116 0
1 None 18 118 3
1 None 13 119 2
2 None 38 120 1
0.5 None 14 121 1
2 None 19 121 0
-1 None 26 123 1
2 None 19 124 2
1 None 25 125 3
-1 None 9 126 2
0.5 None 23 127 1
1 None 22 127 0
1 None 32 129 2
0.5 None 32 130 4
1 None 15 130 0
1 None 25 132 2
1 None 16 133 1
2 None 11 134 1
2 None 17 135 2
1 None 28 136 3
2 None 82 137 7
2 None 16 137 0
2 None 29 139 3
1 None 20 139 0
2 None 11 141 1
1 None 28 142 7
0.5 None 37 143 3
2 None 30 144 3
2 None 68 145 1
2 None 6 145 0
1 None 4 145 0
1 None 65 148 7
2 None 11 149 1
1 None 16 149 0
2 None 30 151 2
1 None 22 152 1
1 None 31 153 3
0.5 None 13 154 3
1 None 20 155 1
2 None 29 156 3
1 None 33 157 1
2 None 11 157 0
2 None 18 159 2
1 None 32 160 2
1 None 27 160 0
1 None 21 162 2
1 None 23 163 1
1 None 37 164 4
-1 None 26 165 3
0.5 None 31 166 3
2 None 21 167 1
2 None 9 167 0
2 None 13 167 0
1 None 30 170 2
0.5 None 45 171 3
1 None 10 171 0
2 None 53 173 6
0.5 None 33 174 1
0.5 None 61 175 5
1 None 15 176 1
2 None 17 176 0
1 None 14 176 0
2 None 7 179 1
1 None 16 180 1
1 None 25 181 3
2 None 25 182 1
-1 None 16 183 3
2 None 17 184 1
0.5 None 25 185 3
1 None 15 186 2
1 None 9 187 2
2 None 13 187 0
0.5 None 16 189 1
1 None 13 190 1
2 None 23 191 3
0.5 None 13 192 1
1 None 21 192 0
1 None 1 192 0
2 None 16 195 1
1 None 35 196 1
0.5 None 14 197 1
1 None 5 198 1
-1 None 46 199 3
0.5 None 37 200 4
1 None 54 201 2
-1 None 9 202 1
2 None 38 203 2
0.5 None 48 204 5
1 None 77 205 4
1 None 9 206 1
-1 None 54 207 2
1 None 18 207 0
2 None 11 207 0
1 None 34 207 0
2 None 7 211 1
2 None 10 211 0
1 None 73 213 5
2 None 21 214 1
1 None 41 215 4
2 None 19 215 0
1 None 61 217 7
1 None 19 218 1
2 None 20 219 1
2 None 15 220 1
1 None 9 220 0
2 None 26 222 4
1 None 73 223 3
-1 None 25 224 4
1 None 19 225 1
2 None 69 226 6
1 None 46 227 1
2 None 23 228 2
1 None 14 229 1
1 None 22 229 0
1 None 10 229 0
0.5 None 13 229 0
0.5 None 18 229 0
2 None 13 234 1
2 None 7 234 0
1 None 7 234 0
1 None 34 237 3
1 None 11 238 1
1 None 9 239 1
2 None 14 239 0
1 None 36 241 1
2 None 8 241 0
1 None 29 243 1
2 None 21 243 0
1 None 24 245 4
1 None 18 245 0
1 None 11 245 0
1 None 20 248 1
1 None 26 249 1
1 None 8 249 0
2 None 8 251 1
1 None 9 251 0
1 None 28 253 4
2 None 4 253 0
2 None 56 255 3
1 None 8 255 0
1 None 11 257 1
1 None 23 257 0
2 None 21 259 1
1 None 11 260 1
2 None 16 260 0
2 None 15 260 0
1 None 29 263 1
1 None 14 264 1
0.5 None 19 265 1
2 None 9 265 0
0.5 None 9 267 1
1 None 8 268 2
2 None 34 269 1
2 None 22 269 0
1 None 38 271 4
1 None 31 272 1
1 None 81 273 2
2 None 29 274 2
1 None 7 275 1
2 None 13 275 0
1 None 36 277 1
1 None 83 278 4
2 None 22 279 1
2 None 26 280 1
0.5 None 16 280 0
1 None 12 280 0
1 None 18 280 0
2 None 17 284 3
1 None 32 285 3
0.5 None 25 286 2
1 None 8 286 0
1 None 27 288 2
1 None 25 288 0
2 None 9 290 1
1 None 13 290 0
1 None 46 292 3
2 None 11 292 0
1 None 28 294 5
1 None 11 294 0
2 None 13 294 0
1 None 30 294 0
1 None 15 294 0
0.5 None 22 294 0
2 None 67 300 4
1 None 68 301 6
1 None 117 302 10
1 None 52 303 5
0.5 None 35 304 2
0.5 None 28 305 1
1 None 19 306 1
1 None 13 306 0
1 None 47 308 3
1 None 45 309 4
1 None 21 310 1
1 None 47 311 2
2 None 50 312 2
1 None 29 313 1
1 None 9 313 0
0.5 None 39 313 0
1 None 29 316 1
1 None 23 316 0
2 None 19 318 1
1 None 18 319 4
2 None 14 319 0
1 None 24 321 2
1 None 18 322 1
2 None 11 323 1
1 None 12 323 0
2 None 23 323 0
1 None 32 323 0
2 None 36 327 3
-1 None 13 328 1
2 None 38 329 1
1 None 17 330 3
2 None 23 331 3
2 None 10 331 0
2 None 1 331 0
2 None 16 334 3
1 None 28 335 2
1 None 89 336 2
-1 None 27 337 5
1 None 12 338 1
1 None 19 339 1
-1 None 17 340 3
2 None 34 341 5
1 None 44 342 1
1 None 11 342 0
1 None 37 344 1
1 None 35 345 3
1 None 29 346 3
1 None 15 346 0
1 None 21 348 2
1 None 32 349 1
2 None 16 350 1
2 None 6 350 0
1 None 27 352 2
2 None 5 352 0
0.5 None 10 352 0
2 None 21 352 0
0.5 None 31 356 2
1 None 64 357 3
2 None 11 357 0
1 None 11 357 0
1 None 10 357 0
2 None 25 361 2
1 None 18 362 3
2 None 36 363 1
1 None 34 363 0
2 None 2 363 0
2 None 8 363 0
1 None 46 367 3
1 None 8 368 1
1 None 21 368 0
1 None 18 368 0
1 None 17 368 0
1 None 26 372 2
1 None 17 372 0
1 None 26 374 1
1 None 37 375 3
1 None 19 375 0
0.5 None 14 375 0
1 None 7 375 0
1 None 14 379 1
2 None 9 380 2
2 None 13 380 0
0.5 None 25 382 2
0.5 None 15 382 0
2 None 7 382 0
2 None 21 382 0
-1 None 53 386 3
1 None 31 386 0
1 None 23 388 1
1 None 17 388 0
2 None 8 390 1
2 None 13 391 1
1 None 16 391 0
1 None 18 391 0
0.5 None 12 391 0
1 None 18 395 1
1 None 26 396 1
2 None 4 396 0
1 None 16 396 0
0.5 None 31 396 0
1 None 35 400 3
1 None 33 400 0
1 None 83 402 2
2 None 23 403 3
1 None 86 404 2
1 None 41 405 3
1 None 46 405 0
2 None 11 405 0
2 None 53 408 3
1 None 14 408 0
1 None 26 408 0
2 None 11 408 0
1 None 18 412 1
1 None 13 413 2
1 None 22 413 0
0.5 None 41 415 1
1 None 38 415 0
2 None 31 417 1
2 None 28 418 1
1 None 22 419 1
1 None 21 420 1
1 None 16 421 1
1 None 127 422 6
2 None 23 422 0
2 None 13 424 1
2 None 33 425 1
1 None 14 426 2
1 None 53 427 7
1 None 15 427 0
2 None 4 427 0
1 None 51 427 0
1 None 19 431 2
1 None 25 432 1
1 None 28 433 1
1 None 21 434 1
2 None 22 435 7
-1 None 19 436 3
1 None 25 437 1
2 None 14 437 0
1 None 17 439 1
0.5 None 17 440 2
1 None 22 440 0
1 None 19 442 1
2 None 17 442 0
2 None 18 442 0
2 None 26 442 0
2 None 21 446 1
2 None 21 447 1
2 None 9 448 2
1 None 25 449 2
0.5 None 13 450 2
1 None 22 451 2
2 None 12 452 1
1 None 15 452 0
1 None 19 454 3
1 None 21 455 1
1 None 24 456 1
0.5 None 21 457 2
1 None 22 458 2
1 None 10 458 0
1 None 16 460 1
1 None 22 461 3
-1 None 25 462 1
2 None 14 463 1
1 None 14 464 2
2 None 7 465 1
-1 None 10 466 1
1 None 29 467 1
1 None 42 468 4
1 None 23 469 2
1 None 19 469 0
2 None 15 471 2
1 None 18 472 2
1 None 44 473 1
2 None 12 474 2
2 None 6 474 0
1 None 13 476 1
1 None 34 476 0
2 None 23 478 2
0.5 None 21 479 1
0.5 None 12 479 0
1 None 14 481 1
1 None 24 481 0
1 None 36 483 3
1 None 13 483 0
2 None 6 483 0
1 None 54 486 5
2 None 10 487 1
-1 None 54 488 6
2 None 25 488 0
1 None 33 490 1
1 None 4 490 0
1 None 32 492 1
2 None 27 492 0
1 None 8 494 2
2 None 17 494 0
1 None 8 496 2
2 None 29 497 1
2 None 9 498 1
