1 None 25 1278 1
1 None 27 1278 0
2 None 26 1280 1
2 None 13 1280 0
1 None 31 1282 1
0.5 None 31 1283 2
0.5 None 31 1284 3
0.5 None 12 1284 0
2 None 7 1284 0
0.5 None 32 1287 2
2 None 12 1287 0
2 None 26 1289 2
1 None 14 1290 1
2 None 33 1291 2
2 None 14 1291 0
2 None 13 1291 0
0.5 None 29 1294 4
1 None 32 1295 3
2 None 35 1296 2
2 None 25 1296 0
2 None 16 1296 0
2 None 30 1296 0
1 None 18 1296 0
2 None 79 1301 4
2 None 20 1301 0
2 None 105 1303 4
2 None 64 1304 2
2 None 16 1305 1
2 None 37 1305 0
2 None 34 1307 1
1 None 27 1307 0
2 None 17 1309 1
2 None 40 1310 1
1 None 22 1310 0
0.5 None 10 1312 1
2 None 29 1312 0
2 None 21 1314 1
2 None 21 1314 0
0.5 None 37 1316 4
0.5 None 56 1317 3
1 None 2 1317 0
0.5 None 14 1317 0
0.5 None 36 1317 0
0.5 None 23 1321 1
2 None 45 1322 1
2 None 25 1323 2
1 None 7 1323 0
2 None 11 1323 0
2 None 7 1323 0
2 None 13 1323 0
1 None 19 1323 0
1 None 25 1323 0
2 None 29 1323 0
2 None 26 1323 0
1 None 38 1332 2
1 None 8 1332 0
0.5 None 22 1334 2
0.5 None 33 1335 1
2 None 18 1336 2
2 None 18 1336 0
2 None 36 1338 2
2 None 34 1339 1
0.5 None 54 1340 1
0.5 None 12 1341 1
2 None 33 1342 1
0.5 None 56 1343 3
1 None 8 1343 0
0.5 None 7 1343 0
2 None 10 1346 1
2 None 19 1346 0
0.5 None 32 1348 1
2 None 48 1349 2
1 None 19 1350 3
2 None 14 1350 0
-1 None 24 1352 2
1 None 11 1353 1
2 None 28 1353 0
1 None 34 1355 3
1 None 17 1356 1
2 None 38 1356 0
2 None 6 1358 1
1 None 14 1358 0
2 None 30 1360 1
0.5 None 26 1361 2
2 None 31 1362 4
2 None 17 1363 1
2 None 14 1364 1
1 None 12 1365 1
1 None 29 1365 0
1 None 58 1365 0
1 None 18 1368 1
2 None 12 1368 0
2 None 13 1370 1
1 None 18 1370 0
2 None 19 1370 0
2 None 13 1370 0
2 None 9 1370 0
0.5 None 86 1375 7
2 None 14 1375 0
1 None 8 1375 0
2 None 7 1375 0
-1 None 15 1379 1
2 None 14 1379 0
2 None 6 1379 0
2 None 14 1382 1
2 None 31 1383 1
1 None 11 1384 1
2 None 17 1384 0
2 None 17 1384 0
2 None 10 1387 1
2 None 11 1387 0
2 None 27 1389 2
1 None 10 1389 0
2 None 16 1389 0
0.5 None 23 1392 2
2 None 51 1393 2
1 None 11 1393 0
2 None 34 1395 1
0.5 None 16 1396 1
1 None 8 1396 0
-1 None 37 1398 1
2 None 7 1398 0
0.5 None 34 1400 1
2 None 13 1401 1
2 None 53 1402 3
1 None 30 1403 1
2 None 21 1403 0
2 None 74 1405 5
0.5 None 12 1406 1
2 None 29 1406 0
0.5 None 33 1408 1
0.5 None 25 1409 4
2 None 19 1410 1
2 None 6 1411 1
1 None 28 1411 0
2 None 25 1413 4
2 None 4 1413 0
0.5 None 13 1415 1
0.5 None 37 1416 2
-1 None 18 1417 4
2 None 31 1418 1
0.5 None 13 1418 0
2 None 9 1418 0
2 None 45 1418 0
0.5 None 79 1422 3
0.5 None 16 1422 0
2 None 57 1424 2
1 None 13 1424 0
2 None 18 1424 0
2 None 53 1427 1
1 None 6 1427 0
1 None 15 1427 0
0.5 None 44 1430 1
1 None 16 1430 0
2 None 12 1430 0
2 None 42 1433 1
0.5 None 5 1433 0
0.5 None 12 1433 0
2 None 10 1433 0
0.5 None 34 1433 0
1 None 9 1433 0
2 None 39 1439 2
2 None 28 1440 4
1 None 16 1440 0
2 None 31 1440 0
0.5 None 22 1440 0
1 None 10 1440 0
2 None 39 1440 0
1 None 15 1446 1
0.5 None 14 1446 0
2 None 30 1446 0
2 None 19 1446 0
0.5 None 26 1450 1
2 None 32 1450 0
2 None 55 1452 2
2 None 23 1452 0
0.5 None 10 1452 0
1 None 8 1452 0
1 None 34 1452 0
2 None 7 1452 0
1 None 7 1452 0
2 None 22 1459 1
2 None 8 1459 0
2 None 18 1459 0
1 None 23 1459 0
2 None 29 1463 2
2 None 20 1463 0
0.5 None 25 1463 0
0.5 None 14 1463 0
2 None 90 1467 7
2 None 32 1468 2
0.5 None 16 1468 0
2 None 10 1468 0
2 None 13 1471 3
1 None 19 1472 1
2 None 8 1473 1
2 None 59 1474 3
2 None 22 1474 0
2 None 17 1474 0
2 None 14 1474 0
2 None 70 1478 2
2 None 16 1479 3
2 None 13 1479 0
2 None 11 1479 0
2 None 5 1479 0
1 None 5 1479 0
2 None 18 1484 1
1 None 8 1484 0
2 None 6 1486 1
2 None 9 1486 0
2 None 9 1488 1
2 None 16 1488 0
2 None 16 1490 2
2 None 11 1491 1
-1 None 9 1492 1
2 None 43 1492 0
1 None 52 1494 4
2 None 13 1495 2
2 None 26 1495 0
2 None 21 1497 2
2 None 27 1497 0
2 None 17 1497 0
-1 None 179 1500 8
2 None 101 1501 2
0.5 None 53 1502 1
0.5 None 42 1502 0
2 None 46 1504 2
0.5 None 14 1505 2
0.5 None 61 1506 3
2 None 26 1507 1
2 None 23 1508 2
2 None 19 1508 0
2 None 14 1508 0
0.5 None 49 1511 1
2 None 18 1511 0
1 None 8 1513 1
1 None 13 1513 0
2 None 16 1513 0
2 None 44 1516 2
1 None 5 1516 0
1 None 34 1518 1
0.5 None 31 1519 2
-1 None 12 1520 2
1 None 17 1520 0
0.5 None 14 1520 0
2 None 4 1520 0
0.5 None 34 1524 2
2 None 49 1525 1
1 None 6 1525 0
1 None 29 1527 2
2 None 9 1527 0
1 None 8 1527 0
2 None 56 1530 1
1 None 3 1530 0
2 None 9 1532 1
1 None 10 1532 0
1 None 12 1534 3
2 None 35 1535 2
1 None 7 1536 1
2 None 30 1537 1
2 None 21 1537 0
1 None 14 1539 2
1 None 15 1540 1
0.5 None 20 1541 1
0.5 None 9 1542 1
1 None 22 1543 1
1 None 11 1543 0
2 None 43 1545 1
2 None 9 1545 0
2 None 48 1547 3
2 None 17 1547 0
2 None 13 1547 0
2 None 3 1547 0
1 None 2 1547 0
1 None 39 1552 2
2 None 18 1553 2
2 None 5 1554 1
1 None 12 1555 1
2 None 46 1556 3
2 None 31 1557 1
2 None 26 1558 1
2 None 13 1558 0
2 None 11 1558 0
2 None 38 1561 1
2 None 25 1561 0
2 None 10 1561 0
-1 None 27 1564 3
2 None 4 1564 0
2 None 33 1564 0
1 None 7 1567 1
1 None 11 1567 0
2 None 9 1569 1
0.5 None 4 1569 0
2 None 51 1571 4
1 None 51 1572 1
2 None 37 1573 2
2 None 38 1573 0
1 None 28 1575 1
2 None 16 1575 0
2 None 40 1577 1
1 None 15 1578 2
1 None 6 1579 1
0.5 None 29 1579 0
2 None 19 1579 0
1 None 12 1579 0
0.5 None 25 1583 1
2 None 21 1584 4
1 None 13 1584 0
1 None 15 1584 0
2 None 18 1587 2
2 None 20 1588 1
2 None 14 1589 2
0.5 None 50 1590 3
2 None 17 1591 2
1 None 21 1592 1
2 None 13 1592 0
2 None 22 1592 0
-1 None 20 1595 3
2 None 16 1595 0
0.5 None 17 1595 0
2 None 9 1595 0
1 None 17 1599 2
0.5 None 184 1600 6
1 None 89 1601 3
2 None 31 1602 2
2 None 34 1603 3
0.5 None 20 1603 0
2 None 7 1603 0
1 None 1 1603 0
2 None 22 1607 1
0.5 None 17 1607 0
2 None 15 1607 0
2 None 62 1610 3
2 None 26 1611 1
-1 None 22 1612 3
0.5 None 10 1612 0
2 None 15 1612 0
2 None 11 1615 1
2 None 38 1615 0
-1 None 2 1617 1
-1 None 31 1618 1
1 None 10 1619 1
2 None 18 1619 0
0.5 None 53 1621 4
0.5 None 37 1622 2
1 None 27 1623 1
0.5 None 56 1624 1
1 None 21 1625 1
2 None 33 1626 1
2 None 17 1626 0
2 None 19 1628 1
2 None 61 1629 1
0.5 None 38 1629 0
1 None 26 1629 0
1 None 21 1632 1
2 None 7 1632 0
1 None 16 1634 1
1 None 38 1635 2
2 None 27 1636 1
2 None 27 1636 0
2 None 18 1638 1
1 None 5 1639 1
1 None 19 1640 2
0.5 None 16 1641 3
2 None 13 1641 0
2 None 13 1641 0
2 None 26 1644 2
2 None 1 1644 0
1 None 28 1644 0
2 None 39 1647 1
2 None 31 1647 0
2 None 5 1647 0
2 None 13 1647 0
0.5 None 18 1651 1
0.5 None 14 1652 1
2 None 7 1653 1
1 None 47 1654 2
2 None 28 1654 0
2 None 12 1654 0
0.5 None 22 1657 2
2 None 26 1657 0
1 None 28 1657 0
2 None 37 1657 0
2 None 24 1657 0
1 None 17 1657 0
2 None 32 1657 0
2 None 21 1664 2
2 None 31 1664 0
1 None 3 1664 0
0.5 None 17 1664 0
2 None 29 1668 1
1 None 8 1668 0
2 None 25 1668 0
1 None 24 1671 1
2 None 39 1672 2
1 None 55 1673 1
1 None 11 1673 0
1 None 16 1675 1
1 None 21 1675 0
2 None 13 1677 1
0.5 None 33 1678 1
2 None 15 1678 0
2 None 14 1678 0
1 None 4 1681 1
1 None 23 1681 0
2 None 19 1681 0
1 None 13 1681 0
0.5 None 14 1681 0
2 None 41 1686 1
1 None 30 1687 1
2 None 17 1687 0
-1 None 20 1689 1
1 None 18 1690 1
1 None 12 1690 0
1 None 27 1692 1
2 None 8 1692 0
2 None 31 1694 1
2 None 23 1695 2
1 None 19 1695 0
2 None 22 1695 0
1 None 15 1695 0
1 None 30 1699 1
2 None 17 1699 0
1 None 150 1701 6
1 None 23 1702 2
1 None 32 1703 1
2 None 78 1704 3
1 None 6 1704 0
2 None 41 1704 0
2 None 23 1707 1
0.5 None 44 1708 3
1 None 23 1709 1
1 None 4 1709 0
2 None 14 1709 0
1 None 15 1709 0
2 None 14 1709 0
2 None 37 1709 0
1 None 45 1715 1
2 None 59 1716 3
2 None 10 1717 1
2 None 18 1717 0
2 None 13 1717 0
1 None 38 1720 1
1 None 14 1720 0
2 None 19 1720 0
0.5 None 26 1720 0
2 None 19 1720 0
1 None 25 1720 0
0.5 None 9 1720 0
2 None 23 1720 0
0.5 None 22 1720 0
2 None 32 1720 0
1 None 32 1730 2
2 None 15 1730 0
1 None 25 1730 0
2 None 16 1733 1
2 None 11 1733 0
2 None 17 1733 0
2 None 28 1733 0
2 None 82 1737 2
2 None 16 1737 0
2 None 29 1739 1
0.5 None 20 1739 0
2 None 11 1739 0
2 None 28 1739 0
2 None 37 1743 2
2 None 30 1743 0
2 None 68 1745 2
-1 None 6 1746 1
0.5 None 4 1747 1
2 None 65 1748 1
0.5 None 11 1748 0
2 None 16 1748 0
1 None 30 1751 1
0.5 None 22 1751 0
1 None 31 1753 1
2 None 13 1753 0
2 None 20 1755 1
2 None 29 1755 0
1 None 33 1757 1
2 None 11 1758 1
2 None 18 1758 0
2 None 32 1758 0
2 None 27 1758 0
2 None 21 1758 0
2 None 23 1763 2
0.5 None 37 1763 0
2 None 26 1765 1
2 None 31 1766 1
2 None 21 1766 0
2 None 9 1766 0
2 None 13 1769 1
0.5 None 30 1769 0
0.5 None 45 1771 1
2 None 10 1771 0
0.5 None 53 1773 1
1 None 33 1774 1
2 None 61 1775 2
2 None 15 1775 0
2 None 17 1777 2
2 None 14 1777 0
2 None 7 1777 0
2 None 16 1777 0
2 None 25 1777 0
2 None 25 1782 2
2 None 16 1782 0
2 None 17 1782 0
2 None 25 1782 0
1 None 15 1786 2
1 None 9 1786 0
2 None 13 1788 1
2 None 16 1789 1
2 None 13 1789 0
0.5 None 23 1789 0
2 None 13 1792 1
1 None 21 1793 1
2 None 1 1793 0
0.5 None 16 1793 0
0.5 None 35 1793 0
2 None 14 1797 1
2 None 5 1797 0
1 None 46 1799 1
2 None 37 1800 6
2 None 54 1801 2
2 None 9 1801 0
2 None 38 1803 1
2 None 48 1804 2
2 None 77 1805 2
2 None 9 1805 0
0.5 None 54 1807 2
1 None 18 1808 1
0.5 None 11 1808 0
2 None 34 1810 1
2 None 7 1810 0
2 None 10 1810 0
2 None 73 1813 6
2 None 21 1813 0
2 None 41 1815 2
2 None 19 1815 0
2 None 61 1817 3
1 None 19 1817 0
2 None 20 1819 1
2 None 15 1819 0
1 None 9 1819 0
2 None 26 1822 1
2 None 73 1823 3
1 None 25 1823 0
0.5 None 19 1825 1
2 None 69 1826 4
2 None 46 1827 1
1 None 23 1828 1
2 None 14 1829 1
2 None 22 1829 0
1 None 10 1829 0
2 None 13 1832 2
0.5 None 18 1832 0
0.5 None 13 1834 1
2 None 7 1834 0
0.5 None 7 1834 0
0.5 None 34 1837 1
1 None 11 1837 0
1 None 9 1839 1
2 None 14 1840 1
2 None 36 1841 3
1 None 8 1841 0
2 None 29 1841 0
2 None 21 1844 1
2 None 24 1844 0
2 None 18 1844 0
2 None 11 1844 0
2 None 20 1848 1
2 None 26 1849 1
2 None 8 1849 0
0.5 None 8 1851 1
0.5 None 9 1852 1
0.5 None 28 1853 1
0.5 None 4 1853 0
2 None 56 1853 0
1 None 8 1853 0
0.5 None 11 1853 0
1 None 23 1853 0
2 None 21 1859 2
2 None 11 1860 1
2 None 16 1860 0
1 None 15 1862 1
2 None 29 1863 1
0.5 None 14 1863 0
2 None 19 1863 0
0.5 None 9 1863 0
2 None 9 1867 1
2 None 8 1867 0
0.5 None 34 1867 0
0.5 None 22 1867 0
2 None 38 1871 1
0.5 None 31 1872 2
0.5 None 81 1872 0
2 None 29 1872 0
2 None 7 1872 0
2 None 13 1872 0
0.5 None 36 1877 1
2 None 83 1878 4
-1 None 22 1879 1
1 None 26 1879 0
2 None 16 1879 0
2 None 12 1882 1
0.5 None 18 1882 0
2 None 17 1882 0
1 None 32 1882 0
1 None 25 1886 1
-1 None 8 1887 1
2 None 27 1888 1
2 None 25 1889 1
2 None 9 1890 1
2 None 13 1891 2
2 None 46 1892 3
1 None 11 1893 1
0.5 None 28 1894 1
2 None 11 1894 0
2 None 13 1894 0
2 None 30 1897 1
1 None 15 1897 0
1 None 22 1897 0
2 None 67 1900 3
2 None 68 1901 2
2 None 117 1902 4
2 None 52 1903 2
2 None 35 1904 2
2 None 28 1904 0
0.5 None 19 1906 1
2 None 13 1906 0
0.5 None 47 1906 0
2 None 45 1909 6
2 None 21 1909 0
1 None 47 1911 3
2 None 50 1912 7
1 None 29 1912 0
2 None 9 1912 0
0.5 None 39 1915 1
2 None 29 1916 5
0.5 None 23 1917 2
2 None 19 1918 1
0.5 None 18 1919 1
2 None 14 1920 1
2 None 24 1920 0
2 None 18 1922 1
2 None 11 1923 1
1 None 12 1923 0
0.5 None 23 1923 0
2 None 32 1926 1
2 None 36 1926 0
2 None 13 1928 1
2 None 38 1929 3
2 None 17 1930 1
2 None 23 1930 0
2 None 10 1930 0
1 None 1 1930 0
2 None 16 1930 0
0.5 None 28 1930 0
1 None 89 1936 2
2 None 27 1936 0
2 None 12 1938 2
2 None 19 1938 0
2 None 17 1940 1
0.5 None 34 1940 0
0.5 None 44 1942 4
2 None 11 1942 0
2 None 37 1944 1
2 None 35 1945 2
2 None 29 1946 1
2 None 15 1946 0
0.5 None 21 1946 0
-1 None 32 1949 2
2 None 16 1950 2
2 None 6 1950 0
0.5 None 27 1952 1
2 None 5 1952 0
2 None 10 1952 0
1 None 21 1952 0
2 None 31 1956 3
2 None 64 1957 4
-1 None 11 1958 1
2 None 11 1958 0
1 None 10 1958 0
0.5 None 25 1961 1
2 None 18 1961 0
0.5 None 36 1961 0
2 None 34 1964 1
2 None 2 1964 0
1 None 8 1964 0
2 None 46 1964 0
2 None 8 1964 0
2 None 21 1964 0
0.5 None 18 1970 1
2 None 17 1970 0
0.5 None 26 1972 2
1 None 17 1972 0
2 None 26 1974 1
0.5 None 37 1975 2
2 None 19 1976 1
2 None 14 1976 0
0.5 None 7 1976 0
1 None 14 1976 0
2 None 9 1976 0
0.5 None 13 1981 1
0.5 None 25 1982 1
1 None 15 1982 0
2 None 7 1982 0
1 None 21 1982 0
0.5 None 53 1986 4
0.5 None 31 1986 0
0.5 None 23 1988 2
0.5 None 17 1989 2
2 None 8 1989 0
2 None 13 1991 2
1 None 16 1992 2
2 None 18 1993 2
2 None 12 1993 0
2 None 18 1993 0
1 None 26 1996 2
2 None 4 1996 0
2 None 16 1996 0
2 None 31 1999 3
-1 None 35 2000 1
2 None 33 2001 3
0.5 None 83 2002 6
2 None 23 2003 1
1 None 86 2004 6
2 None 41 2004 0
0.5 None 46 2006 3
1 None 11 2006 0
1 None 53 2006 0
2 None 14 2006 0
1 None 26 2010 2
1 None 11 2010 0
0.5 None 18 2012 2
2 None 13 2013 1
2 None 22 2013 0
0.5 None 41 2015 1
2 None 38 2015 0
2 None 31 2017 2
2 None 28 2017 0
1 None 22 2019 1
0.5 None 21 2019 0
2 None 16 2019 0
2 None 127 2022 4
-1 None 23 2023 2
2 None 13 2024 3
2 None 33 2024 0
2 None 14 2024 0
0.5 None 53 2027 2
1 None 15 2027 0
1 None 4 2027 0
2 None 51 2027 0
1 None 19 2031 2
1 None 25 2031 0
-1 None 28 2033 2
2 None 21 2033 0
1 None 22 2035 1
2 None 19 2035 0
2 None 25 2037 1
1 None 14 2038 1
2 None 17 2038 0
2 None 17 2038 0
2 None 22 2041 2
2 None 19 2042 2
2 None 17 2043 1
2 None 18 2043 0
2 None 26 2043 0
2 None 21 2043 0
2 None 21 2043 0
0.5 None 9 2043 0
2 None 25 2043 0
2 None 13 2050 1
1 None 22 2050 0
1 None 12 2050 0
2 None 15 2053 1
2 None 19 2054 1
0.5 None 21 2055 2
1 None 24 2056 3
2 None 21 2056 0
0.5 None 22 2056 0
2 None 10 2056 0
2 None 16 2060 1
0.5 None 22 2061 1
1 None 25 2061 0
2 None 14 2061 0
2 None 14 2064 1
1 None 7 2064 0
2 None 10 2064 0
2 None 29 2067 2
2 None 42 2067 0
2 None 23 2069 1
2 None 19 2069 0
2 None 15 2071 1
0.5 None 18 2071 0
1 None 44 2073 2
2 None 12 2074 2
1 None 6 2074 0
2 None 13 2074 0
2 None 34 2077 2
0.5 None 23 2077 0
2 None 21 2077 0
2 None 12 2077 0
1 None 14 2081 1
2 None 24 2082 1
2 None 36 2083 1
1 None 13 2084 1
1 None 6 2084 0
0.5 None 54 2086 5
2 None 10 2086 0
1 None 54 2088 2
2 None 25 2089 1
2 None 33 2090 3
1 None 4 2090 0
0.5 None 32 2090 0
1 None 27 2090 0
-1 None 8 2094 1
2 None 17 2094 0
2 None 8 2094 0
2 None 29 2097 1
2 None 9 2097 0
