1 None 25 1873 0
1 None 27 1879 1
1 None 26 1880 2
1 None 13 1880 0
1 None 31 1882 2
1 None 31 1882 0
1 None 31 1884 1
1 None 12 1884 0
1 None 7 1884 0
2 None 32 1887 3
1 None 12 1888 1
1 None 26 1888 0
1 None 14 1890 1
1 None 33 1891 1
1 None 14 1892 1
1 None 13 1893 1
2 None 29 1894 2
1 None 32 1894 0
1 None 35 1896 1
1 None 25 1896 0
1 None 16 1896 0
1 None 30 1896 0
1 None 18 1896 0
1 None 79 1901 5
-1 None 20 1902 2
1 None 105 1903 2
1 None 64 1903 0
1 None 16 1903 0
2 None 37 1906 1
0.5 None 34 1906 0
-1 None 27 1908 1
1 None 17 1909 1
2 None 40 1909 0
2 None 22 1911 1
1 None 10 1911 0
1 None 29 1911 0
1 None 21 1911 0
2 None 21 1911 0
2 None 37 1911 0
2 None 56 1917 3
2 None 2 1917 0
-1 None 14 1919 2
1 None 36 1920 1
1 None 23 1921 1
1 None 45 1922 1
1 None 25 1923 1
1 None 7 1923 0
1 None 11 1925 2
0.5 None 7 1926 2
1 None 13 1926 0
1 None 19 1928 1
-1 None 25 1929 1
1 None 29 1930 1
1 None 26 1930 0
2 None 38 1932 1
1 None 8 1932 0
1 None 22 1934 1
1 None 33 1934 0
1 None 18 1934 0
1 None 18 1937 2
1 None 36 1938 1
1 None 34 1939 3
2 None 54 1940 2
1 None 12 1940 0
2 None 33 1942 1
1 None 56 1943 2
1 None 8 1943 0
2 None 7 1943 0
1 None 10 1946 1
1 None 19 1947 1
0.5 None 32 1948 1
1 None 48 1949 1
2 None 19 1950 1
2 None 14 1951 2
1 None 24 1952 2
2 None 11 1952 0
1 None 28 1954 1
2 None 34 1955 1
2 None 17 1956 1
1 None 38 1957 1
1 None 6 1957 0
1 None 14 1957 0
2 None 30 1957 0
2 None 26 1961 3
1 None 31 1961 0
1 None 17 1963 1
1 None 14 1964 2
1 None 12 1964 0
1 None 29 1964 0
1 None 58 1967 2
1 None 18 1967 0
1 None 12 1967 0
1 None 13 1967 0
2 None 18 1971 2
1 None 19 1971 0
2 None 13 1971 0
1 None 9 1971 0
1 None 86 1975 4
1 None 14 1976 1
-1 None 8 1977 2
1 None 7 1977 0
1 None 15 1977 0
2 None 14 1980 1
2 None 6 1981 2
1 None 14 1981 0
1 None 31 1983 1
-1 None 11 1984 1
2 None 17 1985 1
1 None 17 1985 0
1 None 10 1985 0
0.5 None 11 1985 0
1 None 27 1985 0
2 None 10 1990 2
1 None 16 1991 1
2 None 23 1992 1
1 None 51 1993 3
1 None 11 1993 0
0.5 None 34 1995 2
1 None 16 1996 1
1 None 8 1996 0
2 None 37 1998 1
2 None 7 1999 1
1 None 34 2000 3
2 None 13 2001 1
2 None 53 2002 1
1 None 30 2003 1
2 None 21 2004 1
1 None 74 2004 0
1 None 12 2004 0
2 None 29 2007 2
1 None 33 2007 0
1 None 25 2009 2
2 None 19 2010 1
2 None 6 2010 0
1 None 28 2012 3
2 None 25 2013 2
1 None 4 2013 0
2 None 13 2013 0
1 None 37 2016 3
-1 None 18 2017 1
2 None 31 2018 3
2 None 13 2018 0
1 None 9 2020 1
1 None 45 2021 1
1 None 79 2022 4
2 None 16 2022 0
1 None 57 2024 3
1 None 13 2025 1
1 None 18 2025 0
1 None 53 2027 1
2 None 6 2027 0
1 None 15 2027 0
2 None 44 2030 1
1 None 16 2030 0
1 None 12 2032 1
0.5 None 42 2033 3
2 None 5 2033 0
1 None 12 2035 1
2 None 10 2035 0
2 None 34 2037 2
2 None 9 2038 1
1 None 39 2039 1
1 None 28 2040 2
1 None 16 2040 0
-1 None 31 2042 2
1 None 22 2043 2
1 None 10 2043 0
1 None 39 2045 1
2 None 15 2045 0
0.5 None 14 2045 0
1 None 30 2048 1
2 None 19 2048 0
1 None 26 2048 0
1 None 32 2051 2
1 None 55 2052 4
1 None 23 2052 0
2 None 10 2052 0
1 None 8 2052 0
1 None 34 2056 1
1 None 7 2056 0
2 None 7 2056 0
2 None 22 2056 0
1 None 8 2056 0
2 None 18 2061 2
1 None 23 2062 1
1 None 29 2062 0
2 None 20 2064 1
1 None 25 2064 0
1 None 14 2066 2
1 None 90 2067 4
1 None 32 2068 2
1 None 16 2068 0
2 None 10 2068 0
2 None 13 2068 0
2 None 19 2068 0
1 None 8 2073 2
0.5 None 59 2074 3
1 None 22 2074 0
1 None 17 2074 0
1 None 14 2077 1
1 None 70 2078 2
1 None 16 2078 0
2 None 13 2078 0
1 None 11 2078 0
1 None 5 2078 0
0.5 None 5 2078 0
1 None 18 2084 1
0.5 None 8 2084 0
2 None 6 2084 0
2 None 9 2084 0
2 None 9 2088 1
1 None 16 2089 1
1 None 16 2090 1
2 None 11 2090 0
1 None 9 2090 0
1 None 43 2090 0
2 None 52 2094 1
0.5 None 13 2095 1
1 None 26 2096 1
0.5 None 21 2096 0
1 None 27 2096 0
2 None 17 2099 1
1 None 179 2100 10
1 None 101 2101 3
1 None 53 2102 2
1 None 42 2103 4
1 None 46 2104 2
2 None 14 2104 0
1 None 61 2106 3
1 None 26 2106 0
1 None 23 2106 0
1 None 19 2106 0
1 None 14 2110 1
1 None 49 2111 3
1 None 18 2112 1
2 None 8 2112 0
1 None 13 2112 0
2 None 16 2112 0
1 None 44 2116 4
2 None 5 2116 0
1 None 34 2118 1
1 None 31 2119 2
2 None 12 2120 1
2 None 17 2121 1
1 None 14 2121 0
1 None 4 2121 0
1 None 34 2121 0
1 None 49 2125 1
0.5 None 6 2126 1
2 None 29 2127 1
1 None 9 2127 0
2 None 8 2127 0
1 None 56 2127 0
0.5 None 3 2127 0
1 None 9 2132 2
1 None 10 2132 0
1 None 12 2134 2
1 None 35 2135 1
1 None 7 2135 0
1 None 30 2137 2
2 None 21 2137 0
2 None 14 2139 1
1 None 15 2139 0
1 None 20 2141 1
1 None 9 2141 0
1 None 22 2141 0
1 None 11 2141 0
1 None 43 2145 1
2 None 9 2145 0
1 None 48 2147 3
2 None 17 2147 0
1 None 13 2149 1
2 None 3 2149 0
1 None 2 2149 0
1 None 39 2149 0
1 None 18 2153 1
0.5 None 5 2153 0
1 None 12 2153 0
1 None 46 2153 0
2 None 31 2157 1
2 None 26 2157 0
2 None 13 2159 1
2 None 11 2159 0
2 None 38 2161 3
1 None 25 2161 0
2 None 10 2161 0
1 None 27 2164 2
2 None 4 2164 0
1 None 33 2166 1
1 None 7 2166 0
1 None 11 2168 1
1 None 9 2168 0
-1 None 4 2170 1
1 None 51 2171 1
1 None 51 2172 1
1 None 37 2173 2
1 None 38 2174 1
1 None 28 2175 1
1 None 16 2175 0
2 None 40 2177 2
1 None 15 2177 0
1 None 6 2179 1
2 None 29 2180 3
1 None 19 2180 0
1 None 12 2182 2
1 None 25 2182 0
1 None 21 2184 1
2 None 13 2184 0
1 None 15 2184 0
1 None 18 2184 0
1 None 20 2184 0
2 None 14 2189 1
2 None 50 2190 1
1 None 17 2190 0
1 None 21 2190 0
1 None 13 2190 0
1 None 22 2190 0
2 None 20 2195 2
0.5 None 16 2195 0
1 None 17 2197 1
1 None 9 2198 1
2 None 17 2198 0
1 None 184 2200 4
1 None 89 2201 2
2 None 31 2202 2
1 None 34 2202 0
1 None 20 2202 0
1 None 7 2202 0
2 None 1 2202 0
1 None 22 2207 1
1 None 17 2208 1
0.5 None 15 2209 1
0.5 None 62 2209 0
1 None 26 2211 1
1 None 22 2212 1
1 None 10 2213 2
2 None 15 2213 0
1 None 11 2213 0
1 None 38 2216 4
1 None 2 2216 0
2 None 31 2218 2
1 None 10 2218 0
1 None 18 2218 0
2 None 53 2221 2
2 None 37 2222 2
1 None 27 2223 1
1 None 56 2224 3
1 None 21 2225 2
1 None 33 2225 0
1 None 17 2227 2
2 None 19 2228 1
1 None 61 2229 2
1 None 38 2229 0
1 None 26 2229 0
1 None 21 2232 1
1 None 7 2232 0
1 None 16 2232 0
1 None 38 2235 1
1 None 27 2235 0
1 None 27 2235 0
1 None 18 2235 0
2 None 5 2235 0
2 None 19 2240 1
1 None 16 2241 1
1 None 13 2241 0
1 None 13 2241 0
1 None 26 2241 0
1 None 1 2241 0
1 None 28 2246 2
1 None 39 2247 1
1 None 31 2248 1
-1 None 5 2249 1
2 None 13 2250 1
2 None 18 2250 0
1 None 14 2252 1
2 None 7 2253 1
1 None 47 2254 1
1 None 28 2255 2
2 None 12 2255 0
1 None 22 2257 1
1 None 26 2258 1
1 None 28 2259 1
1 None 37 2260 1
0.5 None 24 2261 1
1 None 17 2261 0
1 None 32 2261 0
1 None 21 2261 0
1 None 31 2265 3
2 None 3 2265 0
1 None 17 2265 0
-1 None 29 2268 1
1 None 8 2268 0
1 None 25 2268 0
1 None 24 2268 0
1 None 39 2272 1
1 None 55 2273 1
0.5 None 11 2273 0
1 None 16 2275 1
2 None 21 2275 0
1 None 13 2275 0
1 None 33 2278 3
1 None 15 2279 1
2 None 14 2280 2
1 None 4 2280 0
1 None 23 2282 1
2 None 19 2282 0
1 None 13 2284 2
1 None 14 2285 1
1 None 41 2285 0
1 None 30 2287 3
1 None 17 2288 1
1 None 20 2289 1
1 None 18 2290 1
0.5 None 12 2291 1
2 None 27 2292 2
-1 None 8 2293 1
1 None 31 2294 2
1 None 23 2295 1
2 None 19 2296 1
2 None 22 2296 0
1 None 15 2296 0
2 None 30 2299 1
1 None 17 2299 0
1 None 150 2301 3
1 None 23 2301 0
2 None 32 2301 0
1 None 78 2304 3
1 None 6 2304 0
1 None 41 2306 1
1 None 23 2307 1
1 None 44 2307 0
1 None 23 2309 1
2 None 4 2309 0
-1 None 14 2311 1
1 None 15 2312 1
2 None 14 2313 1
1 None 37 2314 1
1 None 45 2314 0
2 None 59 2316 1
2 None 10 2316 0
2 None 18 2318 1
1 None 13 2318 0
2 None 38 2320 2
1 None 14 2320 0
1 None 19 2322 1
1 None 26 2322 0
2 None 19 2324 1
1 None 25 2324 0
1 None 9 2324 0
1 None 23 2324 0
2 None 22 2324 0
1 None 32 2324 0
1 None 32 2324 0
1 None 15 2324 0
2 None 25 2332 1
2 None 16 2332 0
2 None 11 2332 0
1 None 17 2332 0
1 None 28 2336 2
-1 None 82 2337 6
2 None 16 2337 0
2 None 29 2339 2
1 None 20 2340 2
1 None 11 2340 0
2 None 28 2340 0
1 None 37 2343 2
1 None 30 2343 0
-1 None 68 2345 5
2 None 6 2345 0
1 None 4 2345 0
1 None 65 2348 2
1 None 11 2349 1
1 None 16 2349 0
1 None 30 2351 1
2 None 22 2352 1
0.5 None 31 2353 2
2 None 13 2353 0
1 None 20 2353 0
2 None 29 2356 1
1 None 33 2357 1
1 None 11 2357 0
1 None 18 2359 1
1 None 32 2360 1
2 None 27 2361 3
1 None 21 2361 0
1 None 23 2363 2
1 None 37 2363 0
2 None 26 2365 1
1 None 31 2366 1
1 None 21 2367 2
2 None 9 2367 0
1 None 13 2367 0
1 None 30 2370 1
2 None 45 2370 0
1 None 10 2370 0
2 None 53 2373 1
2 None 33 2373 0
1 None 61 2375 2
1 None 15 2376 1
1 None 17 2377 1
1 None 14 2377 0
1 None 7 2377 0
1 None 16 2377 0
2 None 25 2381 2
0.5 None 25 2382 2
2 None 16 2383 1
1 None 17 2384 1
2 None 25 2384 0
1 None 15 2384 0
2 None 9 2387 1
2 None 13 2387 0
1 None 16 2389 3
-1 None 13 2390 1
0.5 None 23 2391 1
0.5 None 13 2391 0
1 None 21 2391 0
1 None 1 2391 0
2 None 16 2395 1
1 None 35 2396 1
2 None 14 2396 0
1 None 5 2396 0
2 None 46 2396 0
2 None 37 2400 1
1 None 54 2401 2
2 None 9 2401 0
0.5 None 38 2403 5
1 None 48 2404 1
1 None 77 2405 1
1 None 9 2405 0
1 None 54 2407 5
1 None 18 2407 0
1 None 11 2409 1
1 None 34 2410 1
1 None 7 2410 0
2 None 10 2410 0
1 None 73 2413 4
1 None 21 2413 0
0.5 None 41 2415 1
-1 None 19 2416 2
1 None 61 2417 3
2 None 19 2418 2
1 None 20 2418 0
1 None 15 2418 0
2 None 9 2418 0
1 None 26 2422 2
1 None 73 2423 4
0.5 None 25 2423 0
1 None 19 2423 0
1 None 69 2426 5
1 None 46 2426 0
2 None 23 2426 0
2 None 14 2426 0
2 None 22 2430 1
2 None 10 2430 0
2 None 13 2432 1
1 None 18 2433 1
0.5 None 13 2433 0
2 None 7 2433 0
1 None 7 2436 1
1 None 34 2437 2
1 None 11 2437 0
2 None 9 2437 0
1 None 14 2437 0
1 None 36 2437 0
0.5 None 8 2437 0
0.5 None 29 2443 1
1 None 21 2444 2
1 None 24 2445 2
2 None 18 2445 0
1 None 11 2445 0
2 None 20 2445 0
1 None 26 2449 1
1 None 8 2450 1
1 None 8 2451 1
1 None 9 2452 2
1 None 28 2453 1
1 None 4 2453 0
1 None 56 2455 3
1 None 8 2455 0
2 None 11 2457 2
1 None 23 2458 1
1 None 21 2458 0
2 None 11 2458 0
2 None 16 2458 0
1 None 15 2462 1
1 None 29 2462 0
1 None 14 2462 0
1 None 19 2462 0
2 None 9 2462 0
1 None 9 2462 0
1 None 8 2462 0
2 None 34 2469 3
1 None 22 2469 0
1 None 38 2471 2
1 None 31 2472 1
0.5 None 81 2473 3
1 None 29 2473 0
1 None 7 2475 1
1 None 13 2475 0
1 None 36 2477 1
2 None 83 2478 4
1 None 22 2478 0
2 None 26 2480 1
2 None 16 2481 1
1 None 12 2481 0
0.5 None 18 2481 0
1 None 17 2481 0
1 None 32 2485 1
2 None 25 2485 0
2 None 8 2485 0
-1 None 27 2488 2
1 None 25 2489 1
1 None 9 2490 1
-1 None 13 2491 2
0.5 None 46 2492 1
1 None 11 2492 0
1 None 28 2492 0
2 None 11 2495 1
1 None 13 2496 1
2 None 30 2497 2
1 None 15 2498 1
1 None 22 2499 2
1 None 67 2500 2
1 None 68 2501 4
1 None 117 2501 0
1 None 52 2503 1
1 None 35 2504 1
0.5 None 28 2504 0
1 None 19 2506 1
1 None 13 2506 0
1 None 47 2508 2
0.5 None 45 2509 3
1 None 21 2510 1
2 None 47 2511 1
1 None 50 2512 1
1 None 29 2513 1
1 None 9 2513 0
1 None 39 2515 1
2 None 29 2516 4
0.5 None 23 2516 0
1 None 19 2516 0
1 None 18 2516 0
0.5 None 14 2520 1
2 None 24 2520 0
1 None 18 2520 0
1 None 11 2520 0
1 None 12 2520 0
1 None 23 2525 2
1 None 32 2525 0
2 None 36 2527 1
2 None 13 2527 0
1 None 38 2529 2
2 None 17 2529 0
0.5 None 23 2529 0
1 None 10 2532 1
2 None 1 2532 0
1 None 16 2532 0
1 None 28 2532 0
0.5 None 89 2536 1
1 None 27 2536 0
1 None 12 2536 0
1 None 19 2539 1
1 None 17 2539 0
-1 None 34 2541 3
1 None 44 2541 0
1 None 11 2541 0
1 None 37 2544 2
1 None 35 2545 1
1 None 29 2546 1
1 None 15 2546 0
1 None 21 2548 1
1 None 32 2549 1
1 None 16 2550 1
2 None 6 2551 1
1 None 27 2551 0
2 None 5 2551 0
1 None 10 2551 0
1 None 21 2555 1
0.5 None 31 2556 3
2 None 64 2557 1
1 None 11 2558 1
1 None 11 2559 1
1 None 10 2559 0
1 None 25 2561 1
0.5 None 18 2562 1
1 None 36 2562 0
2 None 34 2564 1
1 None 2 2564 0
1 None 8 2564 0
1 None 46 2567 1
0.5 None 8 2567 0
1 None 21 2569 1
1 None 18 2569 0
1 None 17 2571 1
2 None 26 2572 2
-1 None 17 2573 3
1 None 26 2573 0
1 None 37 2573 0
1 None 19 2576 1
1 None 14 2576 0
1 None 7 2576 0
1 None 14 2579 3
2 None 9 2580 1
1 None 13 2580 0
1 None 25 2582 1
-1 None 15 2583 2
2 None 7 2583 0
2 None 21 2585 2
2 None 53 2586 1
1 None 31 2586 0
1 None 23 2586 0
1 None 17 2586 0
2 None 8 2590 1
1 None 13 2590 0
1 None 16 2590 0
1 None 18 2590 0
2 None 12 2594 1
1 None 18 2595 1
1 None 26 2595 0
2 None 4 2595 0
1 None 16 2598 1
0.5 None 31 2598 0
0.5 None 35 2598 0
1 None 33 2601 2
1 None 83 2602 6
1 None 23 2602 0
1 None 86 2604 4
1 None 41 2605 3
2 None 46 2606 2
1 None 11 2607 2
0.5 None 53 2608 6
1 None 14 2608 0
1 None 26 2610 1
1 None 11 2610 0
1 None 18 2612 1
1 None 13 2612 0
2 None 22 2614 1
1 None 41 2615 1
2 None 38 2616 2
1 None 31 2616 0
2 None 28 2616 0
2 None 22 2619 1
1 None 21 2620 2
0.5 None 16 2620 0
1 None 127 2622 4
1 None 23 2623 1
2 None 13 2623 0
-1 None 33 2625 1
1 None 14 2626 1
2 None 53 2627 1
1 None 15 2627 0
-1 None 4 2629 1
1 None 51 2630 2
1 None 19 2630 0
2 None 25 2632 3
1 None 28 2632 0
1 None 21 2632 0
2 None 22 2635 1
2 None 19 2636 1
0.5 None 25 2636 0
1 None 14 2636 0
1 None 17 2636 0
2 None 17 2640 1
1 None 22 2641 3
2 None 19 2642 1
2 None 17 2643 1
1 None 18 2643 0
1 None 26 2645 3
1 None 21 2646 2
2 None 21 2647 4
1 None 9 2647 0
1 None 25 2647 0
1 None 13 2647 0
1 None 22 2651 4
1 None 12 2652 1
2 None 15 2653 2
1 None 19 2654 1
1 None 21 2655 1
1 None 24 2655 0
1 None 21 2655 0
1 None 22 2658 3
1 None 10 2658 0
1 None 16 2658 0
1 None 22 2661 1
1 None 25 2661 0
1 None 14 2661 0
1 None 14 2661 0
1 None 7 2661 0
2 None 10 2661 0
1 None 29 2661 0
1 None 42 2668 2
-1 None 23 2669 2
-1 None 19 2670 3
1 None 15 2671 1
1 None 18 2671 0
1 None 44 2673 1
0.5 None 12 2674 1
1 None 6 2675 1
1 None 13 2676 1
2 None 34 2676 0
-1 None 23 2678 1
1 None 21 2679 1
1 None 12 2679 0
1 None 14 2681 1
1 None 24 2682 2
1 None 36 2683 3
1 None 13 2683 0
1 None 6 2683 0
1 None 54 2686 4
1 None 10 2687 1
2 None 54 2687 0
2 None 25 2689 4
1 None 33 2690 3
1 None 4 2690 0
1 None 32 2690 0
-1 None 27 2693 2
1 None 8 2693 0
2 None 17 2695 2
2 None 8 2695 0
1 None 29 2695 0
1 None 9 2698 1
