None None 0 None 0
2 25 34 0 5
12 25 13 1 2
2 25 53 2 16
12 35 30 3 7
12 20 21 4 4
2 25 74 5 11
12 25 12 6 4
12 35 29 7 8
12 40 33 8 8
2 20 25 9 2
12 25 19 10 3
12 20 6 10 0
2 20 28 12 6
12 25 25 13 1
10.5 30 4 14 1
12 20 13 15 1
2 25 37 16 7
12 40 18 17 1
2 25 31 18 5
12 35 13 18 0
12 30 9 18 0
2 30 45 21 6
2 30 79 22 11
12 30 16 22 0
2 30 57 24 3
12 20 13 25 2
12 30 18 26 4
2 25 53 27 5
12 30 6 27 0
12 25 15 29 3
12 45 44 30 5
12 20 16 31 1
12 20 12 32 4
2 25 42 33 4
12 25 5 33 0
12 30 12 33 0
12 25 10 36 2
12 35 34 37 4
12 25 9 38 1
2 30 39 39 3
12 45 28 40 2
12 40 16 41 1
12 40 31 42 1
12 45 22 43 2
12 20 10 44 3
2 25 39 45 6
12 30 15 46 1
12 25 14 47 3
2 20 30 48 2
12 30 19 49 6
12 30 26 50 5
2 20 32 51 1
2 50 55 52 6
12 35 23 53 1
12 20 10 53 0
12 25 8 55 1
12 40 34 56 4
12 20 7 56 0
12 20 7 56 0
12 40 22 56 0
12 30 8 60 1
12 25 18 60 0
12 35 23 62 2
12 55 29 62 0
12 50 20 64 1
12 30 25 65 4
12 30 14 66 1
2 35 90 67 12
12 50 32 68 3
12 30 16 69 2
12 20 10 70 1
12 35 13 70 0
12 25 19 72 2
12 20 8 73 1
2 50 59 74 7
2 20 22 75 4
12 40 17 76 2
12 35 14 76 0
2 40 70 78 9
12 25 16 78 0
12 20 13 78 0
12 20 11 78 0
12 20 5 78 0
12 20 5 78 0
12 30 18 84 2
12 30 8 84 0
12 30 6 84 0
12 30 9 84 0
12 20 9 84 0
12 35 16 89 2
12 40 16 90 3
12 20 11 91 1
12 25 9 91 0
2 25 43 93 2
2 35 52 94 6
12 20 13 95 3
12 50 26 96 1
12 40 21 96 0
12 40 27 98 3
12 25 17 99 1
2 None 179 100 15
2 None 101 101 14
2 None 53 102 4
2 None 42 103 6
0.5 None 46 104 7
2 None 14 105 1
2 None 61 106 5
2 None 26 106 0
1 None 23 108 1
1 None 19 108 0
-1 None 14 110 1
2 None 49 111 4
1 None 18 111 0
1 None 8 113 2
0.5 None 13 114 2
1 None 16 115 1
1 None 44 116 2
2 None 5 116 0
2 None 34 118 2
2 None 31 119 4
1 None 12 120 2
2 None 17 121 1
1 None 14 122 1
1 None 4 122 0
1 None 34 124 1
1 None 49 125 3
1 None 6 125 0
1 None 29 127 2
-1 None 9 128 1
1 None 8 129 1
1 None 56 130 4
1 None 3 130 0
2 None 9 132 1
1 None 10 133 3
1 None 12 133 0
1 None 35 135 2
1 None 7 136 1
1 None 30 137 4
1 None 21 138 3
0.5 None 14 139 2
1 None 15 140 1
1 None 20 141 1
2 None 9 141 0
1 None 22 143 3
1 None 11 144 2
1 None 43 145 2
2 None 9 146 3
0.5 None 48 147 3
2 None 17 148 3
2 None 13 148 0
-1 None 3 150 1
2 None 2 150 0
2 None 39 152 5
1 None 18 153 1
0.5 None 5 154 2
2 None 12 155 2
1 None 46 156 3
0.5 None 31 157 2
2 None 26 158 2
2 None 13 159 3
1 None 11 159 0
1 None 38 161 2
0.5 None 25 162 2
1 None 10 163 2
1 None 27 164 1
2 None 4 164 0
1 None 33 166 2
2 None 7 166 0
2 None 11 166 0
1 None 9 169 1
2 None 4 169 0
0.5 None 51 171 7
1 None 51 172 4
1 None 37 173 4
-1 None 38 174 3
1 None 28 175 1
2 None 16 176 1
2 None 40 177 2
0.5 None 15 178 2
2 None 6 178 0
1 None 29 180 2
2 None 19 181 2
2 None 12 182 1
1 None 25 183 1
2 None 21 184 2
2 None 13 184 0
2 None 15 186 2
-1 None 18 187 1
0.5 None 20 188 1
-1 None 14 189 1
2 None 50 190 4
2 None 17 190 0
2 None 21 190 0
1 None 13 190 0
1 None 22 190 0
2 None 20 195 1
1 None 16 196 1
1 None 17 197 4
1 None 9 198 1
0.5 None 17 199 1
2 None 184 200 14
1 None 89 201 3
1 None 31 202 2
1 None 34 203 4
1 None 20 203 0
1 None 7 203 0
0.5 None 1 203 0
1 None 22 203 0
1 None 17 208 4
2 None 15 209 1
-1 None 62 210 5
1 None 26 211 2
2 None 22 212 1
1 None 10 212 0
1 None 15 212 0
1 None 11 215 1
-1 None 38 216 2
1 None 2 216 0
1 None 31 216 0
2 None 10 219 2
1 None 18 220 1
2 None 53 221 7
1 None 37 222 3
1 None 27 223 2
1 None 56 224 1
0.5 None 21 224 0
1 None 33 226 1
0.5 None 17 227 2
2 None 19 228 2
1 None 61 229 1
1 None 38 230 2
1 None 26 230 0
1 None 21 232 2
2 None 7 233 2
0.5 None 16 233 0
1 None 38 235 5
1 None 27 236 1
-1 None 27 237 3
2 None 18 238 3
0.5 None 5 238 0
2 None 19 240 2
1 None 16 241 2
2 None 13 242 1
1 None 13 242 0
1 None 26 244 2
1 None 1 244 0
2 None 28 246 1
1 None 39 247 3
2 None 31 248 1
2 None 5 248 0
2 None 13 248 0
1 None 18 251 2
2 None 14 251 0
1 None 7 253 1
1 None 47 253 0
1 None 28 255 1
2 None 12 256 1
2 None 22 257 1
1 None 26 258 1
1 None 28 259 1
2 None 37 260 1
2 None 24 260 0
-1 None 17 262 1
2 None 32 263 2
0.5 None 21 264 1
1 None 31 265 2
2 None 3 265 0
1 None 17 267 2
1 None 29 268 1
1 None 8 268 0
2 None 25 270 3
1 None 24 271 4
1 None 39 272 1
1 None 55 273 7
2 None 11 273 0
1 None 16 273 0
1 None 21 276 1
1 None 13 277 1
2 None 33 277 0
1 None 15 279 2
2 None 14 279 0
0.5 None 4 279 0
1 None 23 279 0
1 None 19 283 1
-1 None 13 284 3
1 None 14 285 1
2 None 41 286 3
2 None 30 287 1
1 None 17 287 0
2 None 20 289 1
0.5 None 18 290 1
1 None 12 290 0
1 None 27 290 0
1 None 8 290 0
-1 None 31 294 3
2 None 23 295 1
0.5 None 19 296 1
1 None 22 297 1
2 None 15 298 1
1 None 30 299 1
2 None 17 300 1
1 None 150 301 8
1 None 23 302 1
1 None 32 303 3
1 None 78 304 6
1 None 6 304 0
2 None 41 306 5
2 None 23 307 1
1 None 44 308 3
1 None 23 309 1
0.5 None 4 309 0
2 None 14 311 3
1 None 15 312 1
1 None 14 313 1
1 None 37 314 2
2 None 45 315 1
1 None 59 316 7
2 None 10 316 0
1 None 18 316 0
2 None 13 319 1
1 None 38 319 0
2 None 14 321 1
1 None 19 322 1
2 None 26 323 1
1 None 19 323 0
1 None 25 325 2
2 None 9 326 1
1 None 23 327 2
1 None 22 327 0
1 None 32 327 0
1 None 32 330 2
1 None 15 330 0
-1 None 25 332 1
2 None 16 333 2
-1 None 11 334 4
1 None 17 335 1
2 None 28 336 2
2 None 82 337 3
0.5 None 16 338 3
2 None 29 339 1
1 None 20 340 1
1 None 11 340 0
1 None 28 342 2
1 None 37 343 4
1 None 30 343 0
0.5 None 68 345 2
2 None 6 345 0
1 None 4 345 0
1 None 65 348 6
2 None 11 348 0
2 None 16 350 1
2 None 30 351 2
1 None 22 352 2
1 None 31 353 2
2 None 13 353 0
1 None 20 355 1
1 None 29 356 2
2 None 33 356 0
0.5 None 11 356 0
0.5 None 18 359 1
2 None 32 360 4
1 None 27 361 2
1 None 21 362 2
1 None 23 362 0
2 None 37 364 2
1 None 26 365 1
2 None 31 366 1
0.5 None 21 366 0
-1 None 9 368 1
2 None 13 369 2
1 None 30 370 2
2 None 45 371 1
2 None 10 371 0
1 None 53 373 1
0.5 None 33 374 1
1 None 61 375 1
1 None 15 375 0
1 None 17 377 1
2 None 14 377 0
1 None 7 377 0
2 None 16 380 1
1 None 25 381 2
1 None 25 381 0
1 None 16 381 0
1 None 17 384 1
1 None 25 385 3
1 None 15 386 1
-1 None 9 387 1
2 None 13 387 0
2 None 16 389 2
-1 None 13 390 2
2 None 23 391 2
1 None 13 391 0
1 None 21 393 1
2 None 1 393 0
2 None 16 393 0
1 None 35 396 2
2 None 14 396 0
1 None 5 396 0
1 None 46 399 2
1 None 37 399 0
1 None 54 401 4
1 None 9 401 0
1 None 38 403 2
1 None 48 404 5
-1 None 77 405 6
2 None 9 406 1
2 None 54 407 2
1 None 18 408 1
2 None 11 409 1
-1 None 34 410 3
2 None 7 411 1
2 None 10 411 0
1 None 73 413 2
1 None 21 413 0
1 None 41 415 1
1 None 19 415 0
1 None 61 417 3
1 None 19 418 1
1 None 20 418 0
2 None 15 418 0
0.5 None 9 418 0
1 None 26 418 0
2 None 73 423 2
1 None 25 424 1
1 None 19 425 1
1 None 69 426 3
1 None 46 427 2
1 None 23 427 0
-1 None 14 429 1
0.5 None 22 429 0
1 None 10 429 0
0.5 None 13 429 0
1 None 18 433 1
2 None 13 433 0
1 None 7 433 0
2 None 7 433 0
1 None 34 437 2
2 None 11 437 0
1 None 9 437 0
2 None 14 437 0
1 None 36 441 2
1 None 8 442 1
-1 None 29 443 1
1 None 21 443 0
0.5 None 24 445 1
2 None 18 446 1
1 None 11 447 1
1 None 20 448 2
2 None 26 449 1
2 None 8 449 0
1 None 8 449 0
1 None 9 449 0
1 None 28 453 3
1 None 4 453 0
1 None 56 455 5
1 None 8 456 3
1 None 11 456 0
1 None 23 458 1
2 None 21 459 1
0.5 None 11 460 2
2 None 16 460 0
1 None 15 462 1
1 None 29 463 1
0.5 None 14 463 0
1 None 19 463 0
2 None 9 463 0
2 None 9 463 0
1 None 8 468 1
0.5 None 34 469 2
1 None 22 469 0
1 None 38 471 2
1 None 31 472 1
1 None 81 473 4
1 None 29 474 2
1 None 7 474 0
1 None 13 474 0
1 None 36 474 0
1 None 83 478 5
2 None 22 479 1
0.5 None 26 480 1
2 None 16 480 0
1 None 12 482 2
1 None 18 483 1
0.5 None 17 483 0
1 None 32 485 1
1 None 25 486 2
1 None 8 487 1
1 None 27 487 0
1 None 25 489 1
1 None 9 490 1
2 None 13 490 0
0.5 None 46 492 1
1 None 11 492 0
2 None 28 494 1
2 None 11 494 0
1 None 13 494 0
1 None 30 497 2
2 None 15 498 2
1 None 22 498 0
1 None 67 500 2
1 None 68 501 8
1 None 117 502 4
2 None 52 503 3
2 None 35 504 2
2 None 28 504 0
1 None 19 504 0
1 None 13 504 0
1 None 47 508 2
1 None 45 509 1
2 None 21 509 0
1 None 47 511 1
1 None 50 511 0
2 None 29 513 3
1 None 9 513 0
2 None 39 515 3
1 None 29 516 2
2 None 23 517 1
1 None 19 518 1
1 None 18 519 1
1 None 14 519 0
2 None 24 519 0
-1 None 18 522 3
1 None 11 522 0
1 None 12 522 0
1 None 23 522 0
1 None 32 526 3
1 None 36 527 2
2 None 13 528 2
1 None 38 529 4
2 None 17 530 1
1 None 23 531 3
1 None 10 532 1
1 None 1 532 0
1 None 16 532 0
1 None 28 535 1
2 None 89 536 4
1 None 27 537 3
1 None 12 538 1
1 None 19 539 2
0.5 None 17 539 0
0.5 None 34 541 3
1 None 44 541 0
2 None 11 543 1
1 None 37 544 2
1 None 35 544 0
1 None 29 546 1
1 None 15 546 0
1 None 21 548 1
1 None 32 548 0
1 None 16 548 0
1 None 6 548 0
1 None 27 552 2
0.5 None 5 552 0
2 None 10 552 0
1 None 21 555 1
0.5 None 31 556 1
1 None 64 557 3
2 None 11 557 0
2 None 11 557 0
-1 None 10 560 1
1 None 25 560 0
1 None 18 560 0
1 None 36 560 0
1 None 34 564 1
2 None 2 564 0
1 None 8 564 0
1 None 46 567 3
1 None 8 568 2
2 None 21 569 2
1 None 18 570 1
2 None 17 570 0
1 None 26 572 1
1 None 17 572 0
1 None 26 574 3
1 None 37 575 1
1 None 19 575 0
1 None 14 575 0
1 None 7 575 0
1 None 14 575 0
2 None 9 580 1
1 None 13 580 0
-1 None 25 582 3
1 None 15 583 1
1 None 7 583 0
1 None 21 585 2
2 None 53 586 1
2 None 31 586 0
1 None 23 588 1
1 None 17 588 0
2 None 8 588 0
1 None 13 588 0
1 None 16 588 0
-1 None 18 593 1
1 None 12 593 0
1 None 18 593 0
1 None 26 596 1
1 None 4 597 1
1 None 16 597 0
2 None 31 599 2
1 None 35 599 0
2 None 33 601 3
1 None 83 602 2
1 None 23 603 2
1 None 86 604 3
1 None 41 605 2
1 None 46 605 0
2 None 11 607 1
1 None 53 608 4
1 None 14 608 0
2 None 26 608 0
2 None 11 608 0
1 None 18 608 0
2 None 13 608 0
2 None 22 614 1
1 None 41 615 3
0.5 None 38 616 1
1 None 31 617 1
1 None 28 618 1
2 None 22 618 0
-1 None 21 620 1
1 None 16 621 2
1 None 127 622 4
1 None 23 622 0
1 None 13 622 0
0.5 None 33 622 0
0.5 None 14 626 2
1 None 53 627 1
1 None 15 627 0
1 None 4 627 0
2 None 51 630 4
1 None 19 631 1
1 None 25 632 1
1 None 28 633 2
0.5 None 21 634 2
2 None 22 635 2
1 None 19 636 2
1 None 25 636 0
2 None 14 638 1
2 None 17 638 0
1 None 17 640 1
0.5 None 22 641 2
2 None 19 642 1
1 None 17 642 0
1 None 18 642 0
1 None 26 642 0
1 None 21 642 0
1 None 21 647 3
1 None 9 647 0
2 None 25 647 0
1 None 13 647 0
1 None 22 647 0
2 None 12 647 0
2 None 15 653 1
1 None 19 654 3
1 None 21 655 1
1 None 24 656 2
-1 None 21 657 2
-1 None 22 658 1
1 None 10 658 0
1 None 16 658 0
2 None 22 661 1
1 None 25 661 0
1 None 14 663 1
1 None 14 663 0
1 None 7 665 1
2 None 10 665 0
1 None 29 667 1
1 None 42 667 0
1 None 23 667 0
2 None 19 667 0
1 None 15 667 0
1 None 18 667 0
1 None 44 673 3
1 None 12 674 1
2 None 6 675 1
1 None 13 676 1
1 None 34 677 1
1 None 23 677 0
2 None 21 679 1
1 None 12 679 0
1 None 14 679 0
2 None 24 679 0
1 None 36 683 1
2 None 13 683 0
0.5 None 6 683 0
2 None 54 686 4
-1 None 10 687 3
1 None 54 688 2
1 None 25 688 0
1 None 33 690 3
2 None 4 691 1
1 None 32 692 3
1 None 27 692 0
2 None 8 692 0
1 None 17 692 0
2 None 8 692 0
1 None 29 697 2
2 None 9 697 0
