0.5 None 25 1477 0
2 None 27 1479 2
2 None 26 1480 1
1 None 13 1481 1
2 None 31 1482 2
2 None 31 1482 0
2 None 31 1484 3
2 None 12 1485 1
0.5 None 7 1485 0
2 None 32 1487 1
2 None 12 1488 1
2 None 26 1489 1
1 None 14 1489 0
0.5 None 33 1491 3
2 None 14 1491 0
2 None 13 1493 1
1 None 29 1493 0
1 None 32 1495 2
2 None 35 1496 3
0.5 None 25 1496 0
2 None 16 1498 1
2 None 30 1499 1
0.5 None 18 1499 0
2 None 79 1499 0
2 None 20 1499 0
1 None 105 1503 2
2 None 64 1504 3
2 None 16 1504 0
2 None 37 1506 1
2 None 34 1506 0
2 None 27 1508 1
2 None 17 1509 2
2 None 40 1510 2
2 None 22 1510 0
0.5 None 10 1510 0
2 None 29 1510 0
2 None 21 1510 0
0.5 None 21 1510 0
2 None 37 1516 2
2 None 56 1517 2
1 None 2 1517 0
1 None 14 1517 0
2 None 36 1517 0
1 None 23 1521 1
0.5 None 45 1522 2
2 None 25 1523 1
2 None 7 1523 0
2 None 11 1523 0
-1 None 7 1526 1
2 None 13 1527 1
2 None 19 1527 0
2 None 25 1529 1
2 None 29 1529 0
2 None 26 1531 2
1 None 38 1532 1
2 None 8 1532 0
2 None 22 1532 0
2 None 33 1532 0
1 None 18 1532 0
2 None 18 1537 1
2 None 36 1538 1
0.5 None 34 1538 0
2 None 54 1540 1
2 None 12 1540 0
2 None 33 1542 1
-1 None 56 1543 2
0.5 None 8 1544 1
2 None 7 1544 0
2 None 10 1546 1
2 None 19 1546 0
1 None 32 1548 1
2 None 48 1549 5
0.5 None 19 1549 0
1 None 14 1549 0
2 None 24 1549 0
1 None 11 1549 0
2 None 28 1554 1
2 None 34 1555 4
2 None 17 1556 2
1 None 38 1557 1
1 None 6 1557 0
1 None 14 1559 1
0.5 None 30 1560 3
0.5 None 26 1560 0
0.5 None 31 1562 1
2 None 17 1563 2
2 None 14 1563 0
2 None 12 1563 0
1 None 29 1563 0
0.5 None 58 1567 2
2 None 18 1568 1
2 None 12 1568 0
2 None 13 1568 0
2 None 18 1571 1
2 None 19 1572 1
2 None 13 1573 1
2 None 9 1574 1
2 None 86 1575 7
2 None 14 1575 0
2 None 8 1575 0
2 None 7 1578 1
-1 None 15 1579 2
2 None 14 1579 0
-1 None 6 1581 1
1 None 14 1582 1
1 None 31 1582 0
2 None 11 1582 0
2 None 17 1582 0
2 None 17 1582 0
2 None 10 1582 0
2 None 11 1582 0
2 None 27 1589 2
2 None 10 1589 0
2 None 16 1589 0
2 None 23 1592 2
2 None 51 1592 0
0.5 None 11 1592 0
0.5 None 34 1592 0
2 None 16 1596 1
1 None 8 1597 2
0.5 None 37 1598 1
2 None 7 1598 0
2 None 34 1600 2
2 None 13 1600 0
2 None 53 1602 4
2 None 30 1603 1
2 None 21 1604 2
2 None 74 1605 4
2 None 12 1605 0
2 None 29 1605 0
1 None 33 1605 0
2 None 25 1609 3
2 None 19 1609 0
2 None 6 1609 0
2 None 28 1609 0
2 None 25 1613 1
2 None 4 1613 0
2 None 13 1613 0
2 None 37 1613 0
0.5 None 18 1613 0
2 None 31 1618 1
1 None 13 1618 0
0.5 None 9 1618 0
2 None 45 1621 4
2 None 79 1622 4
2 None 16 1622 0
0.5 None 57 1624 3
1 None 13 1624 0
0.5 None 18 1626 1
2 None 53 1627 1
2 None 6 1627 0
2 None 15 1629 2
2 None 44 1630 4
2 None 16 1631 2
1 None 12 1631 0
2 None 42 1633 1
2 None 5 1634 1
2 None 12 1634 0
0.5 None 10 1636 1
0.5 None 34 1637 1
1 None 9 1637 0
2 None 39 1639 1
2 None 28 1640 1
2 None 16 1640 0
0.5 None 31 1640 0
0.5 None 22 1643 1
2 None 10 1643 0
1 None 39 1645 2
2 None 15 1646 1
2 None 14 1646 0
1 None 30 1648 2
2 None 19 1648 0
2 None 26 1648 0
0.5 None 32 1651 2
2 None 55 1652 2
2 None 23 1653 2
0.5 None 10 1653 0
2 None 8 1653 0
-1 None 34 1656 3
2 None 7 1656 0
2 None 7 1656 0
2 None 22 1659 1
1 None 8 1660 1
2 None 18 1660 0
1 None 23 1660 0
1 None 29 1663 2
1 None 20 1663 0
0.5 None 25 1665 1
-1 None 14 1666 1
2 None 90 1667 1
-1 None 32 1668 2
1 None 16 1668 0
1 None 10 1668 0
2 None 13 1671 3
2 None 19 1672 1
1 None 8 1672 0
2 None 59 1674 2
0.5 None 22 1675 1
2 None 17 1675 0
1 None 14 1677 1
-1 None 70 1678 4
1 None 16 1678 0
0.5 None 13 1680 1
2 None 11 1680 0
2 None 5 1680 0
1 None 5 1680 0
2 None 18 1684 3
-1 None 8 1685 2
2 None 6 1685 0
2 None 9 1685 0
2 None 9 1688 1
0.5 None 16 1688 0
2 None 16 1690 2
1 None 11 1690 0
0.5 None 9 1692 2
2 None 43 1693 1
1 None 52 1694 1
2 None 13 1694 0
2 None 26 1696 1
2 None 21 1697 2
2 None 27 1697 0
2 None 17 1697 0
0.5 None 179 1700 5
0.5 None 101 1701 2
1 None 53 1702 3
1 None 42 1703 4
1 None 46 1704 3
2 None 14 1704 0
2 None 61 1706 1
1 None 26 1706 0
-1 None 23 1708 2
0.5 None 19 1708 0
2 None 14 1708 0
2 None 49 1711 2
0.5 None 18 1711 0
1 None 8 1713 1
2 None 13 1714 2
0.5 None 16 1714 0
0.5 None 44 1714 0
2 None 5 1714 0
2 None 34 1718 1
2 None 31 1719 1
1 None 12 1719 0
2 None 17 1721 1
1 None 14 1722 1
1 None 4 1722 0
1 None 34 1724 3
2 None 49 1725 1
1 None 6 1725 0
2 None 29 1727 2
0.5 None 9 1727 0
2 None 8 1727 0
0.5 None 56 1730 2
2 None 3 1730 0
0.5 None 9 1732 1
0.5 None 10 1732 0
1 None 12 1732 0
1 None 35 1735 2
2 None 7 1735 0
0.5 None 30 1737 1
1 None 21 1737 0
2 None 14 1739 1
2 None 15 1740 2
2 None 20 1741 2
1 None 9 1742 3
-1 None 22 1743 1
-1 None 11 1744 2
2 None 43 1744 0
2 None 9 1744 0
2 None 48 1747 1
0.5 None 17 1748 1
2 None 13 1748 0
1 None 3 1748 0
1 None 2 1748 0
-1 None 39 1752 1
0.5 None 18 1753 1
2 None 5 1753 0
0.5 None 12 1753 0
2 None 46 1756 2
2 None 31 1757 1
2 None 26 1758 1
2 None 13 1758 0
1 None 11 1758 0
0.5 None 38 1758 0
2 None 25 1762 3
1 None 10 1762 0
2 None 27 1764 2
-1 None 4 1765 1
2 None 33 1766 1
2 None 7 1766 0
2 None 11 1766 0
2 None 9 1766 0
2 None 4 1766 0
-1 None 51 1771 2
2 None 51 1772 2
0.5 None 37 1772 0
0.5 None 38 1774 2
2 None 28 1774 0
2 None 16 1774 0
2 None 40 1777 1
2 None 15 1778 1
2 None 6 1778 0
2 None 29 1778 0
1 None 19 1778 0
1 None 12 1778 0
0.5 None 25 1783 3
2 None 21 1783 0
2 None 13 1785 1
1 None 15 1785 0
2 None 18 1785 0
2 None 20 1788 8
2 None 14 1788 0
2 None 50 1790 4
2 None 17 1791 1
-1 None 21 1792 2
1 None 13 1793 1
1 None 22 1793 0
2 None 20 1793 0
2 None 16 1793 0
2 None 17 1793 0
2 None 9 1793 0
0.5 None 17 1793 0
2 None 184 1800 7
2 None 89 1801 2
2 None 31 1802 1
1 None 34 1802 0
1 None 20 1802 0
1 None 7 1802 0
2 None 1 1802 0
2 None 22 1802 0
2 None 17 1802 0
1 None 15 1802 0
2 None 62 1810 3
2 None 26 1811 1
0.5 None 22 1812 1
0.5 None 10 1812 0
2 None 15 1814 1
1 None 11 1815 2
2 None 38 1815 0
2 None 2 1815 0
2 None 31 1818 1
2 None 10 1819 2
2 None 18 1819 0
2 None 53 1819 0
2 None 37 1819 0
1 None 27 1823 1
2 None 56 1824 2
1 None 21 1824 0
0.5 None 33 1824 0
1 None 17 1824 0
1 None 19 1828 1
2 None 61 1829 2
2 None 38 1830 1
0.5 None 26 1831 1
2 None 21 1832 1
2 None 7 1832 0
0.5 None 16 1832 0
0.5 None 38 1835 1
2 None 27 1835 0
0.5 None 27 1835 0
1 None 18 1838 3
2 None 5 1838 0
2 None 19 1840 2
1 None 16 1841 1
2 None 13 1841 0
2 None 13 1841 0
0.5 None 26 1844 1
2 None 1 1844 0
2 None 28 1844 0
2 None 39 1847 1
0.5 None 31 1847 0
2 None 5 1847 0
2 None 13 1850 1
1 None 18 1851 2
2 None 14 1852 1
2 None 7 1852 0
2 None 47 1854 1
1 None 28 1855 1
0.5 None 12 1855 0
2 None 22 1857 3
1 None 26 1858 1
2 None 28 1859 1
2 None 37 1860 1
1 None 24 1861 4
2 None 17 1862 2
2 None 32 1863 3
-1 None 21 1864 1
1 None 31 1864 0
1 None 3 1864 0
0.5 None 17 1864 0
2 None 29 1868 1
0.5 None 8 1868 0
1 None 25 1870 1
0.5 None 24 1871 1
1 None 39 1872 1
2 None 55 1873 3
1 None 11 1873 0
2 None 16 1875 1
2 None 21 1875 0
2 None 13 1877 1
2 None 33 1878 1
1 None 15 1878 0
0.5 None 14 1880 3
1 None 4 1880 0
2 None 23 1880 0
2 None 19 1883 3
0.5 None 13 1884 1
0.5 None 14 1885 3
2 None 41 1885 0
-1 None 30 1887 1
2 None 17 1887 0
2 None 20 1887 0
0.5 None 18 1887 0
1 None 12 1891 1
2 None 27 1892 1
-1 None 8 1893 1
2 None 31 1894 1
0.5 None 23 1894 0
1 None 19 1896 1
2 None 22 1897 2
1 None 15 1897 0
1 None 30 1899 1
1 None 17 1900 1
2 None 150 1901 6
0.5 None 23 1902 1
2 None 32 1903 1
2 None 78 1904 4
1 None 6 1904 0
0.5 None 41 1906 1
2 None 23 1907 2
2 None 44 1908 1
2 None 23 1909 1
1 None 4 1909 0
2 None 14 1911 1
2 None 15 1911 0
1 None 14 1913 2
1 None 37 1914 1
1 None 45 1915 2
1 None 59 1916 3
2 None 10 1916 0
-1 None 18 1918 2
2 None 13 1919 1
2 None 38 1919 0
2 None 14 1919 0
2 None 19 1922 1
0.5 None 26 1923 3
2 None 19 1923 0
2 None 25 1925 1
2 None 9 1925 0
2 None 23 1927 2
2 None 22 1927 0
2 None 32 1927 0
2 None 32 1930 1
2 None 15 1930 0
0.5 None 25 1930 0
1 None 16 1930 0
2 None 11 1930 0
2 None 17 1930 0
2 None 28 1936 2
1 None 82 1937 5
1 None 16 1938 1
1 None 29 1939 1
0.5 None 20 1939 0
0.5 None 11 1939 0
0.5 None 28 1942 1
2 None 37 1943 2
2 None 30 1944 3
2 None 68 1945 1
0.5 None 6 1946 1
2 None 4 1947 1
2 None 65 1948 1
2 None 11 1948 0
2 None 16 1948 0
0.5 None 30 1948 0
2 None 22 1952 1
-1 None 31 1953 3
2 None 13 1954 2
1 None 20 1955 2
2 None 29 1955 0
-1 None 33 1957 3
2 None 11 1957 0
0.5 None 18 1957 0
2 None 32 1960 1
2 None 27 1961 2
2 None 21 1962 2
-1 None 23 1963 2
2 None 37 1964 3
2 None 26 1965 2
0.5 None 31 1966 1
2 None 21 1967 1
1 None 9 1968 1
0.5 None 13 1968 0
2 None 30 1968 0
1 None 45 1971 3
2 None 10 1971 0
1 None 53 1971 0
2 None 33 1974 1
2 None 61 1975 1
2 None 15 1975 0
1 None 17 1975 0
1 None 14 1975 0
2 None 7 1975 0
2 None 16 1975 0
2 None 25 1975 0
2 None 25 1982 1
1 None 16 1983 2
2 None 17 1984 1
2 None 25 1985 2
2 None 15 1985 0
2 None 9 1985 0
2 None 13 1988 2
0.5 None 16 1988 0
2 None 13 1988 0
2 None 23 1991 1
2 None 13 1991 0
2 None 21 1993 1
2 None 1 1993 0
2 None 16 1995 2
1 None 35 1995 0
1 None 14 1995 0
1 None 5 1995 0
2 None 46 1995 0
2 None 37 2000 2
1 None 54 2001 4
1 None 9 2001 0
0.5 None 38 2001 0
1 None 48 2004 3
0.5 None 77 2005 3
2 None 9 2005 0
0.5 None 54 2007 3
0.5 None 18 2008 2
2 None 11 2008 0
2 None 34 2010 1
2 None 7 2010 0
2 None 10 2010 0
2 None 73 2013 6
1 None 21 2013 0
2 None 41 2013 0
2 None 19 2013 0
2 None 61 2017 1
1 None 19 2018 1
2 None 20 2018 0
1 None 15 2018 0
2 None 9 2021 1
2 None 26 2021 0
2 None 73 2023 3
2 None 25 2024 2
2 None 19 2024 0
2 None 69 2026 3
0.5 None 46 2027 1
0.5 None 23 2028 1
2 None 14 2029 1
2 None 22 2029 0
2 None 10 2031 1
2 None 13 2031 0
2 None 18 2031 0
1 None 13 2031 0
2 None 7 2031 0
1 None 7 2031 0
1 None 34 2037 1
0.5 None 11 2038 1
1 None 9 2038 0
0.5 None 14 2038 0
2 None 36 2041 3
1 None 8 2041 0
2 None 29 2043 2
2 None 21 2044 2
2 None 24 2044 0
-1 None 18 2046 1
1 None 11 2046 0
0.5 None 20 2046 0
0.5 None 26 2046 0
2 None 8 2046 0
1 None 8 2051 2
2 None 9 2052 2
2 None 28 2052 0
2 None 4 2052 0
2 None 56 2055 1
1 None 8 2056 1
0.5 None 11 2056 0
2 None 23 2058 2
2 None 21 2059 1
2 None 11 2060 2
2 None 16 2060 0
2 None 15 2062 2
2 None 29 2063 2
2 None 14 2063 0
0.5 None 19 2065 1
1 None 9 2065 0
2 None 9 2065 0
1 None 8 2065 0
0.5 None 34 2065 0
2 None 22 2065 0
2 None 38 2071 1
1 None 31 2072 3
1 None 81 2073 3
2 None 29 2073 0
1 None 7 2073 0
2 None 13 2076 1
2 None 36 2076 0
2 None 83 2078 6
2 None 22 2078 0
2 None 26 2078 0
2 None 16 2078 0
2 None 12 2078 0
1 None 18 2083 1
2 None 17 2083 0
2 None 32 2083 0
2 None 25 2086 1
2 None 8 2087 1
1 None 27 2088 2
0.5 None 25 2088 0
2 None 9 2088 0
2 None 13 2091 1
2 None 46 2092 2
0.5 None 11 2093 1
2 None 28 2094 1
1 None 11 2094 0
0.5 None 13 2096 1
0.5 None 30 2096 0
2 None 15 2096 0
2 None 22 2099 1
0.5 None 67 2100 3
-1 None 68 2101 3
0.5 None 117 2102 1
0.5 None 52 2103 2
2 None 35 2103 0
2 None 28 2105 1
2 None 19 2106 1
1 None 13 2106 0
0.5 None 47 2108 2
0.5 None 45 2108 0
0.5 None 21 2108 0
2 None 47 2108 0
2 None 50 2112 1
0.5 None 29 2113 6
2 None 9 2113 0
0.5 None 39 2115 1
2 None 29 2116 2
1 None 23 2116 0
2 None 19 2118 4
0.5 None 18 2118 0
2 None 14 2118 0
-1 None 24 2121 1
2 None 18 2121 0
-1 None 11 2123 2
2 None 12 2124 1
0.5 None 23 2125 2
1 None 32 2126 4
1 None 36 2127 1
2 None 13 2127 0
2 None 38 2129 2
1 None 17 2130 2
2 None 23 2131 4
1 None 10 2131 0
2 None 1 2131 0
0.5 None 16 2134 1
2 None 28 2134 0
2 None 89 2136 3
0.5 None 27 2137 3
1 None 12 2137 0
0.5 None 19 2139 1
1 None 17 2139 0
2 None 34 2141 2
2 None 44 2142 1
2 None 11 2143 1
2 None 37 2144 3
0.5 None 35 2144 0
2 None 29 2144 0
0.5 None 15 2144 0
2 None 21 2144 0
0.5 None 32 2149 1
0.5 None 16 2150 1
2 None 6 2150 0
2 None 27 2152 1
0.5 None 5 2152 0
2 None 10 2154 1
2 None 21 2154 0
2 None 31 2156 2
2 None 64 2157 1
2 None 11 2157 0
1 None 11 2157 0
2 None 10 2157 0
0.5 None 25 2161 1
0.5 None 18 2161 0
2 None 36 2163 3
1 None 34 2164 1
2 None 2 2164 0
-1 None 8 2166 1
2 None 46 2167 1
2 None 8 2167 0
2 None 21 2169 1
2 None 18 2170 1
2 None 17 2171 1
1 None 26 2172 1
1 None 17 2172 0
0.5 None 26 2174 2
2 None 37 2175 3
2 None 19 2176 2
-1 None 14 2177 1
1 None 7 2177 0
2 None 14 2179 1
2 None 9 2179 0
2 None 13 2181 1
2 None 25 2182 1
0.5 None 15 2183 1
2 None 7 2183 0
2 None 21 2185 1
2 None 53 2186 4
1 None 31 2186 0
1 None 23 2188 1
2 None 17 2188 0
2 None 8 2188 0
0.5 None 13 2191 1
2 None 16 2191 0
2 None 18 2193 1
2 None 12 2193 0
2 None 18 2195 3
2 None 26 2195 0
2 None 4 2197 1
1 None 16 2198 2
0.5 None 31 2198 0
2 None 35 2200 2
1 None 33 2201 2
2 None 83 2201 0
0.5 None 23 2203 2
2 None 86 2204 5
2 None 41 2205 1
0.5 None 46 2206 1
2 None 11 2207 1
2 None 53 2208 3
0.5 None 14 2208 0
2 None 26 2210 1
1 None 11 2211 1
0.5 None 18 2212 1
1 None 13 2212 0
2 None 22 2214 1
2 None 41 2215 1
0.5 None 38 2216 3
2 None 31 2217 3
2 None 28 2218 2
2 None 22 2219 2
1 None 21 2220 1
0.5 None 16 2220 0
2 None 127 2222 1
2 None 23 2222 0
2 None 13 2222 0
2 None 33 2222 0
2 None 14 2222 0
2 None 53 2227 2
1 None 15 2227 0
2 None 4 2227 0
-1 None 51 2230 3
2 None 19 2231 1
2 None 25 2231 0
2 None 28 2231 0
2 None 21 2234 2
2 None 22 2235 4
2 None 19 2236 1
2 None 25 2236 0
1 None 14 2236 0
1 None 17 2239 4
2 None 17 2239 0
2 None 22 2239 0
0.5 None 19 2242 1
1 None 17 2242 0
2 None 18 2242 0
2 None 26 2245 2
0.5 None 21 2246 1
1 None 21 2247 3
0.5 None 9 2247 0
2 None 25 2247 0
2 None 13 2250 1
-1 None 22 2251 1
1 None 12 2251 0
2 None 15 2251 0
1 None 19 2254 1
0.5 None 21 2254 0
1 None 24 2256 1
2 None 21 2257 3
2 None 22 2257 0
1 None 10 2257 0
1 None 16 2257 0
0.5 None 22 2261 2
0.5 None 25 2262 1
2 None 14 2263 1
0.5 None 14 2263 0
2 None 7 2263 0
2 None 10 2263 0
2 None 29 2267 2
2 None 42 2268 1
0.5 None 23 2269 1
0.5 None 19 2269 0
2 None 15 2269 0
2 None 18 2269 0
2 None 44 2269 0
1 None 12 2269 0
1 None 6 2269 0
1 None 13 2269 0
2 None 34 2269 0
2 None 23 2278 2
1 None 21 2279 1
-1 None 12 2280 3
2 None 14 2280 0
0.5 None 24 2282 1
2 None 36 2283 1
2 None 13 2284 2
2 None 6 2284 0
0.5 None 54 2286 2
2 None 10 2286 0
1 None 54 2288 1
2 None 25 2288 0
1 None 33 2290 1
2 None 4 2290 0
2 None 32 2290 0
2 None 27 2293 2
1 None 8 2294 2
2 None 17 2294 0
1 None 8 2296 1
1 None 29 2296 0
0.5 None 9 2296 0
