None None 0
2 50 160
2 25 37
12 25 17
12 40 24
2 20 22
2 30 32
12 40 40
12 30 12
12 35 17
2 20 27
12 25 11
12 30 8
12 20 11
12 35 13
12 20 12
12 40 22
12 40 20
12 35 22
12 25 6
12 30 6
12 30 17
12 20 14
12 45 21
12 35 8
12 20 10
12 30 26
2 30 44
12 20 7
12 25 9
12 20 17
12 20 13
2 30 35
12 30 17
12 25 21
12 25 8
2 30 37
12 45 25
12 40 14
12 25 12
12 35 16
12 25 17
12 55 37
12 35 15
12 40 14
12 30 17
12 35 15
12 45 22
12 40 14
12 25 21
12 35 15
12 40 16
12 25 16
12 35 13
12 35 14
12 30 28
12 25 13
12 60 19
12 25 10
12 20 9
12 35 22
12 40 26
12 25 13
12 45 42
12 20 10
10.5 35 9
12 40 32
12 25 7
12 25 16
12 30 14
12 35 10
12 25 16
12 50 15
12 20 9
12 20 7
12 25 16
12 25 16
12 30 7
12 20 9
12 30 14
12 35 32
12 30 7
12 45 16
12 25 13
12 35 21
12 20 9
12 20 21
12 25 16
12 40 16
12 30 16
12 35 16
12 35 10
12 20 4
12 25 6
12 20 8
12 25 11
12 25 10
12 35 12
2 20 26
12 25 12
