None None 0 None
2 40 73 0
2 30 69 1
2 35 41 2
12 35 18 3
12 30 16 4
12 35 14 5
12 25 10 5
12 25 7 5
12 30 21 8
12 25 23 9
12 35 9 9
12 35 12 9
12 25 15 12
12 55 29 13
12 25 9 13
12 50 17 15
12 45 31 16
12 50 12 16
12 30 19 18
12 20 7 18
12 25 7 18
12 20 11 21
12 40 11 21
12 20 12 23
12 20 12 23
12 50 22 25
12 30 10 25
12 25 14 27
12 20 13 27
12 20 9 27
12 35 16 30
12 55 21 30
12 30 14 30
12 25 13 33
12 30 14 33
2 40 46 35
12 20 10 35
12 20 13 37
12 25 11 37
12 30 14 37
12 25 8 37
12 45 15 37
12 25 9 37
12 35 26 43
12 20 10 43
12 20 9 45
12 20 5 45
12 30 16 47
12 30 26 48
12 35 13 49
12 35 15 50
12 25 13 51
12 40 33 52
12 40 19 52
12 25 21 52
12 25 12 52
12 25 16 56
12 20 6 57
12 20 11 58
12 25 5 58
12 20 10 60
12 20 8 60
12 25 16 62
2 25 32 63
12 35 25 63
12 40 35 65
12 30 11 66
12 20 5 67
12 20 16 67
12 25 12 67
12 25 25 70
12 20 10 71
12 30 11 71
12 25 14 73
12 25 17 74
12 30 7 74
12 20 4 74
12 30 11 77
12 20 6 77
12 30 13 79
12 20 11 79
12 30 25 79
12 25 20 79
12 30 10 79
12 30 12 79
12 45 18 79
12 20 9 86
12 35 21 87
12 25 10 88
12 35 8 88
12 20 14 88
12 30 10 88
12 25 16 88
12 20 7 88
12 25 8 88
12 35 5 88
12 25 13 96
12 50 38 97
12 20 6 97
