None None 0
2 30 154
2 25 55
12 25 10
12 40 15
12 20 11
12 20 6
12 35 16
12 25 5
2 25 31
12 20 7
12 35 17
12 30 21
12 20 11
12 20 9
12 25 17
12 35 17
12 20 4
12 35 18
12 35 34
12 50 31
12 30 16
12 30 22
12 30 22
12 30 13
12 20 6
12 30 6
12 35 19
12 25 11
12 30 31
12 20 6
12 20 9
12 30 9
12 30 9
12 25 10
12 30 16
12 25 16
12 25 12
12 55 25
12 35 23
12 20 11
12 20 13
12 55 20
12 35 13
12 20 13
12 45 19
12 25 21
12 40 19
12 20 9
12 40 9
12 40 13
12 25 8
12 40 16
12 30 16
12 40 29
12 30 3
12 35 10
12 30 23
12 25 14
12 40 26
12 35 23
12 50 14
12 25 7
12 30 8
12 40 20
12 35 17
12 25 13
12 30 21
12 30 10
12 25 25
12 25 6
10.5 35 8
12 20 4
12 50 14
12 20 7
12 25 14
12 25 13
12 20 8
2 30 40
12 20 7
12 20 9
12 20 16
12 35 13
12 20 6
12 30 4
12 20 5
12 45 15
12 40 7
12 40 21
12 20 8
12 45 41
12 35 13
12 20 8
12 20 17
12 20 13
12 25 19
12 20 10
12 30 14
12 35 12
12 20 12
