None None 0
2 25 137
12 40 25
12 40 26
12 45 36
12 30 18
2 35 56
12 40 21
12 35 26
12 30 16
12 20 15
12 25 22
12 30 15
12 20 10
12 25 13
12 25 5
12 35 14
12 20 13
12 40 17
12 40 19
12 35 20
12 30 11
12 25 11
12 20 13
12 20 4
12 20 9
12 30 13
12 40 26
12 35 6
12 30 16
12 30 16
12 20 5
2 35 42
12 25 20
2 45 47
12 20 5
2 25 49
12 35 14
12 30 11
12 30 11
12 20 5
12 20 11
12 25 13
12 35 18
12 20 12
12 20 10
12 30 17
12 45 25
12 25 7
12 20 15
2 45 57
12 25 11
12 20 16
12 35 13
12 35 11
2 25 29
12 35 26
12 30 9
12 35 10
12 45 22
12 25 14
12 25 16
12 30 6
12 20 10
12 25 22
12 35 8
12 25 24
12 35 11
12 25 14
12 25 17
12 20 10
12 35 21
12 35 16
12 30 22
12 35 15
12 30 11
12 20 7
12 40 16
12 30 13
12 20 7
12 20 6
12 30 21
12 20 13
12 30 12
12 30 11
12 30 16
12 25 6
12 25 14
12 30 13
12 45 36
12 45 22
12 20 6
12 35 19
12 30 10
12 40 37
12 35 11
12 40 21
12 45 26
12 45 22
12 20 14
