None None 0
12 30 16
2 30 137
12 35 13
12 35 17
12 25 9
10.5 25 17
12 20 12
12 20 11
12 30 24
12 40 25
12 30 11
12 40 8
12 35 36
12 20 17
12 25 12
12 25 9
12 30 21
12 25 12
12 50 13
12 30 11
12 30 28
12 45 15
12 25 10
12 55 31
12 30 9
12 20 4
12 35 13
12 20 11
12 40 21
12 20 8
12 20 19
12 40 7
12 35 9
12 35 10
12 25 16
12 25 17
12 20 6
12 20 21
12 25 7
12 20 6
12 35 15
10.5 30 12
12 20 17
12 20 12
12 20 4
12 20 17
12 45 25
12 25 16
12 30 13
12 25 21
12 30 16
12 30 8
10.5 35 10
12 40 13
12 20 6
12 35 13
12 40 37
12 35 19
10.5 40 4
12 40 26
12 20 7
12 20 14
12 40 38
2 20 26
12 20 13
12 25 6
12 35 35
12 40 36
12 25 14
12 20 21
10.5 35 3
12 30 16
12 50 19
12 25 8
12 20 21
12 45 11
12 25 19
12 25 11
12 25 11
12 25 13
12 25 14
12 50 18
12 25 13
12 20 5
12 30 10
12 20 11
12 20 17
12 30 13
2 20 27
12 25 10
12 35 12
10.5 50 13
12 20 13
12 30 8
12 25 11
12 25 5
12 20 21
12 25 13
12 50 17
