None None 0
2 45 67
2 35 89
10.5 50 13
2 20 25
12 35 32
12 40 21
12 30 8
12 20 5
12 40 17
12 30 16
12 30 13
12 35 18
12 50 18
12 30 11
12 20 16
12 40 13
12 45 19
12 30 12
12 40 25
12 25 16
12 35 13
12 40 10
12 25 7
12 30 8
12 20 13
12 25 16
12 45 21
12 25 6
12 25 6
12 30 9
2 20 28
12 30 15
12 35 13
12 20 9
12 30 16
12 25 9
12 25 13
12 20 5
12 25 11
12 40 26
12 25 9
12 50 17
12 20 14
12 30 14
12 25 10
12 20 9
12 40 22
12 25 12
12 20 13
12 25 25
12 35 14
12 35 15
12 20 7
12 20 8
12 30 12
12 40 8
12 55 33
12 30 21
12 30 10
12 30 17
12 25 13
12 40 29
12 20 7
12 45 19
12 20 10
12 30 19
12 30 7
12 20 9
12 35 16
12 20 11
12 30 2
12 35 13
12 35 14
12 30 11
12 35 12
12 25 17
12 30 10
12 25 8
12 30 14
12 30 10
12 30 14
12 35 14
12 20 4
12 25 10
12 35 21
12 25 16
12 20 7
12 20 7
12 25 22
12 20 6
12 30 10
12 25 22
12 30 16
12 20 12
12 20 4
12 25 9
12 30 7
12 20 7
2 35 41
