None None 0 None 0
2 40 88 0 26
2 25 80 1 16
12 30 11 1 0
12 35 16 3 3
12 30 14 3 0
12 30 26 5 1
12 40 24 6 2
12 20 4 6 0
12 40 8 6 0
12 20 4 6 0
12 45 15 6 0
12 25 18 11 1
12 35 3 11 0
12 45 18 13 1
12 50 47 13 0
12 35 15 13 0
12 20 9 13 0
12 20 6 13 0
12 20 4 13 0
12 25 16 13 0
12 30 10 13 0
12 40 11 13 0
12 20 8 13 0
12 35 11 13 0
12 45 18 24 2
12 35 18 25 1
12 20 16 25 0
12 20 11 25 0
12 30 7 25 0
12 40 25 29 3
12 45 21 30 1
12 20 9 30 0
12 25 13 30 0
12 20 16 30 0
12 25 14 34 1
12 30 21 34 0
12 35 22 36 1
12 25 9 36 0
12 35 18 36 0
12 30 10 36 0
12 20 6 36 0
12 30 29 41 1
12 30 27 42 2
12 25 17 42 0
12 40 25 44 1
12 20 18 44 0
12 35 21 46 2
12 20 13 47 1
12 25 5 47 0
12 50 19 49 1
12 35 11 49 0
12 35 21 49 0
12 35 30 52 1
12 35 11 52 0
12 45 21 54 2
12 40 14 54 0
12 35 15 54 0
2 40 46 57 1
12 30 7 57 0
12 25 10 57 0
12 20 8 57 0
12 35 13 57 0
12 45 17 62 5
12 30 14 62 0
12 20 11 62 0
12 25 19 65 1
12 30 8 65 0
12 40 16 67 2
12 30 12 67 0
12 20 19 69 2
12 20 12 69 0
12 25 11 69 0
2 45 60 72 3
12 45 18 73 1
12 20 7 73 0
12 25 13 75 1
12 40 12 75 0
12 20 13 77 1
12 30 13 77 0
12 20 11 77 0
12 50 27 80 2
12 40 27 80 0
12 20 7 80 0
12 55 30 83 1
12 25 10 83 0
12 20 11 83 0
12 25 12 86 1
12 20 5 86 0
12 30 16 86 0
12 30 19 86 0
12 20 9 86 0
12 50 11 86 0
12 25 17 86 0
12 45 13 86 0
12 25 7 86 0
12 30 17 95 2
12 35 14 95 0
12 25 11 95 0
12 30 17 98 1
