None None 0 None 0
2 20 43 0 14
2 30 211 1 46
2 20 289 2 20
2 20 138 3 16
2 35 262 4 22
2 35 231 5 67
2 35 37 6 11
0.5 45 230 7 69
2 20 342 8 60
12 25 9 9 1
2 25 184 10 14
12 25 19 11 1
0.5 35 130 12 11
0.5 20 43 13 5
2 30 172 14 67
2 30 179 15 48
2 40 55 16 9
2 25 126 17 48
2 25 234 18 52
0.5 35 49 19 21
12 25 14 20 5
12 40 22 21 7
2 20 36 22 13
2 30 45 23 12
2 35 68 24 21
2 35 56 25 23
10.5 40 19 25 0
2 25 31 27 6
12 30 13 28 1
0.5 30 86 29 25
2 35 438 30 73
2 30 101 31 20
2 30 46 32 24
10.5 40 17 33 5
2 35 228 34 76
2 40 414 35 104
2 30 96 36 9
2 25 48 36 0
0.5 35 154 38 6
2 25 57 39 10
0.5 50 556 40 110
10.5 25 1 40 0
0.5 40 157 42 67
2 20 257 43 80
2 35 97 44 42
2 35 61 45 11
2 25 50 46 7
10.5 50 31 46 0
2 35 55 48 9
2 30 155 49 42
0.5 25 194 50 27
2 25 201 51 34
12 25 25 52 12
2 40 111 53 37
0.5 30 356 54 95
