None None 0
2 30 80
2 20 70
2 35 41
12 40 13
12 35 13
12 25 26
12 20 7
12 35 11
12 20 10
12 40 38
12 30 6
12 35 20
12 20 16
12 20 9
12 25 6
12 25 9
12 40 34
12 25 13
12 30 15
12 50 17
12 25 8
12 30 13
12 20 5
12 30 7
12 45 21
12 30 16
12 30 15
12 25 9
12 20 18
12 35 19
12 35 13
12 30 8
12 25 6
2 20 29
12 20 4
12 25 9
12 25 6
12 20 13
12 20 10
12 25 25
12 35 29
12 30 15
12 20 4
12 25 12
12 20 4
12 20 16
12 45 16
12 30 29
12 20 16
2 20 24
12 35 17
12 20 14
12 25 11
12 25 18
12 35 16
12 40 21
12 20 10
12 45 27
12 35 21
12 25 18
12 30 11
12 20 7
12 40 10
12 35 22
12 20 13
12 35 17
12 30 8
12 40 24
12 25 11
2 55 58
12 25 14
12 25 7
12 35 16
12 40 29
12 20 9
12 30 7
12 35 17
12 30 16
12 25 10
12 30 13
12 40 19
12 20 12
12 25 6
12 20 7
12 30 6
12 40 22
12 30 16
2 20 33
12 30 13
12 20 6
12 40 13
12 30 17
12 25 8
12 30 8
12 30 12
12 40 31
12 20 13
12 35 11
12 30 21
