None None 0
2 30 196
2 25 29
12 45 17
12 35 13
12 45 18
12 30 14
12 40 25
12 30 5
12 30 14
12 30 11
12 20 13
12 25 3
12 20 14
12 50 26
12 25 8
12 20 9
12 40 13
12 40 21
12 25 11
12 20 10
12 25 25
12 20 9
12 30 16
12 40 18
12 45 31
12 30 29
12 25 6
12 20 13
12 25 14
12 30 19
12 25 11
12 35 25
12 20 6
12 30 16
12 35 11
12 35 21
12 25 13
12 30 13
12 40 19
12 40 24
12 35 12
12 30 15
12 30 21
12 25 16
12 25 10
12 30 8
12 20 6
12 45 16
12 20 5
12 20 12
12 20 11
12 20 9
12 25 8
12 20 11
12 25 8
12 25 12
12 20 13
12 30 12
12 35 25
12 30 14
12 40 15
12 25 17
12 20 7
12 30 13
12 25 21
12 35 14
2 30 41
12 25 17
2 25 42
12 25 9
2 35 39
12 20 16
12 40 10
12 20 4
12 35 11
12 30 23
12 30 14
12 50 26
12 35 12
12 25 7
12 35 7
12 25 21
12 35 10
12 50 4
12 25 7
12 30 19
12 20 8
12 30 16
12 20 10
12 35 21
12 20 5
12 20 20
2 45 49
12 55 25
2 25 37
12 25 12
12 25 8
12 20 10
12 30 17
