None None 0
2 35 45
2 20 54
2 20 48
12 30 21
12 30 25
12 35 20
2 25 61
2 20 33
12 40 14
12 40 27
12 40 15
12 40 14
12 20 10
12 25 11
2 25 27
12 45 31
12 25 16
12 40 16
12 30 14
12 40 31
12 45 12
12 25 23
12 40 25
12 30 13
12 25 11
12 30 11
12 20 11
12 20 11
2 20 36
12 30 21
12 30 22
12 30 26
12 25 13
2 60 67
12 25 7
12 20 6
12 30 12
12 30 19
12 40 22
12 20 11
12 30 21
12 30 11
12 30 19
12 25 8
12 30 16
12 20 7
12 30 19
12 35 9
2 50 62
12 20 14
12 25 13
12 30 21
12 20 7
12 35 25
12 20 9
12 20 8
12 20 8
12 25 11
12 35 3
12 20 13
12 45 23
12 40 21
12 25 12
12 35 13
12 25 12
2 55 57
12 45 21
12 25 5
12 25 11
12 30 17
12 30 26
2 35 60
12 25 16
12 25 10
12 30 10
12 30 16
12 25 16
12 40 16
12 35 22
12 55 43
12 20 5
2 20 26
12 30 14
12 25 16
12 20 9
12 35 13
12 50 15
12 25 16
12 25 6
12 20 9
12 35 21
12 20 18
12 25 9
12 40 25
12 25 16
12 20 6
12 20 13
12 20 4
12 40 25
