None None 0
0.5 20 245
2 30 327
2 20 130
2 35 187
12 20 21
12 30 14
12 30 11
12 25 12
2 20 278
0.5 40 135
2 25 288
0.5 35 91
2 30 99
2 45 321
2 45 53
12 25 14
2 25 45
2 25 33
12 35 15
2 35 214
12 25 20
10.5 20 18
12 30 11
2 25 133
2 35 193
2 25 168
2 20 243
2 20 23
2 25 166
2 25 49
2 20 269
2 30 91
2 20 30
12 45 36
12 30 27
12 45 6
12 35 12
2 25 268
2 30 61
12 45 31
12 45 17
12 35 22
12 25 16
2 40 185
2 30 136
12 30 16
0.5 20 61
12 35 20
2 30 177
12 30 21
2 30 57
2 25 50
12 25 12
2 20 34
12 30 26
2 25 153
0.5 60 349
0.5 20 222
2 25 118
