12 30 10 1699 1
12 20 4 1699 0
12 30 13 1699 0
12 20 10 1699 0
12 25 8 1699 0
2 25 31 1699 0
12 20 7 1699 0
12 20 6 1699 0
12 30 13 1707 1
12 30 16 1707 0
12 20 17 1707 0
12 20 10 1710 1
12 30 10 1710 0
12 25 8 1710 0
12 25 8 1710 0
12 20 7 1710 0
12 35 10 1710 0
12 40 19 1710 0
12 30 10 1710 0
12 20 7 1710 0
12 35 10 1710 0
12 20 5 1710 0
12 20 13 1721 1
12 50 19 1721 0
12 30 23 1721 0
12 20 4 1721 0
12 35 13 1721 0
12 40 21 1726 1
12 25 13 1727 3
12 40 26 1727 0
12 30 26 1727 0
12 30 2 1727 0
12 25 11 1727 0
12 30 22 1732 1
12 20 17 1733 1
12 25 11 1733 0
12 35 3 1733 0
12 20 4 1733 0
12 35 13 1733 0
12 35 16 1738 1
12 40 17 1739 2
12 45 21 1740 1
12 35 27 1741 1
12 25 16 1742 1
12 30 21 1742 0
12 45 18 1742 0
12 20 8 1745 1
12 40 9 1745 0
12 35 14 1745 0
12 40 12 1745 0
12 20 8 1745 0
12 20 5 1745 0
12 20 7 1745 0
12 35 11 1752 1
12 40 16 1752 0
12 50 25 1754 1
12 25 9 1754 0
12 25 17 1754 0
12 30 16 1754 0
12 35 7 1754 0
12 30 10 1759 1
12 40 25 1760 2
12 20 13 1760 0
12 45 29 1762 1
12 30 16 1762 0
12 25 15 1762 0
12 25 11 1765 1
12 30 12 1765 0
12 30 12 1767 1
12 50 38 1767 0
12 20 8 1767 0
12 35 13 1770 1
12 20 6 1771 1
12 35 3 1771 0
12 25 12 1771 0
12 40 21 1771 0
12 35 17 1771 0
12 35 11 1771 0
12 25 7 1771 0
12 40 26 1778 1
12 40 23 1778 0
12 20 17 1778 0
12 20 19 1781 1
12 25 25 1781 0
12 35 21 1783 1
12 55 38 1784 1
12 45 15 1784 0
12 45 25 1784 0
12 20 14 1787 1
12 40 13 1788 1
12 35 18 1788 0
12 40 18 1788 0
12 35 13 1788 0
12 30 13 1788 0
12 25 25 1788 0
12 25 14 1794 1
10.5 35 3 1794 0
12 45 9 1794 0
12 30 13 1797 1
12 35 21 1798 1
