12 30 6 2591 0
12 25 11 2591 0
12 55 21 2591 0
12 20 6 2591 0
12 30 8 2591 0
12 20 10 2591 0
12 30 22 2605 2
12 45 21 2605 0
12 30 16 2607 1
12 25 23 2608 1
12 20 9 2609 2
12 40 26 2609 0
12 45 18 2609 0
12 35 12 2612 1
12 30 11 2613 1
12 50 38 2613 0
12 25 12 2615 1
12 20 7 2615 0
12 25 9 2615 0
12 25 7 2615 0
12 30 19 2619 1
12 25 12 2620 1
12 40 16 2620 0
12 20 4 2620 0
12 45 13 2620 0
12 40 21 2624 1
12 30 6 2624 0
12 20 9 2624 0
12 35 18 2624 0
12 45 23 2624 0
12 45 13 2624 0
12 35 16 2624 0
12 30 16 2624 0
12 25 22 2624 0
12 30 7 2624 0
12 40 29 2634 2
12 35 17 2634 0
12 40 34 2634 0
12 35 22 2637 1
12 30 19 2638 1
12 40 19 2638 0
12 25 16 2640 2
12 20 17 2641 3
12 35 23 2641 0
12 25 7 2641 0
12 40 26 2641 0
12 20 4 2641 0
12 20 10 2641 0
12 50 37 2647 1
2 20 26 2648 4
12 30 17 2649 1
12 25 16 2649 0
12 25 9 2651 1
12 30 9 2651 0
12 20 10 2653 2
12 50 16 2653 0
12 30 11 2653 0
12 35 16 2656 2
12 35 25 2656 0
12 25 12 2656 0
12 40 17 2659 1
12 20 14 2659 0
12 50 18 2661 1
12 25 17 2662 1
12 40 34 2663 2
12 25 21 2663 0
12 35 34 2663 0
12 40 19 2663 0
12 30 10 2663 0
12 30 27 2668 1
12 25 8 2668 0
12 20 7 2668 0
12 25 14 2668 0
12 30 19 2668 0
12 25 5 2668 0
12 30 25 2674 1
12 40 19 2674 0
12 20 10 2674 0
12 40 26 2677 1
12 25 8 2677 0
12 45 19 2679 1
12 20 6 2680 1
12 35 12 2681 1
12 35 11 2681 0
12 25 7 2681 0
12 35 13 2681 0
12 20 10 2681 0
2 20 27 2686 1
12 35 11 2686 0
12 40 22 2688 2
12 30 13 2688 0
12 35 17 2688 0
12 25 9 2691 1
2 20 31 2692 2
12 25 13 2693 2
12 25 13 2693 0
12 35 13 2693 0
12 30 23 2696 1
12 25 5 2696 0
12 30 22 2696 0
