12 20 9 2099 1
12 25 10 2099 0
12 25 13 2101 1
12 35 13 2102 1
12 20 5 2102 0
12 25 20 2104 2
12 25 9 2104 0
12 30 13 2106 1
12 40 16 2107 1
12 20 14 2108 1
12 35 28 2108 0
12 25 10 2110 1
12 20 6 2110 0
12 30 17 2112 1
12 45 21 2113 2
12 25 10 2113 0
12 40 28 2115 2
12 40 15 2115 0
12 30 9 2117 1
12 45 32 2118 2
12 40 9 2119 2
12 25 9 2120 1
12 45 21 2120 0
12 25 9 2120 0
12 30 17 2123 1
12 20 12 2123 0
12 20 5 2123 0
12 45 22 2126 1
12 35 22 2127 1
12 40 4 2127 0
12 35 29 2129 1
12 35 12 2129 0
12 30 13 2129 0
12 35 12 2132 1
12 20 13 2132 0
12 55 20 2134 1
12 30 11 2135 1
12 45 19 2136 1
12 50 15 2136 0
12 35 8 2136 0
12 20 10 2139 1
12 30 11 2139 0
12 20 11 2141 3
12 35 8 2142 1
12 25 9 2142 0
12 35 18 2144 2
12 30 13 2144 0
12 20 4 2144 0
12 20 10 2147 1
12 25 8 2147 0
12 50 13 2149 1
12 20 7 2149 0
12 20 17 2151 1
12 25 14 2151 0
12 20 8 2151 0
12 30 22 2154 1
12 20 11 2154 0
12 20 13 2154 0
12 20 4 2154 0
12 35 16 2154 0
12 20 13 2159 1
12 35 17 2160 1
12 35 19 2160 0
12 20 13 2160 0
12 20 7 2163 1
12 20 8 2164 1
12 20 5 2164 0
12 20 9 2164 0
12 30 15 2164 0
12 35 13 2164 0
12 25 13 2164 0
12 20 10 2164 0
12 20 9 2171 1
12 35 10 2171 0
12 35 10 2171 0
12 25 10 2171 0
12 35 3 2171 0
12 20 16 2176 1
12 20 10 2176 0
12 40 13 2176 0
2 20 26 2179 1
12 30 7 2179 0
12 25 14 2181 1
12 35 15 2182 1
12 40 19 2182 0
12 25 8 2182 0
12 35 11 2182 0
12 40 20 2182 0
12 25 19 2187 1
12 35 21 2188 3
12 35 25 2189 2
12 25 11 2189 0
12 50 31 2191 2
12 20 13 2191 0
12 30 17 2191 0
12 20 5 2191 0
12 20 7 2191 0
12 20 11 2191 0
12 35 21 2191 0
12 20 6 2191 0
