12 20 7 4298 0
12 25 9 4300 1
12 35 22 4301 2
12 20 7 4301 0
12 20 14 4301 0
12 25 17 4301 0
2 35 37 4305 1
12 30 12 4305 0
12 35 9 4305 0
12 35 21 4305 0
12 20 14 4309 1
12 35 16 4310 1
12 25 9 4311 1
12 25 12 4311 0
12 40 14 4311 0
12 20 4 4311 0
12 20 12 4315 2
12 20 13 4315 0
12 20 9 4315 0
12 40 19 4315 0
12 25 3 4315 0
12 20 11 4315 0
12 20 11 4315 0
12 20 8 4315 0
12 40 14 4315 0
12 20 19 4315 0
12 20 14 4315 0
12 35 24 4326 4
12 25 7 4326 0
12 40 36 4328 1
12 20 6 4328 0
12 50 20 4330 1
12 45 18 4331 1
12 30 11 4331 0
12 30 16 4333 1
12 35 31 4334 2
12 30 14 4334 0
12 20 7 4336 1
12 25 7 4336 0
12 35 17 4338 3
12 45 28 4338 0
12 35 14 4340 1
12 35 21 4340 0
12 25 15 4340 0
12 45 19 4343 1
10.5 30 4 4343 0
12 25 10 4343 0
12 35 23 4343 0
12 45 26 4347 1
12 20 12 4348 1
12 30 12 4348 0
12 45 18 4348 0
12 25 13 4348 0
12 35 16 4352 1
12 40 13 4352 0
12 20 4 4352 0
12 20 5 4352 0
12 35 10 4352 0
12 30 12 4352 0
12 40 15 4352 0
12 20 8 4359 1
12 50 17 4359 0
12 50 24 4361 1
12 25 18 4361 0
12 20 12 4361 0
12 20 11 4361 0
12 25 25 4365 1
12 25 13 4366 1
12 30 14 4367 1
12 35 20 4367 0
12 35 14 4369 1
12 30 13 4370 1
12 25 10 4370 0
12 20 13 4370 0
12 30 13 4370 0
12 35 17 4370 0
12 20 13 4375 1
12 30 10 4375 0
12 25 7 4375 0
12 20 13 4375 0
2 20 34 4375 0
12 20 7 4375 0
12 20 13 4375 0
12 30 7 4375 0
12 40 32 4383 4
12 20 8 4384 1
12 30 8 4384 0
12 20 11 4384 0
12 20 11 4384 0
12 30 25 4384 0
12 20 17 4384 0
12 35 19 4390 1
12 20 12 4391 1
12 20 9 4391 0
12 30 25 4393 1
12 25 26 4393 0
12 35 22 4395 1
12 30 11 4396 1
12 40 14 4397 1
12 25 18 4398 2
