12 30 19 5499 3
12 35 14 5500 1
12 40 9 5500 0
12 30 17 5502 1
12 35 7 5502 0
12 20 10 5502 0
12 35 9 5502 0
12 25 5 5502 0
12 30 8 5502 0
12 20 4 5502 0
12 25 5 5502 0
12 25 20 5502 0
12 30 22 5511 1
2 30 36 5512 1
12 25 8 5512 0
12 20 12 5512 0
12 30 23 5515 1
12 30 9 5515 0
12 20 16 5517 1
12 30 6 5517 0
12 35 29 5517 0
12 25 8 5520 1
12 30 10 5520 0
12 30 4 5520 0
12 35 15 5520 0
12 20 4 5520 0
2 25 92 5520 0
12 30 14 5520 0
12 35 13 5527 1
2 20 31 5528 2
12 45 21 5528 0
12 45 15 5528 0
12 35 9 5528 0
12 35 27 5532 1
12 30 13 5532 0
2 20 26 5532 0
2 25 40 5535 1
2 25 56 5535 0
12 20 14 5535 0
12 30 7 5535 0
12 40 12 5535 0
12 25 13 5535 0
2 40 68 5541 2
12 20 16 5542 1
12 35 11 5542 0
12 20 4 5542 0
2 25 30 5545 3
12 30 21 5546 1
12 20 7 5546 0
12 20 4 5546 0
12 20 9 5546 0
12 35 17 5550 1
12 30 27 5550 0
12 20 8 5550 0
12 20 9 5553 1
12 45 11 5553 0
12 20 21 5555 1
12 25 11 5555 0
12 20 8 5555 0
2 25 74 5558 3
12 25 19 5559 1
12 30 6 5559 0
12 35 8 5559 0
12 20 12 5559 0
12 20 4 5559 0
12 35 28 5564 1
12 30 14 5565 1
12 20 4 5565 0
12 25 11 5565 0
12 35 20 5568 1
12 35 7 5568 0
12 50 11 5570 1
12 30 2 5570 0
12 25 9 5570 0
12 25 21 5570 0
12 40 12 5570 0
12 35 31 5570 0
12 35 13 5570 0
12 55 37 5577 1
12 30 19 5577 0
12 35 21 5579 1
12 25 4 5579 0
12 25 26 5579 0
12 20 10 5582 3
12 25 18 5583 1
12 45 15 5584 1
12 25 11 5584 0
2 35 46 5584 0
12 40 14 5587 1
12 25 25 5588 2
2 25 29 5589 1
12 55 13 5589 0
12 25 11 5589 0
12 35 10 5589 0
12 25 18 5589 0
12 35 14 5589 0
12 25 9 5589 0
12 40 30 5596 2
2 20 32 5597 3
2 40 45 5597 0
