2 30 53 4499 4
12 20 8 4499 0
12 30 26 4499 0
12 35 7 4499 0
12 50 26 4503 1
12 30 22 4504 1
12 20 7 4504 0
2 30 32 4506 3
12 20 9 4506 0
12 40 6 4506 0
12 25 11 4506 0
12 40 16 4506 0
12 35 18 4506 0
12 20 15 4512 1
12 20 8 4512 0
12 55 35 4514 1
12 35 16 4515 1
12 20 5 4515 0
12 20 12 4517 1
12 25 23 4517 0
2 40 69 4519 1
12 25 13 4519 0
12 20 7 4519 0
12 35 24 4519 0
12 50 21 4523 2
12 20 8 4523 0
12 40 15 4525 1
12 20 10 4525 0
12 30 8 4525 0
12 20 7 4525 0
12 30 10 4525 0
2 45 51 4530 1
12 45 15 4530 0
12 40 8 4530 0
12 55 17 4533 1
12 25 10 4533 0
12 20 17 4533 0
12 50 27 4536 1
12 20 19 4537 1
12 35 12 4537 0
12 35 11 4539 1
12 40 26 4539 0
12 30 26 4539 0
12 30 20 4542 2
12 30 12 4542 0
12 55 36 4544 2
12 20 17 4544 0
12 25 24 4546 1
12 30 7 4547 1
12 20 11 4547 0
12 20 10 4549 1
12 20 8 4549 0
12 35 26 4549 0
12 20 10 4549 0
2 25 29 4553 1
12 30 12 4553 0
12 50 8 4553 0
12 30 7 4553 0
12 20 17 4553 0
12 45 10 4553 0
12 30 15 4553 0
12 35 28 4553 0
12 55 19 4561 2
12 25 25 4562 2
12 20 6 4562 0
12 25 14 4562 0
12 35 13 4562 0
12 45 13 4562 0
12 45 17 4567 1
12 40 10 4567 0
12 40 29 4569 1
12 30 7 4569 0
12 30 17 4569 0
2 20 25 4569 0
12 25 9 4569 0
12 20 20 4569 0
12 30 18 4575 1
12 25 20 4575 0
12 25 5 4575 0
12 20 18 4575 0
12 35 7 4575 0
12 40 10 4575 0
12 20 15 4575 0
12 30 16 4575 0
12 45 9 4575 0
12 20 10 4575 0
12 25 13 4585 1
12 25 15 4585 0
12 50 15 4587 1
12 25 24 4587 0
12 25 14 4587 0
12 40 15 4590 1
2 35 42 4590 0
12 30 26 4592 1
12 20 8 4593 1
12 35 28 4593 0
2 30 81 4595 2
12 20 19 4596 1
12 35 8 4596 0
12 25 16 4598 1
