12 40 18 3597 0
12 25 11 3600 1
12 25 12 3600 0
12 35 12 3600 0
12 30 9 3600 0
12 25 11 3600 0
12 30 13 3600 0
12 20 6 3600 0
12 40 11 3607 1
12 20 8 3607 0
12 35 18 3607 0
12 20 13 3607 0
12 45 22 3607 0
12 40 17 3612 1
12 35 13 3613 1
12 20 6 3613 0
12 30 7 3613 0
12 40 22 3613 0
12 30 25 3617 1
12 25 17 3618 1
12 30 16 3619 1
12 30 9 3619 0
12 20 13 3619 0
12 25 8 3619 0
12 30 19 3623 1
12 25 7 3623 0
12 30 7 3623 0
12 20 9 3626 1
12 35 10 3627 1
12 20 9 3627 0
12 30 16 3627 0
12 25 5 3627 0
12 50 29 3631 1
12 30 14 3631 0
12 25 6 3631 0
12 30 14 3631 0
12 35 11 3631 0
12 35 16 3631 0
12 20 12 3631 0
12 30 17 3631 0
12 35 22 3631 0
12 45 22 3640 2
12 25 16 3640 0
12 30 7 3640 0
12 20 13 3643 2
12 20 5 3643 0
12 35 6 3643 0
12 35 21 3646 1
12 20 12 3646 0
12 40 22 3646 0
12 45 26 3646 0
12 35 16 3650 1
12 25 9 3650 0
12 50 16 3650 0
12 20 21 3650 0
12 25 10 3650 0
12 45 17 3650 0
12 20 6 3650 0
12 45 20 3650 0
12 30 8 3650 0
12 25 6 3650 0
12 30 10 3650 0
12 20 13 3650 0
12 30 21 3650 0
12 30 14 3650 0
12 45 25 3650 0
12 35 29 3665 2
12 55 13 3665 0
12 20 5 3665 0
12 30 14 3665 0
12 25 5 3665 0
12 50 25 3670 1
12 25 17 3670 0
12 35 31 3672 1
12 30 18 3673 1
12 30 8 3673 0
12 35 6 3675 1
12 25 9 3675 0
12 45 22 3675 0
12 30 14 3675 0
12 25 17 3679 1
12 35 14 3679 0
12 30 9 3681 1
12 40 21 3682 1
12 40 11 3682 0
12 35 18 3682 0
12 45 11 3682 0
12 25 7 3682 0
12 25 11 3682 0
12 50 36 3682 0
12 25 16 3682 0
12 40 15 3682 0
12 35 33 3691 2
12 25 6 3691 0
12 30 17 3693 1
12 30 10 3693 0
12 25 7 3695 1
12 30 8 3695 0
12 30 15 3695 0
12 25 11 3698 1
