12 20 16 2898 0
12 20 19 2900 3
2 35 50 2901 3
2 40 44 2902 1
2 25 65 2903 7
12 20 10 2903 0
12 25 12 2903 0
2 30 71 2906 6
2 25 53 2907 1
2 25 35 2908 1
12 20 16 2909 3
12 25 17 2910 3
12 55 33 2911 3
0.5 25 39 2912 1
12 20 6 2912 0
12 25 19 2914 1
2 40 50 2915 4
2 25 30 2916 2
12 25 18 2916 0
12 20 19 2918 1
12 25 7 2918 0
12 30 8 2918 0
12 45 15 2918 0
12 30 12 2918 0
12 20 9 2918 0
2 25 45 2924 1
12 40 18 2925 1
12 30 19 2926 2
12 35 24 2927 1
12 20 8 2927 0
12 55 26 2927 0
2 20 44 2927 0
12 30 17 2931 1
12 30 2 2931 0
2 45 94 2933 6
12 30 21 2934 1
12 35 13 2934 0
12 30 18 2934 0
12 30 20 2937 1
12 30 25 2938 1
12 20 10 2938 0
12 20 15 2940 3
12 25 14 2940 0
12 30 23 2942 1
12 35 18 2942 0
12 40 4 2944 2
12 35 21 2945 2
12 35 35 2946 1
12 20 7 2946 0
12 35 18 2948 1
12 50 41 2949 1
2 25 31 2949 0
12 35 25 2949 0
12 25 13 2949 0
12 40 21 2949 0
12 45 46 2954 4
12 30 21 2954 0
12 30 26 2956 1
2 35 53 2956 0
12 25 23 2958 1
2 35 40 2959 3
12 30 11 2959 0
12 40 37 2959 0
10.5 40 41 2962 2
2 20 25 2962 0
12 35 21 2962 0
12 25 6 2962 0
12 25 21 2966 1
12 35 34 2967 3
12 45 19 2968 2
12 25 3 2968 0
12 30 10 2968 0
12 40 14 2968 0
12 45 16 2968 0
12 20 7 2968 0
12 35 5 2968 0
2 30 43 2968 0
12 40 19 2968 0
12 20 7 2968 0
12 35 17 2978 1
2 45 55 2979 3
12 25 3 2979 0
12 30 16 2981 3
12 25 3 2981 0
12 35 25 2983 1
12 35 14 2983 0
12 25 13 2983 0
12 30 9 2983 0
12 20 17 2983 0
12 20 13 2983 0
2 25 28 2983 0
12 35 17 2983 0
12 35 29 2983 0
12 35 17 2992 1
10.5 35 10 2993 1
12 50 17 2993 0
12 25 10 2993 0
12 25 10 2993 0
12 20 13 2993 0
2 30 36 2998 2
