12 30 9 4897 0
12 20 10 4897 0
12 25 24 4901 2
12 25 5 4901 0
12 30 27 4903 2
2 30 37 4904 1
12 20 16 4905 3
2 35 49 4906 2
12 25 10 4906 0
12 20 9 4906 0
12 25 14 4909 2
12 45 14 4909 0
12 40 30 4911 1
12 25 19 4911 0
12 35 15 4913 3
2 20 41 4914 3
12 25 13 4914 0
12 35 13 4914 0
12 20 4 4914 0
12 35 21 4918 1
12 25 11 4918 0
2 35 49 4920 4
12 35 31 4921 2
12 45 17 4922 1
12 40 19 4922 0
12 40 11 4922 0
12 25 18 4922 0
12 40 21 4926 1
12 30 27 4927 1
12 35 21 4928 2
12 35 18 4929 2
12 30 21 4929 0
12 20 7 4931 1
12 50 31 4932 2
12 25 12 4932 0
12 25 12 4932 0
12 30 13 4932 0
12 25 10 4936 1
12 25 11 4936 0
12 35 22 4938 1
12 35 15 4939 1
12 25 10 4939 0
12 35 10 4939 0
12 30 4 4942 1
12 30 18 4943 2
12 30 23 4943 0
12 25 7 4943 0
2 40 44 4946 3
12 35 16 4946 0
12 30 2 4946 0
12 25 8 4946 0
2 20 29 4950 4
12 25 17 4950 0
12 30 15 4950 0
12 50 14 4953 2
12 20 17 4953 0
12 25 10 4953 0
12 30 8 4953 0
12 35 26 4957 1
12 20 7 4957 0
12 20 17 4957 0
2 50 87 4960 4
12 20 13 4960 0
12 50 39 4962 3
2 40 96 4963 9
12 35 34 4964 3
2 30 47 4965 4
12 25 8 4966 1
12 25 13 4966 0
12 25 17 4968 2
12 55 28 4969 3
12 30 16 4969 0
12 25 12 4971 1
12 30 12 4972 2
12 25 8 4973 1
12 35 22 4974 1
12 30 13 4974 0
12 20 13 4976 2
12 20 5 4977 1
12 35 16 4977 0
12 20 12 4979 1
12 25 7 4979 0
12 20 7 4979 0
12 45 29 4982 2
12 20 6 4982 0
12 25 17 4984 3
12 35 31 4985 1
12 50 32 4986 3
2 20 37 4987 2
12 35 12 4988 2
12 45 15 4989 1
2 20 53 4990 3
12 20 7 4991 1
12 20 4 4991 0
12 30 15 4993 2
12 30 17 4994 3
12 20 14 4995 1
2 30 49 4996 2
12 20 7 4997 2
12 25 25 4997 0
