12 35 16 4999 2
12 30 12 4999 0
12 30 29 5001 3
12 25 11 5002 3
12 20 10 5002 0
2 20 49 5004 6
12 35 15 5004 0
12 30 8 5004 0
2 30 32 5007 3
12 25 13 5007 0
12 20 18 5009 2
12 45 23 5009 0
12 45 24 5011 2
12 40 29 5012 3
12 30 16 5013 2
12 25 6 5014 1
2 30 33 5015 5
2 50 72 5016 7
12 30 27 5017 2
12 20 8 5017 0
12 20 4 5017 0
12 20 7 5017 0
12 40 34 5021 2
12 25 6 5022 1
12 20 16 5023 2
12 35 21 5024 2
12 25 5 5024 0
12 45 17 5024 0
12 20 12 5027 1
12 40 27 5028 5
12 20 17 5029 2
12 25 22 5029 0
12 20 6 5029 0
12 20 6 5032 1
12 25 22 5033 5
12 25 19 5034 1
12 25 23 5035 1
12 20 7 5036 1
12 25 23 5037 1
12 30 18 5038 1
12 25 18 5039 3
12 25 17 5040 1
12 35 12 5041 1
12 30 7 5042 2
12 30 9 5042 0
12 20 8 5042 0
12 35 17 5042 0
12 30 6 5042 0
12 45 33 5047 3
12 20 4 5047 0
12 30 16 5047 0
12 20 6 5047 0
12 20 21 5051 3
2 25 39 5052 4
12 20 13 5053 1
12 30 7 5053 0
12 20 12 5055 1
10.5 45 14 5055 0
12 25 19 5057 2
12 45 19 5058 3
12 25 19 5058 0
12 20 6 5058 0
12 45 33 5058 0
12 30 18 5062 5
2 25 38 5063 3
12 25 3 5063 0
12 35 28 5065 2
2 25 34 5066 5
2 20 32 5067 3
12 40 17 5068 2
12 20 13 5069 2
12 40 16 5069 0
12 25 11 5071 2
12 30 6 5071 0
2 20 25 5073 2
12 30 18 5073 0
12 25 12 5075 3
12 40 32 5076 2
12 40 25 5076 0
12 25 8 5078 1
12 25 13 5078 0
12 25 12 5078 0
12 40 19 5081 2
12 35 11 5082 2
12 35 29 5082 0
12 20 14 5084 1
12 50 36 5085 4
12 30 21 5086 1
12 20 6 5086 0
12 25 13 5088 3
12 20 8 5088 0
12 25 17 5090 2
12 45 19 5091 1
12 25 16 5091 0
12 30 16 5091 0
12 30 26 5094 3
12 20 6 5095 1
12 35 15 5095 0
12 40 18 5095 0
12 25 8 5095 0
