12 35 22 2398 0
12 20 7 2398 0
12 20 14 2401 1
2 35 43 2402 2
12 30 21 2403 1
12 20 9 2403 0
12 20 10 2403 0
12 25 11 2403 0
12 35 25 2407 1
12 20 11 2407 0
12 40 23 2409 1
12 40 29 2410 1
12 30 13 2410 0
12 35 17 2412 1
12 20 8 2412 0
12 50 25 2414 2
12 40 16 2415 2
12 25 16 2415 0
12 40 13 2415 0
12 20 15 2418 1
12 35 11 2418 0
12 20 6 2420 1
12 20 13 2421 1
12 50 26 2422 1
12 20 7 2423 1
12 25 12 2423 0
12 20 7 2423 0
12 20 7 2423 0
12 40 22 2427 2
12 25 13 2427 0
12 20 11 2429 1
12 20 21 2430 1
12 45 25 2430 0
12 20 10 2430 0
12 20 4 2430 0
12 40 14 2430 0
12 30 16 2435 1
12 20 12 2436 1
12 40 5 2436 0
12 40 10 2436 0
12 35 17 2436 0
12 25 21 2440 2
12 20 13 2441 1
2 25 29 2442 1
12 25 15 2443 1
12 40 19 2444 1
12 45 14 2444 0
12 35 15 2444 0
12 20 13 2444 0
12 30 26 2448 3
12 25 11 2448 0
12 35 17 2450 1
12 35 21 2450 0
2 20 26 2452 1
12 30 13 2452 0
10.5 30 4 2452 0
12 20 9 2452 0
12 30 10 2456 1
12 30 9 2456 0
12 40 13 2456 0
12 25 11 2456 0
12 35 9 2460 1
12 30 17 2461 1
12 25 11 2461 0
12 30 15 2461 0
12 20 4 2461 0
12 35 23 2461 0
12 20 7 2461 0
12 20 9 2461 0
12 25 6 2461 0
12 20 18 2469 1
12 25 11 2470 1
12 20 9 2471 1
12 25 16 2471 0
12 25 14 2473 2
12 35 14 2474 1
12 40 29 2475 1
12 35 14 2475 0
12 40 13 2477 1
12 20 6 2477 0
12 20 10 2477 0
12 25 18 2480 2
12 20 17 2480 0
12 20 4 2480 0
12 35 25 2480 0
12 25 9 2480 0
12 50 15 2480 0
12 25 17 2486 2
12 30 9 2486 0
12 25 8 2486 0
12 20 8 2489 1
12 25 13 2489 0
12 30 16 2489 0
12 40 19 2492 1
12 25 13 2492 0
12 25 13 2492 0
12 20 9 2492 0
12 40 29 2492 0
12 20 13 2492 0
12 30 14 2492 0
