12 20 7 3999 1
12 35 10 4000 1
12 35 18 4001 1
12 50 19 4002 2
12 25 12 4002 0
12 35 17 4002 0
12 25 10 4002 0
12 20 12 4002 0
12 40 19 4007 1
12 30 19 4008 1
12 20 7 4008 0
12 30 13 4008 0
12 40 21 4008 0
12 25 8 4008 0
12 35 9 4008 0
12 25 11 4014 1
12 30 15 4015 2
10.5 60 17 4015 0
12 20 5 4015 0
12 55 19 4015 0
12 30 16 4019 2
12 30 11 4019 0
12 35 13 4019 0
12 25 19 4022 1
12 25 17 4022 0
12 40 21 4022 0
12 45 11 4022 0
12 35 13 4026 1
12 25 14 4027 1
12 35 10 4027 0
12 20 13 4029 1
12 20 9 4029 0
12 35 17 4031 1
12 25 6 4031 0
12 30 12 4031 0
12 25 10 4031 0
12 25 6 4031 0
12 20 6 4031 0
12 25 11 4037 2
12 25 11 4037 0
12 25 11 4039 1
12 35 13 4040 1
12 25 17 4041 1
12 20 13 4041 0
12 50 39 4043 2
12 30 16 4043 0
12 50 21 4045 1
12 20 9 4045 0
12 30 22 4045 0
12 20 14 4045 0
12 25 13 4049 1
12 25 13 4049 0
12 30 2 4049 0
12 25 11 4049 0
12 50 23 4049 0
12 20 7 4049 0
12 25 18 4049 0
12 25 6 4049 0
12 50 22 4057 2
12 30 16 4057 0
12 20 10 4057 0
12 40 24 4057 0
12 45 27 4057 0
12 20 9 4057 0
12 20 9 4057 0
12 20 14 4057 0
12 40 28 4065 1
12 20 5 4065 0
12 40 21 4067 2
12 35 14 4067 0
12 20 13 4067 0
12 25 13 4070 2
12 20 19 4070 0
12 20 9 4070 0
12 20 13 4073 2
12 45 20 4073 0
12 45 17 4075 2
12 25 8 4075 0
12 20 7 4077 1
12 20 13 4077 0
12 25 14 4079 1
12 20 13 4079 0
12 30 12 4079 0
12 25 11 4079 0
12 25 15 4079 0
12 35 18 4079 0
12 20 13 4079 0
12 30 27 4086 3
12 45 20 4086 0
12 40 13 4086 0
12 25 12 4086 0
12 45 16 4086 0
12 20 13 4091 1
12 45 19 4091 0
12 25 21 4091 0
12 45 27 4094 1
12 35 12 4094 0
12 40 32 4094 0
12 30 13 4094 0
12 55 17 4098 1
