12 25 7 5198 0
12 55 25 5198 0
12 35 14 5198 0
12 40 34 5202 2
12 55 26 5203 1
2 20 23 5204 2
12 25 13 5205 1
12 45 11 5206 1
12 25 13 5207 1
2 20 23 5207 0
12 25 20 5209 1
2 30 38 5210 2
2 25 29 5210 0
12 45 15 5212 1
2 25 84 5213 5
12 25 12 5213 0
12 20 5 5213 0
12 25 13 5216 1
2 20 31 5217 2
12 35 13 5217 0
12 30 13 5217 0
12 55 15 5220 1
12 45 3 5220 0
12 25 11 5220 0
12 40 31 5223 1
12 30 17 5224 1
12 30 20 5224 0
12 20 11 5226 1
12 30 10 5226 0
12 40 18 5228 1
12 30 6 5228 0
12 25 18 5230 1
12 40 10 5230 0
2 45 47 5232 1
12 20 7 5232 0
12 20 6 5232 0
2 20 24 5235 1
12 40 28 5236 1
12 30 6 5236 0
2 20 30 5238 4
12 40 10 5238 0
12 25 5 5238 0
12 25 21 5238 0
12 25 14 5238 0
12 25 6 5238 0
12 40 18 5238 0
12 35 32 5245 1
12 25 23 5245 0
12 50 21 5247 2
12 35 13 5247 0
12 25 13 5247 0
12 30 10 5247 0
12 20 6 5251 1
12 30 18 5251 0
12 30 11 5251 0
12 20 4 5251 0
12 50 17 5251 0
12 35 24 5251 0
12 35 7 5251 0
12 20 4 5251 0
12 40 19 5259 2
12 45 34 5260 1
12 30 29 5261 2
12 40 21 5261 0
12 20 9 5261 0
12 25 14 5261 0
12 20 6 5261 0
12 25 12 5261 0
12 20 4 5261 0
12 45 20 5261 0
2 30 47 5269 5
12 45 16 5269 0
12 40 12 5269 0
12 40 27 5269 0
12 25 21 5273 1
12 45 36 5274 2
12 25 6 5274 0
2 30 32 5276 1
12 20 11 5276 0
12 20 12 5276 0
12 35 14 5279 1
12 30 24 5279 0
12 20 15 5279 0
12 40 22 5282 1
12 25 10 5282 0
12 25 25 5282 0
2 25 47 5282 0
12 35 30 5286 1
12 45 26 5287 3
12 20 10 5287 0
12 30 9 5289 1
12 30 18 5290 1
12 30 15 5291 1
12 40 8 5291 0
12 30 4 5291 0
12 30 6 5291 0
2 25 48 5295 1
12 20 17 5295 0
12 30 23 5295 0
12 40 29 5295 0
