12 30 8 3397 0
12 20 13 3400 1
12 25 20 3400 0
12 25 13 3402 1
12 30 13 3402 0
12 45 25 3404 2
12 20 15 3405 2
12 20 9 3405 0
12 40 16 3407 1
12 30 9 3407 0
12 20 6 3407 0
12 40 17 3407 0
12 45 27 3407 0
12 20 17 3412 1
12 35 14 3412 0
12 20 13 3414 2
12 30 13 3414 0
12 20 9 3416 1
12 30 14 3416 0
12 20 8 3416 0
12 50 43 3419 2
12 25 13 3419 0
12 20 8 3419 0
12 20 12 3419 0
12 40 12 3419 0
12 25 18 3419 0
12 35 16 3419 0
12 40 25 3419 0
12 30 10 3419 0
12 30 19 3428 1
12 45 27 3429 1
12 50 17 3429 0
12 25 10 3429 0
12 25 16 3432 3
12 45 21 3432 0
12 25 15 3434 1
12 25 3 3434 0
12 25 13 3434 0
2 20 25 3437 1
12 40 16 3438 2
12 45 17 3438 0
12 30 10 3438 0
12 35 19 3438 0
12 25 16 3438 0
12 20 11 3443 1
12 45 20 3444 1
12 40 17 3444 0
12 40 6 3444 0
12 30 13 3444 0
12 30 16 3448 2
12 20 9 3448 0
12 25 5 3448 0
12 35 9 3448 0
12 25 11 3448 0
12 30 11 3448 0
12 45 17 3448 0
12 30 13 3448 0
12 40 14 3456 1
12 20 13 3456 0
12 35 27 3458 2
12 50 32 3458 0
12 25 10 3458 0
12 30 4 3458 0
12 20 10 3458 0
12 30 13 3458 0
12 25 10 3458 0
12 30 10 3458 0
12 30 17 3466 1
12 35 11 3466 0
12 20 9 3468 1
12 20 14 3468 0
12 20 14 3468 0
12 35 16 3468 0
12 40 12 3468 0
12 30 13 3468 0
12 30 8 3468 0
12 20 17 3475 1
12 20 4 3475 0
12 35 18 3477 1
12 25 10 3477 0
12 30 8 3477 0
12 25 9 3480 1
12 20 13 3480 0
12 40 25 3482 2
12 20 7 3482 0
12 50 26 3484 2
12 25 8 3484 0
12 20 4 3484 0
12 30 16 3484 0
2 30 34 3488 2
12 25 9 3488 0
12 20 6 3488 0
12 35 20 3491 2
12 40 14 3492 2
12 35 25 3492 0
12 40 22 3494 2
12 20 6 3494 0
12 20 8 3494 0
12 25 11 3494 0
12 30 12 3498 1
