12 35 14 1498 0
12 20 4 1498 0
12 30 16 1501 1
12 25 13 1501 0
12 25 11 1501 0
2 45 49 1504 3
12 40 21 1504 0
12 20 9 1504 0
12 25 7 1504 0
12 20 7 1504 0
12 25 11 1504 0
12 30 10 1504 0
12 55 13 1504 0
12 20 9 1504 0
12 25 10 1504 0
12 30 8 1504 0
12 25 15 1515 1
12 25 10 1516 1
12 45 16 1516 0
12 30 16 1516 0
12 30 17 1516 0
12 25 10 1520 1
12 20 17 1521 1
12 20 9 1521 0
12 20 10 1523 2
12 40 21 1524 1
12 20 11 1524 0
12 35 21 1524 0
12 60 37 1527 2
12 25 12 1527 0
12 20 12 1529 1
12 35 28 1530 1
12 25 18 1531 2
12 20 4 1531 0
12 35 23 1533 1
12 50 23 1533 0
12 30 16 1535 1
12 25 11 1535 0
12 30 22 1535 0
12 25 12 1538 1
12 20 4 1538 0
12 20 4 1538 0
12 40 22 1538 0
12 25 16 1538 0
12 30 9 1538 0
12 25 11 1538 0
12 20 16 1545 1
2 20 29 1545 0
12 20 7 1545 0
12 20 10 1545 0
12 35 17 1549 1
12 30 19 1550 1
12 40 16 1551 1
12 25 13 1552 1
12 40 20 1552 0
12 45 32 1554 4
2 20 38 1555 1
12 20 16 1555 0
2 20 26 1557 1
12 30 23 1557 0
12 25 16 1557 0
12 35 8 1557 0
12 30 21 1561 3
12 40 30 1561 0
12 30 13 1561 0
12 20 9 1561 0
12 20 8 1565 2
12 30 18 1566 1
12 20 9 1566 0
12 35 21 1568 3
12 20 9 1568 0
12 25 13 1568 0
12 20 7 1568 0
12 20 11 1572 3
12 25 11 1572 0
12 25 9 1572 0
12 25 19 1572 0
12 20 12 1572 0
12 35 17 1572 0
12 25 11 1572 0
12 45 26 1579 1
12 30 8 1579 0
12 35 16 1579 0
12 25 10 1579 0
12 20 9 1579 0
12 25 7 1579 0
12 40 22 1579 0
12 25 10 1579 0
12 30 22 1587 1
2 30 32 1588 1
12 35 21 1588 0
12 25 6 1588 0
12 25 9 1591 1
12 30 26 1592 1
12 50 29 1592 0
12 30 7 1592 0
12 25 9 1592 0
12 20 9 1596 1
12 25 11 1596 0
12 25 8 1596 0
