12 20 11 5099 6
2 30 38 5100 1
12 40 27 5101 1
2 20 29 5101 0
12 25 15 5103 4
12 40 32 5104 1
12 25 13 5104 0
12 30 7 5104 0
12 30 11 5104 0
12 30 16 5108 1
12 30 19 5109 2
12 30 13 5110 1
12 20 17 5110 0
12 30 23 5112 3
12 45 9 5112 0
12 20 14 5112 0
2 20 22 5115 1
12 25 10 5116 2
12 20 8 5116 0
12 40 15 5118 1
12 45 14 5118 0
12 50 13 5120 2
2 50 65 5121 2
12 20 10 5122 2
12 25 24 5122 0
12 30 13 5122 0
12 35 13 5125 3
12 25 15 5126 1
12 45 29 5127 1
12 25 10 5127 0
12 30 24 5129 3
12 20 4 5129 0
12 40 28 5131 2
12 20 12 5132 1
12 20 17 5133 2
12 45 19 5134 2
2 35 42 5135 2
12 25 11 5135 0
2 45 51 5137 3
12 25 4 5137 0
12 30 12 5139 1
12 30 16 5139 0
12 50 16 5141 1
12 35 17 5142 2
12 35 9 5142 0
12 40 16 5144 3
12 40 15 5144 0
12 20 12 5144 0
12 20 8 5147 1
12 40 16 5147 0
12 25 15 5149 1
12 20 12 5150 2
12 30 17 5151 2
12 30 18 5152 1
12 20 11 5153 1
12 25 3 5153 0
12 20 5 5153 0
12 35 21 5156 3
12 20 12 5156 0
2 20 26 5158 3
12 20 7 5158 0
12 30 19 5160 1
12 35 15 5160 0
12 30 16 5162 2
12 35 32 5162 0
12 35 12 5162 0
12 30 16 5165 1
12 25 23 5166 2
12 35 6 5167 1
12 45 22 5168 3
12 35 29 5169 1
12 40 11 5169 0
2 30 35 5171 1
12 50 36 5171 0
12 25 16 5173 2
12 20 11 5173 0
12 30 21 5173 0
12 30 21 5173 0
12 40 24 5177 1
12 30 17 5177 0
12 25 10 5179 3
2 30 33 5180 3
12 45 30 5181 1
12 25 8 5181 0
12 30 7 5181 0
12 25 19 5184 2
12 30 8 5184 0
12 45 7 5184 0
12 20 4 5184 0
12 30 23 5188 3
12 30 16 5188 0
12 25 24 5190 1
12 30 9 5190 0
12 35 10 5190 0
12 30 26 5193 1
12 30 13 5193 0
12 20 16 5195 1
12 40 33 5196 2
12 30 21 5197 2
12 20 19 5198 3
