2 20 24 2999 2
12 25 12 2999 0
12 35 17 3001 1
12 20 12 3001 0
12 35 26 3001 0
12 20 4 3001 0
12 35 10 3001 0
10.5 30 21 3006 2
12 20 15 3006 0
12 25 13 3008 3
12 35 18 3009 1
12 20 5 3009 0
12 50 25 3011 3
12 45 18 3012 1
12 35 14 3013 1
12 25 14 3013 0
12 20 8 3013 0
12 30 12 3013 0
12 30 25 3017 1
12 20 7 3018 1
12 20 15 3018 0
12 40 19 3020 2
12 35 3 3020 0
12 45 17 3020 0
10.5 30 10 3020 0
12 35 11 3020 0
12 30 14 3025 1
12 30 26 3025 0
12 30 13 3027 1
12 30 15 3027 0
12 40 18 3029 1
12 20 4 3029 0
12 30 14 3029 0
12 40 18 3032 3
12 50 29 3033 1
2 25 28 3033 0
12 20 11 3033 0
12 20 13 3033 0
12 25 19 3033 0
12 30 17 3033 0
12 30 8 3033 0
12 40 9 3040 2
12 40 25 3040 0
12 25 5 3040 0
12 20 9 3040 0
12 30 13 3044 2
12 35 20 3045 2
12 35 17 3045 0
12 25 8 3045 0
12 20 10 3045 0
12 25 8 3049 1
12 30 19 3049 0
12 20 8 3049 0
12 35 19 3052 1
12 20 11 3052 0
12 35 16 3054 1
12 25 11 3055 2
12 25 18 3056 1
12 25 12 3056 0
12 35 14 3058 1
12 25 16 3058 0
12 35 16 3060 1
12 20 11 3060 0
12 40 14 3060 0
12 35 16 3060 0
12 25 14 3064 1
12 30 12 3065 1
12 20 7 3065 0
12 55 16 3065 0
12 35 13 3068 1
12 35 17 3068 0
12 25 6 3068 0
12 55 22 3068 0
12 20 7 3068 0
12 25 8 3068 0
12 45 17 3068 0
12 35 20 3075 4
12 25 9 3075 0
12 50 22 3075 0
2 40 46 3075 0
12 20 11 3075 0
12 45 31 3080 2
12 40 13 3080 0
12 20 10 3082 1
12 25 21 3082 0
12 35 11 3084 1
12 20 8 3084 0
12 20 4 3084 0
12 35 21 3084 0
12 35 13 3084 0
12 25 10 3084 0
12 30 17 3090 1
12 35 26 3091 3
12 50 27 3091 0
12 45 21 3093 2
12 25 23 3093 0
12 20 13 3095 2
12 35 13 3095 0
2 20 22 3095 0
12 35 16 3095 0
