12 20 5 3899 1
12 30 22 3900 2
12 25 17 3900 0
12 40 18 3900 0
12 30 17 3900 0
12 45 11 3900 0
12 25 11 3900 0
12 20 10 3900 0
12 40 16 3900 0
12 25 14 3900 0
12 25 13 3900 0
12 25 14 3900 0
12 20 4 3900 0
12 20 13 3912 1
12 30 7 3912 0
12 30 10 3912 0
12 50 6 3912 0
12 35 14 3912 0
12 25 22 3912 0
12 20 10 3912 0
12 40 15 3919 1
12 25 7 3919 0
12 35 19 3919 0
12 20 7 3919 0
12 25 15 3919 0
12 25 11 3919 0
12 20 10 3919 0
12 45 27 3919 0
12 25 26 3927 3
12 20 10 3927 0
12 35 13 3927 0
12 40 14 3930 1
12 35 26 3930 0
12 45 25 3930 0
12 20 7 3930 0
12 25 9 3930 0
12 40 27 3935 2
12 20 9 3935 0
12 20 7 3937 1
12 20 11 3937 0
12 20 11 3937 0
12 30 28 3940 1
12 20 9 3941 1
12 25 9 3941 0
12 35 11 3941 0
12 20 10 3941 0
12 20 19 3945 1
12 20 6 3945 0
12 25 7 3945 0
12 20 14 3945 0
12 25 11 3945 0
12 40 15 3950 1
12 30 7 3951 1
12 20 12 3951 0
12 20 9 3951 0
12 30 16 3954 1
12 30 16 3955 1
12 35 15 3955 0
12 30 12 3957 1
12 40 21 3958 2
12 20 10 3958 0
12 25 13 3960 1
12 45 16 3960 0
12 35 17 3960 0
12 30 2 3960 0
12 35 10 3960 0
12 50 23 3965 1
12 20 10 3965 0
12 30 17 3967 1
12 25 11 3967 0
12 50 31 3967 0
12 30 13 3970 1
12 20 5 3970 0
12 30 13 3970 0
12 20 8 3970 0
12 20 6 3970 0
12 25 13 3970 0
12 25 9 3970 0
12 30 10 3970 0
12 40 13 3970 0
12 20 13 3979 1
12 35 18 3980 2
12 30 15 3980 0
12 35 14 3982 1
12 30 17 3983 1
12 25 10 3984 1
12 30 21 3984 0
12 25 9 3984 0
12 35 17 3987 1
12 35 16 3988 1
12 20 6 3989 1
12 35 23 3990 1
12 30 16 3990 0
12 25 10 3992 1
12 30 13 3992 0
12 45 32 3994 2
12 30 13 3994 0
12 25 9 3994 0
12 35 8 3994 0
12 20 10 3994 0
