12 20 7 593 0
12 20 16 600 1
12 55 13 601 1
12 30 12 601 0
12 40 28 603 1
12 30 22 604 1
12 30 9 604 0
12 20 9 604 0
12 30 14 604 0
12 20 11 604 0
12 40 32 609 2
12 25 15 609 0
12 20 10 611 1
12 40 14 612 1
12 20 16 612 0
12 45 22 614 1
12 30 25 615 1
12 35 12 615 0
12 45 15 615 0
12 25 16 615 0
12 25 18 615 0
12 35 15 615 0
12 30 10 615 0
12 35 17 615 0
12 35 19 623 1
12 25 22 624 1
12 20 4 624 0
12 50 23 624 0
12 25 16 624 0
12 20 11 624 0
12 30 14 624 0
12 40 23 630 1
12 25 9 630 0
12 20 4 630 0
12 25 7 630 0
12 35 14 634 2
12 50 21 634 0
12 20 14 636 1
12 30 16 636 0
12 25 9 636 0
12 45 16 636 0
12 30 13 640 1
12 35 20 640 0
12 20 10 640 0
12 25 10 640 0
12 25 7 640 0
12 25 14 640 0
12 25 4 640 0
12 25 16 647 1
12 25 12 647 0
12 25 10 647 0
12 35 14 647 0
12 25 16 647 0
12 35 17 652 1
12 30 21 653 1
12 30 2 653 0
12 20 8 653 0
12 25 7 653 0
12 30 6 653 0
12 25 13 658 1
12 30 16 659 1
12 20 8 660 2
12 20 12 661 1
12 40 16 662 1
12 25 9 662 0
12 40 15 662 0
12 35 16 665 1
12 20 7 665 0
12 35 23 667 3
12 35 17 668 1
12 25 13 668 0
12 20 13 668 0
12 25 22 671 1
12 25 26 671 0
12 35 20 671 0
12 25 11 674 1
12 45 16 674 0
12 40 22 674 0
12 25 7 674 0
12 30 17 678 1
12 25 8 678 0
12 35 22 678 0
12 25 13 681 1
12 30 8 682 1
12 35 16 682 0
2 30 57 684 1
12 20 4 684 0
12 45 34 684 0
12 25 13 684 0
12 35 17 684 0
12 20 9 689 1
12 30 7 689 0
12 25 9 689 0
12 50 13 689 0
12 30 8 689 0
12 25 14 694 1
12 45 29 695 1
12 35 5 695 0
12 30 7 695 0
12 35 16 695 0
