12 20 7 2492 0
12 30 16 2500 1
12 30 22 2501 3
12 30 17 2501 0
12 25 18 2503 1
12 30 18 2504 1
12 30 13 2505 1
12 25 5 2505 0
12 35 21 2505 0
12 20 6 2505 0
12 25 18 2505 0
12 20 5 2510 1
12 20 12 2511 1
12 25 9 2511 0
12 25 7 2511 0
12 25 7 2511 0
12 35 17 2511 0
12 20 4 2511 0
12 45 21 2517 1
12 25 25 2518 1
12 20 4 2518 0
12 25 9 2518 0
12 20 13 2521 1
12 20 10 2521 0
12 25 8 2521 0
12 35 26 2524 1
12 50 17 2525 1
12 30 17 2525 0
12 35 22 2527 1
12 30 19 2528 1
12 20 11 2528 0
12 30 9 2528 0
12 20 13 2531 1
12 30 11 2532 2
12 25 6 2532 0
12 30 11 2532 0
12 35 13 2532 0
12 35 12 2532 0
12 20 10 2537 1
12 20 4 2537 0
12 25 23 2537 0
12 30 10 2537 0
12 30 11 2541 2
12 35 13 2542 1
12 30 19 2543 1
12 20 7 2543 0
12 35 21 2543 0
12 20 7 2543 0
12 25 14 2543 0
12 25 16 2543 0
12 25 13 2543 0
12 45 13 2543 0
12 30 11 2543 0
12 30 14 2552 1
12 30 13 2552 0
12 40 29 2552 0
2 30 41 2552 0
12 25 7 2552 0
12 25 7 2552 0
12 35 10 2552 0
12 35 16 2559 1
12 20 5 2559 0
12 30 13 2559 0
12 25 10 2562 1
12 35 19 2563 2
12 20 8 2564 1
12 25 20 2564 0
12 35 21 2564 0
12 40 20 2567 2
12 45 28 2567 0
12 25 14 2567 0
12 30 9 2567 0
12 25 16 2571 1
12 30 17 2571 0
12 30 16 2573 1
12 30 21 2574 2
12 25 10 2574 0
12 50 19 2574 0
12 20 7 2574 0
12 20 8 2574 0
12 40 13 2574 0
12 20 13 2574 0
12 30 9 2574 0
12 20 4 2574 0
12 20 16 2574 0
12 45 21 2574 0
12 30 13 2585 1
12 25 22 2586 2
12 25 22 2587 3
12 25 19 2588 2
12 45 17 2588 0
12 30 11 2590 1
12 20 8 2591 1
12 30 11 2591 0
12 30 13 2591 0
12 25 12 2591 0
12 35 13 2591 0
12 30 16 2591 0
12 25 14 2591 0
12 30 9 2591 0
