12 40 13 3799 2
12 35 12 3799 0
12 35 20 3801 1
12 50 20 3801 0
12 25 16 3803 3
12 20 10 3803 0
12 35 8 3803 0
12 20 7 3803 0
12 35 16 3803 0
12 20 5 3803 0
12 35 21 3803 0
12 30 7 3803 0
12 20 8 3803 0
2 35 53 3812 1
12 20 11 3812 0
12 25 13 3812 0
12 30 11 3815 1
12 45 29 3816 1
12 30 7 3816 0
12 25 11 3818 1
12 30 21 3818 0
12 20 14 3818 0
12 30 11 3818 0
12 25 11 3822 1
12 35 17 3822 0
12 25 17 3824 2
12 30 14 3825 1
10.5 40 8 3825 0
12 45 21 3827 1
12 35 11 3827 0
12 60 26 3829 1
12 40 17 3829 0
12 20 8 3831 1
12 30 16 3831 0
12 35 25 3831 0
12 45 16 3831 0
12 20 6 3831 0
12 45 21 3831 0
12 20 19 3831 0
12 30 19 3831 0
12 25 14 3831 0
12 25 11 3840 1
12 30 24 3840 0
12 30 21 3840 0
12 20 9 3840 0
12 35 21 3844 1
12 25 13 3844 0
12 25 7 3844 0
12 45 26 3844 0
12 35 20 3844 0
12 35 16 3844 0
12 30 11 3850 1
12 35 14 3851 1
12 35 35 3851 0
12 40 19 3853 1
12 25 10 3853 0
12 20 7 3853 0
12 25 9 3853 0
12 20 10 3853 0
12 20 16 3858 1
12 25 5 3858 0
12 30 13 3860 1
12 20 11 3860 0
12 20 13 3860 0
12 40 13 3860 0
12 50 11 3860 0
12 40 8 3865 1
12 35 23 3865 0
12 25 6 3865 0
12 20 4 3865 0
12 25 9 3865 0
12 25 6 3865 0
12 25 5 3865 0
12 30 9 3865 0
12 35 14 3865 0
12 20 10 3874 1
12 20 13 3875 2
12 30 17 3876 2
12 20 7 3876 0
12 35 25 3876 0
12 45 28 3876 0
12 40 22 3880 1
12 25 13 3881 1
12 25 8 3881 0
12 40 21 3883 1
12 25 9 3883 0
12 20 7 3883 0
12 20 12 3883 0
12 20 8 3883 0
12 20 9 3883 0
12 30 9 3883 0
12 20 13 3883 0
12 30 13 3883 0
12 45 21 3892 2
12 25 11 3892 0
12 30 17 3892 0
12 40 28 3892 0
12 25 5 3892 0
12 45 21 3892 0
12 35 25 3898 1
