12 20 21 1395 0
12 20 13 1395 0
2 30 39 1401 2
2 45 89 1402 15
2 30 110 1403 19
0.5 40 77 1404 7
12 20 7 1405 1
2 30 65 1406 2
12 35 10 1406 0
12 40 5 1408 1
12 25 24 1408 0
12 35 19 1410 2
12 20 5 1410 0
12 40 17 1410 0
12 20 18 1413 1
12 20 21 1413 0
12 50 29 1415 2
12 30 17 1415 0
12 20 4 1415 0
12 50 34 1418 1
12 35 19 1418 0
12 30 12 1418 0
12 20 9 1418 0
12 35 14 1418 0
12 25 25 1423 1
12 35 19 1423 0
12 20 19 1425 1
12 20 10 1426 1
12 45 23 1427 1
12 30 25 1427 0
12 50 22 1429 2
12 35 11 1429 0
12 20 4 1429 0
12 20 8 1429 0
12 25 7 1429 0
12 20 9 1429 0
12 20 13 1429 0
12 30 7 1429 0
12 25 7 1429 0
12 35 17 1429 0
12 20 9 1429 0
12 45 14 1440 1
12 50 16 1440 0
12 35 21 1440 0
12 35 25 1440 0
12 35 17 1440 0
12 30 17 1445 2
12 20 5 1445 0
12 30 14 1447 1
12 35 20 1448 2
12 50 26 1449 1
12 35 27 1450 1
12 30 7 1450 0
12 20 9 1450 0
12 35 18 1450 0
12 30 21 1454 3
12 20 4 1454 0
12 30 11 1454 0
12 45 17 1454 0
12 20 12 1458 1
12 20 7 1458 0
12 50 23 1458 0
12 25 13 1458 0
12 55 13 1458 0
12 25 10 1458 0
12 20 4 1458 0
12 30 9 1458 0
12 25 14 1458 0
12 35 21 1467 3
12 20 7 1467 0
12 25 17 1467 0
12 30 7 1467 0
12 25 13 1467 0
12 25 21 1467 0
12 30 14 1467 0
12 35 29 1474 1
12 25 14 1474 0
12 25 19 1476 2
12 30 21 1477 1
12 25 16 1477 0
12 20 10 1479 1
12 30 19 1479 0
12 30 10 1481 1
12 60 30 1482 1
12 40 21 1482 0
12 20 11 1482 0
12 20 20 1482 0
12 20 12 1482 0
12 30 16 1487 1
12 40 21 1487 0
12 35 21 1487 0
2 30 33 1490 1
2 20 35 1491 1
12 20 11 1492 1
12 40 21 1493 2
12 25 16 1494 1
12 35 15 1495 1
12 40 22 1495 0
12 35 14 1495 0
12 30 7 1498 1
