12 30 8 99 1
2 25 30 100 2
12 40 15 100 0
12 20 9 100 0
12 20 8 100 0
12 55 18 104 2
12 45 20 104 0
12 40 16 106 1
12 55 20 106 0
12 35 16 106 0
2 25 30 109 3
12 25 8 109 0
12 30 13 109 0
12 30 22 112 1
12 25 7 112 0
12 45 18 114 2
12 35 17 114 0
12 30 18 116 1
12 45 19 116 0
12 40 36 116 0
12 30 16 116 0
12 40 11 120 1
12 25 11 120 0
12 35 27 122 1
12 20 9 122 0
12 35 22 122 0
12 25 13 125 1
12 30 23 126 1
12 35 16 127 2
12 50 39 128 1
12 30 21 129 3
12 45 16 130 1
12 30 19 130 0
12 35 28 132 1
2 25 41 133 1
12 40 13 133 0
12 25 17 133 0
12 30 17 133 0
12 30 14 137 1
12 35 6 137 0
12 35 21 139 2
12 35 17 140 3
12 30 25 140 0
12 25 11 140 0
12 20 8 140 0
12 20 5 140 0
2 35 52 145 1
12 20 5 145 0
12 50 19 147 3
12 45 21 148 1
12 25 8 148 0
12 35 11 148 0
12 45 11 148 0
12 30 9 152 1
12 40 12 152 0
12 40 17 152 0
12 30 12 152 0
12 45 28 156 2
12 20 6 156 0
12 50 31 158 2
12 25 9 158 0
12 40 26 160 2
12 40 17 161 2
12 35 16 162 1
12 30 20 162 0
12 25 14 164 1
12 50 18 164 0
12 20 4 164 0
12 35 17 164 0
12 45 16 164 0
12 25 5 164 0
12 50 41 170 1
12 20 11 171 1
12 25 13 171 0
12 45 21 171 0
12 35 31 171 0
12 25 10 175 1
12 20 9 175 0
12 20 10 177 1
12 30 10 177 0
12 25 17 177 0
12 35 16 177 0
12 25 25 177 0
12 35 13 177 0
12 20 16 177 0
12 20 11 184 2
12 30 10 184 0
12 30 18 184 0
12 20 6 184 0
12 25 7 184 0
12 25 5 184 0
12 35 11 184 0
12 35 12 184 0
12 25 9 184 0
12 25 9 184 0
12 25 11 184 0
12 35 21 195 1
12 20 12 195 0
12 25 10 195 0
12 30 13 198 1
