12 25 15 2797 0
12 30 20 2797 0
12 40 24 2797 0
12 25 12 2802 1
12 40 22 2803 2
2 20 26 2803 0
12 20 4 2803 0
2 25 48 2806 4
2 20 35 2807 1
12 35 21 2808 2
2 20 58 2809 7
12 20 19 2809 0
12 45 11 2809 0
2 40 45 2812 3
12 35 24 2812 0
2 20 25 2814 6
12 20 8 2815 2
2 25 98 2816 15
2 35 92 2817 15
2 30 50 2818 13
12 30 16 2818 0
2 20 38 2820 8
2 25 66 2821 16
2 30 62 2822 12
12 35 31 2823 4
0.5 25 142 2824 26
2 40 54 2825 10
12 45 45 2826 13
0.5 50 121 2827 17
2 30 70 2828 16
2 30 41 2829 5
2 35 43 2830 6
2 35 43 2831 7
2 35 89 2832 14
2 20 35 2833 9
12 20 18 2833 0
0.5 40 204 2835 39
2 30 43 2836 6
2 25 276 2837 45
2 25 47 2838 6
0.5 35 44 2839 4
2 20 30 2840 7
2 30 73 2841 8
2 25 33 2842 5
2 30 75 2843 13
2 20 123 2844 21
12 35 22 2845 4
0.5 25 34 2846 6
2 20 39 2846 0
12 20 9 2846 0
2 25 77 2849 11
0.5 20 27 2850 5
2 25 36 2851 3
2 25 35 2852 3
2 30 166 2853 20
12 40 32 2854 2
2 30 40 2855 6
2 30 46 2856 2
2 40 62 2857 8
2 30 46 2858 4
12 25 15 2858 0
0.5 40 143 2860 14
2 35 43 2861 5
12 35 24 2862 4
2 45 48 2863 1
12 55 15 2864 2
2 30 69 2865 4
2 25 55 2866 4
12 30 21 2867 3
12 25 18 2868 2
12 40 27 2869 1
12 25 5 2869 0
2 35 42 2871 6
2 30 71 2872 6
10.5 40 13 2873 2
12 20 7 2874 1
2 25 59 2875 4
12 30 14 2875 0
2 25 28 2877 2
12 40 38 2878 5
12 25 21 2879 2
2 30 61 2880 3
12 50 23 2880 0
12 30 17 2882 1
2 20 49 2883 5
12 20 19 2884 5
2 20 45 2885 1
12 35 16 2885 0
12 20 18 2885 0
12 25 5 2885 0
12 40 24 2889 2
2 20 52 2890 8
12 30 26 2891 2
12 35 15 2892 4
12 30 14 2892 0
2 20 76 2894 8
12 30 21 2895 2
12 45 27 2895 0
12 40 36 2897 3
12 25 21 2898 2
