12 25 7 995 0
12 25 22 995 0
12 30 13 995 0
12 20 6 1002 1
12 25 9 1003 1
12 30 14 1003 0
12 20 19 1003 0
12 20 13 1003 0
12 30 7 1003 0
12 30 15 1008 1
12 25 19 1009 1
12 20 5 1009 0
12 55 42 1011 7
12 40 14 1012 3
12 60 22 1013 1
12 40 13 1014 1
12 30 6 1014 0
12 20 11 1016 1
12 20 9 1016 0
12 20 10 1018 1
12 40 26 1019 2
12 45 28 1020 3
12 45 25 1021 2
12 35 14 1021 0
12 30 19 1023 1
12 30 13 1023 0
2 25 34 1023 0
2 45 80 1026 2
12 35 11 1027 1
12 35 32 1028 1
2 35 215 1029 10
2 35 74 1030 6
12 30 19 1031 1
12 25 12 1031 0
12 20 21 1033 1
12 20 17 1034 1
12 20 21 1034 0
2 25 172 1036 5
12 25 19 1037 1
2 20 25 1037 0
2 25 84 1039 4
2 20 37 1039 0
12 20 20 1039 0
12 45 11 1039 0
2 40 70 1043 3
2 20 255 1044 26
12 25 19 1045 1
12 30 21 1045 0
12 20 8 1045 0
12 30 22 1048 4
2 45 70 1049 5
2 30 46 1050 1
2 30 43 1051 2
12 25 15 1051 0
12 30 9 1051 0
12 30 26 1054 2
2 20 128 1055 7
0.5 20 170 1056 6
2 25 36 1056 0
2 20 211 1058 13
2 20 148 1059 1
12 30 8 1059 0
2 25 50 1061 1
2 35 55 1062 1
2 30 174 1063 6
12 20 11 1063 0
12 30 26 1065 1
12 35 20 1065 0
12 35 17 1065 0
12 20 6 1065 0
12 20 10 1065 0
12 30 13 1065 0
12 40 38 1065 0
12 25 23 1065 0
10.5 35 33 1065 0
12 20 6 1065 0
12 35 13 1065 0
12 30 20 1065 0
12 30 21 1077 1
12 45 7 1077 0
2 40 59 1079 1
12 30 12 1079 0
12 25 26 1081 1
12 20 21 1082 1
12 40 23 1083 1
12 20 13 1083 0
12 35 5 1083 0
12 30 10 1086 2
12 25 21 1087 2
12 50 16 1087 0
12 60 59 1089 2
12 35 16 1089 0
12 30 16 1091 2
12 35 13 1091 0
12 20 8 1091 0
2 25 38 1094 1
12 25 16 1095 1
12 50 14 1095 0
12 25 6 1095 0
12 25 5 1095 0
