12 30 11 798 0
12 25 10 798 0
12 30 22 801 3
12 20 12 801 0
12 30 7 801 0
12 30 18 801 0
12 25 6 801 0
2 20 23 801 0
12 20 13 801 0
12 35 8 801 0
12 20 9 801 0
12 50 13 810 2
12 20 10 810 0
12 30 11 812 1
12 25 15 813 1
12 20 10 813 0
12 40 25 815 2
12 20 5 815 0
12 35 16 815 0
12 35 21 818 2
12 25 19 819 1
12 30 19 820 1
12 25 10 820 0
12 25 11 820 0
2 20 26 820 0
12 20 16 820 0
12 25 8 820 0
12 20 10 826 1
12 55 29 827 3
12 25 22 827 0
12 25 23 829 1
12 45 23 830 2
12 20 5 830 0
12 35 12 830 0
12 20 9 830 0
12 30 17 834 1
12 25 7 834 0
12 35 15 834 0
12 25 21 837 1
12 45 5 837 0
12 20 11 839 1
12 40 16 839 0
12 30 13 841 1
12 40 21 842 1
12 20 8 842 0
12 30 14 842 0
12 30 19 845 1
12 20 4 845 0
12 20 8 845 0
12 25 5 845 0
12 25 8 845 0
12 30 11 850 2
12 25 11 850 0
12 35 16 852 1
12 30 11 852 0
12 30 7 852 0
12 40 16 852 0
12 25 6 852 0
12 25 15 857 1
12 20 6 857 0
12 25 17 857 0
12 35 13 857 0
12 30 7 857 0
12 25 21 862 1
12 30 9 862 0
12 25 13 862 0
12 20 4 862 0
12 35 17 862 0
12 25 9 862 0
2 30 46 868 1
12 35 13 868 0
12 20 12 868 0
12 25 19 871 2
12 35 16 871 0
12 20 9 871 0
12 50 11 871 0
12 35 21 875 2
12 25 14 875 0
12 45 25 875 0
12 20 8 875 0
12 20 9 875 0
12 25 5 875 0
12 20 14 881 1
12 25 17 882 2
12 35 14 882 0
12 20 9 882 0
2 30 43 885 2
12 20 10 886 2
12 25 13 886 0
12 20 10 886 0
12 45 17 886 0
12 35 11 890 1
12 40 19 890 0
12 25 12 890 0
12 20 12 890 0
12 30 17 890 0
12 30 19 895 1
12 25 9 895 0
12 50 11 895 0
12 30 12 895 0
