12 20 14 199 1
12 20 4 199 0
12 20 9 201 1
12 30 19 202 2
12 40 18 203 2
12 35 13 203 0
12 20 11 205 1
12 45 17 205 0
12 25 10 205 0
12 35 17 205 0
12 50 16 205 0
12 20 13 210 1
12 20 9 210 0
12 25 11 210 0
2 25 39 213 2
12 35 19 213 0
12 20 11 215 1
12 35 17 215 0
12 30 13 215 0
12 20 5 215 0
12 20 4 215 0
12 35 36 220 1
12 30 14 220 0
12 20 9 220 0
12 20 11 223 1
2 35 53 224 1
12 35 25 225 1
12 20 7 225 0
12 30 16 227 1
12 25 8 228 1
12 20 20 229 1
12 50 21 229 0
12 20 6 229 0
12 20 6 229 0
12 25 16 233 1
12 40 21 233 0
12 30 17 233 0
12 25 10 233 0
12 20 6 233 0
2 50 56 238 3
12 20 12 238 0
12 40 26 238 0
12 35 12 241 1
12 25 8 241 0
12 35 9 243 1
12 25 10 243 0
12 20 16 243 0
12 40 32 243 0
12 20 6 243 0
12 30 14 248 1
12 25 9 249 1
12 40 19 250 2
12 20 13 250 0
12 35 15 250 0
12 25 19 253 1
12 30 19 253 0
12 20 5 253 0
12 30 21 256 1
12 25 17 256 0
12 35 13 256 0
12 25 5 256 0
12 25 21 256 0
12 25 8 261 2
12 40 26 261 0
12 20 13 261 0
12 25 13 261 0
12 40 34 265 1
12 40 26 266 3
12 30 10 267 1
12 20 17 267 0
12 25 8 267 0
12 20 16 270 1
12 50 23 271 1
12 35 19 271 0
12 30 13 271 0
12 25 9 271 0
12 30 18 271 0
12 50 21 276 1
12 40 31 276 0
12 20 9 276 0
12 20 10 276 0
12 25 9 276 0
12 30 13 281 1
12 25 10 281 0
12 30 9 281 0
12 20 10 284 3
12 40 28 285 1
12 25 7 285 0
12 25 13 287 1
12 20 8 287 0
12 20 6 287 0
12 35 13 287 0
12 40 21 287 0
12 25 8 287 0
12 25 10 287 0
12 35 30 294 2
12 20 4 294 0
12 35 17 294 0
12 35 10 294 0
12 20 7 294 0
