12 20 15 4696 0
12 25 9 4696 0
12 20 7 4696 0
12 25 14 4702 1
12 20 8 4702 0
12 20 5 4702 0
12 20 13 4702 0
12 35 17 4706 2
12 30 18 4707 1
12 25 9 4707 0
12 20 5 4707 0
12 30 15 4710 1
12 40 13 4711 1
12 20 4 4711 0
12 25 10 4713 1
12 40 17 4714 2
12 25 19 4714 0
12 20 10 4716 1
12 20 9 4716 0
12 40 22 4718 1
12 25 19 4719 1
12 35 22 4720 1
12 25 6 4720 0
12 30 12 4720 0
12 25 14 4720 0
12 25 23 4724 2
2 25 28 4725 2
2 25 29 4726 1
12 20 10 4727 1
12 20 8 4727 0
12 25 8 4729 1
12 30 11 4730 1
12 35 19 4730 0
12 25 7 4730 0
12 25 14 4730 0
12 35 29 4734 1
12 50 23 4734 0
12 30 15 4736 1
12 20 6 4736 0
12 20 9 4738 1
12 20 7 4739 1
12 45 25 4740 1
12 20 10 4740 0
12 30 15 4740 0
12 20 21 4743 1
12 25 11 4743 0
12 20 10 4745 1
12 45 9 4745 0
12 30 13 4747 1
12 20 11 4748 2
12 25 9 4748 0
12 55 32 4750 2
12 25 4 4750 0
12 30 13 4750 0
12 30 17 4753 1
12 30 7 4753 0
12 25 12 4755 2
12 25 10 4756 1
12 20 8 4756 0
12 30 11 4756 0
12 20 8 4756 0
12 35 21 4760 2
12 35 25 4761 1
12 35 11 4761 0
12 25 17 4763 1
12 30 10 4764 1
12 25 11 4764 0
12 30 13 4764 0
12 30 6 4764 0
12 30 22 4764 0
12 30 10 4764 0
12 20 6 4764 0
12 45 27 4771 1
12 20 4 4771 0
12 35 9 4773 1
12 30 15 4773 0
12 20 13 4775 2
12 30 10 4776 1
12 20 9 4777 1
12 45 27 4778 3
12 25 13 4778 0
12 40 16 4778 0
12 35 15 4778 0
12 30 26 4778 0
12 20 7 4778 0
12 30 9 4778 0
12 20 6 4778 0
12 30 11 4778 0
12 35 10 4778 0
12 20 6 4778 0
12 50 16 4778 0
12 35 12 4778 0
12 25 15 4778 0
12 40 17 4778 0
12 45 20 4778 0
12 40 22 4778 0
12 35 13 4795 1
12 40 9 4796 1
12 25 9 4797 2
12 35 30 4798 1
