10.5 35 9 1297 0
2 20 69 1300 17
12 20 7 1301 1
0.5 25 100 1302 15
2 25 38 1303 3
12 55 49 1304 2
0.5 35 62 1305 10
12 30 24 1306 2
12 35 23 1307 3
12 20 10 1307 0
12 20 21 1309 3
12 50 8 1309 0
10.5 35 22 1309 0
12 20 5 1309 0
12 35 19 1313 3
12 20 9 1313 0
12 30 22 1315 1
12 25 14 1316 1
12 35 4 1316 0
12 20 7 1316 0
10.5 35 1 1316 0
12 25 9 1316 0
12 35 19 1316 0
12 20 21 1316 0
12 20 11 1316 0
12 55 8 1316 0
2 20 33 1325 6
12 25 7 1325 0
12 20 5 1325 0
12 25 13 1325 0
12 30 12 1325 0
12 35 18 1325 0
12 20 5 1325 0
12 40 16 1332 1
12 30 29 1332 0
12 25 16 1332 0
12 30 4 1332 0
12 30 28 1332 0
12 50 37 1337 1
12 35 23 1338 1
12 20 12 1339 2
2 20 30 1339 0
12 55 38 1341 3
12 30 19 1341 0
12 25 7 1341 0
12 20 13 1344 3
12 25 6 1345 3
12 20 16 1346 3
12 35 21 1347 7
12 35 6 1348 2
12 20 19 1349 1
12 45 34 1349 0
12 45 41 1351 1
12 45 28 1351 0
12 30 18 1353 2
12 45 19 1354 5
12 45 37 1355 4
12 25 16 1356 4
12 25 9 1357 2
12 35 14 1357 0
12 25 8 1357 0
12 20 6 1360 1
12 35 15 1360 0
2 20 28 1360 0
12 55 30 1360 0
12 35 11 1364 3
12 45 9 1364 0
12 30 22 1366 1
12 30 4 1366 0
12 25 10 1368 1
12 25 8 1368 0
12 30 12 1368 0
2 35 61 1368 0
12 25 5 1368 0
12 35 15 1373 3
12 20 12 1373 0
12 40 28 1375 3
12 35 13 1375 0
12 20 9 1377 1
12 30 16 1377 0
12 20 15 1377 0
2 20 27 1380 1
12 30 27 1380 0
2 35 50 1382 1
12 35 7 1382 0
12 25 16 1384 1
2 45 53 1385 4
0.5 20 42 1386 2
12 30 2 1386 0
12 25 23 1388 1
12 20 17 1389 1
2 25 35 1390 1
12 35 18 1391 2
12 35 20 1392 1
12 30 14 1393 1
12 40 25 1394 2
12 20 20 1395 2
12 20 6 1395 0
12 20 20 1395 0
12 35 17 1395 0
