12 35 29 1997 0
12 30 18 2000 2
2 30 39 2000 0
12 55 14 2002 1
12 30 21 2002 0
12 30 9 2004 1
12 20 10 2004 0
12 20 5 2006 1
12 25 17 2007 1
12 45 26 2007 0
12 45 21 2007 0
12 25 7 2007 0
12 25 14 2007 0
12 40 19 2007 0
12 50 29 2013 1
12 25 11 2014 2
12 20 9 2014 0
12 25 13 2016 1
12 55 21 2016 0
12 35 17 2016 0
12 20 13 2019 1
12 25 5 2019 0
12 30 26 2021 1
12 40 18 2021 0
12 30 12 2023 1
12 20 7 2023 0
12 20 12 2025 1
12 35 12 2025 0
12 25 22 2027 2
12 20 10 2027 0
12 20 8 2027 0
12 30 15 2030 1
12 20 6 2030 0
12 25 12 2032 1
12 45 22 2032 0
12 40 14 2032 0
12 20 19 2035 3
12 25 11 2035 0
12 55 33 2037 1
12 20 18 2038 2
12 25 11 2038 0
12 45 33 2040 2
12 30 8 2040 0
12 45 6 2042 1
12 20 11 2043 1
12 40 16 2043 0
12 20 10 2045 2
12 25 11 2045 0
12 20 16 2047 1
12 25 23 2048 1
12 25 19 2049 2
12 30 13 2050 2
12 20 13 2051 1
2 20 58 2052 1
12 35 21 2053 1
12 40 16 2054 1
12 25 7 2054 0
12 40 17 2054 0
2 30 39 2057 2
12 35 18 2057 0
12 45 32 2059 2
12 25 10 2059 0
12 20 4 2059 0
12 50 43 2062 1
12 25 16 2062 0
12 40 16 2064 2
12 25 16 2064 0
12 30 22 2066 3
12 35 20 2066 0
12 25 10 2066 0
12 20 11 2066 0
12 25 16 2066 0
12 30 11 2066 0
12 40 20 2066 0
12 20 11 2066 0
12 35 17 2066 0
12 35 10 2066 0
12 45 21 2076 1
12 30 12 2077 1
12 25 17 2078 1
12 50 21 2078 0
12 35 9 2078 0
12 30 10 2078 0
12 30 12 2078 0
2 25 41 2083 2
12 30 17 2084 1
12 30 7 2084 0
12 25 6 2084 0
12 20 9 2084 0
12 20 21 2084 0
12 30 21 2084 0
12 20 19 2090 1
12 30 16 2090 0
12 45 15 2092 1
12 35 10 2093 1
12 30 21 2094 2
12 25 11 2094 0
12 25 13 2094 0
12 20 17 2094 0
2 25 41 2098 2
