12 50 25 2299 2
2 20 24 2299 0
12 20 13 2299 0
12 40 22 2302 1
12 40 21 2303 1
12 30 16 2303 0
12 25 6 2303 0
12 35 11 2306 1
12 20 9 2306 0
12 25 9 2306 0
12 35 19 2306 0
12 20 7 2306 0
12 40 28 2306 0
12 20 10 2306 0
12 25 18 2313 1
12 25 16 2313 0
12 40 25 2315 3
12 20 12 2316 1
12 35 8 2316 0
12 25 23 2318 2
12 25 16 2318 0
12 25 17 2320 1
2 25 30 2321 1
12 25 17 2321 0
12 25 21 2323 1
12 25 21 2324 1
12 35 25 2325 1
12 35 21 2326 1
12 25 6 2326 0
12 50 15 2326 0
12 20 9 2326 0
12 20 9 2326 0
12 30 14 2326 0
12 35 30 2332 2
12 20 16 2332 0
12 35 18 2334 2
12 20 6 2334 0
12 30 11 2334 0
12 40 17 2337 2
12 25 9 2337 0
12 20 14 2339 1
12 35 27 2339 0
12 20 13 2339 0
12 25 6 2339 0
12 30 8 2339 0
12 25 11 2344 1
12 20 13 2345 1
12 25 17 2346 1
12 30 21 2347 1
12 30 7 2347 0
12 30 15 2347 0
12 20 6 2347 0
12 20 10 2347 0
12 35 11 2352 1
12 35 17 2353 1
12 45 25 2353 0
12 35 16 2353 0
12 40 34 2356 2
12 20 11 2357 1
12 25 5 2357 0
12 20 11 2357 0
12 20 4 2357 0
12 25 17 2361 1
12 40 22 2361 0
12 30 12 2363 2
12 45 13 2364 1
12 20 4 2364 0
12 20 6 2364 0
12 25 11 2367 1
12 30 21 2367 0
12 25 7 2367 0
12 40 11 2367 0
12 50 27 2367 0
2 25 34 2367 0
12 25 8 2373 1
2 25 30 2374 2
12 45 16 2374 0
12 25 21 2376 1
12 35 15 2377 1
12 30 10 2377 0
12 35 13 2379 1
12 35 11 2380 1
12 20 6 2380 0
12 40 20 2380 0
12 20 12 2380 0
12 40 18 2384 1
12 25 26 2385 2
12 45 19 2386 1
12 25 17 2387 1
12 20 4 2387 0
12 25 8 2389 1
12 20 5 2389 0
12 25 6 2389 0
12 30 17 2389 0
12 30 8 2393 1
12 25 16 2394 1
12 40 21 2395 1
12 50 17 2396 2
12 35 19 2397 1
12 20 17 2398 2
