12 25 11 3196 0
12 25 15 3196 0
12 25 17 3201 2
12 45 22 3201 0
12 25 12 3201 0
12 40 21 3204 1
12 35 16 3204 0
12 25 11 3204 0
12 30 6 3204 0
12 30 25 3208 2
12 35 13 3208 0
12 20 16 3208 0
12 40 34 3211 1
12 35 20 3212 1
12 35 13 3212 0
12 20 4 3212 0
12 25 10 3215 1
12 20 9 3215 0
12 20 14 3215 0
12 30 13 3218 1
12 40 26 3218 0
12 30 11 3218 0
12 35 7 3221 1
12 20 10 3221 0
12 35 34 3223 1
12 25 15 3223 0
12 45 22 3223 0
12 45 19 3223 0
12 25 6 3223 0
12 55 29 3223 0
12 30 19 3229 1
12 25 14 3229 0
12 45 34 3231 1
12 20 9 3231 0
12 50 22 3231 0
12 25 17 3231 0
12 45 11 3231 0
12 20 10 3236 1
12 45 31 3236 0
12 35 9 3236 0
12 25 14 3239 3
12 40 16 3239 0
12 40 41 3241 1
12 25 5 3241 0
12 35 14 3243 2
12 35 23 3244 2
12 25 11 3244 0
12 35 13 3244 0
12 30 13 3244 0
12 25 17 3244 0
12 20 13 3244 0
12 30 8 3244 0
12 20 16 3244 0
12 20 13 3244 0
12 25 21 3253 2
12 25 19 3254 1
12 40 18 3255 1
10.5 40 6 3255 0
12 25 6 3255 0
12 40 34 3255 0
12 45 25 3259 1
12 40 21 3259 0
12 25 7 3259 0
12 25 11 3259 0
12 35 16 3259 0
12 50 25 3264 1
12 20 10 3264 0
12 40 10 3264 0
12 30 11 3267 1
12 30 10 3268 1
12 20 8 3269 1
12 30 11 3269 0
12 20 7 3271 1
12 35 12 3271 0
12 20 11 3271 0
12 20 7 3271 0
12 40 11 3271 0
12 25 6 3271 0
12 50 50 3277 2
12 25 8 3278 1
12 20 4 3278 0
12 20 9 3278 0
12 35 20 3281 1
12 40 21 3281 0
12 35 22 3281 0
12 35 17 3284 1
12 30 10 3284 0
12 20 10 3286 1
12 25 6 3286 0
12 50 25 3288 1
12 20 7 3289 1
12 30 9 3289 0
12 20 5 3289 0
12 35 22 3292 1
12 25 12 3292 0
12 20 16 3294 1
12 30 9 3294 0
12 35 15 3294 0
12 20 9 3294 0
12 25 11 3294 0
