2 20 34 1199 2
2 45 74 1199 0
2 30 76 1201 14
2 35 236 1202 16
12 25 5 1202 0
2 30 37 1204 4
12 25 11 1205 2
10.5 50 28 1206 6
2 30 63 1207 2
2 35 168 1208 17
2 40 135 1209 2
2 25 69 1210 4
12 30 22 1210 0
12 30 14 1210 0
12 45 28 1210 0
2 20 60 1214 1
0.5 35 185 1215 17
2 35 91 1216 9
2 25 73 1217 9
2 30 115 1218 2
2 20 85 1219 24
12 25 13 1220 1
10.5 30 5 1221 3
2 35 41 1221 0
12 50 22 1223 1
2 20 26 1224 3
12 35 19 1224 0
12 35 16 1226 1
12 40 31 1227 3
12 25 10 1228 1
12 20 17 1228 0
10.5 30 2 1228 0
12 25 24 1228 0
12 25 18 1232 2
12 30 4 1232 0
12 20 11 1232 0
2 25 74 1235 1
2 25 36 1236 7
12 40 21 1237 2
12 30 22 1238 2
2 20 22 1239 1
12 25 12 1239 0
2 20 22 1239 0
2 30 45 1242 12
2 40 66 1243 3
0.5 30 281 1244 37
2 35 84 1245 8
2 25 50 1246 2
12 50 8 1246 0
2 40 77 1248 7
2 30 115 1249 1
2 35 98 1250 3
2 20 51 1251 1
12 25 5 1251 0
12 25 16 1251 0
2 50 53 1254 1
12 35 13 1254 0
12 40 20 1256 1
12 40 26 1256 0
12 25 13 1256 0
2 55 121 1259 13
2 35 260 1260 26
2 40 115 1261 5
2 25 71 1262 3
2 35 87 1263 4
2 25 63 1264 1
0.5 50 81 1265 5
2 20 99 1266 7
2 20 33 1267 2
12 45 20 1268 1
2 20 137 1269 12
2 30 77 1270 2
2 40 126 1271 3
2 20 223 1272 5
12 25 15 1273 1
12 30 21 1274 2
12 45 21 1274 0
12 35 13 1276 1
12 30 11 1277 2
12 30 28 1278 4
12 25 8 1279 2
12 20 21 1280 3
2 35 71 1281 3
12 30 15 1282 1
12 40 20 1283 4
2 30 34 1284 2
10.5 20 12 1285 1
12 25 9 1285 0
12 30 15 1287 1
12 40 16 1287 0
12 20 15 1289 2
12 30 30 1290 1
12 35 19 1291 4
12 30 13 1291 0
12 20 13 1291 0
12 20 6 1291 0
12 45 36 1291 0
2 25 179 1296 10
2 25 28 1297 2
12 25 16 1297 0
