12 25 5 695 0
12 35 19 695 0
12 30 10 695 0
12 20 7 695 0
12 40 24 695 0
12 35 19 704 1
12 35 16 705 1
12 35 21 705 0
12 20 9 707 2
12 25 13 708 2
12 40 16 708 0
12 25 12 708 0
12 40 21 711 1
12 35 13 711 0
12 25 7 711 0
12 25 11 714 1
12 25 15 715 1
12 30 17 715 0
2 20 26 717 1
12 35 22 717 0
12 25 16 717 0
12 35 26 717 0
12 50 26 717 0
12 20 7 722 1
12 20 16 722 0
12 20 4 722 0
12 30 15 725 1
12 30 14 725 0
12 20 16 725 0
12 30 11 725 0
12 25 17 725 0
12 35 20 730 1
12 20 10 730 0
12 20 7 730 0
12 50 12 733 1
12 30 21 733 0
12 35 28 735 1
12 20 5 736 1
12 50 22 737 2
12 25 10 737 0
12 30 13 737 0
12 45 23 740 1
12 25 11 740 0
12 30 27 740 0
12 20 10 743 1
12 30 19 743 0
12 25 17 743 0
12 20 5 743 0
12 25 6 743 0
12 20 5 743 0
12 20 10 743 0
12 20 5 743 0
12 55 18 743 0
12 35 14 743 0
12 30 8 753 1
12 25 10 753 0
12 25 13 755 1
12 20 5 755 0
12 20 5 757 1
12 25 10 757 0
12 25 12 757 0
12 35 16 757 0
12 35 14 757 0
12 35 11 757 0
12 50 25 757 0
12 25 26 764 1
12 30 19 764 0
12 25 10 764 0
12 35 18 767 1
12 35 17 767 0
12 30 16 769 1
12 45 12 769 0
12 30 7 769 0
12 25 13 769 0
12 25 13 769 0
12 25 17 774 1
12 50 32 775 1
12 50 19 775 0
12 30 5 775 0
12 25 9 775 0
12 45 7 775 0
12 20 14 775 0
12 30 13 781 1
12 30 25 782 3
12 30 11 782 0
12 40 22 784 1
12 20 10 785 1
12 20 10 785 0
12 25 19 787 2
12 25 6 787 0
12 25 9 789 1
12 25 16 789 0
12 35 16 791 1
12 35 27 792 2
12 30 10 792 0
12 30 12 794 1
12 20 7 794 0
12 25 8 794 0
12 30 25 797 3
12 35 31 798 2
