12 35 6 4398 0
12 25 12 4398 0
12 30 2 4398 0
12 40 13 4402 1
2 35 37 4403 4
12 25 5 4403 0
12 30 11 4403 0
12 20 7 4403 0
12 25 21 4407 1
2 40 58 4408 3
12 25 26 4409 1
12 25 16 4410 1
12 20 11 4411 1
12 35 15 4411 0
12 35 16 4411 0
2 35 41 4414 1
12 25 21 4414 0
12 20 21 4414 0
12 35 13 4414 0
12 30 13 4414 0
12 40 18 4419 1
12 45 18 4419 0
12 30 7 4419 0
12 25 13 4419 0
12 25 22 4419 0
12 20 10 4419 0
12 20 14 4419 0
12 50 17 4419 0
12 35 21 4419 0
12 25 12 4419 0
12 30 9 4419 0
12 30 15 4419 0
12 20 15 4419 0
12 50 25 4432 3
2 35 53 4433 2
12 30 13 4433 0
12 45 32 4435 2
12 30 10 4435 0
12 50 19 4435 0
12 25 13 4435 0
12 35 18 4439 2
12 25 10 4439 0
12 40 14 4441 1
12 25 14 4441 0
12 25 17 4443 2
12 35 14 4443 0
12 25 13 4445 1
12 40 13 4446 1
12 30 13 4446 0
12 30 14 4448 1
12 25 11 4449 1
12 35 27 4450 2
12 40 24 4451 2
12 35 33 4452 2
12 50 17 4452 0
12 25 9 4452 0
12 25 10 4452 0
12 20 11 4452 0
12 25 10 4452 0
12 20 16 4458 1
12 30 8 4459 1
12 30 15 4459 0
12 25 9 4459 0
12 35 8 4459 0
12 25 13 4459 0
12 40 17 4459 0
12 35 19 4459 0
12 20 14 4459 0
12 30 9 4459 0
2 25 32 4468 2
12 50 20 4469 1
12 20 10 4470 1
12 30 13 4471 1
12 20 16 4471 0
12 20 6 4471 0
12 20 4 4471 0
12 35 11 4471 0
12 35 9 4471 0
2 20 23 4477 1
12 30 13 4478 1
12 20 11 4478 0
12 30 6 4478 0
12 25 19 4478 0
12 40 14 4478 0
12 20 7 4478 0
12 35 9 4478 0
12 30 11 4485 1
2 30 38 4486 2
12 35 25 4487 1
12 30 6 4487 0
12 20 6 4487 0
12 20 6 4487 0
2 20 22 4487 0
12 20 4 4487 0
12 25 7 4487 0
12 20 7 4487 0
12 25 8 4487 0
12 25 9 4487 0
2 25 35 4497 2
12 35 12 4497 0
