12 20 7 4195 0
12 20 17 4195 0
12 25 21 4201 1
12 25 7 4201 0
12 30 8 4201 0
12 30 9 4204 1
12 25 14 4204 0
12 20 11 4206 1
12 45 15 4206 0
12 20 14 4208 1
12 25 20 4208 0
12 40 23 4208 0
12 45 15 4208 0
12 20 8 4212 1
12 25 10 4212 0
12 45 41 4212 0
12 25 10 4212 0
12 30 14 4212 0
12 30 16 4212 0
12 25 11 4212 0
12 25 7 4212 0
12 20 5 4212 0
12 20 10 4212 0
12 20 9 4212 0
12 45 23 4212 0
12 20 10 4212 0
12 20 10 4225 1
12 35 15 4225 0
12 20 17 4227 1
2 30 37 4228 1
12 20 4 4228 0
12 30 14 4228 0
12 20 10 4231 1
12 40 19 4231 0
2 20 22 4231 0
12 25 11 4231 0
12 25 9 4231 0
12 40 17 4236 1
12 20 13 4237 1
12 35 11 4237 0
12 35 9 4237 0
12 50 22 4240 2
12 30 11 4240 0
12 25 16 4240 0
12 50 25 4243 1
12 30 8 4243 0
12 40 21 4243 0
12 20 16 4246 1
12 35 21 4247 2
12 25 5 4247 0
12 20 4 4247 0
12 35 15 4250 1
12 35 9 4250 0
12 25 13 4252 1
12 30 2 4252 0
12 45 20 4254 1
12 45 19 4254 0
12 30 9 4256 2
12 25 11 4256 0
12 20 17 4258 1
12 30 11 4258 0
12 30 16 4258 0
12 35 3 4258 0
12 30 9 4262 1
12 35 17 4262 0
12 30 14 4264 1
12 30 18 4264 0
12 30 20 4264 0
12 35 21 4267 1
12 30 12 4267 0
12 45 12 4267 0
12 35 13 4267 0
12 20 13 4267 0
12 30 10 4267 0
12 30 17 4267 0
12 35 19 4267 0
12 25 13 4267 0
12 25 7 4267 0
12 35 21 4277 1
12 35 16 4278 2
12 35 16 4279 1
12 25 10 4279 0
12 45 22 4281 1
12 30 8 4282 1
12 30 2 4282 0
12 30 19 4282 0
12 35 9 4282 0
12 30 19 4286 2
12 35 17 4286 0
12 20 10 4286 0
12 40 15 4286 0
12 25 21 4290 1
12 50 10 4290 0
12 20 13 4290 0
12 40 22 4290 0
12 25 13 4294 1
12 50 19 4295 1
12 20 5 4295 0
12 30 16 4295 0
12 20 17 4298 2
