12 25 14 1894 0
12 30 17 1900 1
12 40 21 1900 0
12 35 17 1900 0
12 20 7 1900 0
12 45 26 1904 2
12 30 19 1905 1
12 40 22 1905 0
12 25 17 1905 0
12 20 13 1905 0
12 40 12 1905 0
12 20 7 1905 0
12 25 12 1905 0
12 45 17 1912 1
12 25 10 1913 1
12 20 13 1914 1
12 55 21 1914 0
12 35 16 1916 1
12 30 16 1917 1
12 30 10 1917 0
12 25 10 1917 0
12 55 19 1920 1
12 60 23 1920 0
2 25 30 1922 2
12 35 14 1923 1
12 35 18 1924 1
12 25 19 1925 1
12 30 12 1926 2
12 40 17 1926 0
12 20 10 1928 1
12 25 8 1928 0
12 25 16 1930 3
12 25 17 1931 1
12 45 17 1931 0
12 35 16 1931 0
12 50 15 1931 0
12 20 4 1931 0
2 25 39 1936 1
12 20 11 1936 0
12 25 12 1936 0
12 45 33 1939 2
12 45 27 1939 0
12 20 14 1939 0
12 45 34 1942 1
12 25 9 1943 1
12 30 8 1943 0
12 30 11 1943 0
12 20 16 1946 2
12 20 7 1946 0
12 35 28 1948 1
12 30 21 1949 1
12 30 9 1950 1
12 25 26 1950 0
12 25 21 1950 0
12 35 10 1950 0
12 35 14 1950 0
12 20 13 1950 0
12 25 14 1956 1
12 20 7 1956 0
12 20 5 1956 0
12 45 15 1956 0
12 30 9 1956 0
12 35 5 1956 0
12 35 12 1962 1
12 20 7 1963 1
12 35 26 1964 1
12 40 20 1964 0
12 25 5 1964 0
12 30 10 1967 1
12 25 11 1968 1
12 25 9 1968 0
12 40 10 1968 0
12 20 4 1968 0
12 25 15 1968 0
12 20 10 1973 1
12 20 7 1973 0
12 30 21 1973 0
12 40 13 1973 0
12 25 13 1977 1
12 30 16 1977 0
12 40 16 1979 1
12 40 21 1980 1
12 20 6 1980 0
10.5 30 2 1980 0
12 20 10 1980 0
12 45 41 1984 1
12 20 16 1984 0
12 20 5 1984 0
12 25 13 1987 1
12 55 28 1987 0
2 35 37 1989 2
12 20 4 1989 0
12 25 22 1989 0
12 20 9 1989 0
12 35 16 1989 0
12 35 17 1989 0
12 20 9 1989 0
12 30 18 1996 2
12 20 19 1997 2
12 25 11 1997 0
