12 20 9 1798 0
12 30 19 1800 3
2 30 37 1801 1
12 35 29 1802 1
12 40 26 1803 1
12 30 20 1804 1
12 30 18 1805 1
12 20 13 1805 0
12 25 13 1807 1
12 30 13 1807 0
12 20 5 1807 0
12 20 19 1807 0
12 40 14 1811 1
12 25 11 1811 0
12 30 26 1813 1
12 30 21 1814 3
12 20 4 1814 0
12 30 9 1814 0
12 45 37 1817 1
12 20 9 1817 0
12 25 16 1817 0
12 30 10 1817 0
12 25 14 1817 0
10.5 45 10 1822 1
12 35 20 1822 0
12 20 10 1824 1
12 30 25 1824 0
12 30 9 1824 0
12 25 6 1824 0
12 25 12 1824 0
12 30 31 1829 3
2 30 32 1830 2
12 20 5 1830 0
12 20 11 1830 0
12 30 19 1830 0
12 35 17 1830 0
12 20 7 1830 0
12 25 10 1830 0
12 50 17 1837 3
12 20 12 1837 0
12 30 10 1839 1
12 20 16 1840 1
12 45 33 1841 2
12 40 16 1841 0
12 30 8 1841 0
12 35 18 1841 0
12 20 7 1845 1
12 20 13 1845 0
12 40 22 1845 0
12 35 12 1845 0
12 20 5 1845 0
12 20 5 1845 0
12 30 13 1845 0
12 35 16 1852 1
12 35 17 1852 0
12 30 15 1852 0
12 25 13 1852 0
12 30 16 1856 2
12 25 13 1856 0
12 20 7 1856 0
12 30 11 1856 0
12 35 17 1856 0
12 40 27 1861 2
12 35 13 1861 0
12 25 14 1863 1
12 35 21 1863 0
2 45 58 1865 1
12 20 9 1865 0
12 40 12 1867 1
12 30 10 1867 0
12 30 17 1867 0
12 20 5 1867 0
12 35 8 1867 0
12 25 16 1867 0
12 50 25 1873 1
12 20 6 1873 0
12 25 6 1873 0
12 30 9 1876 1
12 25 9 1876 0
12 20 11 1878 1
12 35 13 1878 0
12 20 11 1880 1
12 25 21 1881 4
12 30 17 1882 1
12 25 10 1882 0
12 20 11 1882 0
12 30 16 1882 0
12 25 9 1886 1
12 35 17 1887 1
12 35 14 1887 0
12 20 6 1887 0
12 20 14 1890 1
12 20 5 1890 0
12 25 8 1890 0
2 30 73 1893 3
12 20 17 1894 4
12 20 11 1894 0
12 25 6 1894 0
12 30 7 1894 0
12 25 10 1894 0
