2 20 28 4599 1
12 35 11 4599 0
12 30 14 4601 1
12 30 17 4601 0
12 30 7 4601 0
12 45 9 4601 0
12 30 25 4605 1
12 35 21 4605 0
12 35 10 4605 0
12 30 6 4605 0
10.5 40 18 4605 0
12 35 25 4610 1
12 30 27 4610 0
12 30 10 4610 0
2 20 30 4610 0
2 30 35 4610 0
2 35 40 4615 2
12 40 23 4615 0
12 25 17 4617 1
12 20 19 4618 2
12 30 13 4619 2
12 20 6 4619 0
12 55 51 4621 2
12 20 11 4621 0
12 30 11 4621 0
2 25 30 4624 1
12 30 8 4625 1
12 20 16 4626 1
12 30 30 4627 1
12 20 13 4627 0
12 30 8 4627 0
12 20 6 4627 0
12 30 11 4627 0
12 40 22 4632 1
12 35 26 4633 2
2 20 37 4634 2
12 35 10 4634 0
12 30 8 4634 0
12 40 31 4637 2
12 20 4 4637 0
12 50 17 4639 1
12 20 4 4639 0
12 35 17 4639 0
12 25 5 4639 0
12 30 27 4643 1
12 35 3 4643 0
12 20 13 4643 0
12 25 7 4643 0
2 20 32 4643 0
12 35 25 4648 3
12 25 21 4649 1
2 40 47 4650 4
12 20 7 4651 1
12 30 16 4652 1
12 20 17 4652 0
12 20 8 4652 0
2 35 72 4655 6
12 35 16 4656 1
12 25 8 4656 0
12 35 17 4656 0
12 20 17 4659 2
12 50 13 4660 1
2 25 38 4661 1
12 30 26 4662 1
12 30 6 4662 0
12 25 11 4662 0
2 20 29 4665 1
12 40 16 4665 0
12 25 13 4665 0
12 55 12 4665 0
2 40 66 4669 3
12 20 12 4669 0
12 20 8 4669 0
12 40 21 4672 1
12 25 10 4672 0
2 25 29 4674 3
12 35 8 4674 0
12 25 11 4674 0
10.5 30 9 4674 0
12 35 13 4674 0
12 20 17 4679 1
12 40 41 4680 2
12 20 4 4680 0
12 30 8 4680 0
12 45 20 4683 2
12 25 16 4684 1
12 20 5 4684 0
12 30 22 4686 2
12 45 19 4687 1
12 20 10 4688 1
12 35 18 4689 1
12 20 9 4689 0
12 40 16 4691 2
12 40 14 4691 0
2 20 44 4693 2
12 45 29 4694 4
12 45 20 4694 0
12 20 17 4696 1
12 50 16 4696 0
12 20 5 4696 0
