12 30 10 2696 0
12 40 12 2700 1
12 25 17 2700 0
12 25 18 2700 0
12 30 13 2700 0
12 20 13 2704 1
12 40 30 2705 5
12 40 19 2706 4
12 25 17 2707 1
12 30 21 2707 0
12 20 9 2709 1
2 25 89 2710 12
12 25 17 2711 1
2 35 41 2712 2
12 20 14 2712 0
2 40 53 2714 3
12 25 7 2715 2
2 20 24 2715 0
12 25 12 2717 1
12 40 26 2718 5
2 20 24 2719 1
2 20 34 2720 2
12 35 23 2721 3
2 25 106 2722 8
12 55 41 2723 3
2 25 46 2724 3
2 20 35 2725 1
12 35 21 2726 1
12 50 26 2727 2
12 20 4 2727 0
12 20 15 2729 1
12 25 5 2729 0
12 40 24 2731 3
12 35 36 2732 3
12 35 30 2733 1
2 45 263 2734 20
12 25 12 2734 0
12 20 11 2736 2
12 45 22 2736 0
12 30 24 2736 0
2 30 50 2739 7
12 20 9 2740 2
12 25 15 2740 0
12 25 5 2740 0
2 25 131 2743 6
12 20 4 2743 0
12 35 19 2743 0
12 50 22 2746 2
2 25 41 2746 0
12 25 13 2746 0
12 25 9 2746 0
12 20 7 2750 1
12 35 16 2750 0
12 20 4 2750 0
12 20 10 2750 0
12 30 22 2754 3
12 35 32 2755 3
12 20 7 2755 0
12 30 18 2755 0
12 20 11 2755 0
12 30 10 2755 0
2 30 65 2760 1
12 30 9 2760 0
12 25 9 2760 0
2 20 22 2763 1
12 25 13 2763 0
12 25 26 2763 0
12 60 15 2766 1
12 30 23 2766 0
2 25 29 2768 5
12 35 11 2768 0
12 20 12 2768 0
12 20 8 2768 0
10.5 25 1 2768 0
12 20 13 2768 0
12 30 7 2768 0
12 45 44 2775 4
12 30 13 2775 0
12 25 15 2777 1
2 20 70 2778 3
12 40 25 2778 0
2 30 42 2780 1
10.5 30 7 2781 1
2 30 63 2782 1
12 25 11 2782 0
12 45 29 2784 1
12 40 10 2784 0
2 40 45 2786 1
12 30 9 2786 0
12 25 14 2786 0
12 30 10 2786 0
12 25 17 2786 0
12 20 18 2786 0
12 25 20 2792 1
12 25 24 2793 4
12 20 17 2793 0
12 40 36 2795 1
12 20 4 2795 0
12 35 17 2797 2
10.5 40 8 2797 0
