12 25 11 3498 0
12 45 16 3500 1
12 20 13 3501 1
12 35 11 3501 0
12 45 16 3501 0
12 20 7 3501 0
12 45 19 3501 0
12 30 6 3501 0
12 35 23 3507 1
12 30 7 3508 1
12 50 25 3508 0
12 35 21 3508 0
2 25 29 3511 1
12 25 11 3511 0
12 25 9 3511 0
12 20 10 3514 2
12 25 16 3515 2
12 25 19 3515 0
12 30 19 3517 1
12 45 28 3518 3
12 45 18 3518 0
12 20 10 3518 0
12 25 7 3518 0
12 30 14 3518 0
12 30 6 3518 0
12 20 5 3518 0
12 20 7 3518 0
12 20 8 3518 0
12 30 13 3518 0
12 30 17 3518 0
12 40 27 3529 2
2 35 42 3530 1
12 40 22 3530 0
12 40 25 3530 0
12 30 21 3533 2
12 45 18 3533 0
12 25 9 3533 0
12 20 9 3533 0
12 30 14 3533 0
12 40 25 3533 0
12 35 8 3533 0
12 40 26 3540 1
12 25 16 3541 1
12 20 9 3541 0
10.5 30 2 3541 0
12 20 16 3544 1
12 40 19 3544 0
12 30 18 3544 0
12 25 11 3544 0
12 25 10 3548 1
12 20 11 3548 0
12 30 14 3548 0
12 50 22 3551 1
12 35 9 3551 0
12 55 21 3553 2
12 30 10 3553 0
12 20 10 3555 1
12 40 25 3556 1
12 25 10 3557 1
12 35 11 3557 0
12 30 25 3559 1
12 40 19 3560 1
12 25 12 3560 0
12 30 14 3560 0
12 25 22 3563 1
12 30 19 3563 0
12 20 12 3563 0
12 50 15 3563 0
12 20 12 3567 1
12 25 9 3568 1
12 20 9 3569 1
12 35 17 3570 2
12 30 21 3570 0
12 35 3 3570 0
12 35 15 3570 0
12 35 12 3570 0
12 40 19 3575 3
12 35 31 3576 2
12 25 15 3577 1
12 40 21 3578 1
12 30 11 3578 0
12 25 9 3578 0
12 20 9 3578 0
12 35 14 3578 0
2 25 44 3583 1
12 45 9 3583 0
12 30 6 3583 0
12 30 21 3586 2
12 20 14 3587 2
12 20 7 3587 0
12 30 13 3589 1
12 20 5 3589 0
12 25 9 3589 0
12 35 22 3589 0
12 40 32 3589 0
12 25 8 3589 0
12 25 16 3589 0
12 20 11 3589 0
12 20 10 3597 1
12 25 23 3597 0
