12 20 9 398 0
12 25 17 400 1
12 20 9 400 0
2 20 25 400 0
12 25 11 403 1
12 35 19 404 2
12 40 14 404 0
2 20 41 406 1
12 20 11 406 0
12 25 22 408 2
12 30 10 408 0
12 25 11 408 0
12 45 20 411 2
2 40 45 411 0
12 25 17 411 0
12 20 10 411 0
12 25 8 411 0
12 25 8 411 0
12 25 13 411 0
12 25 11 411 0
12 25 7 411 0
12 25 22 420 3
12 30 9 421 1
12 25 10 421 0
12 25 18 421 0
12 30 9 421 0
12 25 10 425 1
2 20 29 426 1
12 35 17 426 0
12 35 14 428 1
12 20 10 429 1
12 20 9 429 0
12 30 16 429 0
12 35 11 429 0
12 20 17 433 2
12 25 16 434 1
12 25 16 434 0
12 20 16 436 2
12 20 7 436 0
12 40 33 438 1
12 30 16 438 0
12 30 15 438 0
12 25 21 441 2
12 25 9 442 1
12 30 16 443 1
12 35 21 443 0
12 30 17 445 2
12 45 21 446 1
12 30 16 446 0
12 30 23 446 0
12 35 11 446 0
12 20 4 446 0
12 25 10 446 0
12 45 10 446 0
12 45 9 446 0
12 20 13 454 1
12 25 24 455 1
2 25 52 455 0
12 20 9 457 1
2 20 26 457 0
12 35 16 457 0
12 35 9 457 0
12 25 10 461 1
12 40 25 462 1
12 30 13 463 1
12 20 7 464 1
12 30 17 464 0
12 25 12 464 0
12 30 10 464 0
12 30 10 468 1
12 35 12 468 0
12 20 14 468 0
12 30 10 468 0
12 25 21 472 2
12 20 21 473 3
12 35 19 473 0
2 20 29 475 3
12 20 13 475 0
12 30 21 477 1
12 50 37 478 1
12 20 5 478 0
12 40 18 478 0
12 20 10 478 0
12 30 13 482 1
12 20 16 482 0
12 30 26 484 2
12 40 14 484 0
12 25 13 484 0
12 35 14 484 0
12 20 6 484 0
12 30 10 484 0
12 40 14 490 1
12 35 16 491 2
12 40 9 491 0
12 40 13 493 1
12 25 10 493 0
12 30 19 495 1
12 30 16 495 0
12 35 17 495 0
12 30 16 498 2
