12 20 9 4099 1
12 35 17 4099 0
12 30 14 4099 0
12 20 8 4099 0
2 25 29 4103 1
12 30 9 4104 1
12 20 4 4104 0
12 35 14 4104 0
12 20 9 4104 0
12 25 8 4104 0
12 30 25 4109 1
12 30 21 4110 1
12 20 10 4110 0
12 55 26 4110 0
12 25 21 4113 1
12 45 26 4113 0
12 25 11 4113 0
12 45 26 4116 1
12 40 17 4117 1
2 25 31 4118 1
12 40 19 4118 0
12 40 13 4120 1
12 20 9 4120 0
12 35 18 4120 0
12 30 16 4120 0
12 20 16 4124 1
12 25 11 4124 0
12 25 11 4126 1
12 25 16 4126 0
12 35 15 4128 1
12 40 19 4129 1
12 25 14 4129 0
12 20 9 4129 0
12 25 13 4129 0
12 25 7 4129 0
12 25 7 4129 0
12 25 8 4129 0
12 55 27 4136 2
2 25 49 4137 2
12 30 13 4137 0
12 20 7 4137 0
12 20 6 4137 0
2 35 50 4141 1
12 20 21 4142 1
12 40 17 4143 4
12 35 19 4143 0
12 35 14 4145 1
12 45 19 4145 0
12 30 15 4145 0
12 35 3 4145 0
12 40 26 4149 1
12 25 5 4149 0
12 40 23 4151 2
12 25 5 4151 0
12 20 15 4151 0
12 20 10 4151 0
12 20 5 4151 0
12 30 9 4151 0
12 30 16 4151 0
12 20 11 4158 1
12 30 10 4158 0
12 25 11 4158 0
12 30 16 4158 0
12 25 17 4158 0
12 20 17 4158 0
12 20 12 4158 0
12 20 8 4158 0
12 20 9 4158 0
12 35 25 4158 0
12 40 21 4168 2
12 30 12 4168 0
12 25 10 4168 0
12 20 10 4168 0
12 25 8 4172 2
12 35 15 4172 0
12 20 20 4174 3
12 25 13 4174 0
12 25 7 4174 0
12 30 13 4174 0
12 20 8 4174 0
12 20 11 4174 0
12 35 13 4174 0
12 20 7 4181 1
12 25 19 4182 1
12 35 13 4182 0
12 25 17 4182 0
12 45 29 4185 1
12 25 20 4185 0
12 25 7 4185 0
12 20 7 4185 0
12 30 16 4189 1
12 50 31 4189 0
12 25 8 4189 0
12 25 7 4192 1
10.5 50 18 4193 1
12 40 22 4194 3
12 40 25 4195 1
12 20 7 4195 0
12 25 8 4195 0
12 30 21 4195 0
