12 20 21 1099 2
0.5 30 67 1099 0
0.5 40 49 1099 0
12 20 9 1099 0
2 35 236 1103 14
2 40 75 1104 4
2 25 161 1105 16
2 40 126 1106 4
10.5 20 10 1106 0
12 35 21 1108 1
10.5 30 17 1109 9
12 25 3 1109 0
12 25 21 1111 8
12 35 31 1111 0
0.5 35 113 1113 2
2 40 149 1114 11
2 40 54 1115 1
2 20 38 1116 1
2 25 64 1117 2
2 20 99 1118 22
2 35 156 1119 19
2 40 137 1120 4
2 40 229 1121 11
0.5 55 131 1122 4
2 30 113 1123 1
12 25 26 1123 0
12 35 35 1123 0
2 25 46 1126 2
10.5 30 26 1127 3
0.5 20 91 1128 21
2 20 221 1129 13
12 30 29 1130 1
10.5 45 43 1130 0
2 30 87 1132 2
2 25 32 1133 2
12 50 37 1134 4
0.5 25 44 1134 0
2 20 24 1136 1
12 25 22 1137 1
12 30 20 1138 1
12 45 20 1139 2
0.5 40 67 1140 2
2 35 43 1141 2
12 35 21 1142 1
10.5 30 11 1142 0
12 20 13 1142 0
12 20 12 1145 2
12 40 36 1146 1
2 30 131 1147 7
12 30 20 1148 3
2 25 57 1149 16
2 25 105 1150 15
10.5 55 25 1151 2
2 35 244 1152 22
2 40 393 1153 11
2 20 159 1154 3
2 40 178 1155 8
2 20 371 1156 14
12 25 6 1157 1
2 35 76 1158 8
12 35 31 1159 1
10.5 40 2 1159 0
12 30 8 1159 0
2 25 50 1162 3
2 25 33 1162 0
2 30 54 1164 4
12 30 27 1165 2
12 35 14 1165 0
12 30 6 1165 0
12 20 4 1165 0
2 45 52 1169 3
12 25 11 1169 0
2 45 140 1171 10
12 25 18 1171 0
2 25 44 1173 1
12 30 11 1173 0
12 25 13 1173 0
10.5 45 22 1176 2
10.5 40 8 1176 0
12 25 6 1176 0
2 30 134 1179 2
2 20 92 1180 2
2 25 33 1181 2
2 40 50 1182 2
12 30 2 1182 0
12 45 11 1182 0
2 30 279 1185 9
2 40 93 1186 4
2 20 30 1187 1
12 25 10 1187 0
12 20 10 1187 0
2 30 53 1190 3
0.5 30 156 1191 12
2 25 61 1192 3
2 40 53 1193 4
12 20 9 1193 0
12 25 7 1193 0
2 30 35 1196 3
2 20 101 1197 2
12 30 13 1197 0
