12 25 14 299 1
12 20 16 299 0
12 20 6 299 0
12 40 29 302 1
12 50 28 303 2
12 35 15 303 0
12 30 21 303 0
12 25 11 303 0
12 30 16 303 0
12 20 13 303 0
12 40 13 303 0
12 45 11 303 0
12 25 16 311 1
12 20 5 311 0
12 30 8 311 0
12 25 11 311 0
12 20 4 311 0
12 20 17 311 0
12 45 21 311 0
12 30 17 318 1
12 25 18 319 1
12 35 13 319 0
12 40 9 319 0
12 40 16 319 0
12 25 13 323 1
12 35 14 324 1
12 20 17 324 0
12 20 12 324 0
2 40 57 327 4
12 50 21 327 0
2 40 43 329 1
12 50 18 330 1
12 25 10 331 2
2 25 43 332 1
12 25 13 332 0
12 20 7 332 0
12 40 31 335 5
12 20 9 336 1
12 30 10 337 1
12 30 14 337 0
12 20 8 337 0
12 30 6 337 0
12 35 13 337 0
12 25 20 342 3
12 40 19 343 1
12 25 17 343 0
12 40 13 345 1
12 25 5 345 0
12 25 8 345 0
12 25 22 348 1
12 35 17 349 1
12 30 16 349 0
12 30 14 349 0
12 30 7 349 0
12 20 19 349 0
12 25 10 349 0
12 30 10 355 1
12 25 10 355 0
12 45 15 357 1
12 30 13 358 1
12 20 18 359 4
12 20 9 359 0
12 30 13 359 0
2 20 43 362 2
12 25 6 362 0
12 30 18 362 0
12 35 17 365 1
12 20 14 365 0
12 20 9 365 0
12 20 8 365 0
12 20 4 365 0
12 30 19 370 2
12 30 10 370 0
12 55 29 372 1
12 45 20 373 1
12 35 27 374 1
12 20 8 375 1
12 25 9 376 1
12 20 10 376 0
12 30 11 378 1
12 40 13 378 0
12 20 6 380 1
12 30 8 380 0
12 30 13 380 0
12 35 14 380 0
12 25 8 380 0
12 25 10 380 0
12 35 19 380 0
12 20 8 387 1
12 30 19 387 0
12 25 16 387 0
12 25 21 387 0
12 40 8 387 0
12 25 5 387 0
12 45 34 393 1
12 25 8 394 1
12 20 6 394 0
12 40 16 396 2
12 25 15 396 0
12 20 8 398 1
