12 45 21 1596 0
12 50 21 1596 0
12 30 9 1596 0
12 25 5 1596 0
12 30 16 1596 0
12 25 21 1596 0
12 30 12 1596 0
12 35 14 1606 1
12 30 16 1607 1
12 35 15 1607 0
12 40 17 1609 1
12 35 17 1610 1
12 20 7 1611 1
12 50 16 1611 0
12 35 15 1613 1
12 25 9 1613 0
12 55 13 1613 0
12 35 7 1613 0
12 25 7 1613 0
12 40 21 1613 0
12 45 18 1619 1
12 45 6 1619 0
12 40 15 1621 1
12 40 21 1622 1
12 25 9 1623 1
12 20 5 1623 0
12 25 13 1625 1
12 35 21 1626 2
12 20 13 1626 0
12 45 14 1626 0
12 25 26 1626 0
12 20 13 1626 0
12 25 13 1631 1
12 20 9 1632 1
12 20 5 1632 0
12 20 5 1632 0
12 20 12 1632 0
12 20 7 1632 0
12 30 21 1632 0
12 30 10 1632 0
12 25 14 1639 2
12 25 6 1639 0
12 25 10 1639 0
12 25 17 1642 1
12 20 4 1642 0
12 50 9 1642 0
12 25 13 1642 0
12 30 13 1642 0
12 25 16 1642 0
12 25 8 1648 1
12 40 7 1648 0
12 45 12 1648 0
12 35 7 1648 0
12 25 7 1648 0
12 35 16 1648 0
12 25 14 1648 0
2 20 26 1655 1
12 30 17 1655 0
12 20 10 1655 0
12 30 10 1655 0
12 20 11 1655 0
12 25 16 1655 0
12 40 21 1661 4
12 30 8 1661 0
12 45 15 1661 0
12 45 21 1664 1
12 25 13 1664 0
2 20 25 1666 1
12 40 25 1666 0
12 25 21 1666 0
12 25 9 1669 1
12 25 11 1669 0
12 30 16 1669 0
12 25 5 1669 0
12 35 13 1673 2
12 30 12 1673 0
12 40 17 1673 0
12 40 16 1673 0
12 45 26 1677 1
12 30 16 1678 2
12 30 14 1678 0
12 25 5 1678 0
2 35 56 1681 3
12 35 25 1681 0
12 20 4 1681 0
12 25 9 1681 0
12 30 13 1681 0
12 20 14 1681 0
12 25 8 1681 0
12 30 17 1681 0
12 30 13 1689 2
12 30 13 1690 2
12 30 17 1690 0
12 30 21 1690 0
12 35 19 1690 0
12 40 18 1694 1
12 35 15 1695 1
12 20 4 1695 0
12 20 8 1697 1
12 45 21 1697 0
