12 30 11 3099 1
12 40 12 3099 0
12 25 17 3101 1
12 20 11 3102 1
12 25 13 3103 1
12 20 7 3103 0
12 25 25 3105 1
12 25 8 3105 0
2 25 30 3105 0
12 30 22 3108 1
12 25 9 3109 1
12 25 13 3110 1
12 25 10 3110 0
12 35 7 3110 0
12 40 19 3113 1
12 30 17 3113 0
12 20 8 3113 0
12 25 17 3113 0
12 25 22 3117 1
12 50 15 3117 0
2 20 23 3117 0
12 20 11 3120 1
12 30 21 3120 0
12 30 2 3120 0
12 20 11 3120 0
12 20 16 3124 2
12 25 13 3124 0
12 50 24 3126 1
12 20 14 3127 1
12 35 17 3127 0
12 30 19 3129 1
12 25 14 3130 1
12 25 10 3131 2
12 35 10 3131 0
12 30 29 3133 1
12 20 9 3133 0
10.5 40 10 3133 0
12 30 21 3136 2
12 40 21 3137 1
12 25 11 3138 1
12 25 10 3138 0
12 25 9 3140 1
12 25 7 3140 0
12 45 28 3142 3
12 25 23 3142 0
12 20 5 3142 0
12 25 10 3142 0
12 45 23 3142 0
12 40 19 3142 0
12 25 13 3142 0
12 60 29 3149 3
12 20 9 3150 1
12 20 7 3150 0
12 45 22 3152 1
12 40 15 3153 1
12 40 19 3153 0
12 30 5 3153 0
12 25 8 3153 0
12 35 15 3153 0
12 25 13 3158 1
12 20 6 3158 0
12 40 17 3160 1
12 45 17 3161 1
12 30 21 3161 0
12 30 11 3161 0
12 25 19 3161 0
12 45 21 3161 0
12 20 9 3166 1
12 20 9 3167 1
12 20 8 3167 0
12 35 16 3167 0
12 40 14 3167 0
12 40 17 3171 1
12 25 11 3172 1
12 50 22 3172 0
12 35 26 3174 1
12 55 37 3175 2
12 55 46 3176 5
12 30 24 3177 1
12 55 21 3177 0
12 25 16 3179 1
2 20 25 3179 0
12 25 22 3181 1
12 20 17 3182 1
12 25 9 3183 1
12 35 27 3184 1
12 25 11 3184 0
12 40 17 3186 1
12 20 11 3186 0
12 20 11 3188 2
12 50 28 3189 1
12 20 4 3189 0
12 35 14 3191 1
12 30 13 3191 0
12 20 11 3191 0
12 30 25 3191 0
12 20 10 3195 2
12 25 17 3196 1
12 30 2 3196 0
12 25 5 3196 0
