12 35 15 3698 0
12 45 34 3700 1
12 20 8 3700 0
12 25 9 3702 1
12 20 4 3702 0
12 30 6 3702 0
12 35 11 3705 1
12 30 21 3706 3
12 20 5 3706 0
12 25 14 3708 1
12 30 13 3709 2
12 20 6 3709 0
12 30 16 3709 0
12 25 16 3712 1
12 20 5 3712 0
12 40 11 3712 0
2 20 22 3715 1
12 40 35 3715 0
12 35 11 3715 0
12 20 7 3715 0
12 45 22 3719 1
12 25 10 3719 0
12 20 5 3719 0
12 45 26 3722 1
12 20 11 3722 0
12 50 19 3724 1
12 35 13 3724 0
12 45 20 3726 2
12 25 10 3726 0
12 20 11 3726 0
12 30 11 3729 1
12 30 11 3729 0
12 45 14 3729 0
12 20 5 3729 0
12 20 19 3729 0
12 35 22 3734 1
12 45 19 3735 1
12 40 19 3736 1
12 35 17 3736 0
12 25 7 3736 0
12 20 6 3736 0
12 50 30 3740 3
12 35 17 3740 0
12 35 29 3740 0
12 20 8 3740 0
12 30 17 3744 2
12 20 16 3744 0
2 25 31 3746 1
12 25 21 3747 2
12 25 12 3747 0
12 45 29 3747 0
12 30 17 3747 0
12 25 14 3751 1
12 25 12 3752 1
12 35 15 3752 0
2 35 52 3754 2
12 25 13 3755 1
12 35 21 3755 0
12 25 6 3755 0
12 20 14 3758 2
12 20 6 3758 0
12 25 13 3760 1
12 25 9 3760 0
12 25 16 3762 1
12 30 21 3762 0
12 25 11 3764 1
12 45 16 3765 1
12 35 17 3765 0
12 45 21 3767 1
12 20 4 3767 0
12 30 9 3767 0
12 25 11 3770 2
12 25 16 3770 0
12 50 23 3772 1
12 20 9 3773 1
12 20 19 3774 2
12 45 17 3774 0
12 25 17 3774 0
12 30 19 3777 1
12 20 10 3777 0
12 20 6 3777 0
12 20 5 3777 0
12 25 12 3777 0
12 40 16 3777 0
12 25 16 3783 1
12 30 8 3783 0
12 35 13 3783 0
12 55 25 3786 2
12 25 22 3786 0
12 20 6 3786 0
12 45 29 3789 2
12 35 27 3790 4
12 45 17 3790 0
12 20 10 3790 0
12 35 8 3790 0
12 45 17 3794 1
12 25 13 3794 0
12 30 10 3796 1
12 55 46 3797 4
12 30 12 3797 0
