12 20 5 5295 0
2 30 33 5295 0
12 55 23 5295 0
12 40 33 5302 1
12 20 6 5302 0
2 25 38 5304 3
12 35 22 5305 1
12 25 6 5305 0
10.5 25 3 5305 0
12 25 10 5305 0
12 25 11 5309 1
12 40 16 5309 0
12 25 18 5311 2
12 25 5 5311 0
12 40 17 5311 0
12 20 15 5314 1
12 25 24 5315 2
12 45 14 5315 0
12 20 9 5317 1
12 30 10 5317 0
12 25 15 5317 0
2 30 35 5320 1
12 30 17 5320 0
12 35 13 5322 1
12 25 12 5322 0
12 40 8 5322 0
12 25 14 5322 0
2 30 44 5326 3
12 25 17 5326 0
12 30 11 5326 0
12 20 18 5329 1
12 30 22 5330 1
12 30 23 5331 1
12 20 8 5331 0
12 25 7 5331 0
12 20 18 5331 0
12 25 7 5331 0
12 40 13 5336 2
12 30 8 5337 2
12 20 12 5337 0
12 50 24 5337 0
12 20 19 5340 1
12 25 19 5340 0
12 25 12 5340 0
12 30 13 5340 0
12 30 7 5344 1
12 30 6 5344 0
12 40 19 5346 2
2 20 31 5347 2
10.5 25 3 5348 1
12 20 7 5348 0
12 40 13 5348 0
12 20 5 5348 0
12 30 6 5348 0
12 40 14 5353 1
12 20 14 5353 0
12 30 11 5353 0
12 25 19 5353 0
2 25 31 5353 0
12 40 10 5353 0
12 35 7 5353 0
12 25 21 5353 0
2 20 23 5361 2
12 25 18 5361 0
12 50 17 5363 1
12 20 18 5363 0
12 35 12 5365 1
12 20 13 5365 0
12 40 40 5367 1
12 20 5 5367 0
12 25 14 5367 0
12 35 10 5367 0
12 30 14 5367 0
2 20 38 5367 0
2 30 34 5373 1
12 25 12 5373 0
12 25 11 5373 0
12 20 16 5373 0
12 20 5 5373 0
2 50 53 5378 1
12 55 15 5378 0
12 20 4 5378 0
12 20 12 5381 1
12 35 27 5382 1
12 25 10 5383 2
2 35 40 5384 2
12 25 6 5384 0
2 35 65 5386 3
12 30 28 5387 2
12 45 14 5387 0
12 25 14 5387 0
12 20 5 5387 0
2 20 25 5387 0
12 45 22 5387 0
12 25 18 5393 1
12 30 10 5393 0
12 25 19 5393 0
12 30 16 5396 2
12 40 10 5396 0
12 35 19 5398 1
