12 25 17 899 1
2 55 61 900 2
12 35 12 900 0
12 25 10 900 0
12 25 8 900 0
12 35 19 900 0
12 20 9 900 0
12 25 13 900 0
12 30 13 900 0
12 20 17 900 0
12 25 23 909 1
12 25 5 909 0
12 30 10 909 0
12 25 7 909 0
12 20 8 909 0
12 30 12 909 0
12 25 11 915 1
12 20 9 915 0
12 35 8 915 0
12 20 10 918 1
12 25 22 919 1
12 40 16 919 0
12 45 13 919 0
12 25 13 922 1
12 20 7 922 0
12 25 7 922 0
12 30 10 922 0
12 35 13 926 1
12 35 17 927 3
12 20 21 928 1
12 30 21 928 0
12 40 19 928 0
12 35 17 931 2
12 25 21 931 0
12 25 10 933 1
12 20 17 934 2
12 35 14 935 1
12 30 2 935 0
12 40 9 935 0
12 40 13 935 0
12 30 8 935 0
12 20 17 935 0
12 20 4 935 0
12 20 4 935 0
12 40 25 943 1
12 30 7 943 0
12 35 16 943 0
12 25 12 943 0
12 25 10 943 0
12 25 11 943 0
12 40 17 949 1
12 20 10 949 0
12 20 7 949 0
12 35 14 952 1
12 20 4 952 0
12 30 16 952 0
12 40 14 952 0
12 25 8 952 0
12 35 16 952 0
12 20 20 952 0
12 20 6 952 0
12 35 28 952 0
12 20 6 952 0
12 30 12 952 0
12 25 25 952 0
12 25 19 952 0
12 30 13 952 0
12 25 10 952 0
12 50 41 967 2
12 25 25 968 1
12 40 19 968 0
12 45 19 968 0
12 25 11 968 0
12 50 23 968 0
12 45 19 973 1
12 35 17 973 0
12 20 12 973 0
12 30 12 973 0
12 20 7 973 0
2 20 28 978 1
12 35 17 979 1
12 45 22 980 1
12 35 18 980 0
12 40 17 982 1
12 20 4 982 0
12 30 11 982 0
12 30 21 985 1
12 25 11 985 0
12 25 14 987 1
12 35 29 988 2
12 30 11 989 1
12 25 3 989 0
12 20 11 989 0
12 50 25 992 1
12 20 10 992 0
12 35 17 994 1
12 30 23 995 3
12 20 11 995 0
12 60 25 995 0
12 20 6 995 0
