None None 0 None 0
2 25 107 0 32
10.5 35 1 0 0
12 20 18 2 2
12 25 10 3 2
2 25 69 4 9
12 25 17 4 0
12 20 13 4 0
12 25 9 4 0
12 35 11 8 2
12 40 12 8 0
12 30 20 8 0
12 30 13 8 0
12 30 6 8 0
12 30 17 13 1
12 35 26 13 0
12 20 9 15 1
12 25 13 16 2
12 25 13 17 1
2 40 49 18 3
12 25 5 18 0
12 50 21 20 1
2 20 22 20 0
12 30 15 22 1
12 20 10 23 1
12 25 10 23 0
12 30 10 25 1
12 30 12 25 0
12 40 20 25 0
12 30 23 25 0
12 25 9 25 0
12 40 4 25 0
12 30 17 25 0
12 25 14 25 0
12 25 14 25 0
12 20 7 25 0
12 25 22 35 2
12 40 14 36 2
12 30 18 36 0
12 20 8 36 0
12 30 22 39 1
12 35 28 40 2
12 40 16 41 1
12 30 21 41 0
12 30 16 41 0
12 25 21 44 2
12 45 20 44 0
12 20 13 44 0
12 20 6 44 0
2 25 31 48 1
12 20 13 48 0
12 30 17 50 1
12 25 9 51 1
12 40 25 51 0
12 30 27 53 1
12 30 9 53 0
12 20 11 53 0
12 25 9 53 0
12 40 18 53 0
12 30 27 58 4
12 45 16 58 0
12 20 10 60 2
12 25 12 61 1
12 35 14 61 0
12 20 10 63 1
12 45 25 63 0
12 40 18 65 3
12 25 8 65 0
12 20 14 65 0
2 35 40 65 0
12 35 19 69 1
12 35 23 70 2
12 35 18 70 0
12 40 16 70 0
12 25 13 70 0
12 35 23 74 1
12 35 25 75 3
12 50 21 76 1
12 45 20 77 1
12 35 16 78 1
12 25 16 78 0
12 35 16 78 0
12 30 20 78 0
12 35 9 78 0
12 20 11 78 0
12 30 13 84 1
12 30 25 85 1
12 35 13 85 0
12 30 24 87 1
12 35 21 88 1
12 30 13 88 0
12 20 11 88 0
12 25 9 88 0
12 25 7 88 0
12 30 9 88 0
12 40 26 88 0
12 25 10 88 0
12 20 4 88 0
12 35 19 88 0
12 35 30 88 0
