12 20 16 5399 1
12 35 22 5399 0
12 30 16 5399 0
2 30 45 5402 1
12 20 11 5402 0
12 20 13 5402 0
12 35 29 5402 0
12 30 13 5402 0
12 20 4 5402 0
12 25 13 5402 0
2 30 35 5409 1
12 30 23 5410 1
12 25 10 5411 1
12 20 8 5412 1
12 20 21 5413 1
12 35 9 5413 0
12 35 26 5415 1
12 25 24 5415 0
12 30 18 5415 0
12 20 21 5415 0
12 45 38 5419 2
12 20 11 5419 0
12 35 8 5419 0
2 30 37 5422 1
12 20 21 5423 2
12 25 19 5423 0
12 20 17 5425 1
12 25 21 5426 1
12 25 14 5427 1
12 25 26 5427 0
2 35 38 5429 2
12 45 17 5430 1
12 20 16 5430 0
12 25 10 5432 1
12 25 16 5432 0
12 25 15 5434 3
12 40 34 5434 0
12 25 10 5436 1
12 20 15 5437 1
2 45 54 5438 3
12 25 9 5438 0
12 25 19 5440 1
12 25 26 5441 1
12 25 26 5441 0
2 30 59 5443 4
12 30 15 5444 1
2 20 23 5445 1
12 35 20 5446 1
12 20 12 5446 0
12 40 13 5446 0
12 30 20 5446 0
12 35 13 5446 0
12 30 10 5451 1
12 30 18 5452 1
12 45 20 5453 1
12 25 7 5454 1
12 30 9 5455 1
12 25 12 5456 1
12 25 10 5456 0
12 35 5 5456 0
2 25 36 5459 1
12 40 16 5459 0
12 40 8 5459 0
12 35 11 5459 0
12 25 8 5459 0
12 20 18 5464 1
12 20 11 5464 0
12 40 19 5464 0
12 35 11 5464 0
12 20 9 5468 1
2 35 47 5468 0
12 55 33 5470 4
12 45 14 5470 0
12 30 8 5470 0
12 45 13 5470 0
2 30 42 5474 1
12 20 11 5474 0
12 20 14 5474 0
12 25 22 5477 4
12 25 18 5478 2
12 40 12 5478 0
12 20 11 5480 1
12 20 8 5480 0
12 35 31 5482 6
12 35 10 5482 0
12 30 25 5484 3
12 25 6 5484 0
12 55 34 5486 1
12 20 7 5486 0
12 45 21 5488 1
12 25 15 5488 0
12 35 14 5488 0
12 20 10 5488 0
12 35 16 5492 2
12 35 17 5492 0
12 35 10 5492 0
12 35 12 5495 2
12 25 14 5495 0
12 25 13 5495 0
12 35 24 5495 0
