12 20 16 4799 3
12 25 12 4799 0
12 35 22 4801 1
12 20 7 4801 0
12 35 34 4803 1
12 40 18 4804 1
12 50 10 4805 1
12 25 25 4806 1
2 25 36 4806 0
2 35 37 4808 1
12 40 11 4808 0
12 35 27 4810 1
12 45 31 4811 2
12 45 14 4811 0
12 25 15 4811 0
12 40 27 4811 0
12 20 10 4815 2
12 25 18 4816 1
2 35 40 4816 0
12 40 18 4818 3
12 30 18 4819 3
12 45 23 4820 2
12 20 13 4821 1
12 35 14 4822 1
12 30 13 4822 0
12 40 14 4824 1
12 25 9 4824 0
12 30 17 4826 1
12 35 16 4827 1
12 30 11 4827 0
12 20 4 4827 0
12 20 14 4827 0
12 45 21 4827 0
12 30 23 4832 1
12 25 10 4833 2
12 30 10 4833 0
12 35 33 4835 1
12 20 7 4835 0
12 30 16 4835 0
12 25 15 4838 1
2 25 37 4838 0
12 25 9 4838 0
12 25 8 4838 0
12 35 22 4838 0
2 35 63 4843 2
2 40 52 4843 0
12 35 10 4843 0
12 35 14 4846 1
2 20 44 4847 1
2 40 42 4848 1
12 35 12 4848 0
12 30 13 4850 1
12 25 21 4850 0
12 30 25 4850 0
12 25 22 4850 0
12 40 9 4850 0
12 30 19 4855 1
12 40 23 4856 1
12 30 23 4857 2
2 20 30 4857 0
12 20 9 4857 0
2 20 22 4857 0
12 20 7 4861 2
12 35 17 4861 0
2 40 69 4863 1
12 30 21 4863 0
2 25 42 4865 2
12 20 10 4866 1
12 45 31 4867 2
12 45 35 4868 3
12 35 16 4868 0
2 35 50 4870 1
12 35 35 4870 0
12 25 19 4870 0
12 30 19 4873 1
12 30 12 4874 1
12 40 23 4874 0
12 25 15 4874 0
12 40 38 4877 1
12 25 15 4878 1
12 35 15 4878 0
12 30 11 4878 0
2 35 45 4881 2
12 30 9 4882 1
2 20 50 4883 1
12 20 7 4883 0
12 30 28 4883 0
2 35 56 4886 3
12 20 11 4887 1
12 35 29 4888 3
12 35 22 4889 2
12 35 21 4890 2
2 20 25 4891 3
12 35 6 4892 1
12 30 23 4893 1
12 25 13 4893 0
12 25 16 4893 0
12 25 19 4896 1
12 20 17 4897 1
12 30 21 4897 0
