12 20 21 499 3
12 20 7 499 0
12 50 11 499 0
12 25 13 502 1
12 20 8 502 0
12 20 5 502 0
12 20 12 502 0
12 25 11 502 0
12 30 9 502 0
12 35 20 502 0
12 30 13 509 1
12 25 7 509 0
12 30 22 511 1
12 35 19 512 1
12 40 16 512 0
12 20 5 512 0
12 25 9 512 0
12 50 17 516 1
12 30 16 517 1
12 35 17 518 1
12 25 6 518 0
12 60 37 518 0
12 20 8 521 1
2 20 23 521 0
12 35 15 521 0
12 20 8 521 0
12 20 9 521 0
12 30 18 521 0
12 30 21 527 1
12 45 25 528 1
12 25 17 529 3
12 35 11 529 0
12 20 12 529 0
12 25 9 529 0
12 40 25 533 1
12 30 13 533 0
12 30 13 535 2
12 25 13 535 0
12 20 8 535 0
12 30 11 535 0
12 30 13 535 0
12 30 8 535 0
12 30 13 535 0
12 35 17 535 0
12 30 15 535 0
12 30 13 535 0
12 30 8 535 0
12 30 20 546 1
12 45 20 546 0
12 30 26 548 4
12 40 15 549 2
12 25 16 549 0
12 20 13 551 1
12 25 22 552 1
12 20 16 553 2
12 50 31 554 1
12 20 10 554 0
12 30 17 556 1
12 35 23 556 0
10.5 25 1 556 0
12 25 9 556 0
12 25 21 556 0
12 30 14 556 0
12 25 22 556 0
12 25 18 563 1
12 35 8 563 0
12 30 13 563 0
12 20 14 566 2
12 35 34 567 1
12 20 11 567 0
12 30 2 567 0
12 20 13 570 1
12 35 24 570 0
12 35 12 572 1
2 25 29 573 1
12 30 23 574 1
12 40 15 575 1
12 25 10 575 0
12 20 19 577 1
12 25 22 578 2
12 25 16 579 1
12 20 8 579 0
12 40 32 579 0
12 25 7 579 0
12 40 16 579 0
12 25 5 579 0
12 20 16 585 3
12 35 10 585 0
12 25 12 585 0
12 35 22 585 0
12 45 25 589 1
12 25 3 589 0
12 35 19 591 1
12 25 13 592 1
2 25 37 593 2
12 45 15 593 0
12 50 15 593 0
12 35 19 593 0
12 30 15 593 0
12 30 13 593 0
