12 40 29 2199 3
12 35 17 2199 0
12 25 12 2199 0
12 25 10 2202 2
12 20 5 2202 0
12 25 6 2204 1
12 45 21 2204 0
12 30 9 2204 0
12 25 8 2204 0
12 45 20 2204 0
12 25 6 2204 0
12 25 11 2204 0
12 45 25 2211 1
12 20 16 2212 1
12 35 12 2212 0
12 20 4 2212 0
12 35 13 2215 1
12 35 14 2216 1
12 20 5 2217 1
2 20 71 2218 2
12 20 18 2218 0
12 40 17 2220 1
12 25 13 2220 0
12 40 13 2220 0
12 20 6 2220 0
12 20 13 2224 1
12 45 26 2224 0
12 25 10 2226 1
12 25 13 2227 1
12 40 21 2228 3
12 25 10 2228 0
12 25 16 2230 1
12 20 16 2231 1
12 40 33 2232 3
12 45 21 2232 0
12 20 17 2234 1
12 30 21 2235 1
12 30 9 2235 0
12 20 7 2235 0
12 30 21 2235 0
12 25 8 2239 2
12 25 18 2239 0
12 30 2 2239 0
12 20 5 2239 0
12 35 20 2239 0
12 30 7 2239 0
12 25 25 2239 0
12 25 16 2239 0
12 50 17 2239 0
12 25 10 2239 0
12 35 17 2239 0
12 40 27 2250 3
12 45 20 2250 0
12 25 11 2250 0
12 20 9 2250 0
12 45 22 2254 1
12 25 16 2255 1
12 30 15 2256 1
12 25 10 2256 0
12 35 8 2256 0
12 35 11 2256 0
12 20 10 2260 1
12 30 14 2260 0
12 25 21 2260 0
12 35 26 2263 1
2 40 43 2264 2
12 20 11 2264 0
2 50 65 2266 1
12 40 19 2266 0
12 20 11 2266 0
12 55 13 2269 1
12 20 7 2270 1
12 25 12 2271 1
12 30 14 2272 2
12 35 31 2273 3
12 30 7 2273 0
12 25 13 2273 0
12 35 13 2273 0
12 45 35 2273 0
12 25 8 2273 0
12 20 16 2273 0
12 35 16 2280 1
12 40 11 2280 0
12 40 17 2280 0
12 40 10 2280 0
12 40 21 2284 1
12 40 21 2284 0
12 25 11 2284 0
12 40 26 2284 0
12 50 35 2288 1
12 25 17 2289 2
12 25 13 2289 0
12 20 12 2289 0
12 40 22 2289 0
12 20 4 2289 0
12 35 17 2289 0
12 20 4 2289 0
12 20 4 2289 0
12 20 11 2289 0
12 30 10 2289 0
