12 35 17 3299 1
12 45 22 3300 1
12 30 8 3300 0
12 35 11 3300 0
12 35 22 3303 2
12 30 13 3303 0
12 35 22 3303 0
12 30 14 3306 1
12 25 10 3306 0
12 25 18 3306 0
12 35 21 3309 2
12 20 13 3309 0
12 25 14 3309 0
12 25 17 3312 1
12 25 3 3312 0
12 25 10 3312 0
12 35 16 3312 0
12 25 15 3316 1
12 25 9 3317 1
12 20 10 3317 0
12 45 15 3317 0
12 30 22 3320 2
12 20 11 3321 1
12 25 13 3321 0
12 20 9 3323 2
12 35 18 3324 1
12 25 5 3324 0
12 30 13 3326 1
12 35 16 3327 1
12 20 13 3327 0
12 25 13 3329 1
12 25 10 3329 0
12 25 16 3329 0
12 35 11 3329 0
2 20 25 3333 1
12 35 26 3334 2
12 30 16 3335 1
12 45 22 3335 0
12 20 11 3335 0
12 20 7 3338 1
12 30 17 3338 0
12 20 8 3340 1
2 20 22 3340 0
12 20 13 3340 0
12 30 18 3343 1
12 45 18 3343 0
12 25 8 3345 1
12 35 18 3345 0
12 40 13 3345 0
12 20 10 3348 1
12 30 13 3349 1
12 40 21 3349 0
12 40 13 3349 0
12 35 21 3352 1
12 30 13 3352 0
12 25 18 3352 0
12 45 19 3352 0
12 20 16 3356 1
12 30 7 3356 0
12 40 19 3356 0
12 25 14 3356 0
12 30 3 3356 0
12 20 6 3356 0
12 35 10 3356 0
12 30 13 3356 0
2 25 32 3364 2
12 25 13 3365 1
12 30 9 3365 0
12 40 15 3367 2
12 35 13 3367 0
12 40 31 3369 1
12 35 21 3370 2
12 30 8 3370 0
12 30 28 3372 1
12 30 23 3373 1
12 25 19 3373 0
12 30 9 3373 0
12 20 6 3373 0
12 25 23 3377 1
12 25 10 3377 0
12 40 12 3377 0
10.5 55 13 3380 2
12 25 17 3380 0
12 20 5 3380 0
12 30 26 3383 2
12 25 17 3384 1
12 25 13 3384 0
12 45 25 3386 1
12 30 15 3386 0
12 25 13 3388 1
12 20 5 3388 0
12 20 5 3388 0
12 30 13 3388 0
12 25 24 3392 4
12 20 17 3392 0
12 25 10 3392 0
12 45 9 3392 0
12 30 13 3392 0
12 30 27 3397 2
12 30 17 3397 0
