None None 0
12 25 15
2 25 74
2 25 35
2 40 94
2 20 22
12 25 17
12 25 15
12 40 13
12 20 5
12 30 28
12 25 13
12 35 11
12 30 17
12 35 18
12 30 12
12 20 10
12 20 13
12 40 16
12 20 10
12 45 18
2 35 43
12 25 11
2 20 22
12 25 25
12 30 9
12 35 14
12 20 11
12 30 8
12 20 10
12 35 21
12 25 17
12 40 26
2 20 28
12 20 19
12 25 17
2 20 24
12 25 13
12 25 12
12 35 8
2 40 61
12 35 18
12 25 9
12 45 13
12 25 10
12 45 9
12 40 23
12 25 16
12 25 16
12 20 11
12 30 13
12 35 10
12 30 13
12 45 17
12 20 7
12 35 5
12 25 12
12 30 22
12 20 4
12 40 21
12 30 13
12 20 12
12 20 10
2 30 34
12 30 19
12 40 21
12 30 15
12 40 13
12 25 8
12 55 20
12 55 26
12 20 6
12 35 28
12 25 11
12 25 10
12 30 31
12 20 6
12 20 6
12 30 22
12 35 11
12 25 14
12 25 13
12 30 11
12 30 12
12 20 9
12 35 22
12 20 10
12 20 7
12 35 9
12 20 17
12 25 7
12 25 7
12 25 13
12 30 17
12 35 19
12 20 11
12 35 16
12 20 11
12 45 23
12 30 14
