None None 0 None
2 25 156 0
2 25 54 1
2 35 42 2
12 50 21 2
12 25 12 4
12 20 13 4
12 35 15 4
12 30 15 4
12 45 13 4
12 45 32 4
12 25 22 10
12 30 13 11
12 30 22 12
12 20 7 12
12 35 12 12
12 35 11 12
12 20 13 16
12 20 8 16
12 30 25 18
12 20 5 18
12 35 11 18
12 30 13 18
12 30 13 18
12 45 12 23
2 25 28 23
12 30 13 23
12 50 19 23
12 40 31 27
12 20 10 27
12 30 11 27
12 35 13 27
12 40 28 31
12 25 7 31
12 30 13 31
12 40 16 34
12 25 15 35
12 35 16 35
12 20 8 35
12 20 6 35
12 20 7 35
12 35 9 35
12 35 12 35
12 35 11 35
12 35 11 35
12 25 9 44
12 20 21 45
12 35 23 46
12 25 9 46
12 20 5 46
12 20 4 46
12 30 21 46
12 25 12 46
12 55 14 46
12 25 17 46
12 20 5 46
12 45 9 46
12 40 21 56
12 50 35 57
12 45 19 57
12 30 13 59
12 35 16 60
12 35 28 61
12 30 13 61
12 45 13 61
12 25 13 61
12 35 17 61
12 35 14 66
12 35 21 67
12 30 17 67
12 30 16 67
12 20 4 67
12 25 13 71
12 30 17 72
12 30 21 73
12 35 14 73
12 35 17 73
12 20 4 73
12 40 23 77
12 50 34 78
12 40 22 79
12 25 6 79
12 30 14 81
12 30 16 82
12 25 11 82
12 25 11 82
12 40 17 85
12 30 9 86
12 25 7 86
12 40 14 86
12 35 15 86
12 25 13 90
12 40 13 90
12 25 10 90
12 25 11 93
12 50 27 94
12 30 10 94
12 20 15 96
12 25 11 96
12 30 10 98
