None None 0 None
2 20 153 0
2 25 33 1
12 30 14 2
12 25 6 2
12 20 6 2
12 20 13 5
12 40 22 6
12 30 21 6
2 20 31 8
12 30 25 8
12 25 12 10
12 35 28 11
12 45 23 12
12 35 14 12
12 20 13 12
12 25 6 12
12 30 7 12
12 30 4 12
12 30 18 18
12 30 17 19
12 20 4 19
12 25 12 19
12 30 12 19
12 25 6 19
12 40 22 24
12 30 21 25
12 45 22 26
12 20 21 27
12 35 13 27
12 20 6 27
12 35 21 27
12 20 9 27
12 30 25 32
12 30 13 32
12 20 9 32
12 25 25 32
12 40 10 32
12 45 16 37
12 25 16 37
12 25 14 39
12 35 32 39
12 35 31 41
12 55 24 41
12 35 20 43
12 50 26 44
12 20 7 44
12 20 5 44
2 20 34 47
12 40 19 47
12 25 25 49
12 30 11 49
12 20 17 51
12 45 21 51
12 25 13 51
12 30 18 54
12 35 16 55
12 30 19 56
12 25 18 57
12 20 7 57
12 25 10 59
12 55 34 59
12 30 17 61
12 45 22 61
12 20 7 61
12 35 15 61
12 20 8 61
12 25 9 61
12 35 11 61
12 30 12 61
12 30 13 61
12 30 16 61
12 20 7 61
12 25 9 61
12 45 26 61
12 30 14 61
12 25 7 61
12 25 11 61
12 30 21 61
12 25 11 61
12 25 11 61
12 30 12 61
12 35 22 81
12 30 16 82
12 25 19 83
12 45 23 84
12 20 6 84
12 35 10 84
12 30 12 87
12 20 5 87
12 40 12 89
12 20 20 89
12 50 36 91
12 30 24 92
12 30 12 92
12 40 18 94
12 30 11 94
12 45 17 96
12 30 9 97
12 25 10 98
