None None 0 None 0
0.5 30 76 0 18
2 30 62 1 10
12 20 10 2 2
12 20 9 3 1
12 35 3 3 0
12 25 12 5 2
2 30 35 6 5
12 45 26 6 0
12 25 14 6 0
12 35 18 9 1
12 30 16 9 0
12 20 20 11 1
12 20 21 11 0
12 35 21 13 3
12 40 16 14 1
12 25 19 15 1
12 30 8 15 0
12 35 25 17 1
12 35 15 18 1
12 20 7 18 0
12 20 9 18 0
12 25 10 21 1
12 45 16 22 1
12 25 13 22 0
12 20 16 22 0
12 30 21 25 2
12 25 5 25 0
12 25 11 25 0
12 30 15 25 0
12 20 7 25 0
12 20 7 30 1
12 20 6 30 0
12 40 13 30 0
12 20 5 30 0
12 25 19 34 2
12 30 14 34 0
12 20 11 34 0
12 35 25 34 0
12 20 9 34 0
12 35 25 39 2
12 20 6 39 0
12 35 16 41 1
12 25 7 41 0
12 20 7 41 0
12 30 10 41 0
12 40 15 41 0
12 20 5 46 1
12 20 5 46 0
12 40 21 48 4
12 40 28 49 2
12 40 17 49 0
12 40 13 51 1
12 20 12 52 2
12 30 26 53 1
12 20 4 53 0
12 35 16 53 0
12 45 18 53 0
12 25 10 57 1
12 25 14 57 0
12 20 9 59 2
12 30 9 59 0
12 40 19 59 0
12 30 19 62 1
12 20 9 62 0
12 30 9 62 0
12 35 10 62 0
12 40 22 62 0
12 20 21 67 4
12 35 22 68 1
12 40 21 69 1
12 35 16 70 1
12 30 14 71 2
12 35 10 71 0
12 20 6 71 0
12 50 21 74 2
12 25 21 74 0
12 35 17 76 1
12 30 17 76 0
12 20 7 78 1
12 35 16 79 2
12 25 7 80 1
12 25 17 81 1
12 20 11 81 0
12 20 5 81 0
12 45 21 81 0
12 25 26 81 0
12 30 10 81 0
12 35 16 81 0
12 40 25 88 1
12 20 13 89 1
12 25 11 90 2
12 30 6 90 0
12 20 13 92 1
12 35 21 92 0
12 40 37 94 1
12 25 9 94 0
12 20 9 94 0
12 20 11 97 1
12 30 17 97 0
