None None 0 None
2 35 114 0
12 45 9 0
2 20 46 2
12 35 13 3
12 35 26 4
12 30 16 5
12 45 33 6
12 25 26 7
2 30 36 8
12 30 21 8
12 25 6 8
12 30 15 8
12 30 21 12
12 30 14 13
12 20 6 13
12 40 12 15
12 20 12 16
12 35 20 16
12 40 12 16
2 25 37 19
12 30 8 20
12 45 17 20
12 25 11 20
12 40 25 23
12 25 6 24
12 20 8 24
12 30 12 24
12 20 6 24
12 20 7 24
12 35 22 24
12 35 21 30
12 40 14 30
12 30 13 30
12 45 45 33
12 20 13 34
12 20 11 35
12 30 18 36
12 25 7 37
12 30 16 38
12 45 22 39
12 20 6 39
12 30 12 41
12 30 15 41
12 30 8 41
12 30 26 44
12 35 10 44
12 20 10 44
12 20 9 47
12 25 17 47
12 20 4 47
12 35 11 47
12 30 11 47
12 45 41 52
12 25 14 52
12 20 5 52
12 25 22 52
12 30 11 52
12 25 7 52
12 40 18 58
12 20 14 59
12 25 11 59
12 20 11 59
12 30 13 62
12 20 9 62
12 20 12 62
12 30 10 65
12 40 22 65
12 25 13 65
12 40 26 68
12 30 11 68
12 40 13 68
12 30 9 68
12 20 12 68
12 25 13 68
12 35 18 68
2 20 34 75
12 40 11 75
12 30 22 77
12 30 21 78
12 35 11 79
12 40 10 79
12 25 7 79
12 35 22 79
12 35 14 79
12 30 13 84
12 30 21 84
12 20 11 84
12 55 19 87
12 30 16 87
12 35 11 87
2 30 42 90
12 20 11 90
12 45 22 90
12 20 7 90
12 25 5 90
12 25 13 90
12 20 8 90
12 40 6 90
12 30 19 90
