None None 0
2 20 135
12 30 31
12 20 15
12 20 11
12 25 21
12 20 10
12 30 10
12 20 21
12 35 20
12 50 25
12 20 11
12 20 8
12 45 27
12 20 9
12 30 26
12 35 16
12 25 17
12 25 10
12 20 11
12 25 14
12 25 13
12 30 11
12 25 10
12 35 13
12 40 17
12 40 17
12 40 15
12 35 21
12 20 9
12 30 13
12 20 16
12 30 13
12 20 13
12 20 12
12 30 17
12 40 13
12 40 6
12 40 37
12 45 30
12 20 8
12 20 5
12 20 10
12 20 9
12 20 9
12 40 6
12 20 5
12 35 11
12 30 9
12 20 4
12 20 15
12 25 9
12 25 18
12 20 7
12 25 9
12 30 12
12 25 9
12 45 12
12 30 13
12 25 10
12 25 10
12 25 13
12 20 10
12 30 22
12 30 10
12 30 19
12 20 6
12 25 7
12 35 14
12 20 9
12 30 21
12 30 9
12 35 16
12 30 9
12 35 15
12 35 15
2 30 37
12 30 10
12 35 25
12 30 31
12 25 10
12 35 16
12 30 7
12 20 12
12 35 13
2 20 26
2 30 43
12 30 13
12 20 18
12 20 4
12 45 14
12 45 16
12 20 6
12 20 15
12 35 14
12 45 22
12 30 11
12 25 14
12 20 11
12 20 9
