12 25 12 397 0
12 35 13 397 0
12 45 14 397 0
12 40 40 402 2
12 45 28 403 3
12 25 16 403 0
12 30 17 403 0
12 45 16 406 1
12 30 13 406 0
12 40 29 406 0
12 35 21 409 1
12 20 11 409 0
12 30 19 409 0
12 45 31 409 0
12 35 8 409 0
2 25 30 409 0
12 25 6 409 0
12 25 9 416 1
12 45 41 417 2
12 25 12 417 0
12 25 10 417 0
12 50 25 417 0
12 20 12 421 1
12 35 17 422 1
12 20 10 422 0
12 40 17 422 0
12 25 7 422 0
12 40 13 422 0
12 20 6 422 0
12 25 18 422 0
12 25 13 422 0
12 20 10 422 0
12 30 19 422 0
12 20 12 422 0
12 35 28 433 2
12 25 7 433 0
12 30 14 433 0
12 35 10 433 0
12 25 6 433 0
12 20 16 438 1
12 45 16 438 0
12 25 13 438 0
12 35 17 441 1
12 40 28 442 2
12 25 11 443 1
12 40 33 444 2
12 25 10 445 2
2 20 26 446 1
12 20 4 446 0
12 20 11 448 1
12 30 14 448 0
12 35 21 450 1
12 30 13 451 1
12 20 4 451 0
12 45 20 453 1
12 20 4 453 0
12 35 13 453 0
12 20 7 453 0
12 25 5 453 0
12 20 10 458 2
12 20 13 459 1
12 30 15 459 0
2 20 31 461 1
2 30 32 462 1
2 25 33 462 0
12 20 12 464 2
12 30 18 464 0
12 50 26 466 1
12 35 35 466 0
12 25 17 466 0
12 20 7 466 0
12 35 16 466 0
12 50 41 471 4
12 30 16 471 0
2 25 34 473 1
12 40 25 474 3
12 30 13 474 0
12 40 9 474 0
2 20 22 477 1
12 30 16 477 0
12 30 13 477 0
12 20 4 477 0
12 20 4 477 0
12 20 14 482 1
12 20 17 483 2
12 30 20 483 0
10.5 35 30 485 3
12 20 14 485 0
12 35 17 487 1
12 40 17 488 1
12 25 22 489 1
2 20 46 490 1
12 25 9 491 1
12 35 20 492 1
12 20 5 492 0
12 30 19 494 1
12 40 28 495 2
10.5 45 24 495 0
12 25 8 495 0
12 30 16 498 1
