2 25 89 1899 10
2 25 31 1900 5
2 20 52 1901 1
0.5 20 29 1902 2
12 30 16 1903 1
12 35 16 1904 1
12 20 21 1905 3
12 30 12 1905 0
12 30 15 1905 0
12 20 21 1908 6
12 20 18 1909 2
12 30 17 1909 0
2 25 37 1911 1
2 35 55 1912 6
2 35 39 1913 1
12 20 18 1914 2
2 35 42 1915 2
12 25 3 1915 0
2 25 101 1917 4
12 40 26 1918 2
12 30 24 1918 0
2 25 33 1920 4
10.5 30 26 1921 2
12 35 21 1922 1
12 25 14 1922 0
2 20 26 1922 0
12 25 21 1925 2
2 20 26 1926 2
2 45 64 1927 3
12 30 26 1928 2
2 25 28 1929 4
10.5 20 7 1929 0
12 20 9 1929 0
12 30 24 1932 1
10.5 40 25 1933 2
12 25 17 1933 0
12 20 19 1935 1
12 25 8 1935 0
12 30 21 1937 1
10.5 30 18 1938 4
12 30 26 1939 1
12 25 8 1939 0
2 25 40 1941 3
12 35 32 1942 1
12 25 20 1942 0
12 30 20 1944 2
12 20 12 1944 0
12 55 48 1946 1
12 35 15 1947 1
12 35 23 1947 0
12 40 38 1949 2
12 40 16 1949 0
12 45 21 1949 0
12 25 17 1952 1
2 20 46 1953 3
12 20 7 1953 0
12 40 38 1955 2
12 20 12 1955 0
12 45 4 1955 0
12 30 18 1958 1
12 40 6 1958 0
12 45 36 1960 1
12 25 14 1960 0
12 25 12 1960 0
12 35 21 1960 0
12 20 14 1964 1
12 30 23 1964 0
12 35 21 1966 3
12 30 20 1967 1
10.5 25 3 1967 0
12 25 18 1967 0
12 40 21 1967 0
12 20 11 1967 0
2 25 29 1972 2
12 30 21 1973 1
12 20 16 1973 0
12 25 8 1975 2
12 35 19 1976 1
12 25 10 1976 0
12 40 15 1976 0
12 25 13 1976 0
12 20 7 1976 0
2 20 51 1981 4
2 25 58 1982 5
12 35 14 1982 0
12 40 17 1982 0
12 25 10 1985 2
12 25 16 1986 3
12 25 13 1986 0
12 35 16 1986 0
12 20 18 1986 0
12 55 34 1990 2
12 30 12 1991 1
2 25 76 1992 7
12 50 30 1992 0
12 20 13 1992 0
12 25 13 1995 1
12 30 26 1995 0
2 35 71 1997 2
10.5 30 8 1997 0
