12 25 13 1394 0
12 30 13 1400 1
12 35 13 1400 0
12 25 26 1402 2
12 35 12 1402 0
12 25 10 1404 1
12 25 9 1404 0
12 35 23 1406 1
12 20 13 1406 0
2 30 41 1408 3
12 30 15 1409 1
12 20 13 1410 1
12 25 13 1410 0
12 35 13 1410 0
12 40 25 1413 2
12 20 9 1414 1
12 40 21 1414 0
12 25 8 1414 0
12 30 22 1417 2
12 25 10 1418 1
12 25 13 1418 0
12 30 18 1418 0
12 20 6 1418 0
12 30 10 1418 0
2 20 49 1423 3
12 20 4 1423 0
12 30 16 1423 0
12 40 21 1423 0
12 35 17 1427 2
12 25 7 1427 0
12 20 13 1429 2
12 20 6 1429 0
12 45 18 1429 0
12 20 6 1429 0
10.5 35 8 1429 0
12 35 12 1429 0
12 20 21 1435 2
12 35 26 1436 1
12 30 29 1437 1
12 25 23 1438 2
12 20 6 1438 0
12 60 21 1440 1
12 30 16 1440 0
12 50 27 1442 1
12 40 31 1442 0
12 30 22 1444 1
12 60 36 1445 3
12 30 24 1445 0
12 40 17 1445 0
12 30 16 1445 0
12 20 12 1445 0
12 40 13 1445 0
12 20 8 1445 0
12 45 21 1445 0
12 20 11 1445 0
12 30 21 1445 0
12 20 11 1455 1
12 25 11 1455 0
12 40 26 1457 1
12 40 12 1457 0
2 25 36 1459 2
12 35 10 1459 0
12 45 14 1461 1
12 35 16 1462 1
12 20 16 1463 1
12 40 21 1463 0
12 40 16 1463 0
12 35 14 1463 0
12 25 5 1463 0
12 35 14 1468 1
12 25 13 1469 3
2 25 37 1470 1
12 30 17 1470 0
12 45 11 1472 2
12 20 6 1472 0
12 30 16 1474 2
12 45 20 1475 1
12 30 13 1475 0
12 30 21 1477 1
12 35 13 1478 1
12 35 18 1478 0
12 30 11 1480 1
12 20 8 1481 1
12 30 21 1482 2
12 50 21 1482 0
12 40 35 1482 0
2 20 26 1485 1
12 40 20 1486 1
12 25 9 1486 0
12 20 9 1486 0
12 30 10 1486 0
12 25 10 1486 0
12 35 11 1486 0
12 20 5 1486 0
12 35 35 1486 0
12 25 10 1494 1
12 20 8 1494 0
12 25 12 1494 0
12 35 20 1497 1
12 40 17 1497 0
