2 30 40 899 1
12 30 8 899 0
12 25 22 901 3
2 20 31 902 8
2 30 125 903 26
2 20 79 904 17
0.5 40 56 905 14
2 20 40 906 7
12 40 36 907 4
2 35 61 908 11
2 35 47 909 6
2 25 36 910 3
12 35 9 911 2
12 35 24 911 0
2 25 41 913 2
12 35 26 914 1
2 25 29 915 2
12 20 10 915 0
2 25 31 917 2
12 30 17 918 3
12 25 5 918 0
12 20 13 918 0
12 30 17 918 0
12 25 25 918 0
12 25 23 918 0
12 20 17 924 2
12 30 24 925 3
12 25 9 925 0
12 20 8 925 0
12 35 5 925 0
12 20 16 925 0
12 25 22 925 0
12 30 18 925 0
12 25 26 932 1
12 20 18 933 1
12 30 14 934 1
12 20 6 934 0
12 25 10 934 0
12 30 26 937 1
12 35 19 938 1
12 45 14 938 0
12 40 21 940 1
12 35 12 940 0
12 20 5 940 0
12 45 17 940 0
12 25 10 940 0
12 25 24 945 1
12 20 7 946 1
12 20 8 946 0
12 20 4 946 0
12 30 11 949 1
12 25 20 949 0
12 25 8 951 1
12 25 9 952 1
12 35 14 952 0
12 25 11 952 0
12 20 6 952 0
12 30 10 952 0
12 25 12 952 0
12 30 9 952 0
12 35 17 952 0
12 30 13 960 2
12 45 12 961 1
12 60 13 961 0
12 25 13 961 0
12 45 26 964 1
12 20 9 964 0
12 25 11 964 0
12 35 14 964 0
12 20 7 964 0
2 20 26 969 1
12 20 8 970 1
12 30 21 971 2
2 30 36 972 1
12 20 18 972 0
12 25 11 972 0
12 35 21 975 1
12 20 11 975 0
12 30 9 977 3
12 40 22 978 1
12 20 6 978 0
12 30 17 980 1
12 35 33 981 1
12 60 37 982 2
12 25 17 983 1
12 25 12 983 0
12 25 18 985 1
2 20 28 986 1
12 20 8 986 0
12 35 29 988 2
12 30 8 988 0
12 20 11 990 1
12 25 13 991 3
12 25 16 992 1
12 25 13 993 1
12 25 13 994 2
12 40 23 995 2
12 25 12 995 0
12 20 12 995 0
12 20 10 995 0
