12 40 21 99 1
12 30 19 100 5
12 25 11 101 2
12 25 15 101 0
12 35 25 103 2
12 20 7 103 0
12 35 13 105 1
12 35 14 105 0
12 20 15 107 1
12 25 19 108 1
12 40 22 108 0
12 30 17 108 0
12 30 13 108 0
12 25 13 112 1
12 25 16 113 2
12 25 17 114 1
12 25 14 114 0
12 25 11 116 1
12 40 17 117 2
12 35 21 118 1
12 25 18 118 0
12 40 7 118 0
12 25 12 118 0
12 20 6 118 0
12 40 13 123 1
12 25 14 124 3
12 20 10 124 0
12 40 26 124 0
12 25 13 124 0
12 30 11 124 0
12 20 15 124 0
12 20 13 130 1
12 40 16 130 0
12 40 21 132 2
12 20 4 132 0
2 25 33 132 0
12 20 9 135 1
12 20 13 136 1
12 35 21 137 1
12 25 13 138 2
12 30 17 139 2
12 25 3 139 0
12 40 16 139 0
12 50 15 139 0
12 20 9 143 1
12 40 25 144 1
12 25 8 144 0
12 40 22 146 1
12 35 26 147 2
12 45 36 148 1
12 45 13 149 1
12 30 14 150 1
12 30 17 151 2
12 35 13 152 1
12 30 25 152 0
12 30 13 152 0
12 40 23 155 1
12 45 20 156 1
12 20 8 156 0
12 20 9 158 1
12 30 16 159 2
12 20 10 159 0
12 30 14 161 1
12 25 14 161 0
12 25 13 163 4
12 35 25 163 0
12 20 19 163 0
12 30 13 163 0
12 40 22 167 1
12 30 6 167 0
2 40 56 169 2
12 25 10 169 0
12 40 13 171 1
12 20 21 171 0
12 30 18 173 1
12 30 13 173 0
12 40 25 173 0
12 45 9 173 0
2 30 32 177 2
12 20 10 177 0
12 35 18 177 0
12 35 11 180 1
12 20 14 180 0
12 40 31 182 3
12 20 7 182 0
12 35 23 182 0
12 20 7 182 0
12 30 6 182 0
12 30 12 187 1
12 20 14 188 1
12 20 15 188 0
12 20 8 188 0
12 40 11 188 0
12 50 22 188 0
12 20 19 193 1
12 40 21 194 2
2 25 43 195 3
12 45 24 196 1
12 20 6 196 0
2 30 32 198 1
