12 25 21 699 2
12 25 9 699 0
12 35 22 701 1
12 30 30 701 0
2 35 76 703 4
2 20 144 704 7
2 35 85 705 11
12 25 25 705 0
2 25 51 707 1
12 45 21 708 1
12 20 17 709 1
2 20 49 709 0
12 35 22 709 0
12 20 18 712 1
12 20 16 713 1
12 30 23 714 1
12 25 9 714 0
12 30 12 714 0
12 25 13 714 0
12 35 25 714 0
12 25 13 714 0
12 25 11 714 0
12 20 9 721 1
12 20 6 721 0
12 55 55 723 5
12 20 13 724 2
12 35 21 725 1
12 25 24 726 1
12 20 9 726 0
2 35 59 728 4
10.5 30 8 728 0
2 35 61 730 1
2 35 44 731 5
2 25 38 732 1
2 20 53 733 1
12 30 5 733 0
12 30 17 733 0
2 20 225 736 13
12 30 7 736 0
12 35 10 736 0
12 35 21 739 1
2 30 33 740 1
12 30 10 740 0
10.5 45 18 742 1
12 30 11 743 2
2 35 59 743 0
12 30 28 743 0
12 40 6 743 0
12 30 11 743 0
12 50 21 748 1
12 35 24 749 3
12 40 19 750 1
12 25 21 750 0
12 25 14 750 0
12 30 15 750 0
12 35 11 750 0
12 20 4 750 0
12 35 32 756 3
12 20 9 756 0
12 45 27 756 0
12 25 13 756 0
12 35 22 760 2
12 45 12 761 1
12 25 11 762 1
12 55 24 763 3
12 20 9 763 0
12 20 15 765 1
12 35 16 765 0
12 35 16 765 0
12 25 9 765 0
12 20 5 765 0
12 25 10 765 0
12 20 8 765 0
12 20 9 765 0
12 25 12 773 2
12 40 38 774 1
2 25 35 775 1
12 30 19 775 0
2 25 46 777 3
12 50 31 777 0
12 40 16 779 1
12 30 12 779 0
12 30 22 781 1
12 30 13 781 0
12 40 28 781 0
12 25 11 781 0
12 50 32 781 0
12 40 36 781 0
12 30 12 781 0
12 55 26 781 0
12 25 18 781 0
2 20 78 790 1
2 30 33 791 1
12 30 23 792 1
12 40 32 792 0
12 35 25 792 0
12 25 5 792 0
12 25 9 792 0
10.5 55 16 792 0
12 30 17 798 1
