2 25 66 3399 3
12 30 25 3400 2
12 35 13 3400 0
12 25 8 3400 0
12 25 5 3400 0
12 25 5 3400 0
12 35 17 3405 1
12 20 14 3405 0
2 20 39 3407 1
12 25 14 3407 0
12 40 12 3407 0
12 30 20 3407 0
12 45 11 3407 0
12 40 9 3407 0
12 25 11 3407 0
12 25 17 3414 1
12 35 11 3414 0
2 25 28 3414 0
12 45 17 3414 0
10.5 35 24 3414 0
12 35 21 3414 0
12 25 9 3414 0
12 50 20 3414 0
12 20 6 3414 0
12 45 15 3423 1
12 35 12 3423 0
12 20 6 3423 0
2 20 24 3426 1
2 20 23 3427 2
12 20 6 3427 0
12 50 11 3429 1
12 30 17 3430 2
12 20 6 3430 0
12 30 6 3430 0
12 25 14 3430 0
12 25 23 3434 1
12 35 17 3435 1
12 30 19 3436 2
12 30 7 3436 0
12 25 21 3438 2
12 20 18 3438 0
12 30 15 3440 1
12 40 12 3440 0
12 30 14 3442 1
12 30 8 3443 1
10.5 30 2 3443 0
12 30 10 3443 0
12 35 12 3446 1
2 30 33 3447 2
2 35 57 3448 3
12 30 24 3449 2
12 25 24 3449 0
12 20 14 3449 0
12 25 6 3449 0
12 25 16 3453 1
12 35 16 3454 3
2 20 25 3454 0
12 25 18 3456 1
12 40 5 3456 0
12 40 19 3458 1
12 40 23 3459 2
12 20 4 3459 0
12 25 6 3459 0
12 25 10 3459 0
12 35 18 3459 0
12 35 26 3464 1
2 20 22 3464 0
12 55 24 3464 0
2 20 30 3467 1
12 25 24 3468 2
12 20 11 3468 0
12 20 10 3468 0
12 35 26 3471 1
12 30 19 3471 0
2 25 32 3473 2
12 30 16 3474 1
12 25 6 3475 1
12 30 10 3476 1
12 35 16 3476 0
12 20 10 3476 0
12 20 7 3476 0
12 40 8 3476 0
12 30 19 3476 0
12 20 9 3476 0
12 20 10 3483 1
12 25 9 3483 0
12 20 4 3483 0
12 25 11 3483 0
12 20 12 3483 0
12 40 14 3483 0
12 30 19 3489 1
12 30 24 3489 0
12 35 10 3489 0
12 20 4 3489 0
12 25 16 3493 1
2 25 42 3493 0
12 30 12 3495 1
12 30 11 3496 1
12 30 14 3496 0
12 30 6 3496 0
