12 25 21 995 0
12 25 7 995 0
12 25 10 995 0
12 30 12 995 0
12 30 10 995 0
12 35 16 1004 1
12 20 12 1004 0
12 35 21 1004 0
12 20 13 1007 2
12 25 17 1007 0
2 30 66 1009 2
12 20 6 1010 1
12 20 11 1011 1
12 40 17 1011 0
12 60 25 1011 0
12 20 10 1011 0
12 45 12 1011 0
12 35 19 1011 0
12 20 13 1011 0
12 25 17 1018 1
12 20 6 1018 0
12 35 9 1018 0
12 30 16 1021 1
12 35 11 1022 1
12 25 9 1022 0
12 25 14 1024 1
12 20 11 1025 2
12 40 19 1025 0
12 20 7 1027 1
12 30 21 1028 2
12 30 17 1028 0
2 20 55 1030 2
12 20 21 1030 0
12 30 12 1030 0
12 35 17 1030 0
12 30 25 1034 1
12 25 6 1034 0
12 20 4 1034 0
12 30 10 1034 0
12 40 21 1034 0
12 45 21 1039 1
12 20 11 1039 0
12 30 11 1039 0
12 35 15 1042 1
12 30 20 1043 3
12 35 13 1044 1
12 20 12 1044 0
12 30 26 1046 1
12 25 11 1046 0
12 20 10 1046 0
12 50 5 1046 0
12 20 13 1050 3
12 60 31 1050 0
12 35 19 1050 0
12 25 16 1050 0
12 30 11 1050 0
12 20 13 1055 2
12 25 22 1056 1
12 30 10 1056 0
12 30 22 1056 0
12 40 12 1056 0
12 35 12 1056 0
12 30 24 1061 1
12 30 26 1061 0
12 30 10 1061 0
12 20 10 1061 0
12 30 8 1061 0
12 35 17 1061 0
12 30 14 1061 0
12 20 9 1061 0
12 35 14 1061 0
12 30 18 1061 0
12 30 9 1061 0
12 20 6 1061 0
12 20 18 1061 0
12 20 9 1061 0
12 25 6 1061 0
2 30 34 1061 0
12 30 16 1077 1
12 35 18 1077 0
12 20 7 1077 0
12 25 18 1077 0
12 25 9 1077 0
2 20 23 1082 2
12 25 9 1083 1
12 30 25 1084 2
12 30 13 1084 0
12 30 21 1086 1
12 20 8 1086 0
12 30 11 1086 0
12 30 17 1086 0
12 30 21 1086 0
12 40 18 1091 1
12 45 13 1091 0
2 25 41 1091 0
12 20 4 1091 0
12 20 6 1091 0
12 25 7 1091 0
12 20 11 1091 0
12 25 13 1091 0
