12 35 3 1698 0
12 25 16 1698 0
12 20 10 1698 0
12 30 14 1698 0
12 25 7 1703 1
12 20 8 1703 0
12 25 14 1703 0
12 35 15 1706 1
12 25 9 1707 1
12 35 21 1707 0
12 20 17 1709 1
12 20 14 1710 1
12 25 7 1710 0
12 20 14 1712 1
12 40 22 1712 0
12 30 14 1714 1
12 30 26 1715 3
12 25 8 1715 0
12 25 16 1717 1
12 20 21 1717 0
12 35 14 1717 0
12 40 16 1717 0
12 20 4 1717 0
12 25 5 1717 0
12 40 19 1717 0
12 20 6 1717 0
12 25 25 1717 0
12 55 13 1726 2
12 25 14 1726 0
12 35 16 1728 2
12 20 7 1728 0
12 35 21 1728 0
2 20 58 1728 0
12 35 17 1732 2
12 20 8 1733 2
12 40 16 1734 1
12 40 16 1734 0
12 30 17 1734 0
12 20 11 1734 0
12 20 11 1738 1
12 25 9 1738 0
12 30 21 1740 1
12 25 10 1740 0
12 25 12 1740 0
12 20 8 1740 0
12 45 16 1740 0
12 25 14 1740 0
12 35 10 1740 0
12 20 11 1747 2
12 20 9 1747 0
12 25 17 1747 0
12 40 11 1747 0
12 20 10 1747 0
12 45 12 1747 0
12 20 8 1747 0
12 35 26 1754 2
12 20 9 1754 0
12 30 17 1756 1
12 20 6 1756 0
12 20 13 1756 0
12 40 24 1756 0
12 20 9 1756 0
12 30 13 1756 0
12 30 28 1762 1
12 25 16 1763 1
12 20 7 1763 0
12 40 14 1763 0
12 40 22 1763 0
12 20 9 1767 1
12 25 9 1767 0
12 35 14 1769 1
12 25 8 1769 0
12 25 16 1769 0
12 25 11 1769 0
12 20 17 1773 1
12 40 23 1774 2
12 20 12 1774 0
12 30 31 1774 0
12 30 17 1774 0
12 30 16 1778 1
2 30 33 1779 1
12 35 25 1780 2
12 35 5 1780 0
12 20 11 1780 0
12 25 8 1780 0
12 20 7 1780 0
12 20 10 1785 1
12 45 24 1786 1
12 30 10 1787 2
12 40 27 1787 0
2 25 29 1789 3
12 20 13 1789 0
12 25 10 1789 0
12 35 23 1789 0
12 25 9 1789 0
12 55 31 1794 1
12 25 10 1795 1
12 35 19 1796 1
12 35 22 1796 0
12 25 12 1796 0
