12 25 14 1997 0
12 25 5 1997 0
12 40 19 2001 2
12 35 10 2001 0
12 35 7 2001 0
12 20 11 2001 0
12 35 17 2001 0
2 20 32 2006 3
12 20 7 2006 0
12 20 5 2006 0
12 20 4 2006 0
12 25 11 2006 0
12 30 12 2006 0
12 55 13 2012 1
12 30 13 2012 0
12 30 16 2012 0
2 25 29 2015 1
12 30 16 2015 0
12 25 9 2015 0
12 35 5 2018 1
12 25 6 2018 0
12 35 17 2020 1
12 30 14 2020 0
12 40 16 2020 0
12 35 10 2020 0
10.5 30 2 2020 0
12 25 21 2025 1
12 35 20 2025 0
12 20 12 2025 0
12 25 13 2028 1
12 30 13 2028 0
12 40 14 2028 0
12 30 18 2031 1
12 20 12 2032 1
12 25 7 2032 0
12 20 11 2032 0
12 30 21 2035 1
12 25 10 2035 0
12 25 7 2035 0
12 20 4 2035 0
12 30 28 2039 1
12 35 29 2039 0
12 45 16 2039 0
12 35 21 2039 0
12 20 12 2043 1
12 40 26 2044 2
12 20 11 2045 1
12 40 21 2045 0
12 40 17 2047 1
12 35 20 2048 2
12 25 13 2049 1
12 20 7 2049 0
12 30 13 2049 0
12 40 17 2049 0
12 35 14 2053 1
12 55 34 2054 1
12 30 12 2054 0
12 20 13 2054 0
12 30 22 2054 0
12 20 5 2054 0
12 20 21 2054 0
12 25 7 2054 0
12 30 18 2054 0
12 30 17 2062 2
12 25 15 2063 2
12 20 10 2063 0
12 35 15 2063 0
12 30 17 2063 0
12 20 6 2063 0
12 25 6 2063 0
12 25 12 2063 0
12 35 21 2063 0
12 30 17 2063 0
12 45 19 2072 2
12 25 17 2073 1
12 25 15 2074 1
12 35 26 2075 2
12 25 16 2075 0
12 25 10 2077 1
12 30 16 2077 0
2 30 37 2079 1
12 35 15 2080 2
12 40 21 2080 0
12 20 13 2080 0
12 20 13 2080 0
12 30 16 2080 0
12 25 21 2085 1
12 45 14 2085 0
12 30 17 2085 0
12 20 19 2085 0
12 20 7 2085 0
12 30 13 2085 0
12 20 9 2085 0
12 25 7 2085 0
12 35 13 2085 0
12 20 8 2085 0
12 20 13 2085 0
12 35 19 2096 1
12 20 17 2097 1
12 25 18 2098 1
