12 40 13 1497 0
12 40 31 1500 3
12 20 5 1500 0
2 40 44 1502 2
12 20 16 1502 0
12 30 25 1502 0
12 30 15 1502 0
12 20 11 1502 0
12 35 19 1502 0
12 30 11 1502 0
12 20 6 1502 0
12 30 10 1502 0
12 25 6 1502 0
12 35 22 1502 0
12 30 9 1502 0
12 35 18 1514 2
12 25 9 1515 1
12 45 16 1516 2
12 30 20 1516 0
12 30 23 1518 1
12 30 29 1519 2
12 30 21 1520 1
12 50 21 1521 3
12 25 13 1522 1
12 20 8 1523 1
10.5 35 8 1523 0
12 35 10 1525 1
12 35 17 1526 1
2 25 29 1527 1
12 25 12 1528 1
12 20 7 1528 0
12 30 2 1528 0
12 25 25 1531 1
12 25 10 1532 1
12 35 21 1532 0
12 35 14 1532 0
12 20 6 1535 1
12 20 10 1535 0
12 30 21 1537 2
12 25 16 1538 2
12 20 11 1538 0
12 20 9 1538 0
12 20 8 1538 0
12 40 21 1538 0
12 50 18 1538 0
12 55 21 1544 1
12 25 16 1544 0
12 35 14 1544 0
12 25 8 1544 0
12 50 17 1548 1
12 40 21 1549 1
12 45 21 1549 0
12 20 4 1549 0
12 25 11 1549 0
12 30 14 1549 0
12 30 10 1549 0
12 35 15 1549 0
12 30 16 1549 0
12 20 7 1549 0
12 25 10 1549 0
12 20 6 1549 0
12 25 7 1549 0
12 20 13 1549 0
12 25 9 1549 0
12 25 9 1563 1
12 30 22 1564 3
12 55 46 1565 1
12 25 21 1565 0
12 25 17 1567 1
12 20 8 1567 0
12 35 17 1569 1
12 25 12 1569 0
12 35 10 1569 0
10.5 30 9 1569 0
12 30 11 1573 2
12 25 11 1574 1
12 45 18 1575 1
12 50 33 1576 3
12 30 17 1576 0
12 35 22 1576 0
12 45 13 1579 1
12 30 7 1579 0
12 25 14 1579 0
12 20 6 1579 0
12 20 9 1579 0
12 30 7 1579 0
12 25 10 1579 0
12 30 13 1579 0
12 25 17 1579 0
12 25 10 1588 1
12 50 9 1588 0
12 45 26 1590 1
12 35 15 1591 1
12 20 11 1592 1
12 25 16 1593 1
12 20 6 1593 0
12 20 13 1593 0
12 30 13 1596 1
12 25 12 1596 0
12 50 20 1596 0
