12 45 23 1298 0
12 25 13 1298 0
12 25 18 1298 0
12 50 31 1302 2
12 20 6 1302 0
12 20 5 1302 0
12 40 14 1302 0
12 20 5 1302 0
12 25 21 1302 0
12 40 28 1308 1
12 20 11 1309 1
12 30 14 1309 0
12 30 29 1309 0
12 40 19 1309 0
12 30 15 1313 2
12 25 9 1314 1
12 25 12 1314 0
12 30 17 1316 1
12 35 26 1317 1
12 30 17 1317 0
12 30 9 1317 0
12 45 10 1317 0
12 20 5 1317 0
12 40 41 1317 0
12 20 16 1323 1
12 20 11 1323 0
12 20 11 1323 0
12 20 17 1326 3
12 35 19 1326 0
12 40 21 1328 2
12 25 13 1328 0
12 20 13 1328 0
12 20 5 1328 0
12 30 16 1328 0
12 20 7 1328 0
12 30 9 1328 0
12 25 17 1328 0
12 20 12 1328 0
12 45 16 1328 0
12 35 10 1328 0
12 30 14 1328 0
12 60 22 1328 0
12 35 11 1341 1
12 30 11 1342 1
12 20 5 1342 0
12 45 13 1342 0
12 40 25 1345 1
12 35 18 1346 1
12 25 11 1346 0
12 20 4 1346 0
12 20 11 1346 0
12 30 16 1350 1
12 25 8 1351 1
12 30 17 1352 1
12 25 11 1352 0
12 20 13 1352 0
12 35 14 1352 0
12 40 28 1356 2
12 20 7 1356 0
12 20 13 1356 0
12 35 19 1359 1
12 20 11 1360 1
12 25 11 1361 1
12 55 15 1361 0
2 25 33 1363 1
12 55 50 1364 1
12 20 7 1365 1
12 20 11 1366 1
12 30 16 1367 1
12 25 21 1368 1
12 35 18 1368 0
12 35 30 1370 2
12 35 18 1370 0
12 25 7 1372 1
12 20 9 1372 0
12 20 4 1372 0
12 30 10 1372 0
12 20 18 1376 1
12 25 7 1376 0
12 25 22 1376 0
12 40 14 1376 0
12 20 4 1376 0
12 30 19 1381 2
12 45 27 1382 3
12 25 11 1382 0
2 25 29 1384 1
12 40 13 1384 0
12 35 16 1384 0
12 20 7 1384 0
12 20 9 1384 0
12 25 9 1384 0
12 30 21 1390 1
12 20 8 1390 0
12 25 13 1390 0
12 25 15 1390 0
12 25 13 1394 1
12 25 11 1394 0
12 20 11 1394 0
12 30 11 1394 0
12 40 19 1394 0
