12 25 14 3196 0
12 30 8 3196 0
12 50 20 3196 0
12 35 12 3196 0
12 50 13 3203 2
12 20 4 3203 0
12 25 7 3203 0
12 30 10 3203 0
2 20 31 3207 1
12 30 8 3207 0
12 20 20 3209 1
12 20 8 3210 3
12 25 20 3210 0
12 35 13 3210 0
12 25 15 3210 0
12 20 10 3210 0
12 25 10 3215 1
12 45 22 3215 0
2 35 40 3215 0
2 30 44 3218 1
12 25 14 3219 1
12 30 11 3220 1
12 25 22 3221 1
12 20 8 3222 1
12 35 14 3222 0
2 25 32 3222 0
12 45 19 3225 2
12 20 18 3225 0
12 30 13 3225 0
12 30 2 3225 0
12 30 20 3225 0
12 25 11 3225 0
12 40 13 3225 0
2 20 33 3232 3
2 25 27 3233 3
12 20 8 3233 0
12 35 14 3233 0
12 20 8 3233 0
12 40 19 3233 0
12 20 8 3233 0
12 20 8 3233 0
12 30 8 3233 0
12 45 26 3241 1
2 25 39 3242 1
12 25 23 3243 1
2 20 31 3244 1
12 30 17 3244 0
12 20 9 3244 0
12 25 10 3247 1
2 35 38 3247 0
12 30 16 3247 0
12 20 12 3250 1
12 20 10 3250 0
12 25 18 3250 0
12 25 9 3250 0
12 20 15 3250 0
12 20 16 3250 0
2 20 28 3250 0
12 35 18 3250 0
12 30 18 3250 0
12 40 13 3250 0
2 20 25 3250 0
12 30 10 3250 0
12 35 7 3250 0
12 25 17 3263 1
12 20 16 3264 1
12 25 12 3265 1
12 20 19 3265 0
12 35 12 3265 0
12 30 3 3265 0
12 30 17 3269 1
12 30 27 3270 1
12 25 6 3270 0
12 20 17 3270 0
12 30 17 3273 1
12 30 22 3274 1
12 25 14 3274 0
12 20 19 3276 2
12 40 19 3276 0
12 40 11 3278 2
12 30 2 3278 0
12 35 13 3278 0
12 25 9 3278 0
12 45 21 3278 0
12 35 29 3278 0
12 20 17 3284 1
12 40 16 3284 0
12 25 23 3284 0
12 30 10 3284 0
12 30 9 3284 0
12 20 6 3284 0
12 20 4 3284 0
12 50 11 3291 1
12 20 9 3291 0
12 25 17 3291 0
12 40 12 3291 0
12 40 14 3291 0
12 40 35 3296 1
12 25 15 3296 0
12 30 10 3296 0
