12 40 12 2098 0
12 20 11 2098 0
12 25 11 2101 1
12 40 11 2101 0
12 20 21 2103 1
12 35 9 2103 0
12 20 11 2105 1
12 30 17 2106 4
12 25 10 2107 1
12 25 10 2107 0
12 25 9 2107 0
12 20 9 2107 0
12 25 17 2111 2
12 20 13 2112 2
12 30 12 2112 0
12 30 15 2114 1
12 35 14 2114 0
12 30 14 2114 0
12 25 13 2114 0
12 35 19 2114 0
12 40 17 2119 1
12 25 14 2119 0
12 45 16 2119 0
12 40 16 2119 0
12 25 13 2119 0
12 40 27 2119 0
12 25 11 2119 0
12 20 7 2119 0
12 45 17 2119 0
12 25 16 2119 0
12 20 4 2119 0
12 30 16 2119 0
12 20 6 2119 0
12 20 16 2132 1
12 25 16 2132 0
12 40 25 2134 1
12 40 18 2134 0
12 50 21 2134 0
12 20 8 2134 0
12 20 8 2134 0
12 35 28 2134 0
12 25 6 2134 0
12 20 11 2134 0
12 20 4 2134 0
12 20 8 2134 0
12 40 9 2134 0
12 35 18 2134 0
12 30 13 2134 0
12 40 21 2147 1
12 25 11 2148 1
12 25 17 2148 0
12 35 13 2150 1
12 45 25 2151 1
12 45 10 2151 0
12 40 13 2151 0
12 20 13 2154 1
12 25 10 2154 0
12 30 24 2156 1
12 20 7 2156 0
12 40 13 2158 1
12 20 9 2159 1
12 25 21 2160 1
12 40 16 2161 1
12 25 18 2161 0
12 30 13 2161 0
12 35 25 2164 2
12 20 11 2165 1
12 30 16 2166 1
12 20 15 2166 0
12 25 9 2166 0
12 25 13 2169 1
12 40 20 2169 0
12 35 21 2169 0
12 30 27 2169 0
12 30 8 2169 0
12 35 13 2169 0
12 45 33 2169 0
12 30 16 2169 0
12 20 13 2177 1
12 20 10 2177 0
12 30 17 2177 0
12 50 28 2177 0
12 35 18 2177 0
12 30 16 2177 0
12 30 16 2177 0
12 40 20 2184 1
12 30 12 2184 0
12 45 15 2184 0
12 20 7 2184 0
12 20 13 2184 0
12 40 17 2189 1
12 25 7 2189 0
12 25 17 2191 1
12 45 8 2192 1
12 20 6 2192 0
12 45 36 2194 3
12 25 14 2194 0
12 30 19 2194 0
12 20 15 2194 0
12 45 26 2198 2
