12 25 10 599 1
12 35 18 599 0
12 35 21 601 2
12 40 24 601 0
12 40 21 603 1
12 25 13 603 0
12 20 9 603 0
2 35 46 606 1
12 50 26 606 0
12 20 21 608 1
12 20 9 608 0
12 25 10 608 0
10.5 50 34 611 2
12 35 17 611 0
12 20 10 611 0
12 25 16 614 2
12 25 5 614 0
12 30 15 614 0
12 40 4 614 0
12 50 24 614 0
12 40 10 614 0
12 20 20 620 1
2 30 40 621 1
12 35 31 622 1
12 25 6 622 0
12 45 13 622 0
12 35 28 625 1
12 40 30 626 1
12 35 34 627 2
12 30 12 627 0
12 20 18 627 0
12 25 9 627 0
12 25 16 627 0
2 30 35 632 2
12 35 23 632 0
12 45 14 632 0
12 25 5 632 0
12 20 16 636 1
12 30 16 637 1
2 30 33 638 2
12 25 19 638 0
12 35 4 640 1
12 30 11 640 0
10.5 25 1 640 0
12 25 16 640 0
12 20 20 644 2
2 25 69 645 1
12 20 4 645 0
12 35 21 645 0
12 30 23 648 2
12 30 16 648 0
2 20 38 648 0
10.5 40 24 651 2
12 50 12 652 1
12 20 11 653 1
12 20 12 654 1
12 25 14 654 0
12 20 21 654 0
12 25 10 654 0
12 35 21 654 0
12 40 21 659 1
2 20 106 660 8
12 40 13 660 0
2 20 33 662 1
12 20 13 663 1
12 20 19 664 1
2 20 50 665 1
12 45 35 666 1
10.5 20 12 666 0
12 35 28 668 2
12 45 27 669 2
12 30 26 670 1
12 30 8 671 2
12 25 26 672 1
12 20 21 672 0
10.5 50 10 672 0
12 30 9 672 0
2 25 35 672 0
12 40 36 677 2
12 25 7 677 0
12 20 12 679 3
12 20 16 680 3
12 20 4 680 0
12 25 15 682 2
12 40 18 683 1
12 25 10 683 0
10.5 30 5 683 0
10.5 40 6 683 0
12 20 11 683 0
12 40 36 688 1
12 45 25 688 0
12 25 11 688 0
12 25 16 688 0
12 30 11 688 0
12 30 13 688 0
12 25 11 688 0
2 35 42 695 3
12 35 19 695 0
12 35 24 697 1
12 40 25 697 0
