12 25 9 1599 1
12 35 13 1599 0
12 40 25 1601 1
12 20 11 1601 0
12 45 17 1601 0
12 20 17 1604 1
12 20 6 1604 0
12 30 12 1604 0
12 25 10 1607 1
12 25 8 1607 0
12 25 13 1607 0
12 20 10 1607 0
12 40 16 1607 0
12 25 16 1607 0
2 35 61 1613 1
12 25 17 1613 0
12 20 11 1613 0
12 20 12 1613 0
12 20 9 1613 0
12 20 9 1613 0
12 25 6 1613 0
12 30 22 1620 2
12 30 13 1620 0
12 25 18 1622 2
12 30 6 1622 0
12 30 14 1622 0
12 20 9 1622 0
2 20 26 1626 1
12 30 13 1627 1
12 50 20 1627 0
12 25 12 1627 0
12 25 11 1627 0
12 20 4 1627 0
12 20 6 1627 0
12 20 13 1627 0
12 20 11 1627 0
12 40 22 1627 0
12 30 14 1636 1
12 55 20 1637 1
12 20 5 1637 0
12 20 7 1637 0
12 20 13 1637 0
12 40 13 1637 0
12 35 26 1637 0
12 40 25 1643 2
12 30 21 1643 0
12 40 14 1643 0
12 45 13 1643 0
12 25 10 1643 0
12 45 21 1643 0
12 20 17 1649 1
12 20 14 1649 0
12 25 14 1649 0
12 25 10 1649 0
12 20 13 1649 0
12 35 20 1654 1
12 25 13 1655 1
12 20 9 1655 0
12 35 13 1657 1
12 35 22 1657 0
12 45 46 1657 0
12 30 22 1660 1
12 25 16 1661 1
12 40 14 1661 0
12 30 17 1661 0
12 30 12 1664 1
12 30 13 1665 1
12 25 13 1665 0
12 20 8 1665 0
12 20 11 1668 1
12 30 11 1669 1
12 25 25 1670 2
2 25 29 1671 1
12 25 10 1671 0
12 25 13 1673 1
12 30 13 1673 0
12 35 18 1675 1
12 40 18 1676 1
12 30 13 1676 0
12 20 4 1676 0
12 30 18 1679 1
12 25 19 1679 0
12 25 16 1681 1
12 35 31 1682 5
12 35 9 1683 1
12 30 9 1683 0
12 20 6 1683 0
12 40 32 1686 1
12 45 22 1687 1
12 25 13 1688 2
12 35 16 1688 0
12 25 11 1688 0
12 40 21 1691 2
12 20 10 1692 1
12 50 19 1693 1
12 35 17 1693 0
12 20 12 1693 0
12 35 12 1693 0
12 25 13 1693 0
12 30 23 1698 1
