12 30 5 2199 1
12 50 26 2199 0
12 30 17 2199 0
12 25 7 2202 1
12 25 14 2203 1
12 25 13 2203 0
12 20 6 2203 0
12 20 11 2203 0
12 30 6 2203 0
12 45 22 2208 1
12 20 5 2208 0
12 35 11 2208 0
12 30 13 2208 0
12 30 27 2212 2
12 20 9 2212 0
12 40 21 2212 0
12 45 31 2212 0
12 20 7 2216 1
12 25 13 2216 0
2 25 31 2218 2
12 20 7 2218 0
12 55 28 2218 0
12 20 9 2218 0
12 30 16 2222 1
12 25 15 2222 0
12 30 18 2224 1
12 50 28 2224 0
2 20 40 2226 1
12 30 16 2227 1
12 25 17 2227 0
12 30 10 2227 0
12 40 25 2230 3
12 30 19 2231 1
12 35 17 2232 1
12 20 16 2233 1
12 30 17 2234 1
12 20 8 2234 0
12 20 4 2234 0
12 30 6 2234 0
12 45 24 2238 1
12 30 21 2239 2
12 35 17 2239 0
12 30 22 2241 1
12 20 7 2241 0
12 20 4 2241 0
2 30 36 2244 1
12 20 9 2244 0
12 25 21 2246 1
12 25 19 2246 0
12 35 13 2248 1
12 50 16 2249 1
12 25 11 2249 0
12 50 20 2251 1
12 20 12 2251 0
12 20 10 2251 0
12 20 12 2251 0
12 40 23 2251 0
12 40 15 2251 0
12 25 11 2257 2
12 50 24 2258 1
12 20 4 2258 0
12 20 6 2258 0
12 30 21 2258 0
12 30 17 2258 0
12 25 11 2258 0
12 20 8 2258 0
12 20 9 2258 0
12 25 13 2258 0
12 35 18 2258 0
12 25 5 2258 0
12 20 13 2258 0
12 30 16 2258 0
12 30 13 2271 3
12 45 10 2272 1
12 20 9 2272 0
12 30 10 2272 0
12 25 16 2272 0
12 30 16 2276 1
12 25 13 2277 1
12 20 6 2278 1
12 45 17 2278 0
12 35 9 2278 0
12 25 14 2278 0
12 20 17 2282 1
12 20 10 2282 0
12 25 17 2282 0
12 25 6 2282 0
12 25 14 2286 3
12 25 17 2287 1
12 60 25 2288 2
12 20 13 2289 2
12 35 26 2289 0
12 40 27 2289 0
12 20 11 2289 0
12 25 16 2289 0
12 35 13 2289 0
12 25 13 2289 0
12 35 21 2296 1
12 30 17 2296 0
12 40 16 2298 1
