12 40 26 2699 1
12 30 13 2700 1
12 35 19 2701 1
12 30 8 2701 0
12 20 13 2701 0
12 50 38 2704 1
12 25 18 2705 1
12 35 13 2705 0
12 35 11 2705 0
12 35 15 2705 0
12 20 11 2705 0
12 45 18 2710 2
12 25 9 2710 0
12 30 17 2710 0
12 20 4 2710 0
12 35 11 2710 0
12 20 6 2715 1
12 20 6 2715 0
12 35 12 2715 0
12 20 9 2715 0
12 30 13 2715 0
12 40 17 2715 0
12 25 13 2721 1
12 40 14 2721 0
12 20 11 2723 1
12 30 12 2723 0
12 50 24 2723 0
12 30 17 2723 0
12 35 30 2727 2
12 25 18 2727 0
12 20 12 2729 1
12 20 7 2729 0
12 30 13 2729 0
12 35 13 2729 0
12 25 13 2733 1
12 40 17 2734 2
12 35 17 2735 1
12 20 8 2735 0
12 45 14 2735 0
12 40 19 2738 1
12 25 19 2738 0
12 25 8 2738 0
2 20 26 2741 1
12 25 16 2741 0
12 20 10 2741 0
12 25 16 2741 0
12 25 13 2741 0
12 35 14 2741 0
12 30 16 2741 0
12 35 21 2748 1
12 35 21 2748 0
12 20 6 2748 0
12 30 10 2748 0
12 45 26 2752 1
12 45 10 2753 1
12 25 11 2753 0
12 20 8 2755 1
12 50 44 2756 1
12 20 11 2756 0
12 20 16 2756 0
12 20 7 2756 0
12 30 14 2760 1
12 25 15 2760 0
12 20 8 2760 0
12 20 13 2760 0
12 40 14 2760 0
2 35 52 2760 0
12 35 14 2760 0
12 25 12 2767 2
12 35 23 2767 0
12 20 13 2767 0
12 25 11 2767 0
12 40 21 2771 1
12 30 16 2771 0
12 30 16 2771 0
12 30 13 2774 1
12 55 26 2775 2
12 35 21 2776 1
12 30 9 2777 1
12 20 4 2777 0
12 20 5 2779 1
12 20 6 2779 0
12 30 21 2779 0
12 20 13 2779 0
12 30 9 2783 1
12 30 13 2783 0
12 25 10 2785 1
12 25 11 2786 1
12 30 11 2786 0
12 20 4 2786 0
12 35 10 2786 0
12 40 16 2786 0
12 35 17 2791 1
12 30 25 2792 1
12 35 31 2792 0
12 25 11 2794 1
12 25 17 2794 0
12 35 8 2794 0
12 40 16 2794 0
12 35 10 2794 0
