12 25 13 1099 2
12 20 16 1099 0
12 30 26 1101 2
12 40 32 1101 0
12 50 15 1103 1
12 20 8 1103 0
12 25 9 1105 1
12 45 27 1105 0
12 25 8 1105 0
12 25 13 1105 0
12 45 15 1109 2
12 35 21 1110 2
12 40 19 1110 0
12 30 10 1110 0
12 25 8 1110 0
12 30 31 1110 0
12 25 11 1110 0
12 20 18 1110 0
12 20 16 1110 0
12 30 15 1110 0
12 30 20 1119 1
12 25 26 1119 0
12 25 8 1119 0
12 20 11 1119 0
12 40 15 1119 0
12 45 41 1119 0
12 30 22 1125 1
12 35 13 1125 0
12 20 9 1127 1
12 25 14 1127 0
12 45 32 1129 2
12 20 16 1129 0
12 25 10 1131 1
12 30 18 1132 1
12 20 8 1133 2
12 20 14 1133 0
12 40 24 1135 1
12 40 26 1135 0
12 30 15 1135 0
12 20 11 1135 0
12 25 8 1135 0
12 20 9 1135 0
12 45 31 1141 2
12 35 19 1142 1
12 20 9 1143 1
12 30 7 1143 0
2 20 41 1145 3
12 25 15 1145 0
12 25 17 1145 0
12 20 11 1145 0
12 30 24 1149 3
12 45 41 1150 2
12 30 23 1151 1
12 25 5 1151 0
12 20 4 1151 0
12 25 19 1151 0
12 45 20 1151 0
12 30 19 1151 0
12 35 21 1157 1
12 20 12 1157 0
12 25 3 1157 0
10.5 50 14 1157 0
12 25 22 1161 3
2 35 37 1162 2
12 20 4 1162 0
12 20 7 1162 0
12 20 14 1162 0
12 20 8 1162 0
12 35 16 1162 0
12 35 26 1162 0
12 45 16 1169 2
12 25 13 1169 0
12 40 17 1171 1
12 35 26 1171 0
12 40 19 1173 1
12 20 10 1173 0
12 20 13 1175 1
12 20 14 1175 0
12 25 17 1177 1
12 20 4 1177 0
12 40 18 1179 1
12 25 17 1179 0
12 45 22 1179 0
12 40 22 1182 1
12 40 26 1183 1
12 45 28 1184 3
12 25 17 1184 0
12 30 16 1186 2
12 25 15 1186 0
12 40 16 1188 1
12 35 9 1188 0
12 20 11 1188 0
12 20 6 1188 0
12 30 17 1188 0
12 25 21 1188 0
12 20 7 1188 0
12 20 9 1195 1
12 45 13 1195 0
12 20 15 1195 0
12 20 10 1195 0
