12 40 23 1796 0
12 20 11 1800 1
12 25 16 1800 0
12 25 7 1800 0
12 30 19 1800 0
12 25 23 1800 0
12 40 14 1800 0
12 25 17 1800 0
12 20 8 1800 0
12 40 22 1800 0
10.5 40 10 1800 0
12 25 12 1800 0
12 20 13 1800 0
12 20 14 1800 0
12 45 17 1800 0
12 25 11 1800 0
12 35 18 1815 1
12 20 9 1815 0
12 30 16 1817 1
12 20 21 1818 1
12 20 15 1818 0
2 30 40 1820 3
12 25 17 1821 3
2 25 34 1822 4
12 25 17 1823 1
12 30 21 1824 3
12 40 26 1825 1
12 30 13 1825 0
12 40 39 1827 5
2 40 86 1828 17
12 25 21 1829 2
2 25 34 1830 2
2 20 26 1831 2
2 50 82 1832 12
12 40 20 1833 2
2 45 106 1834 16
2 30 36 1835 1
12 25 5 1835 0
12 20 6 1837 2
12 35 29 1838 3
12 20 20 1839 1
2 30 32 1840 4
12 45 28 1841 3
2 45 127 1842 9
10.5 40 20 1843 2
2 20 140 1844 12
2 30 179 1845 22
2 30 101 1846 13
12 20 21 1847 2
12 40 20 1848 4
2 20 23 1848 0
2 20 38 1850 6
12 35 15 1851 1
12 25 5 1851 0
12 40 18 1853 3
12 25 5 1854 1
2 25 80 1855 12
12 25 25 1856 1
2 30 65 1857 11
12 35 25 1858 3
12 35 29 1859 3
10.5 20 18 1860 1
12 35 23 1861 5
12 40 22 1862 4
0.5 40 123 1863 16
12 35 29 1864 6
2 25 57 1865 7
2 25 32 1866 5
12 20 13 1867 1
2 20 22 1868 4
2 20 28 1869 4
2 40 49 1870 5
2 20 37 1871 3
12 25 15 1872 4
12 20 17 1873 2
2 20 33 1874 7
0.5 20 29 1875 2
2 35 49 1876 9
2 30 58 1877 7
2 25 88 1878 11
12 35 24 1879 2
12 35 33 1880 4
2 25 49 1881 8
12 25 11 1882 1
2 30 51 1883 8
12 20 7 1884 1
2 25 54 1885 7
2 20 77 1886 8
2 20 38 1887 5
2 20 108 1888 22
2 25 36 1889 4
2 45 48 1890 5
12 30 25 1891 7
2 20 36 1892 7
2 35 96 1893 11
10.5 20 17 1894 2
12 20 12 1894 0
2 20 139 1896 19
12 25 17 1897 1
2 40 57 1898 4
