2 30 35 798 0
12 45 5 798 0
2 35 38 801 2
10.5 25 1 801 0
2 30 49 803 2
12 35 33 803 0
12 45 16 805 1
0.5 20 39 805 0
12 35 36 807 1
2 35 125 808 14
2 35 42 809 3
12 20 15 810 9
2 20 30 811 11
2 25 251 812 24
12 30 21 812 0
12 20 6 812 0
12 40 26 812 0
2 25 145 816 21
2 25 117 817 5
2 50 78 818 4
2 25 44 819 3
2 25 47 820 5
12 20 8 820 0
12 30 2 820 0
12 45 13 820 0
2 25 28 820 0
12 35 13 825 1
12 30 26 826 1
2 35 96 827 7
2 35 61 828 11
0.5 30 81 829 6
2 25 70 830 5
12 40 29 831 1
12 20 10 831 0
12 40 5 831 0
2 40 52 834 2
12 30 9 834 0
12 20 10 836 1
12 45 23 836 0
12 30 14 838 1
12 25 7 839 1
12 35 3 839 0
2 30 32 839 0
10.5 20 11 839 0
12 55 5 839 0
12 20 10 844 1
2 20 61 845 7
2 20 44 846 8
2 35 197 847 29
10.5 30 31 848 2
10.5 35 1 848 0
10.5 45 14 848 0
2 20 127 851 13
12 20 6 851 0
12 20 20 851 0
12 30 2 851 0
2 35 72 851 0
12 25 23 851 0
2 35 124 857 5
2 20 39 858 1
2 35 169 859 2
12 35 9 859 0
12 20 13 859 0
12 50 17 859 0
12 35 9 863 1
2 40 97 864 3
12 30 19 864 0
12 50 18 864 0
12 30 17 864 0
2 25 265 868 6
2 35 71 869 2
12 35 28 869 0
2 35 50 871 1
12 35 12 872 1
12 45 6 872 0
12 30 12 872 0
12 30 25 875 2
2 40 64 876 3
2 25 121 877 7
12 30 14 878 1
12 20 14 879 2
12 40 16 879 0
12 25 23 879 0
12 35 8 879 0
12 20 13 879 0
12 25 23 879 0
12 25 13 879 0
12 40 34 879 0
12 45 43 887 1
12 25 10 888 2
2 20 68 889 1
2 25 96 890 8
2 35 110 891 5
12 25 18 892 1
2 45 104 893 5
2 25 65 894 2
2 35 141 895 8
12 20 11 895 0
12 45 20 897 1
12 30 29 897 0
