12 20 21 3496 0
12 40 6 3496 0
12 25 21 3496 0
12 20 17 3496 0
12 50 12 3503 1
12 25 9 3504 1
12 40 13 3504 0
2 35 75 3506 2
12 25 7 3506 0
12 20 14 3506 0
12 20 8 3506 0
12 25 11 3510 1
12 20 16 3510 0
12 30 26 3512 1
12 25 12 3512 0
12 20 21 3512 0
12 40 23 3515 1
12 25 16 3515 0
12 25 12 3517 1
12 20 8 3517 0
12 30 27 3519 2
12 40 18 3520 1
12 30 10 3520 0
12 25 13 3520 0
12 25 13 3523 1
2 30 35 3524 1
2 20 28 3525 2
2 30 33 3526 1
12 35 7 3526 0
12 25 5 3526 0
12 40 11 3526 0
12 25 5 3526 0
12 30 12 3526 0
2 35 40 3532 3
12 20 17 3533 1
12 25 14 3534 3
12 30 17 3534 0
12 40 18 3534 0
12 25 8 3534 0
12 30 9 3534 0
12 25 23 3539 1
12 50 18 3539 0
12 45 22 3541 1
12 35 10 3541 0
12 30 15 3543 1
12 20 8 3543 0
12 30 12 3543 0
2 20 43 3543 0
12 45 11 3543 0
12 25 12 3543 0
12 45 17 3543 0
2 20 64 3550 5
12 20 6 3550 0
12 20 15 3550 0
12 55 28 3553 1
12 20 6 3553 0
12 25 16 3553 0
12 30 20 3556 1
12 20 6 3556 0
12 25 7 3556 0
12 25 10 3556 0
2 35 73 3560 2
12 25 14 3560 0
12 20 7 3560 0
12 20 12 3560 0
2 25 41 3560 0
12 20 10 3560 0
2 20 23 3566 1
12 20 12 3566 0
12 30 13 3566 0
12 20 4 3566 0
12 35 13 3566 0
12 25 5 3566 0
12 35 11 3566 0
12 40 12 3566 0
12 25 7 3566 0
12 30 13 3566 0
12 30 14 3566 0
12 30 20 3566 0
12 25 9 3566 0
12 30 21 3566 0
12 40 14 3566 0
12 25 12 3581 1
2 25 41 3582 1
12 40 19 3582 0
12 35 3 3582 0
12 30 27 3585 1
2 20 24 3586 1
12 30 8 3586 0
12 30 11 3586 0
12 30 22 3589 1
12 20 8 3590 1
12 30 10 3590 0
12 25 8 3590 0
12 35 11 3590 0
12 20 13 3590 0
12 25 9 3590 0
12 20 12 3590 0
12 35 16 3597 1
12 25 10 3598 1
