12 35 3 2298 0
12 30 13 2300 1
12 20 7 2300 0
12 30 13 2300 0
12 25 9 2300 0
12 20 6 2300 0
12 30 16 2305 1
12 30 17 2305 0
12 45 17 2305 0
12 20 17 2305 0
12 25 13 2305 0
12 25 13 2305 0
12 25 16 2305 0
12 40 22 2305 0
12 25 16 2305 0
12 45 19 2314 1
12 20 6 2314 0
12 40 14 2314 0
12 30 6 2314 0
12 25 8 2314 0
12 30 16 2314 0
12 25 12 2314 0
12 35 23 2321 3
2 40 47 2322 1
12 25 13 2322 0
12 40 29 2324 1
10.5 55 24 2325 1
12 20 7 2325 0
12 30 2 2325 0
12 35 21 2328 2
12 45 42 2329 2
12 30 20 2329 0
12 30 6 2329 0
12 25 17 2332 2
12 25 9 2332 0
12 30 9 2332 0
12 45 26 2332 0
12 25 13 2332 0
12 35 16 2332 0
12 20 12 2332 0
12 25 13 2332 0
12 20 10 2332 0
12 20 4 2332 0
12 20 11 2332 0
12 35 21 2332 0
12 30 14 2332 0
12 30 11 2332 0
12 35 22 2346 1
12 45 33 2347 1
12 20 11 2347 0
12 35 27 2349 1
12 30 10 2349 0
12 35 11 2349 0
2 35 41 2352 2
12 30 6 2352 0
12 25 14 2352 0
12 20 5 2352 0
12 40 13 2352 0
12 20 9 2357 1
12 20 9 2357 0
12 40 19 2357 0
12 45 26 2357 0
12 30 9 2357 0
12 40 31 2357 0
12 20 6 2357 0
10.5 25 3 2357 0
12 45 21 2357 0
12 20 4 2357 0
2 25 27 2367 1
12 25 7 2367 0
12 20 9 2367 0
12 20 9 2367 0
12 40 18 2367 0
12 35 16 2367 0
2 30 37 2367 0
12 20 10 2374 1
12 20 9 2374 0
12 35 25 2376 2
12 20 18 2376 0
12 30 19 2376 0
12 45 19 2379 2
12 30 13 2379 0
12 40 26 2379 0
12 35 21 2382 2
12 20 16 2383 1
12 25 8 2383 0
12 35 21 2385 1
2 25 57 2386 1
12 45 12 2386 0
12 40 19 2388 1
12 45 29 2389 1
12 25 17 2389 0
12 25 5 2389 0
12 35 14 2392 1
12 40 17 2393 1
12 30 13 2393 0
12 35 26 2395 1
12 40 19 2395 0
12 20 11 2395 0
12 45 18 2398 1
