12 30 13 2794 0
12 35 15 2794 0
12 25 9 2794 0
12 25 9 2794 0
12 25 16 2803 1
12 20 10 2803 0
12 20 5 2805 1
12 20 4 2805 0
12 30 9 2805 0
12 35 12 2805 0
12 25 17 2805 0
12 25 5 2805 0
12 40 11 2811 1
12 20 13 2811 0
12 20 8 2811 0
12 20 5 2811 0
12 25 10 2815 3
2 30 34 2816 1
12 35 21 2816 0
12 35 13 2816 0
12 40 23 2819 2
12 20 11 2820 1
12 35 21 2821 1
12 45 21 2821 0
12 20 10 2823 1
12 30 13 2823 0
12 20 6 2823 0
12 50 23 2826 1
12 35 24 2827 1
12 25 14 2828 1
12 20 9 2828 0
12 20 4 2828 0
12 30 9 2828 0
12 20 15 2828 0
12 45 27 2833 2
12 30 21 2833 0
12 25 13 2833 0
12 35 13 2836 2
12 20 21 2836 0
12 25 16 2838 3
12 20 11 2838 0
12 20 16 2838 0
12 25 8 2838 0
12 35 17 2838 0
12 20 11 2843 1
12 45 16 2843 0
12 30 13 2843 0
2 20 29 2843 0
2 30 49 2847 2
12 30 17 2848 1
12 40 26 2849 1
12 30 16 2850 1
12 25 7 2850 0
10.5 25 1 2850 0
12 25 7 2850 0
12 20 13 2850 0
12 25 14 2850 0
12 20 6 2850 0
12 25 10 2850 0
12 25 18 2850 0
12 40 21 2859 1
12 30 13 2859 0
12 40 21 2861 1
2 35 45 2861 0
12 20 4 2861 0
12 25 18 2861 0
12 30 17 2861 0
12 35 12 2861 0
12 30 7 2861 0
12 35 14 2861 0
12 30 13 2869 1
12 20 11 2870 1
12 30 13 2871 2
12 45 17 2871 0
12 40 17 2871 0
12 25 19 2874 1
12 25 16 2874 0
12 55 27 2876 1
12 40 14 2876 0
12 35 12 2878 1
12 30 13 2878 0
12 55 25 2878 0
12 40 21 2881 2
12 20 7 2881 0
12 30 21 2881 0
12 40 11 2881 0
12 25 17 2881 0
12 20 11 2886 2
12 45 21 2887 1
12 20 8 2888 1
12 35 13 2888 0
12 25 11 2890 1
12 25 11 2890 0
12 20 9 2892 1
12 25 6 2892 0
12 20 12 2892 0
12 20 6 2892 0
12 25 9 2892 0
12 25 9 2892 0
12 30 8 2892 0
