12 20 5 198 0
2 35 43 200 2
12 40 12 200 0
12 25 13 200 0
2 25 33 203 1
12 30 11 204 2
12 20 9 204 0
12 25 19 204 0
12 30 18 204 0
12 45 24 208 2
12 30 13 208 0
2 25 30 208 0
12 40 11 211 1
12 40 30 212 1
12 30 19 213 2
12 25 23 214 1
12 35 7 214 0
12 35 33 214 0
12 30 24 217 3
12 35 20 217 0
12 35 31 219 2
12 25 11 220 2
12 35 24 221 1
12 45 41 222 1
12 40 21 222 0
12 30 18 224 1
12 20 6 225 1
12 20 14 226 2
12 20 12 227 1
12 30 12 227 0
12 30 15 229 1
12 20 12 230 1
12 30 19 231 3
12 20 6 231 0
10.5 35 2 233 1
12 30 26 234 3
12 35 21 234 0
12 35 26 236 1
12 30 26 237 1
12 25 14 237 0
12 20 18 239 1
12 20 7 239 0
12 20 16 241 1
12 20 18 241 0
12 35 20 243 1
12 45 17 243 0
10.5 30 9 243 0
12 50 18 243 0
12 50 46 247 3
12 25 16 247 0
12 25 8 249 2
12 20 13 249 0
12 20 5 251 1
12 20 9 251 0
12 30 24 253 4
2 20 22 254 1
12 45 19 255 1
12 40 8 256 2
12 40 27 257 1
12 30 21 257 0
12 30 12 257 0
12 45 26 260 1
12 25 12 261 2
12 55 31 261 0
12 40 15 263 2
12 40 13 264 1
12 20 11 264 0
12 20 12 264 0
12 35 34 267 3
12 40 17 267 0
12 35 17 267 0
12 20 9 267 0
12 20 11 271 1
12 25 5 271 0
12 25 23 273 1
12 40 17 273 0
12 25 5 273 0
12 20 6 273 0
12 45 16 277 2
12 20 4 277 0
2 35 39 279 1
2 25 37 280 2
12 35 19 280 0
2 35 40 282 1
12 20 9 282 0
12 35 20 284 1
12 40 16 285 1
12 40 21 285 0
12 20 4 285 0
12 30 14 285 0
12 45 25 289 3
10.5 35 13 289 0
12 20 12 289 0
12 35 27 289 0
12 35 14 289 0
12 30 10 289 0
12 25 13 289 0
12 25 21 296 2
2 50 57 297 2
12 20 10 297 0
