12 30 16 3099 1
12 20 7 3100 2
12 35 22 3100 0
12 20 9 3100 0
2 25 28 3103 3
12 40 13 3103 0
12 25 9 3105 2
12 25 17 3106 1
12 20 4 3106 0
12 35 13 3106 0
12 30 6 3106 0
12 20 7 3106 0
12 30 17 3106 0
12 25 22 3112 1
12 35 22 3113 4
12 30 21 3114 2
12 40 19 3115 1
12 25 9 3115 0
2 25 29 3115 0
12 20 9 3115 0
12 25 11 3119 1
12 25 10 3119 0
12 30 13 3119 0
12 20 8 3119 0
12 30 16 3119 0
12 30 15 3119 0
12 25 10 3125 1
12 25 11 3125 0
12 35 16 3127 1
12 45 17 3127 0
12 25 16 3127 0
12 35 17 3130 1
12 20 19 3130 0
12 30 6 3130 0
12 25 21 3133 1
12 35 5 3133 0
12 20 14 3135 1
12 20 12 3135 0
12 30 14 3137 1
12 20 7 3137 0
12 30 7 3137 0
12 25 11 3137 0
12 20 9 3141 1
12 25 9 3141 0
12 35 19 3141 0
12 45 18 3141 0
12 35 21 3145 1
12 20 13 3145 0
12 30 10 3147 1
12 20 7 3148 1
12 30 17 3149 1
12 30 8 3149 0
12 25 9 3149 0
12 45 26 3152 1
12 25 9 3152 0
12 20 13 3152 0
12 20 9 3152 0
12 40 18 3152 0
12 35 21 3157 1
12 20 6 3157 0
12 25 10 3157 0
12 25 13 3160 1
12 20 5 3161 1
12 40 18 3161 0
12 25 3 3161 0
12 25 13 3161 0
12 20 5 3161 0
12 40 2 3161 0
12 35 16 3167 2
12 25 11 3167 0
12 30 10 3167 0
12 40 22 3167 0
12 40 17 3167 0
12 20 7 3167 0
12 20 17 3167 0
12 30 16 3167 0
12 30 15 3167 0
12 40 21 3176 1
12 40 17 3176 0
12 50 10 3176 0
12 25 16 3179 1
2 20 26 3179 0
12 40 18 3179 0
12 30 11 3182 1
12 30 19 3182 0
12 20 15 3182 0
12 55 38 3182 0
12 35 21 3186 1
12 35 9 3186 0
12 30 11 3186 0
12 45 22 3189 1
12 40 27 3189 0
12 20 7 3189 0
12 40 25 3189 0
12 40 19 3193 1
12 20 13 3194 2
12 25 10 3194 0
12 35 20 3196 1
12 35 5 3196 0
10.5 25 5 3196 0
