None None 0 None 0
12 25 19 0 3
2 20 148 1 30
12 30 25 2 4
12 25 12 3 1
12 25 21 4 1
12 20 9 4 0
12 30 13 4 0
12 25 8 4 0
12 20 9 8 1
2 25 45 9 7
12 40 37 10 1
12 40 17 11 1
12 35 9 11 0
12 30 16 11 0
12 40 16 11 0
12 45 5 11 0
12 35 18 16 3
2 45 53 17 1
12 20 7 18 2
12 20 5 18 0
12 25 9 18 0
12 20 9 18 0
12 25 21 22 1
12 30 16 22 0
12 40 23 24 2
12 35 21 24 0
12 25 6 24 0
12 40 16 27 1
12 35 18 28 1
12 25 15 28 0
12 20 16 28 0
12 25 10 28 0
12 35 17 28 0
12 30 25 28 0
12 20 5 34 1
12 35 14 35 2
12 25 13 35 0
12 30 17 35 0
12 25 13 38 1
2 25 29 38 0
12 40 8 38 0
12 35 12 38 0
2 20 32 38 0
12 50 32 43 1
12 25 21 44 1
12 40 11 44 0
12 20 11 46 1
12 25 5 46 0
12 35 20 48 2
12 50 25 48 0
12 20 11 48 0
12 25 17 51 3
12 30 20 52 4
12 35 16 52 0
12 20 5 52 0
12 25 8 52 0
12 20 7 52 0
12 20 7 52 0
12 20 4 52 0
12 30 12 52 0
12 35 13 52 0
12 40 26 52 0
12 25 6 52 0
12 20 13 63 1
12 25 7 63 0
12 25 11 63 0
12 30 13 63 0
12 40 36 67 3
12 20 17 68 3
12 30 13 69 1
12 25 9 70 1
12 20 7 70 0
12 45 15 72 1
12 45 26 73 2
12 25 14 73 0
12 20 11 73 0
12 30 11 73 0
12 25 6 73 0
12 20 4 73 0
12 20 14 73 0
12 25 13 80 1
2 30 44 81 1
12 20 11 82 2
12 20 7 82 0
12 40 17 84 2
12 40 26 84 0
12 40 17 84 0
12 35 25 87 2
2 25 29 88 1
12 25 24 88 0
12 20 12 88 0
12 25 19 91 2
12 30 12 91 0
12 25 13 91 0
12 45 23 94 2
12 20 11 94 0
12 50 13 94 0
12 20 11 94 0
12 35 21 94 0
