12 20 7 2997 0
12 50 25 2997 0
12 20 9 3001 1
12 30 14 3002 1
12 30 18 3003 1
12 25 9 3003 0
12 20 11 3003 0
12 20 9 3003 0
12 20 12 3007 1
12 35 22 3007 0
12 35 28 3007 0
12 30 17 3007 0
12 30 17 3011 1
12 30 17 3011 0
12 35 34 3013 3
12 20 15 3013 0
12 30 16 3013 0
12 30 16 3013 0
12 30 21 3017 1
12 35 16 3018 1
12 45 25 3019 2
12 25 5 3019 0
12 30 16 3019 0
12 35 11 3022 1
12 40 12 3023 1
12 30 18 3023 0
12 20 9 3023 0
12 20 13 3026 1
12 30 13 3027 1
12 35 32 3028 3
12 20 4 3028 0
12 20 13 3028 0
12 25 16 3028 0
12 20 6 3028 0
12 35 14 3028 0
12 35 9 3028 0
12 55 30 3028 0
12 20 16 3036 1
12 30 21 3037 2
12 20 11 3038 1
12 20 6 3038 0
12 30 15 3038 0
12 30 13 3041 1
12 25 11 3042 2
12 40 14 3042 0
12 45 31 3044 1
12 20 12 3045 1
12 20 7 3045 0
12 30 16 3047 1
12 45 15 3047 0
12 35 15 3049 2
12 40 21 3050 1
12 20 6 3050 0
12 25 12 3050 0
12 40 24 3053 1
12 45 23 3054 1
12 40 21 3054 0
12 50 29 3056 1
12 20 13 3057 1
12 45 23 3057 0
12 30 12 3057 0
12 45 25 3060 1
12 20 20 3061 1
12 25 17 3062 1
12 25 11 3062 0
12 20 13 3062 0
12 35 16 3065 1
12 20 10 3065 0
12 40 36 3065 0
12 20 7 3065 0
12 40 32 3069 1
12 30 16 3070 2
12 25 11 3070 0
12 50 22 3072 2
12 20 9 3072 0
12 25 13 3072 0
12 55 30 3072 0
12 20 11 3076 1
12 20 11 3077 1
12 45 31 3077 0
12 45 21 3079 2
12 40 16 3080 1
12 30 19 3081 1
12 25 7 3082 1
12 20 10 3082 0
12 35 21 3082 0
12 30 8 3082 0
12 25 16 3082 0
12 30 13 3082 0
12 20 10 3082 0
12 30 21 3089 2
12 20 15 3089 0
12 35 17 3089 0
12 30 10 3092 1
12 25 13 3092 0
12 25 5 3092 0
12 20 13 3095 1
12 35 21 3096 1
12 50 37 3096 0
12 20 5 3096 0
