12 25 17 2494 0
12 25 11 2494 0
12 35 12 2494 0
12 35 18 2494 0
12 30 13 2503 1
12 25 18 2504 1
12 20 13 2504 0
12 25 11 2504 0
12 25 18 2507 1
12 25 9 2507 0
12 30 21 2509 1
12 20 5 2509 0
12 30 19 2509 0
12 20 7 2512 1
12 30 17 2513 3
12 20 5 2513 0
12 20 14 2515 1
12 20 11 2515 0
12 25 5 2515 0
12 20 15 2518 1
12 30 13 2519 1
12 30 16 2519 0
12 40 14 2519 0
12 20 13 2519 0
12 55 23 2519 0
2 25 31 2519 0
12 35 10 2519 0
12 50 21 2526 1
12 20 10 2527 1
12 35 17 2528 2
12 35 16 2528 0
12 30 17 2528 0
12 25 9 2528 0
12 30 17 2528 0
12 25 16 2533 1
12 35 18 2533 0
12 25 25 2533 0
12 20 9 2533 0
12 20 11 2533 0
12 20 8 2533 0
12 45 12 2533 0
12 50 26 2533 0
12 30 26 2533 0
12 30 11 2533 0
12 20 11 2533 0
12 25 11 2533 0
12 40 23 2533 0
12 25 19 2546 1
12 35 14 2546 0
12 50 21 2546 0
12 25 16 2546 0
12 25 13 2550 1
12 25 19 2551 2
12 20 14 2552 1
12 25 12 2552 0
12 20 16 2552 0
12 25 18 2552 0
12 35 7 2552 0
12 20 11 2557 2
12 35 16 2557 0
12 30 14 2557 0
12 40 36 2560 2
12 35 13 2561 1
12 30 16 2561 0
12 20 12 2561 0
12 20 9 2561 0
12 25 13 2561 0
12 25 13 2566 1
12 50 25 2567 4
12 25 7 2567 0
12 60 31 2569 1
12 35 10 2569 0
12 20 6 2569 0
12 20 5 2569 0
12 45 19 2569 0
12 35 21 2569 0
12 40 13 2569 0
12 25 16 2576 1
12 25 18 2576 0
12 45 21 2576 0
12 25 19 2579 1
10.5 30 8 2579 0
12 35 21 2579 0
12 20 12 2579 0
12 30 19 2579 0
12 25 16 2579 0
12 30 14 2585 1
12 20 5 2585 0
12 35 17 2585 0
12 25 11 2585 0
12 20 11 2585 0
12 20 4 2585 0
12 25 12 2585 0
12 25 17 2585 0
12 20 11 2593 1
12 30 2 2593 0
12 40 17 2593 0
12 25 14 2593 0
12 35 11 2597 1
12 30 7 2597 0
