12 35 15 2398 0
12 40 20 2400 1
12 25 11 2400 0
12 35 13 2400 0
12 20 16 2400 0
12 30 17 2400 0
12 35 16 2400 0
12 20 7 2406 1
12 35 26 2407 2
12 20 11 2407 0
12 25 9 2409 1
12 20 10 2410 1
12 25 13 2411 1
12 40 19 2412 1
12 25 10 2413 1
12 20 13 2414 2
12 30 11 2414 0
12 25 6 2414 0
12 35 18 2417 1
12 30 27 2418 1
12 30 8 2418 0
12 35 26 2418 0
12 25 9 2421 3
12 25 13 2422 1
12 30 17 2423 1
12 25 9 2423 0
12 30 6 2423 0
12 35 25 2423 0
12 25 9 2423 0
12 25 14 2423 0
12 20 16 2423 0
12 20 13 2430 1
12 25 12 2430 0
12 20 7 2432 1
12 35 15 2433 2
12 60 21 2434 1
12 25 6 2434 0
12 30 17 2434 0
12 20 7 2434 0
12 20 11 2434 0
12 20 6 2434 0
12 25 5 2434 0
12 20 12 2441 1
12 30 10 2441 0
12 30 19 2443 1
12 25 15 2444 1
12 35 11 2444 0
12 30 14 2444 0
12 25 14 2447 1
12 25 8 2447 0
12 25 13 2447 0
12 35 11 2447 0
12 20 17 2447 0
12 30 21 2452 1
12 20 8 2452 0
12 20 4 2452 0
12 30 13 2452 0
12 40 17 2452 0
12 20 9 2457 1
12 30 12 2458 1
12 20 8 2458 0
12 45 15 2458 0
12 35 18 2461 1
12 30 9 2461 0
12 35 17 2463 1
12 35 18 2464 1
12 30 13 2465 1
12 20 10 2465 0
12 25 16 2467 1
12 30 4 2467 0
12 25 13 2467 0
12 35 24 2467 0
12 45 25 2467 0
12 35 16 2467 0
12 20 5 2467 0
12 45 25 2467 0
12 25 9 2467 0
12 25 13 2476 1
2 20 31 2477 1
12 35 19 2477 0
12 20 6 2477 0
12 20 16 2477 0
12 25 16 2477 0
12 45 17 2477 0
12 40 22 2483 1
12 25 10 2483 0
12 35 29 2485 1
12 35 22 2486 1
12 35 9 2486 0
12 20 16 2488 1
12 30 11 2488 0
12 35 11 2488 0
12 30 10 2488 0
12 30 13 2488 0
12 40 22 2493 2
12 35 19 2494 1
12 20 10 2494 0
12 20 11 2494 0
12 20 4 2494 0
12 25 13 2494 0
