12 20 11 2899 1
12 50 37 2900 2
12 20 17 2900 0
10.5 35 9 2900 0
12 35 21 2903 1
12 25 9 2903 0
12 20 11 2903 0
12 20 10 2903 0
12 35 17 2903 0
12 35 17 2903 0
2 25 35 2903 0
12 20 11 2903 0
2 25 28 2911 2
12 40 15 2911 0
12 20 5 2911 0
12 30 18 2911 0
12 30 13 2911 0
12 35 8 2911 0
12 30 11 2917 1
12 40 13 2917 0
12 20 6 2919 1
12 20 5 2919 0
12 30 21 2921 2
2 30 42 2922 3
12 20 6 2922 0
12 25 3 2922 0
12 45 22 2922 0
12 20 6 2922 0
12 20 13 2922 0
12 25 11 2922 0
12 55 26 2929 1
12 40 21 2929 0
12 25 9 2929 0
12 20 9 2929 0
12 25 17 2929 0
12 20 8 2929 0
12 30 19 2929 0
12 20 11 2929 0
12 35 11 2929 0
12 20 4 2929 0
12 25 17 2929 0
12 30 20 2940 2
12 35 16 2940 0
12 20 7 2942 1
12 25 11 2943 1
12 25 6 2943 0
12 25 16 2943 0
12 30 13 2943 0
12 25 11 2943 0
12 20 11 2943 0
12 40 18 2949 2
12 20 17 2949 0
12 40 26 2949 0
12 40 34 2952 1
12 20 8 2953 1
12 20 7 2953 0
12 50 20 2953 0
12 25 9 2956 1
12 35 21 2957 1
12 45 20 2957 0
12 20 13 2957 0
12 30 14 2960 1
12 25 3 2960 0
12 25 8 2960 0
12 20 17 2960 0
12 35 11 2960 0
12 30 13 2965 1
12 40 29 2965 0
12 30 17 2967 1
12 30 13 2968 1
12 20 6 2969 1
12 45 30 2969 0
12 30 16 2971 1
12 20 11 2971 0
12 35 17 2971 0
2 20 24 2974 1
12 25 9 2974 0
12 20 6 2974 0
12 35 17 2974 0
12 25 9 2974 0
12 40 24 2974 0
12 35 26 2974 0
12 30 16 2974 0
12 30 16 2974 0
12 30 10 2974 0
12 40 14 2984 1
12 25 10 2985 1
12 40 21 2985 0
12 30 7 2985 0
12 30 17 2988 1
12 40 31 2988 0
12 20 19 2990 1
12 35 31 2991 1
12 30 21 2992 2
12 40 33 2992 0
12 20 8 2992 0
12 60 58 2995 1
12 40 10 2995 0
12 45 39 2997 1
12 20 6 2997 0
