12 20 10 1195 0
12 30 6 1195 0
12 40 16 1195 0
2 30 36 1202 4
12 30 13 1202 0
12 25 12 1204 1
12 45 6 1204 0
12 25 17 1204 0
12 30 9 1204 0
12 30 21 1204 0
12 25 14 1209 1
12 25 11 1209 0
12 45 31 1211 1
2 25 41 1211 0
12 20 6 1211 0
12 30 16 1211 0
12 30 13 1211 0
12 30 13 1216 1
12 50 26 1216 0
12 25 13 1218 1
12 35 25 1219 1
12 20 8 1219 0
10.5 30 13 1219 0
12 40 22 1219 0
12 25 13 1219 0
12 45 18 1219 0
12 35 28 1219 0
12 25 7 1219 0
12 25 12 1227 2
12 25 5 1227 0
12 20 7 1227 0
12 25 21 1230 1
12 25 26 1230 0
12 35 14 1232 1
12 20 4 1232 0
12 25 17 1234 2
12 30 5 1234 0
12 25 14 1234 0
12 20 17 1234 0
12 25 11 1238 2
12 25 13 1238 0
12 20 11 1238 0
12 20 6 1238 0
12 35 25 1238 0
12 25 16 1238 0
12 20 9 1238 0
12 40 16 1238 0
12 20 8 1238 0
12 35 15 1238 0
12 40 25 1238 0
12 25 5 1238 0
12 25 4 1238 0
12 35 14 1238 0
12 30 16 1252 1
12 25 6 1252 0
12 20 14 1252 0
12 25 21 1255 2
12 30 12 1255 0
12 20 17 1255 0
12 35 3 1255 0
12 40 6 1259 1
12 20 7 1259 0
12 30 12 1259 0
12 20 5 1259 0
12 25 16 1259 0
12 25 13 1259 0
12 20 7 1259 0
12 25 15 1266 1
12 25 8 1266 0
12 30 16 1266 0
12 35 3 1266 0
12 55 26 1270 1
12 20 7 1270 0
12 35 11 1272 1
12 45 37 1273 1
12 20 4 1273 0
12 30 11 1273 0
12 20 10 1273 0
12 25 10 1273 0
12 20 5 1273 0
12 20 4 1273 0
12 20 11 1273 0
12 35 23 1273 0
12 30 13 1273 0
12 20 20 1273 0
12 20 7 1273 0
12 20 7 1285 1
12 25 10 1285 0
12 25 4 1285 0
12 20 12 1285 0
12 20 12 1285 0
12 45 26 1290 5
12 25 12 1290 0
12 35 9 1290 0
12 25 16 1293 2
12 45 19 1294 1
12 40 22 1295 1
12 50 31 1295 0
12 20 10 1297 1
12 20 8 1298 1
