12 45 29 297 0
12 35 13 297 0
12 20 6 297 0
12 40 13 297 0
12 40 21 303 1
12 25 17 304 2
12 45 26 304 0
12 20 10 306 2
12 25 13 307 2
12 35 25 308 1
12 20 13 309 2
12 30 26 310 1
12 45 17 310 0
12 20 11 312 1
12 35 13 312 0
12 20 5 312 0
12 25 14 312 0
12 20 4 312 0
12 30 10 317 1
12 20 9 317 0
12 35 28 319 2
12 35 24 320 3
12 25 20 320 0
12 30 18 322 1
12 35 23 323 1
12 45 9 323 0
12 25 14 323 0
12 25 15 323 0
12 35 19 327 2
12 30 14 328 1
12 45 33 328 0
12 25 9 328 0
12 20 9 328 0
2 20 26 332 1
12 45 14 333 1
12 30 11 333 0
12 40 21 333 0
12 20 4 333 0
2 40 42 337 2
12 35 19 338 2
12 20 9 338 0
12 40 17 338 0
12 25 11 338 0
12 25 15 338 0
12 25 17 338 0
12 25 6 338 0
2 20 75 345 6
12 30 11 346 1
2 20 31 346 0
12 40 18 348 2
12 30 22 349 1
2 25 28 349 0
12 25 13 349 0
12 30 13 349 0
12 40 24 353 2
12 20 10 353 0
12 25 26 355 1
2 20 26 356 2
12 20 8 357 1
12 20 11 358 1
12 25 19 359 1
12 30 21 359 0
12 25 5 359 0
12 35 14 359 0
12 25 11 363 1
12 30 17 363 0
12 20 11 365 1
12 40 34 366 2
2 20 22 366 0
12 30 16 366 0
12 20 16 366 0
12 30 15 370 1
12 20 6 370 0
12 40 14 372 1
12 25 10 372 0
12 25 5 372 0
12 20 9 372 0
12 20 6 372 0
12 45 25 377 1
12 20 13 377 0
12 30 10 377 0
12 20 13 380 1
12 25 16 380 0
12 20 19 380 0
12 55 25 383 2
12 30 11 383 0
12 25 13 383 0
10.5 45 14 383 0
12 30 20 387 3
12 25 16 388 1
12 30 17 388 0
12 40 21 390 1
12 25 10 390 0
12 20 17 392 1
12 45 26 392 0
12 20 9 392 0
12 30 19 395 5
12 20 6 395 0
2 20 23 397 1
12 25 9 397 0
