12 35 15 499 1
12 40 5 500 1
12 20 16 501 1
12 25 13 501 0
12 20 11 501 0
12 30 4 501 0
12 40 14 501 0
12 20 8 506 1
12 45 12 506 0
2 30 77 508 1
12 30 31 508 0
12 20 16 508 0
12 20 13 508 0
12 25 14 508 0
12 55 18 513 2
12 25 23 514 1
12 35 28 514 0
12 25 16 514 0
12 35 21 517 1
12 35 11 517 0
12 20 14 519 1
12 20 10 519 0
12 45 22 521 1
2 25 57 522 2
2 20 25 522 0
12 30 9 522 0
12 30 2 522 0
12 40 14 522 0
12 50 29 527 1
12 50 29 528 2
12 30 8 528 0
12 40 21 528 0
12 30 7 528 0
12 25 21 528 0
12 35 26 528 0
12 25 8 528 0
12 35 13 528 0
12 20 6 528 0
2 25 42 537 1
12 20 19 538 1
12 20 6 538 0
12 20 10 538 0
12 30 14 538 0
12 20 5 538 0
12 20 12 538 0
12 25 12 538 0
12 30 17 538 0
12 25 13 538 0
12 30 12 538 0
2 20 76 548 5
12 25 16 548 0
12 35 16 548 0
12 30 12 551 1
12 25 7 551 0
12 30 27 553 1
12 25 19 553 0
12 30 6 553 0
2 20 31 556 1
12 20 11 556 0
12 20 11 556 0
12 50 25 556 0
12 50 36 560 1
12 40 15 561 1
12 30 17 561 0
12 35 27 561 0
2 30 51 564 1
10.5 25 11 564 0
2 20 31 566 1
12 50 10 566 0
12 30 16 568 1
12 20 10 569 1
12 40 26 570 2
12 45 31 571 2
12 25 9 571 0
12 25 7 571 0
12 40 14 571 0
2 20 80 575 2
12 25 18 575 0
12 20 16 575 0
2 35 51 578 2
2 25 63 578 0
12 25 9 578 0
12 45 13 578 0
12 35 17 578 0
12 35 13 583 1
12 25 14 583 0
12 40 17 583 0
12 25 8 583 0
12 35 17 583 0
12 20 9 583 0
12 30 12 583 0
12 25 9 583 0
2 20 34 591 3
12 25 11 591 0
12 20 4 591 0
12 25 9 591 0
12 20 12 595 1
12 25 26 595 0
12 35 17 595 0
12 25 9 595 0
