12 25 10 3299 1
12 40 22 3300 2
12 20 13 3300 0
12 20 11 3300 0
12 20 4 3300 0
12 30 21 3300 0
12 40 33 3305 2
12 20 4 3305 0
12 20 9 3307 1
12 30 10 3307 0
12 35 24 3307 0
12 20 17 3310 1
12 20 9 3310 0
12 20 10 3310 0
12 30 20 3313 1
12 20 7 3313 0
12 35 33 3315 4
12 50 15 3316 2
12 25 12 3316 0
12 35 15 3318 1
12 25 17 3318 0
12 20 8 3318 0
12 30 13 3318 0
12 45 20 3318 0
12 40 8 3318 0
12 25 12 3324 1
12 20 6 3325 1
12 20 18 3326 1
12 30 10 3326 0
12 30 22 3326 0
12 35 11 3326 0
12 20 17 3330 1
12 20 8 3330 0
12 25 17 3332 1
12 25 9 3332 0
12 20 5 3332 0
12 45 14 3332 0
2 30 36 3336 1
12 25 7 3336 0
2 20 36 3336 0
12 35 11 3336 0
12 40 30 3340 1
2 20 23 3340 0
12 20 20 3340 0
12 20 4 3340 0
12 45 39 3344 1
12 30 14 3344 0
12 25 18 3344 0
12 20 8 3344 0
12 20 10 3344 0
2 25 33 3349 1
12 20 8 3350 2
12 30 21 3350 0
12 25 6 3352 1
12 25 10 3353 1
12 30 8 3353 0
12 20 12 3355 1
12 30 4 3355 0
12 40 9 3355 0
12 25 14 3358 1
12 40 10 3358 0
12 30 8 3360 2
2 35 61 3361 4
2 25 111 3362 3
12 35 18 3363 1
12 30 27 3364 1
12 25 15 3364 0
12 30 8 3364 0
12 20 13 3367 2
12 45 26 3368 1
12 20 9 3368 0
12 20 4 3368 0
12 50 16 3371 1
12 35 26 3371 0
12 20 9 3371 0
12 30 22 3374 1
2 20 24 3374 0
12 45 16 3374 0
12 25 17 3377 1
12 25 24 3377 0
2 45 56 3379 2
12 20 10 3379 0
12 25 16 3379 0
12 30 13 3379 0
12 40 13 3383 1
12 30 6 3383 0
12 30 6 3383 0
12 25 20 3383 0
12 25 12 3383 0
12 35 11 3383 0
2 20 23 3389 1
12 30 16 3389 0
12 25 8 3389 0
12 30 14 3389 0
2 25 35 3393 2
12 30 13 3393 0
12 20 12 3393 0
12 35 26 3396 4
12 45 25 3397 1
2 30 41 3398 1
