12 20 14 2599 1
12 40 14 2600 1
12 35 25 2600 0
12 25 7 2602 1
12 20 10 2602 0
12 50 28 2604 3
12 25 17 2604 0
12 20 13 2604 0
12 20 4 2604 0
12 25 16 2604 0
2 20 22 2604 0
12 35 17 2610 1
12 20 4 2610 0
12 35 18 2612 1
12 45 19 2612 0
12 35 21 2614 1
12 20 9 2614 0
12 35 15 2614 0
12 35 16 2617 1
12 25 9 2617 0
12 35 11 2619 1
12 20 17 2619 0
12 25 15 2619 0
12 25 5 2619 0
12 45 23 2623 2
12 50 24 2623 0
12 25 11 2623 0
12 30 13 2623 0
12 30 6 2623 0
12 30 26 2628 1
12 30 16 2629 1
12 40 32 2630 1
12 25 11 2630 0
12 30 12 2632 1
12 55 21 2632 0
12 20 9 2632 0
12 25 9 2632 0
12 25 12 2632 0
12 45 21 2637 1
12 20 21 2638 2
12 20 6 2638 0
12 30 12 2638 0
12 25 8 2638 0
12 25 16 2638 0
12 25 12 2638 0
12 45 16 2644 1
12 25 14 2644 0
12 40 20 2644 0
12 55 16 2647 2
12 25 8 2647 0
12 35 21 2647 0
12 40 23 2650 1
12 20 21 2651 1
12 30 21 2652 1
12 40 29 2653 1
12 35 7 2654 1
2 20 48 2655 3
12 35 21 2656 3
12 35 12 2656 0
12 20 10 2658 1
12 30 23 2659 1
12 45 12 2659 0
12 30 14 2659 0
12 20 10 2659 0
12 30 23 2663 1
12 25 11 2664 1
2 40 46 2665 1
12 30 26 2666 1
12 20 19 2667 1
12 25 9 2667 0
12 25 17 2667 0
12 25 5 2667 0
12 35 15 2667 0
12 35 19 2667 0
12 50 26 2673 1
12 35 25 2673 0
12 35 15 2673 0
12 25 15 2673 0
12 30 13 2677 1
12 20 8 2677 0
12 35 12 2679 1
12 25 21 2680 2
12 40 20 2681 1
12 25 14 2681 0
12 25 13 2683 1
12 45 23 2684 2
12 45 25 2684 0
12 25 16 2686 1
12 35 17 2686 0
12 25 11 2688 1
12 30 7 2688 0
12 20 7 2688 0
12 55 34 2691 1
12 25 10 2692 1
12 30 8 2692 0
2 25 37 2692 0
12 20 7 2692 0
12 45 25 2696 2
12 40 15 2696 0
12 35 17 2696 0
